TN:
SF:/home/user/code/c/workspace/src/class/class.c
FN:50,class_create
FN:71,class_destroy
FNDA:264,class_create
FNDA:264,class_destroy
FNF:2
FNH:2
DA:50,264
DA:53,264
DA:54,264
DA:55,264
DA:56,264
DA:66,264
DA:68,264
DA:71,264
DA:73,264
DA:75,264
DA:76,264
DA:77,264
LF:12
LH:12
end_of_record
TN:
SF:/home/user/code/c/workspace/src/common/lcg.c
FN:48,lcg_parkmiller_state_internal
FN:55,lcg_parkmiller_64
FNDA:773196,lcg_parkmiller_state_internal
FNDA:386598,lcg_parkmiller_64
FNF:2
FNH:2
DA:48,773196
DA:49,773196
DA:50,773196
DA:51,773196
DA:52,773196
DA:55,386598
DA:56,386598
LF:7
LH:7
end_of_record
TN:
SF:/home/user/code/c/workspace/src/common/memory.c
FN:69,memory_set_alloc
FN:75,memory_set_free
FN:81,memory_alloc
FN:88,memory_free
FN:99,internal_memory_alloc
FN:114,internal_memory_free
FN:129,memory_realloc
FN:146,memory_set
FN:170,global_statistics
FNDA:14398146,memory_free
FNDA:10008,memory_set_free
FNDA:14394810,internal_memory_free
FNDA:68286,memory_realloc
FNDA:14392614,internal_memory_alloc
FNDA:17802006,memory_set
FNDA:14395950,memory_alloc
FNDA:10008,memory_set_alloc
FNDA:984,global_statistics
FNF:9
FNH:9
DA:69,10008
DA:70,10008
DA:71,10008
DA:72,10008
DA:75,10008
DA:76,10008
DA:77,10008
DA:78,10008
DA:81,14395950
DA:82,14395950
DA:83,4950258
DA:85,9445692
DA:88,14398146
DA:89,14398146
DA:90,4950246
DA:91,4950246
DA:93,9447900
DA:99,14392614
DA:100,14392614
DA:101,14392614
DA:102,14385942
DA:104,14385942
DA:105,14385942
DA:107,14385942
DA:111,14392614
DA:114,14394810
DA:115,14394810
DA:117,14385942
DA:119,14385942
DA:121,14385942
DA:123,14385942
DA:127,14394810
DA:129,68286
DA:130,68286
DA:131,68286
DA:132,68286
DA:135,68286
DA:137,68286
DA:139,68286
DA:143,68286
DA:146,17802006
DA:147,17802006
DA:148,17802006
DA:149,17802006
DA:151,17802006
DA:152,17802006
DA:153,17802006
DA:154,17802006
DA:155,17802006
DA:156,17802006
DA:157,17802006
DA:158,17802006
DA:160,17802006
DA:161,3296812374
DA:162,3279010368
DA:164,17802006
DA:165,47019972
DA:166,29217966
DA:167,17802006
DA:170,984
DA:171,984
DA:172,984
LF:62
LH:62
end_of_record
TN:
SF:/home/user/code/c/workspace/src/list-alloc/code.c
FN:58,_new
FN:74,_delete
FN:82,list_data
FN:92,list_push
FN:121,list_pop
FN:150,list_peek
FN:169,list_print_head
FN:179,list_print
FN:204,list_init
FN:209,list_destroy
FNDA:57480,list_peek
FNDA:3450888,list_pop
FNDA:44760,list_data
FNDA:82080,_delete
FNDA:82080,_new
FNDA:82080,list_destroy
FNDA:23496,list_print
FNDA:10080,list_print_head
FNDA:82080,list_init
FNDA:3580296,list_push
FNF:10
FNH:10
DA:58,82080
DA:60,82080
DA:62,82080
DA:64,82080
DA:66,82080
DA:68,82080
DA:70,82080
DA:74,82080
DA:76,82080
DA:78,82080
DA:79,82080
DA:82,44760
DA:84,44760
DA:86,44760
DA:88,44760
DA:92,3580296
DA:94,3580296
DA:95,3580296
DA:97,3580296
DA:99,3580296
DA:101,3580296
DA:103,3580296
DA:105,3580296
DA:107,12024
DA:109,12024
DA:111,12024
DA:114,3580296
DA:116,3580296
DA:118,3580296
DA:121,3450888
DA:122,3450888
DA:124,3450888
DA:126,3447552
DA:128,3447552
DA:130,3440184
DA:132,3440184
DA:135,3440184
DA:138,3440184
DA:140,3440184
DA:142,3440184
DA:146,10704
DA:150,57480
DA:151,57480
DA:153,57480
DA:155,54144
DA:157,54144
DA:159,44760
DA:163,12720
DA:169,10080
DA:171,10080
DA:173,10080
DA:175,10080
DA:176,10080
DA:179,23496
DA:181,23496
DA:183,23496
DA:185,23496
DA:186,23496
DA:189,3451656
DA:191,3451656
DA:193,3451656
DA:194,3451656
DA:197,23496
DA:204,82080
DA:205,82080
DA:209,82080
DA:210,82080
DA:211,82080
LF:68
LH:68
end_of_record
TN:
SF:/home/user/code/c/workspace/src/list-experimental/code.c
FN:57,_new
FN:71,_delete
FN:81,list_next
FN:87,list_data
FN:97,list_delete
FN:103,list_new
FN:115,list_push
FN:144,list_pop
FN:188,list_peek
FN:212,list_print_head
FN:222,list_print
FN:249,list_experimental_init
FN:259,list_experimental_destroy
FNDA:2232,list_new
FNDA:7440,list_experimental_destroy
FNDA:7440,list_peek
FNDA:386136,list_pop
FNDA:1860,list_print_head
FNDA:9672,list_delete
FNDA:400272,list_push
FNDA:9672,_new
FNDA:16740,list_next
FNDA:7440,list_experimental_init
FNDA:4092,list_print
FNDA:5580,list_data
FNDA:9672,_delete
FNF:13
FNH:13
DA:57,9672
DA:59,9672
DA:61,9672
DA:63,9672
DA:65,9672
DA:67,9672
DA:71,9672
DA:73,9672
DA:75,9672
DA:77,9672
DA:78,9672
DA:81,16740
DA:83,16740
DA:87,5580
DA:89,5580
DA:91,5580
DA:93,5580
DA:97,9672
DA:99,9672
DA:100,9672
DA:103,2232
DA:105,2232
DA:107,2232
DA:109,2232
DA:111,2232
DA:115,400272
DA:117,400272
DA:118,400272
DA:120,400272
DA:122,400272
DA:124,400272
DA:126,400272
DA:128,400272
DA:130,2232
DA:132,2232
DA:134,2232
DA:137,400272
DA:139,400272
DA:141,400272
DA:144,386136
DA:145,386136
DA:147,386136
DA:149,385764
DA:151,385764
DA:153,3348
DA:155,3348
DA:157,1116
DA:160,2232
DA:162,2232
DA:164,2232
DA:166,384648
DA:168,384648
DA:170,384648
DA:173,384648
DA:176,384648
DA:178,384648
DA:180,384648
DA:184,372
DA:188,7440
DA:189,7440
DA:191,7440
DA:193,7068
DA:195,7068
DA:197,1860
DA:200,7068
DA:202,5580
DA:206,1860
DA:212,1860
DA:214,1860
DA:216,1860
DA:218,1860
DA:219,1860
DA:222,4092
DA:224,4092
DA:226,4092
DA:228,4092
DA:229,4092
DA:232,4092
DA:236,385392
DA:237,385392
DA:239,4092
DA:240,4092
DA:242,4092
DA:249,7440
DA:250,7440
DA:252,7440
DA:254,7440
DA:256,7440
DA:259,7440
DA:261,7440
DA:263,7440
DA:267,7440
DA:269,7440
DA:271,7440
DA:273,7440
DA:274,7440
DA:276,7440
DA:278,7440
LF:98
LH:98
end_of_record
TN:
SF:/home/user/code/c/workspace/src/list-light/code.c
FN:48,_new
FN:54,_delete
FN:60,list_next
FN:66,list_data
FN:72,list_delete
FN:78,list_new
FN:94,list_push
FN:106,list_pop
FN:136,list_peek
FN:159,list_init
FN:169,list_destroy
FN:193,list_print_head
FN:201,list_print
FNDA:720,list_print_head
FNDA:2088,list_push
FNDA:4392,list_delete
FNDA:4392,_new
FNDA:10296,list_next
FNDA:1440,list_print
FNDA:6912,list_data
FNDA:4392,_delete
FNDA:2088,list_new
FNDA:2304,list_init
FNDA:2304,list_destroy
FNDA:1872,list_peek
FNDA:2160,list_pop
FNF:13
FNH:13
DA:48,4392
DA:50,4392
DA:54,4392
DA:56,4392
DA:57,4392
DA:60,10296
DA:62,10296
DA:66,6912
DA:68,6912
DA:72,4392
DA:74,4392
DA:75,4392
DA:78,2088
DA:80,2088
DA:82,2088
DA:84,2088
DA:86,2088
DA:88,2088
DA:90,2088
DA:94,2088
DA:95,2088
DA:97,2088
DA:99,2088
DA:101,2088
DA:103,2088
DA:106,2160
DA:107,2160
DA:109,2160
DA:111,1944
DA:113,1944
DA:115,1944
DA:117,504
DA:120,1440
DA:122,1440
DA:124,1440
DA:126,1440
DA:128,1440
DA:132,216
DA:136,1872
DA:137,1872
DA:139,1872
DA:141,1656
DA:143,1656
DA:146,1656
DA:148,648
DA:151,1008
DA:155,216
DA:159,2304
DA:160,2304
DA:162,2304
DA:164,2304
DA:166,2304
DA:169,2304
DA:171,2304
DA:173,2304
DA:177,2952
DA:179,2952
DA:181,2952
DA:183,2952
DA:184,2952
DA:186,2304
DA:188,2304
DA:193,720
DA:195,720
DA:197,720
DA:198,720
DA:201,1440
DA:203,1440
DA:205,1440
DA:206,1440
DA:210,3744
DA:212,3744
DA:213,3744
DA:216,1440
LF:74
LH:74
end_of_record
TN:
SF:/home/user/code/c/workspace/src/list-micro/code.c
FN:63,_new
FN:69,_delete
FN:75,list_next
FN:81,list_data
FN:87,list_delete
FN:93,list_push
FN:108,list_pop
FN:132,list_peek
FN:150,list_init
FN:164,list_destroy
FN:188,list_print_head
FN:196,list_print
FNDA:3022155,list_pop
FNDA:56724,list_peek
FNDA:2483286,_delete
FNDA:2041656,list_data
FNDA:2483286,_new
FNDA:3600495,list_next
FNDA:14160,list_print
FNDA:504768,list_destroy
FNDA:7080,list_print_head
FNDA:2483286,list_delete
FNDA:1989510,list_push
FNDA:502020,list_init
FNF:12
FNH:12
DA:63,2483286
DA:65,2483286
DA:69,2483286
DA:71,2483286
DA:72,2483286
DA:75,3600495
DA:77,3600495
DA:81,2041656
DA:83,2041656
DA:87,2483286
DA:89,2483286
DA:90,2483286
DA:93,1989510
DA:94,1989510
DA:95,5496
DA:98,1984014
DA:100,1984014
DA:102,1984014
DA:104,1984014
DA:108,3022155
DA:109,3022155
DA:110,8244
DA:113,3013911
DA:115,3013911
DA:117,3013911
DA:119,1040157
DA:122,1973754
DA:124,1973754
DA:126,1973754
DA:128,1973754
DA:132,56724
DA:133,56724
DA:134,16488
DA:137,40236
DA:139,40236
DA:141,40236
DA:143,16230
DA:146,24006
DA:150,502020
DA:151,502020
DA:152,2748
DA:154,499272
DA:156,499272
DA:157,499272
DA:159,499272
DA:164,504768
DA:165,504768
DA:166,5496
DA:169,499272
DA:173,509532
DA:175,509532
DA:177,509532
DA:179,509532
DA:180,509532
DA:182,499272
DA:188,7080
DA:190,7080
DA:192,7080
DA:193,7080
DA:196,14160
DA:198,14160
DA:200,14160
DA:201,14160
DA:205,36816
DA:207,36816
DA:208,36816
DA:211,14160
LF:67
LH:67
end_of_record
TN:
SF:/home/user/code/c/workspace/src/list/v1/list_v1.c
FN:50,_new
FN:56,_delete
FN:62,list_next
FN:68,list_delete
FN:74,list_alloc
FN:84,list_free
FN:97,list_push
FN:117,list_pop
FN:148,list_peek
FN:169,list_init
FN:179,list_destroy
FN:203,list_print_head
FN:211,list_print
FNDA:33048,_new
FNDA:53616,list_next
FNDA:4416,list_print
FNDA:33048,_delete
FNDA:2760,list_print_head
FNDA:13776,list_push
FNDA:33048,list_delete
FNDA:18960,list_destroy
FNDA:12360,list_pop
FNDA:8184,list_peek
FNDA:14088,list_alloc
FNDA:10944,list_free
FNDA:18960,list_init
FNF:13
FNH:13
DA:50,33048
DA:52,33048
DA:56,33048
DA:58,33048
DA:59,33048
DA:62,53616
DA:64,53616
DA:68,33048
DA:70,33048
DA:71,33048
DA:74,14088
DA:76,14088
DA:78,14088
DA:80,14088
DA:84,10944
DA:86,10944
DA:88,10944
DA:90,9840
DA:92,9840
DA:94,10944
DA:97,13776
DA:98,13776
DA:100,13776
DA:102,13224
DA:104,13224
DA:106,13224
DA:108,13224
DA:110,13224
DA:113,552
DA:117,12360
DA:118,12360
DA:120,12360
DA:122,10944
DA:124,10944
DA:126,10944
DA:128,1968
DA:131,8976
DA:134,8976
DA:136,8976
DA:139,8976
DA:141,8976
DA:144,1416
DA:148,8184
DA:149,8184
DA:151,8184
DA:153,6768
DA:155,6768
DA:157,6768
DA:159,2520
DA:162,4248
DA:165,1416
DA:169,18960
DA:170,18960
DA:172,18960
DA:174,18960
DA:176,18960
DA:179,18960
DA:181,18960
DA:183,18960
DA:187,23208
DA:189,23208
DA:191,23208
DA:193,23208
DA:194,23208
DA:196,18960
DA:198,18960
DA:203,2760
DA:205,2760
DA:207,2760
DA:208,2760
DA:211,4416
DA:213,4416
DA:215,4416
DA:216,4416
DA:220,12696
DA:222,12696
DA:223,12696
DA:226,4416
LF:78
LH:78
end_of_record
TN:
SF:/home/user/code/c/workspace/src/memory/v1/ref_v1.c
FN:63,memory_ref_ref
FN:72,memory_ref_ptr
FN:81,memory_ref_size
FN:90,memory_ref_alloc
FN:109,memory_ref_free
FN:120,memory_ref_init
FN:127,memory_ref_destroy
FNDA:882,memory_ref_size
FNDA:1008,memory_ref_ptr
FNDA:126,memory_ref_init
FNDA:504,memory_ref_alloc
FNDA:1638,memory_ref_ref
FNDA:378,memory_ref_free
FNDA:126,memory_ref_destroy
FNF:7
FNH:7
DA:63,1638
DA:64,1638
DA:65,1638
DA:66,1638
DA:67,1638
DA:69,1638
DA:72,1008
DA:73,1008
DA:74,1008
DA:75,1008
DA:76,1008
DA:78,1008
DA:81,882
DA:82,882
DA:83,882
DA:84,504
DA:85,504
DA:87,882
DA:90,504
DA:91,504
DA:92,504
DA:93,504
DA:94,504
DA:95,504
DA:96,504
DA:98,504
DA:100,504
DA:101,504
DA:102,504
DA:103,504
DA:104,504
DA:106,504
DA:109,378
DA:110,378
DA:111,378
DA:112,378
DA:113,378
DA:115,378
DA:118,378
DA:120,126
DA:121,126
DA:122,126
DA:123,126
DA:124,126
DA:125,126
DA:127,126
DA:128,126
DA:129,126
DA:130,126
DA:132,126
DA:133,126
DA:135,126
LF:52
LH:52
end_of_record
TN:
SF:/home/user/code/c/workspace/src/memory/v2/ref_v2.c
FN:67,memory_ref_ref
FN:76,memory_ref_ptr
FN:85,memory_ref_size
FN:94,memory_ref_alloc
FN:113,memory_ref_free
FN:124,memory_ref_init
FN:132,memory_ref_destroy
FN:147,memory_ref_push
FN:153,memory_ref_pop
FN:162,memory_ref_peek
FNDA:360,memory_ref_free
FNDA:600,memory_ref_pop
FNDA:120,memory_ref_destroy
FNDA:120,memory_ref_init
FNDA:480,memory_ref_alloc
FNDA:2040,memory_ref_ref
FNDA:480,memory_ref_peek
FNDA:840,memory_ref_size
FNDA:480,memory_ref_push
FNDA:1560,memory_ref_ptr
FNF:10
FNH:10
DA:67,2040
DA:68,2040
DA:69,2040
DA:70,2040
DA:71,2040
DA:73,2040
DA:76,1560
DA:77,1560
DA:78,1560
DA:79,1560
DA:80,1560
DA:82,1560
DA:85,840
DA:86,840
DA:87,840
DA:88,480
DA:89,480
DA:91,840
DA:94,480
DA:95,480
DA:96,480
DA:97,480
DA:98,480
DA:99,480
DA:100,480
DA:102,480
DA:104,480
DA:105,480
DA:106,480
DA:107,480
DA:108,480
DA:110,480
DA:113,360
DA:114,360
DA:115,360
DA:116,360
DA:117,360
DA:119,360
DA:122,360
DA:124,120
DA:125,120
DA:126,120
DA:127,120
DA:128,120
DA:129,120
DA:130,120
DA:132,120
DA:133,120
DA:134,480
DA:135,360
DA:137,120
DA:138,120
DA:139,120
DA:141,120
DA:142,120
DA:144,120
DA:145,120
DA:147,480
DA:148,480
DA:149,480
DA:151,480
DA:153,600
DA:154,600
DA:155,600
DA:156,600
DA:157,480
DA:159,600
DA:162,480
DA:163,480
DA:164,480
DA:165,480
DA:166,120
DA:168,480
LF:73
LH:73
end_of_record
TN:
SF:/home/user/code/c/workspace/src/memory/v3/ref_v3.c
FN:68,memory_ref_ptr_internal
FN:77,memory_ref_alloc
FN:92,memory_ref_free_internal
FN:99,memory_ref_init
FN:110,memory_ref_destroy
FN:122,memory_alloc_internal
FN:142,memory_ref_free
FN:152,memory_ref_pop_internal
FN:161,memory_ref_peek_internal
FNDA:378,memory_ref_peek_internal
FNDA:972,memory_ref_ptr_internal
FNDA:378,memory_ref_alloc
FNDA:54,memory_ref_init
FNDA:216,memory_ref_pop_internal
FNDA:108,memory_alloc_internal
FNDA:54,memory_ref_destroy
FNDA:162,memory_ref_free_internal
FNDA:378,memory_ref_free
FNF:9
FNH:9
DA:68,972
DA:69,972
DA:70,972
DA:71,972
DA:72,972
DA:74,972
DA:77,378
DA:78,378
DA:79,378
DA:80,378
DA:81,108
DA:83,378
DA:85,378
DA:87,378
DA:88,378
DA:89,378
DA:92,162
DA:93,162
DA:94,162
DA:95,162
DA:97,162
DA:99,54
DA:100,54
DA:101,54
DA:102,54
DA:103,54
DA:104,54
DA:105,54
DA:106,54
DA:108,54
DA:110,54
DA:111,54
DA:112,216
DA:113,162
DA:115,54
DA:117,54
DA:119,54
DA:120,54
DA:122,108
DA:123,108
DA:125,108
DA:127,108
DA:128,108
DA:129,108
DA:130,108
DA:131,108
DA:132,108
DA:134,108
DA:137,108
DA:138,108
DA:139,108
DA:142,378
DA:143,378
DA:144,378
DA:145,378
DA:146,378
DA:147,162
DA:150,378
DA:152,216
DA:153,216
DA:154,216
DA:155,216
DA:156,162
DA:158,216
DA:161,378
DA:162,378
DA:163,378
DA:164,378
DA:165,378
DA:167,378
LF:70
LH:70
end_of_record
TN:
SF:/home/user/code/c/workspace/src/playground/class/v1/class_v1.c
FN:82,_new
FN:88,_delete
FN:94,class_new
FN:100,class_delete
FN:105,class_get_data
FN:109,class_set_data
FN:113,class_push
FN:118,class_pop
FN:123,class_get
FN:128,class_set
FNDA:72,class_set
FNDA:72,class_set_data
FNDA:96,class_new
FNDA:96,class_delete
FNDA:96,_delete
FNDA:72,class_get
FNDA:96,class_pop
FNDA:96,class_push
FNDA:72,class_get_data
FNDA:96,_new
FNF:10
FNH:10
DA:82,96
DA:84,96
DA:88,96
DA:90,96
DA:91,96
DA:94,96
DA:96,96
DA:100,96
DA:102,96
DA:103,96
DA:105,72
DA:106,72
DA:109,72
DA:110,72
DA:111,72
DA:113,96
DA:115,96
DA:116,96
DA:118,96
DA:120,96
DA:123,72
DA:125,72
DA:128,72
DA:130,72
DA:131,72
LF:25
LH:25
end_of_record
TN:
SF:/home/user/code/c/workspace/src/playground/class/v2/class_v2.c
FN:78,_new
FN:84,_delete
FN:90,class_new
FN:98,class_delete
FN:103,class_get_data
FN:107,class_set_data
FN:111,class_push
FN:116,class_pop
FN:121,class_get
FN:126,class_set
FNDA:528,class_delete
FNDA:396,class_set_data
FNDA:528,class_new
FNDA:396,class_set
FNDA:528,_new
FNDA:396,class_get_data
FNDA:528,class_push
FNDA:528,class_pop
FNDA:396,class_get
FNDA:528,_delete
FNF:10
FNH:10
DA:78,528
DA:80,528
DA:84,528
DA:86,528
DA:87,528
DA:90,528
DA:92,528
DA:93,528
DA:94,528
DA:98,528
DA:100,528
DA:101,528
DA:103,396
DA:104,396
DA:107,396
DA:108,396
DA:109,396
DA:111,528
DA:113,528
DA:114,528
DA:116,528
DA:118,528
DA:121,396
DA:123,396
DA:126,396
DA:128,396
DA:129,396
LF:27
LH:27
end_of_record
TN:
SF:/home/user/code/c/workspace/src/playground/hashtable/v1/hashtable_v1.c
FN:77,hashtable_setup
FN:82,hash_func
FN:90,default_hash_function
FN:99,default_hash
FN:118,murmurhash3
FN:183,hashtable_init
FN:190,hashtable_destroy
FN:197,hashtable_extract_internal
FN:210,hashtable_alloc
FN:227,hashtable_free
FN:251,hashtable_find
FN:267,hashtable_get
FN:277,hashtable_hash
FN:282,hashtable_count
FN:295,hashtable_set
FN:315,update
FNDA:22650,murmurhash3
FNDA:84,hashtable_get
FNDA:18,hashtable_setup
FNDA:11076,hashtable_hash
FNDA:72,default_hash_function
FNDA:5748,hashtable_alloc
FNDA:120,hashtable_init
FNDA:22722,hash_func
FNDA:5748,hashtable_extract_internal
FNDA:11532,update
FNDA:120,hashtable_destroy
FNDA:42,hashtable_set
FNDA:24,hashtable_find
FNDA:18066,hashtable_free
FNDA:5544,hashtable_count
FNDA:72,default_hash
FNF:16
FNH:16
DA:77,18
DA:78,18
DA:79,18
DA:82,22722
DA:83,22722
DA:84,22650
DA:86,72
DA:90,72
DA:91,72
DA:92,72
DA:93,72
DA:95,72
DA:99,72
DA:102,72
DA:103,72
DA:104,72
DA:105,72
DA:106,144
DA:107,72
DA:108,72
DA:109,72
DA:110,72
DA:112,72
DA:114,72
DA:118,22650
DA:119,22650
DA:120,22650
DA:121,22650
DA:122,22650
DA:123,198072
DA:124,175422
DA:126,22650
DA:128,22650
DA:129,22650
DA:131,22650
DA:134,58260
DA:135,35610
DA:136,35610
DA:137,35610
DA:138,35610
DA:139,35610
DA:140,35610
DA:141,35610
DA:142,35610
DA:143,35610
DA:144,35610
DA:145,35610
DA:146,35610
DA:150,22650
DA:151,5160
DA:152,5160
DA:157,10644
DA:158,10644
DA:163,17178
DA:164,17178
DA:165,17178
DA:170,22650
DA:171,22650
DA:175,22650
DA:176,22650
DA:177,22650
DA:178,22650
DA:180,22650
DA:183,120
DA:184,120
DA:185,120
DA:187,120
DA:188,120
DA:190,120
DA:191,12576
DA:192,12456
DA:194,120
DA:195,120
DA:197,5748
DA:198,5748
DA:199,5748
DA:200,5772
DA:201,24
DA:202,24
DA:204,5748
DA:205,24
DA:207,5748
DA:210,5748
DA:211,5748
DA:212,5748
DA:213,5748
DA:215,5748
DA:216,216
DA:218,5748
DA:219,5748
DA:220,5748
DA:221,5748
DA:222,5748
DA:223,5748
DA:224,5748
DA:227,18066
DA:228,18066
DA:229,5670
DA:232,5748
DA:233,5748
DA:234,5748
DA:235,24
DA:236,24
DA:237,24
DA:238,24
DA:240,5724
DA:242,5724
DA:243,5724
DA:244,5724
DA:245,5724
DA:246,5724
DA:247,5724
DA:249,18066
DA:251,24
DA:252,24
DA:253,48
DA:254,48
DA:255,24
DA:257,24
DA:260,24
DA:261,24
DA:264,24
DA:267,84
DA:268,84
DA:270,84
DA:271,78
DA:274,84
DA:277,11076
DA:278,11076
DA:279,11076
DA:282,5544
DA:283,5544
DA:284,5544
DA:285,5544
DA:286,5544
DA:287,5580
DA:288,36
DA:289,36
DA:292,5544
DA:295,42
DA:296,42
DA:297,42
DA:298,42
DA:299,36
DA:300,36
DA:301,36
DA:303,36
DA:304,36
DA:306,6
DA:309,42
DA:310,42
DA:313,42
DA:315,11532
DA:316,11532
DA:317,11532
DA:318,36
DA:319,36
DA:321,11532
DA:322,6000
DA:323,6000
DA:324,6000
DA:327,11532
LF:162
LH:162
end_of_record
TN:
SF:/home/user/code/c/workspace/src/playground/hashtable/v2/hashtable_v2.c
FN:93,hashtable_setup
FN:98,hash_func
FN:106,default_hash_function
FN:115,default_hash
FN:134,murmurhash3
FN:198,hashtable_init
FN:205,hashtable_destroy
FN:212,hashtable_free_internal
FN:238,hashtable_alloc
FN:258,hashtable_item_free_internal
FN:267,hashtable_free
FN:273,hashtable_key
FN:278,hashtable_data
FN:283,hashtable_find
FN:300,hashtable_value
FN:304,hashtable_get
FN:309,hashtable_hash
FN:314,hashtable_count
FN:327,hashtable_set
FNDA:249300,hashtable_count
FNDA:666000,default_hash
FNDA:394560,hashtable_free
FNDA:900,hashtable_find
FNDA:1260,hashtable_set
FNDA:1620,hashtable_key
FNDA:3960,hashtable_destroy
FNDA:900,hashtable_data
FNDA:1440,hashtable_value
FNDA:1013940,hash_func
FNDA:3960,hashtable_init
FNDA:248940,hashtable_hash
FNDA:334080,default_hash_function
FNDA:255600,hashtable_alloc
FNDA:43020,hashtable_free_internal
FNDA:255420,hashtable_item_free_internal
FNDA:508140,hashtable_get
FNDA:720,hashtable_setup
FNDA:347940,murmurhash3
FNF:19
FNH:19
DA:93,720
DA:94,720
DA:95,720
DA:98,1013940
DA:99,1013940
DA:100,679860
DA:102,334080
DA:106,334080
DA:107,334080
DA:108,334080
DA:109,334080
DA:111,334080
DA:115,666000
DA:118,666000
DA:119,666000
DA:120,666000
DA:121,666000
DA:122,5908320
DA:123,5242320
DA:124,5242320
DA:125,5242320
DA:126,5242320
DA:128,666000
DA:130,666000
DA:134,347940
DA:135,347940
DA:136,347940
DA:137,347760
DA:138,347760
DA:139,2990520
DA:140,2642760
DA:142,347760
DA:144,347760
DA:145,347760
DA:147,347760
DA:150,882540
DA:151,534780
DA:152,534780
DA:153,534780
DA:154,534780
DA:155,534780
DA:156,534780
DA:157,534780
DA:158,534780
DA:159,534780
DA:160,534780
DA:161,534780
DA:162,534780
DA:166,347760
DA:167,77760
DA:168,77760
DA:172,160200
DA:173,160200
DA:178,265680
DA:179,265680
DA:180,265680
DA:185,347760
DA:186,347760
DA:190,347760
DA:191,347760
DA:192,347760
DA:193,347760
DA:195,347940
DA:198,3960
DA:199,3960
DA:200,3960
DA:202,3960
DA:203,3960
DA:205,3960
DA:206,396360
DA:207,392400
DA:209,3960
DA:210,3960
DA:212,255420
DA:215,255420
DA:216,255420
DA:217,255420
DA:218,255960
DA:219,540
DA:220,540
DA:222,255420
DA:223,43020
DA:224,540
DA:226,43020
DA:227,540
DA:228,540
DA:230,42480
DA:232,254880
DA:233,254880
DA:234,254880
DA:235,254880
DA:236,43020
DA:238,255600
DA:239,255600
DA:240,255600
DA:241,180
DA:243,255420
DA:244,255420
DA:245,255420
DA:247,255420
DA:249,255420
DA:250,255420
DA:251,255420
DA:252,255420
DA:253,255420
DA:254,255420
DA:255,255420
DA:258,255420
DA:259,255420
DA:261,255420
DA:263,255420
DA:264,255420
DA:265,255420
DA:267,394560
DA:268,394560
DA:269,43020
DA:271,394560
DA:273,1620
DA:274,1620
DA:275,1620
DA:278,900
DA:279,900
DA:280,900
DA:283,900
DA:284,900
DA:285,900
DA:286,1980
DA:287,1980
DA:288,900
DA:290,1080
DA:293,900
DA:294,900
DA:297,900
DA:300,1440
DA:301,1440
DA:304,508140
DA:305,508140
DA:306,508140
DA:309,248940
DA:310,248940
DA:311,248940
DA:314,249300
DA:315,249300
DA:316,249300
DA:317,249300
DA:318,249300
DA:319,26156160
DA:320,25906860
DA:321,25906860
DA:324,249300
DA:327,1260
DA:328,1260
DA:329,1260
DA:330,1260
DA:331,1080
DA:333,180
DA:336,1260
DA:337,1260
DA:340,1260
LF:159
LH:159
end_of_record
TN:
SF:/home/user/code/c/workspace/src/playground/list/v1/list_v1.c
FN:50,list_init
FN:54,list_destroy
FN:60,list_push
FN:67,list_pop
FN:74,list_peek
FNDA:96,list_destroy
FNDA:72,list_pop
FNDA:24,list_peek
FNDA:96,list_push
FNDA:96,list_init
FNF:5
FNH:5
DA:50,96
DA:51,96
DA:52,96
DA:54,96
DA:55,96
DA:56,96
DA:57,96
DA:58,96
DA:60,96
DA:61,96
DA:63,96
DA:65,96
DA:67,72
DA:69,72
DA:71,72
DA:74,24
DA:76,24
DA:78,24
LF:18
LH:18
end_of_record
TN:
SF:/home/user/code/c/workspace/src/playground/list/v2/list_v2.c
FN:62,list_alloc
FN:71,list_free
FN:80,list_push
FN:87,list_pop
FN:96,list_peek
FNDA:924,list_pop
FNDA:924,list_peek
FNDA:1056,list_push
FNDA:660,list_alloc
FNDA:660,list_free
FNF:5
FNH:5
DA:62,660
DA:63,660
DA:64,660
DA:65,660
DA:66,660
DA:67,660
DA:68,660
DA:71,660
DA:72,660
DA:73,660
DA:74,660
DA:75,660
DA:76,660
DA:77,660
DA:78,660
DA:80,1056
DA:81,1056
DA:82,1056
DA:84,1056
DA:87,924
DA:88,924
DA:89,924
DA:90,924
DA:91,924
DA:93,924
DA:96,924
DA:97,924
LF:27
LH:27
end_of_record
TN:
SF:/home/user/code/c/workspace/src/playground/memory/list/v1/memory_list_v1.c
FN:103,memory_list_init
FN:108,memory_list_peek
FN:112,memory_list_push
FN:116,memory_list_pop
FN:120,memory_list_destroy
FNDA:504,memory_list_push
FNDA:126,memory_list_init
FNDA:630,memory_list_pop
FNDA:504,memory_list_peek
FNDA:126,memory_list_destroy
FNF:5
FNH:5
DA:103,126
DA:104,126
DA:105,126
DA:106,126
DA:108,504
DA:109,504
DA:112,504
DA:113,504
DA:114,504
DA:116,630
DA:117,630
DA:120,126
DA:121,126
DA:122,126
DA:124,126
DA:126,126
LF:16
LH:16
end_of_record
TN:
SF:/home/user/code/c/workspace/src/playground/memory/list/v2/memory_list_v2.c
FN:49,memory_list_init
FN:53,memory_list_peek
FN:57,memory_list_push
FN:64,memory_list_pop
FN:72,memory_list_destroy
FNDA:480,memory_list_push
FNDA:120,memory_list_init
FNDA:120,memory_list_destroy
FNDA:480,memory_list_peek
FNDA:600,memory_list_pop
FNF:5
FNH:5
DA:49,120
DA:50,120
DA:51,120
DA:53,480
DA:54,480
DA:57,480
DA:58,480
DA:59,480
DA:61,480
DA:62,480
DA:64,600
DA:65,600
DA:66,600
DA:67,480
DA:69,600
DA:72,120
DA:73,120
DA:75,120
DA:77,120
LF:19
LH:19
end_of_record
TN:
SF:/home/user/code/c/workspace/src/playground/memory/list/v3/memory_list_v3.c
FN:49,memory_list_init
FN:53,memory_list_peek
FN:57,memory_list_push
FN:81,memory_list_pop
FN:89,memory_list_destroy
FNDA:162,memory_list_push
FNDA:54,memory_list_init
FNDA:54,memory_list_destroy
FNDA:864,memory_list_peek
FNDA:216,memory_list_pop
FNF:5
FNH:5
DA:49,54
DA:50,54
DA:51,54
DA:53,864
DA:54,864
DA:57,162
DA:58,162
DA:59,216
DA:60,54
DA:62,162
DA:63,162
DA:64,108
DA:65,108
DA:67,54
DA:68,54
DA:69,54
DA:73,162
DA:74,486
DA:75,324
DA:76,324
DA:79,162
DA:81,216
DA:82,216
DA:83,216
DA:84,162
DA:86,216
DA:89,54
DA:90,54
DA:92,54
DA:94,54
LF:30
LH:30
end_of_record
TN:
SF:/home/user/code/c/workspace/src/playground/memory/v1/memory_v1.c
FN:55,memory_init
FN:61,memory_destroy
FN:67,memory_alloc
FN:78,memory_free
FNDA:342,memory_alloc
FNDA:114,memory_destroy
FNDA:342,memory_free
FNDA:114,memory_init
FNF:4
FNH:4
DA:55,114
DA:56,114
DA:57,114
DA:58,114
DA:59,114
DA:61,114
DA:62,114
DA:63,114
DA:64,114
DA:65,114
DA:67,342
DA:68,342
DA:69,342
DA:72,342
DA:75,342
DA:78,342
DA:79,342
DA:80,342
DA:83,342
DA:86,342
LF:20
LH:20
end_of_record
TN:
SF:/home/user/code/c/workspace/src/playground/memory/v2/memory_v2.c
FN:55,memory_init
FN:62,memory_destroy
FN:68,memory_alloc
FN:82,memory_free
FNDA:114,memory_destroy
FNDA:342,memory_alloc
FNDA:342,memory_free
FNDA:114,memory_init
FNF:4
FNH:4
DA:55,114
DA:56,114
DA:57,114
DA:58,114
DA:59,114
DA:60,114
DA:62,114
DA:63,114
DA:64,114
DA:65,114
DA:66,114
DA:68,342
DA:69,342
DA:70,342
DA:71,342
DA:72,342
DA:75,342
DA:78,342
DA:82,342
DA:83,342
DA:84,342
DA:85,342
DA:88,342
DA:91,342
LF:24
LH:24
end_of_record
TN:
SF:/home/user/code/c/workspace/src/playground/memory/v3/memory_v3.c
FN:59,memory_alloc_internal
FN:71,offset
FN:77,memory_init
FN:83,memory_destroy
FN:89,memory_alloc
FN:100,memory_free
FNDA:456,memory_alloc_internal
FNDA:342,memory_free
FNDA:342,memory_alloc
FNDA:114,memory_destroy
FNDA:684,offset
FNDA:114,memory_init
FNF:6
FNH:6
DA:59,456
DA:60,456
DA:61,456
DA:62,456
DA:64,456
DA:65,456
DA:66,456
DA:68,456
DA:71,684
DA:72,684
DA:73,684
DA:74,684
DA:77,114
DA:78,114
DA:79,114
DA:80,114
DA:81,114
DA:83,114
DA:84,114
DA:85,114
DA:86,114
DA:87,114
DA:89,342
DA:90,342
DA:93,342
DA:96,342
DA:100,342
DA:101,342
DA:102,342
DA:103,342
DA:104,342
DA:105,342
DA:106,342
DA:107,342
DA:109,342
DA:110,342
DA:113,342
DA:116,342
DA:117,342
LF:39
LH:39
end_of_record
TN:
SF:/home/user/code/c/workspace/src/playground/memory/v4/memory_v4.c
FN:61,memory_init
FN:66,memory_destroy
FN:75,memory_alloc
FN:88,memory_free
FNDA:126,memory_init
FNDA:504,memory_free
FNDA:504,memory_alloc
FNDA:126,memory_destroy
FNF:4
FNH:4
DA:61,126
DA:62,126
DA:63,126
DA:64,126
DA:66,126
DA:67,126
DA:68,504
DA:69,378
DA:71,126
DA:72,126
DA:73,126
DA:75,504
DA:76,504
DA:77,504
DA:78,504
DA:79,504
DA:80,126
DA:82,378
DA:84,504
DA:88,504
DA:89,504
DA:90,504
LF:22
LH:22
end_of_record
TN:
SF:/home/user/code/c/workspace/src/playground/memory/v5/memory_v5.c
FN:60,memory_init
FN:64,memory_destroy
FN:68,memory_alloc
FN:81,memory_free
FNDA:480,memory_free
FNDA:120,memory_init
FNDA:120,memory_destroy
FNDA:480,memory_alloc
FNF:4
FNH:4
DA:60,120
DA:61,120
DA:62,120
DA:64,120
DA:65,120
DA:66,120
DA:68,480
DA:69,480
DA:70,480
DA:71,480
DA:72,480
DA:73,120
DA:75,360
DA:77,480
DA:81,480
DA:82,480
DA:83,480
LF:17
LH:17
end_of_record
TN:
SF:/home/user/code/c/workspace/src/playground/memory/v6/memory_v6.c
FN:60,memory_init
FN:64,memory_destroy
FN:68,memory_alloc
FN:73,memory_free
FNDA:378,memory_alloc
FNDA:54,memory_destroy
FNDA:54,memory_init
FNDA:378,memory_free
FNF:4
FNH:4
DA:60,54
DA:61,54
DA:62,54
DA:64,54
DA:65,54
DA:66,54
DA:68,378
DA:69,378
DA:73,378
DA:74,378
DA:75,378
LF:11
LH:11
end_of_record
TN:
SF:/home/user/code/c/workspace/src/pointer/os/v1/os_v1.c
FN:65,os_getenv
FN:78,os_getcwd
FN:86,os_putc
FNDA:346416,os_putc
FNDA:7110,os_getcwd
FNDA:3636,os_getenv
FNF:3
FNH:3
DA:65,3636
DA:66,3636
DA:67,1212
DA:69,2424
DA:70,2424
DA:71,1212
DA:73,1212
DA:74,1212
DA:75,1212
DA:78,7110
DA:79,7110
DA:80,7110
DA:81,7110
DA:82,7110
DA:83,7110
DA:86,346416
DA:87,346416
DA:88,346416
DA:89,30156
DA:91,316260
LF:20
LH:20
end_of_record
TN:
SF:/home/user/code/c/workspace/src/pointer/types/data/v1/data_v1.c
FN:71,data_alloc
FN:77,data_free
FN:85,data_vm_free
FN:89,data_unsafe
FN:98,data_size
FN:111,init
FNDA:17124,data_unsafe
FNDA:8160,data_alloc
FNDA:492,init
FNDA:19986,data_free
FNDA:3900,data_size
FNDA:8160,data_vm_free
FNF:6
FNH:6
DA:71,8160
DA:72,8160
DA:73,8160
DA:74,8160
DA:77,19986
DA:78,19986
DA:79,19986
DA:80,13560
DA:82,6426
DA:85,8160
DA:86,8160
DA:87,8160
DA:89,17124
DA:90,17124
DA:91,17124
DA:92,11604
DA:94,5520
DA:95,5520
DA:98,3900
DA:99,3900
DA:100,3900
DA:101,2256
DA:103,1644
DA:104,1644
DA:111,492
DA:112,492
DA:113,492
LF:27
LH:27
end_of_record
TN:
SF:/home/user/code/c/workspace/src/pointer/types/file/v1/file_v1.c
FN:78,file_alloc
FN:109,file_free
FN:117,file_vm_free
FN:126,file_data
FN:147,init
FNDA:2916,file_vm_free
FNDA:7662,file_free
FNDA:10032,file_data
FNDA:59964,file_alloc
FNDA:474,init
FNF:5
FNH:5
DA:78,59964
DA:79,59964
DA:80,11388
DA:82,48576
DA:83,25032
DA:85,23544
DA:86,23544
DA:87,6876
DA:89,16668
DA:90,16668
DA:91,6984
DA:93,9684
DA:94,9684
DA:95,9684
DA:96,9684
DA:97,6768
DA:99,2916
DA:100,2916
DA:101,2916
DA:103,2916
DA:105,2916
DA:106,2916
DA:109,7662
DA:110,7662
DA:111,7662
DA:112,4746
DA:114,2916
DA:117,2916
DA:118,2916
DA:119,2916
DA:120,2916
DA:121,2916
DA:123,2916
DA:124,2916
DA:126,10032
DA:127,10032
DA:128,10032
DA:129,7116
DA:131,2916
DA:132,2916
DA:133,2916
DA:134,2916
DA:135,2916
DA:136,2916
DA:137,2916
DA:138,2916
DA:139,2916
DA:140,2916
DA:147,474
DA:148,474
DA:149,474
LF:51
LH:51
end_of_record
TN:
SF:/home/user/code/c/workspace/src/pointer/types/list/v1/list_v1.c
FN:91,list_alloc_internal
FN:99,list_release_internal
FN:106,list_alloc
FN:112,list_release
FN:122,list_free
FN:130,list_vm_free
FN:138,list_push
FN:157,list_peek
FN:167,list_peekn
FN:194,list_pop
FN:208,list_popn
FN:233,list_size
FN:247,init
FNDA:88902,list_pop
FNDA:14508,list_peek
FNDA:143046,list_alloc
FNDA:8484,list_release
FNDA:4848,list_peekn
FNDA:492,init
FNDA:145470,list_alloc_internal
FNDA:152742,list_release_internal
FNDA:453954,list_push
FNDA:15990,list_size
FNDA:69786,list_free
FNDA:145470,list_vm_free
FNDA:4848,list_popn
FNF:13
FNH:13
DA:91,145470
DA:92,145470
DA:93,145470
DA:94,145470
DA:95,145470
DA:96,145470
DA:99,152742
DA:100,152742
DA:101,514266
DA:102,361524
DA:104,152742
DA:106,143046
DA:107,143046
DA:108,143046
DA:109,143046
DA:112,8484
DA:113,8484
DA:114,8484
DA:115,1212
DA:117,7272
DA:118,7272
DA:119,7272
DA:122,69786
DA:123,69786
DA:124,69786
DA:125,9066
DA:127,60720
DA:130,145470
DA:131,145470
DA:132,145470
DA:133,145470
DA:134,145470
DA:135,145470
DA:136,145470
DA:138,453954
DA:139,453954
DA:140,2496
DA:142,451458
DA:143,2256
DA:145,449202
DA:146,19368
DA:148,429834
DA:149,429834
DA:150,2274
DA:152,427560
DA:153,427560
DA:154,427560
DA:157,14508
DA:158,14508
DA:159,14508
DA:160,4752
DA:162,9756
DA:163,9756
DA:164,9756
DA:167,4848
DA:168,4848
DA:169,4848
DA:170,1212
DA:172,3636
DA:173,3636
DA:174,3636
DA:175,1212
DA:177,2424
DA:178,1212
DA:180,1212
DA:181,1212
DA:182,1212
DA:183,2424
DA:184,1212
DA:185,1212
DA:186,1212
DA:187,1212
DA:188,1212
DA:190,1212
DA:191,1212
DA:194,88902
DA:195,88902
DA:196,88902
DA:197,4854
DA:199,84048
DA:200,84048
DA:201,16800
DA:203,67248
DA:204,67248
DA:205,67248
DA:208,4848
DA:209,4848
DA:210,4848
DA:211,1212
DA:213,3636
DA:214,3636
DA:215,3636
DA:216,1212
DA:218,2424
DA:219,1212
DA:221,1212
DA:222,1212
DA:223,1212
DA:224,2424
DA:225,1212
DA:226,1212
DA:227,1212
DA:229,1212
DA:230,1212
DA:233,15990
DA:234,15990
DA:235,15990
DA:236,2268
DA:238,13722
DA:239,13722
DA:240,13722
DA:247,492
DA:248,492
DA:249,492
LF:114
LH:114
end_of_record
TN:
SF:/home/user/code/c/workspace/src/pointer/types/object/v1/object_v1.c
FN:72,object_alloc
FN:81,object_free
FN:89,object_vm_free
FN:93,object_unsafe
FN:102,object_load
FN:115,object_size
FN:128,init
FNDA:11280,object_vm_free
FNDA:11280,object_alloc
FNDA:13536,object_load
FNDA:366,init
FNDA:9024,object_unsafe
FNDA:15792,object_free
FNDA:22566,object_size
FNF:7
FNH:7
DA:72,11280
DA:73,11280
DA:74,9024
DA:76,2256
DA:77,2256
DA:78,2256
DA:81,15792
DA:82,15792
DA:83,15792
DA:84,9024
DA:86,6768
DA:89,11280
DA:90,11280
DA:91,11280
DA:93,9024
DA:94,9024
DA:95,9024
DA:96,6768
DA:98,2256
DA:99,2256
DA:102,13536
DA:103,13536
DA:104,2256
DA:106,11280
DA:107,2256
DA:109,9024
DA:110,9024
DA:111,9024
DA:112,9024
DA:115,22566
DA:116,22566
DA:117,22566
DA:118,13542
DA:120,9024
DA:121,9024
DA:128,366
DA:129,366
DA:130,366
LF:38
LH:38
end_of_record
TN:
SF:/home/user/code/c/workspace/src/pointer/types/string/v1/string_v1.c
FN:106,string_pointer_internal
FN:136,string_strrchr_internal
FN:155,string_strchr_internal
FN:175,string_free
FN:193,string_vm_free
FN:197,string_copy
FN:215,string_strcpy
FN:242,string_strcat
FN:271,string_strrchr
FN:302,string_strchr
FN:333,string_match
FN:389,string_offset
FN:460,string_load
FN:474,string_put_char
FN:489,string_unsafe
FN:504,string_size
FN:518,string_lessthan
FN:551,string_greaterthan
FN:584,string_equals
FN:617,string_compare
FN:647,string_left
FN:669,string_strncpy
FN:690,string_left_strncpy
FN:711,string_right
FN:733,string_move_left
FN:755,string_move_right
FN:777,string_strcmp
FN:811,init
FNDA:46836,string_match
FNDA:298863,string_free
FNDA:6768,string_strrchr_internal
FNDA:229590,string_offset
FNDA:1067838,string_pointer_internal
FNDA:25452,string_strncpy
FNDA:15756,string_compare
FNDA:1012836,string_vm_free
FNDA:15792,string_strrchr
FNDA:19392,string_left_strncpy
FNDA:521016,string_unsafe
FNDA:19392,string_right
FNDA:23028,string_left
FNDA:29346,string_copy
FNDA:987984,string_load
FNDA:19392,string_move_left
FNDA:39360,string_strchr
FNDA:79620,string_strcat
FNDA:19392,string_move_right
FNDA:15756,string_strcmp
FNDA:52062,string_strcpy
FNDA:15756,string_equals
FNDA:63402,string_size
FNDA:15756,string_greaterthan
FNDA:41436,string_put_char
FNDA:24240,string_lessthan
FNDA:474,init
FNDA:24444,string_strchr_internal
FNF:28
FNH:28
DA:106,1067838
DA:107,1067838
DA:108,1067838
DA:109,1067838
DA:110,105390
DA:112,962448
DA:113,777186
DA:115,962448
DA:116,185262
DA:117,315534
DA:118,302370
DA:119,172098
DA:121,130272
DA:122,130272
DA:124,185262
DA:125,185262
DA:126,13164
DA:128,172098
DA:130,949284
DA:131,949284
DA:132,949284
DA:133,949284
DA:136,6768
DA:137,6768
DA:138,6768
DA:139,6768
DA:140,6768
DA:141,85728
DA:142,78960
DA:143,13536
DA:145,78960
DA:146,78960
DA:148,6768
DA:149,2256
DA:151,4512
DA:152,4512
DA:155,24444
DA:156,24444
DA:157,24444
DA:158,24444
DA:159,24444
DA:160,99360
DA:161,74916
DA:162,18552
DA:164,74916
DA:165,74916
DA:167,24444
DA:168,5892
DA:170,18552
DA:171,18552
DA:175,298863
DA:176,298863
DA:177,298863
DA:178,65553
DA:180,233310
DA:181,190638
DA:182,190638
DA:184,42672
DA:185,33426
DA:186,33426
DA:187,33426
DA:188,33426
DA:189,33426
DA:193,1012836
DA:194,1012836
DA:195,1012836
DA:197,29346
DA:198,29346
DA:199,29346
DA:200,6774
DA:202,22572
DA:203,22572
DA:204,22572
DA:205,22572
DA:206,2268
DA:208,20304
DA:209,20304
DA:210,20304
DA:211,20304
DA:212,20304
DA:215,52062
DA:216,52062
DA:217,33840
DA:219,45294
DA:220,45294
DA:221,24816
DA:223,20478
DA:224,20478
DA:225,9024
DA:227,11454
DA:228,11454
DA:229,11454
DA:230,11454
DA:231,6768
DA:233,4686
DA:234,4686
DA:235,4686
DA:236,2430
DA:238,4686
DA:239,4686
DA:242,79620
DA:243,79620
DA:244,36848
DA:246,72852
DA:247,72852
DA:248,31584
DA:250,41268
DA:251,41268
DA:252,9024
DA:254,32244
DA:255,32244
DA:256,32244
DA:257,32244
DA:258,4512
DA:260,27732
DA:261,27732
DA:262,27732
DA:263,27732
DA:264,27732
DA:265,27732
DA:267,27732
DA:268,27732
DA:271,15792
DA:272,15792
DA:273,15792
DA:274,4512
DA:276,11280
DA:277,11280
DA:278,11280
DA:279,11280
DA:280,2256
DA:282,9024
DA:283,9024
DA:284,2256
DA:286,6768
DA:287,6768
DA:288,6768
DA:289,6768
DA:290,2256
DA:292,4512
DA:293,4512
DA:294,4512
DA:295,4512
DA:296,4512
DA:297,4512
DA:298,4512
DA:299,4512
DA:302,39360
DA:303,39360
DA:304,39360
DA:305,6768
DA:307,32592
DA:308,32592
DA:309,32592
DA:310,32592
DA:311,5892
DA:313,26700
DA:314,26700
DA:315,2256
DA:317,24444
DA:318,24444
DA:319,24444
DA:320,24444
DA:321,5892
DA:323,18552
DA:324,18552
DA:325,18552
DA:326,18552
DA:327,18552
DA:328,18552
DA:329,18552
DA:330,18552
DA:333,46836
DA:334,46836
DA:335,46836
DA:336,4512
DA:338,42324
DA:339,42324
DA:340,42324
DA:341,42324
DA:342,2256
DA:344,40068
DA:345,40068
DA:346,2256
DA:348,37812
DA:349,37812
DA:350,37812
DA:351,37812
DA:352,37812
DA:353,37812
DA:354,46836
DA:355,105288
DA:356,58452
DA:357,58452
DA:359,46836
DA:360,5724
DA:362,41112
DA:363,8148
DA:365,32964
DA:366,116064
DA:367,92124
DA:368,9024
DA:369,9024
DA:370,9024
DA:372,83100
DA:373,83100
DA:375,32964
DA:378,9024
DA:380,23940
DA:381,23940
DA:382,23940
DA:383,23940
DA:384,23940
DA:385,23940
DA:386,23940
DA:389,229590
DA:390,229590
DA:391,229590
DA:392,42864
DA:394,186726
DA:395,186726
DA:396,186726
DA:397,186726
DA:398,47376
DA:400,139350
DA:401,139350
DA:402,29838
DA:404,109512
DA:405,109512
DA:406,109512
DA:407,109512
DA:408,109512
DA:409,109512
DA:410,109512
DA:411,1152084
DA:412,1042572
DA:413,188442
DA:415,1042572
DA:417,109512
DA:418,109512
DA:419,109512
DA:420,3582
DA:422,105930
DA:423,105930
DA:424,105930
DA:425,108186
DA:426,119466
DA:427,11280
DA:428,11280
DA:430,108186
DA:431,2256
DA:433,105930
DA:434,6768
DA:436,99162
DA:437,358500
DA:438,261594
DA:439,2256
DA:440,2256
DA:441,2256
DA:443,259338
DA:444,259338
DA:446,99162
DA:449,2256
DA:451,96906
DA:452,96906
DA:453,96906
DA:454,96906
DA:455,96906
DA:456,96906
DA:457,96906
DA:460,987984
DA:461,987984
DA:462,3468
DA:464,984516
DA:465,72168
DA:467,912348
DA:468,912348
DA:469,912348
DA:470,912348
DA:471,912348
DA:474,41436
DA:475,41436
DA:476,41436
DA:477,26320
DA:479,21132
DA:480,21132
DA:481,21132
DA:482,21132
DA:483,9024
DA:485,12108
DA:486,12108
DA:489,521016
DA:490,521016
DA:491,521016
DA:492,32202
DA:494,488814
DA:495,488814
DA:496,488814
DA:497,488814
DA:498,11706
DA:500,477108
DA:501,477108
DA:504,63402
DA:505,63402
DA:506,63402
DA:507,10746
DA:509,52656
DA:510,52656
DA:511,52656
DA:512,52656
DA:513,2256
DA:515,50400
DA:518,24240
DA:519,24240
DA:520,2424
DA:522,21816
DA:523,21816
DA:524,3636
DA:526,18180
DA:527,18180
DA:528,1212
DA:530,16968
DA:531,16968
DA:532,16968
DA:533,16968
DA:534,1212
DA:536,15756
DA:537,15756
DA:538,15756
DA:539,15756
DA:540,1212
DA:542,14544
DA:543,3636
DA:545,10908
DA:546,1212
DA:548,9696
DA:551,15756
DA:552,15756
DA:553,2424
DA:555,13332
DA:556,13332
DA:557,3636
DA:559,9696
DA:560,9696
DA:561,2424
DA:563,7272
DA:564,7272
DA:565,7272
DA:566,7272
DA:567,1212
DA:569,6060
DA:570,6060
DA:571,6060
DA:572,6060
DA:573,1212
DA:575,4848
DA:576,2424
DA:578,2424
DA:579,1212
DA:581,1212
DA:584,15756
DA:585,15756
DA:586,2424
DA:588,13332
DA:589,13332
DA:590,3636
DA:592,9696
DA:593,9696
DA:594,2424
DA:596,7272
DA:597,7272
DA:598,7272
DA:599,7272
DA:600,1212
DA:602,6060
DA:603,6060
DA:604,6060
DA:605,6060
DA:606,1212
DA:608,4848
DA:609,2424
DA:611,2424
DA:612,1212
DA:614,1212
DA:617,15756
DA:618,15756
DA:619,2424
DA:621,13332
DA:622,13332
DA:623,3636
DA:625,9696
DA:626,9696
DA:627,2424
DA:629,7272
DA:630,7272
DA:631,7272
DA:632,7272
DA:633,1212
DA:635,6060
DA:636,6060
DA:637,6060
DA:638,6060
DA:639,1212
DA:641,4848
DA:642,2424
DA:644,2424
DA:647,23028
DA:648,23028
DA:649,23028
DA:650,4848
DA:652,18180
DA:653,18180
DA:654,18180
DA:655,18180
DA:656,2424
DA:658,15756
DA:659,8484
DA:661,7272
DA:662,7272
DA:663,7272
DA:664,7272
DA:665,7272
DA:666,7272
DA:669,25452
DA:670,25452
DA:671,25452
DA:672,4848
DA:674,20604
DA:675,20604
DA:676,20604
DA:677,20604
DA:678,2424
DA:680,18180
DA:681,8484
DA:683,9696
DA:684,9696
DA:685,9696
DA:686,9696
DA:687,9696
DA:690,19392
DA:691,19392
DA:692,19392
DA:693,4848
DA:695,14544
DA:696,14544
DA:697,14544
DA:698,14544
DA:699,2424
DA:701,12120
DA:702,8484
DA:704,3636
DA:705,3636
DA:706,3636
DA:707,3636
DA:708,3636
DA:711,19392
DA:712,19392
DA:713,19392
DA:714,6060
DA:716,13332
DA:717,13332
DA:718,13332
DA:719,13332
DA:720,2424
DA:722,10908
DA:723,7272
DA:725,3636
DA:726,3636
DA:727,3636
DA:728,3636
DA:729,3636
DA:730,3636
DA:733,19392
DA:734,19392
DA:735,19392
DA:736,4848
DA:738,14544
DA:739,8484
DA:741,6060
DA:742,6060
DA:743,6060
DA:744,6060
DA:745,1212
DA:747,4848
DA:748,1212
DA:750,3636
DA:751,3636
DA:752,3636
DA:755,19392
DA:756,19392
DA:757,19392
DA:758,4848
DA:760,14544
DA:761,14544
DA:762,14544
DA:763,9696
DA:765,4848
DA:766,4848
DA:767,1212
DA:769,3636
DA:770,2424
DA:772,1212
DA:773,1212
DA:774,1212
DA:777,15756
DA:778,15756
DA:779,2424
DA:781,13332
DA:782,13332
DA:783,3636
DA:785,9696
DA:786,9696
DA:787,9696
DA:788,9696
DA:789,1212
DA:791,8484
DA:792,8484
DA:793,2424
DA:795,6060
DA:796,6060
DA:797,6060
DA:798,6060
DA:799,1212
DA:801,4848
DA:802,2424
DA:804,2424
DA:811,474
DA:812,474
DA:813,474
LF:529
LH:529
end_of_record
TN:
SF:/home/user/code/c/workspace/src/pointer/types/string_pointer/v1/string_pointer_v1.c
FN:70,string_virtual_free
FN:78,init
FN:83,string_free
FN:94,string_vm_free
FNDA:13332,string_free
FNDA:109524,string_virtual_free
FNDA:474,init
FNDA:8484,string_vm_free
FNF:4
FNH:4
DA:70,109524
DA:71,109524
DA:72,109524
DA:78,474
DA:79,474
DA:80,474
DA:83,13332
DA:84,13332
DA:85,13332
DA:86,1212
DA:88,12120
DA:89,8484
DA:90,8484
DA:94,8484
DA:95,8484
DA:96,8484
LF:16
LH:16
end_of_record
TN:
SF:/home/user/code/c/workspace/src/pointer/types/user/v1/user_v1.c
FN:67,user_alloc
FN:73,user_free
FN:81,user_vm_free
FN:89,init
FNDA:384,init
FNDA:6114,user_free
FNDA:5580,user_vm_free
FNDA:5580,user_alloc
FNF:4
FNH:4
DA:67,5580
DA:68,5580
DA:69,5580
DA:70,5580
DA:73,6114
DA:74,6114
DA:75,6114
DA:76,3324
DA:78,2790
DA:81,5580
DA:82,5580
DA:83,5580
DA:89,384
DA:90,384
DA:91,384
LF:15
LH:15
end_of_record
TN:
SF:/home/user/code/c/workspace/src/pointer/v1/pointer_v1.c
FN:141,vm_types_init
FN:150,vm_init
FN:156,vm_destroy
FN:167,pointer_free_internal
FN:174,pointer_alloc
FN:184,pointer_realloc
FN:191,pointer_register_type
FN:195,pointer_free
FN:206,pointer_release
FN:219,pointer_address
FN:227,pointer_vm
FN:235,pointer_size
FN:243,pointer_read
FN:251,pointer_write
FN:258,pointer_read_type
FN:267,pointer_init
FN:290,pointer_destroy
FN:295,pointer_gc
FNDA:492,vm_destroy
FNDA:5099022,pointer_read_type
FNDA:30162,pointer_realloc
FNDA:1139694,pointer_size
FNDA:448494,pointer_init
FNDA:448350,pointer_gc
FNDA:1315884,pointer_release
FNDA:448494,pointer_destroy
FNDA:1284180,pointer_write
FNDA:3175926,pointer_address
FNDA:3156,vm_types_init
FNDA:3156,pointer_register_type
FNDA:1926270,pointer_vm
FNDA:362130,pointer_free
FNDA:492,vm_init
FNDA:1284180,pointer_alloc
FNDA:958656,pointer_free_internal
FNDA:3506886,pointer_read
FNF:18
FNH:18
DA:141,3156
DA:142,3156
DA:143,3156
DA:144,3156
DA:145,3156
DA:146,3156
DA:147,3156
DA:150,492
DA:152,492
DA:154,492
DA:156,492
DA:157,3648
DA:158,3156
DA:159,3156
DA:160,3156
DA:163,492
DA:165,492
DA:167,958656
DA:168,958656
DA:169,958656
DA:170,958656
DA:172,958656
DA:174,1284180
DA:175,1284180
DA:176,1284180
DA:177,1268622
DA:178,1268622
DA:180,1284180
DA:181,1284180
DA:184,30162
DA:185,30162
DA:186,30162
DA:187,30162
DA:189,30162
DA:191,3156
DA:192,3156
DA:195,362130
DA:196,362130
DA:197,606
DA:199,361524
DA:200,361524
DA:201,10434
DA:203,351090
DA:206,1315884
DA:207,1315884
DA:208,31704
DA:210,1284180
DA:211,1284180
DA:212,1284180
DA:213,1268622
DA:215,1284180
DA:216,1284180
DA:219,3175926
DA:220,3175926
DA:221,3175926
DA:222,3175926
DA:224,3175926
DA:227,1926270
DA:228,1926270
DA:229,1926270
DA:230,1926270
DA:232,1926270
DA:235,1139694
DA:236,1139694
DA:237,1139694
DA:238,1139694
DA:240,1139694
DA:243,3506886
DA:244,3506886
DA:245,3506886
DA:246,3506886
DA:248,3506886
DA:251,1284180
DA:252,1284180
DA:253,1284180
DA:254,1284180
DA:256,1284180
DA:258,5099022
DA:259,5099022
DA:260,5099022
DA:261,3394224
DA:263,5099022
DA:267,448494
DA:268,448494
DA:269,448494
DA:279,448494
DA:280,3586512
DA:281,3138018
DA:282,3138018
DA:283,3138018
DA:284,3138018
DA:286,3138018
DA:288,448494
DA:290,448494
DA:291,448494
DA:292,448494
DA:293,448494
DA:295,448350
DA:300,448350
DA:301,448350
DA:302,1055916
DA:303,607566
DA:304,607566
DA:306,448350
DA:307,448350
LF:105
LH:105
end_of_record
TN:
SF:/home/user/code/c/workspace/src/pointer/v1/virtual_v1.c
FN:125,vm_init_internal
FN:134,vm_read_internal
FN:147,vm_alloc_internal
FN:176,virtual_enumerator_init
FN:180,virtual_enumerator_destroy
FN:184,virtual_enumerator_init_internal
FN:199,vm_init
FN:213,vm_destroy
FN:264,vm_free
FN:286,vm_read_type
FN:310,vm_read
FN:331,vm_alloc
FN:367,virtual_enumerator_next
FN:382,virtual_enumerator_next_internal
FNDA:519957,vm_init_internal
FNDA:896700,virtual_enumerator_init_internal
FNDA:476748,vm_destroy
FNDA:3970884,vm_read_internal
FNDA:1055916,virtual_enumerator_next
FNDA:1350660,vm_read_type
FNDA:1284180,vm_alloc_internal
FNDA:2910597,vm_read
FNDA:1285842,vm_alloc
FNDA:473424,vm_init
FNDA:448350,virtual_enumerator_destroy
FNDA:1285842,vm_free
FNDA:448350,virtual_enumerator_init
FNDA:1683495,virtual_enumerator_next_internal
FNF:14
FNH:14
DA:125,519957
DA:126,519957
DA:127,519957
DA:128,519957
DA:129,519957
DA:130,519957
DA:131,519957
DA:134,3970884
DA:135,3970884
DA:136,3970884
DA:138,44574660
DA:139,3935370
DA:140,3935370
DA:142,40639290
DA:143,40639290
DA:144,3970884
DA:147,1284180
DA:148,1284180
DA:149,1284180
DA:151,642090
DA:152,642090
DA:153,23295
DA:154,23295
DA:155,23295
DA:157,642090
DA:159,1260885
DA:160,46533
DA:161,46533
DA:162,46533
DA:163,46533
DA:164,46533
DA:166,1260885
DA:167,1260885
DA:171,1284180
DA:172,1284180
DA:173,1284180
DA:176,448350
DA:177,448350
DA:178,448350
DA:180,448350
DA:181,448350
DA:182,448350
DA:184,896700
DA:185,896700
DA:186,896700
DA:187,896700
DA:188,896700
DA:199,473424
DA:201,236712
DA:202,236712
DA:204,473424
DA:205,473424
DA:206,473424
DA:207,473424
DA:208,473424
DA:209,473424
DA:210,473424
DA:211,473424
DA:213,476748
DA:214,476748
DA:215,3324
DA:217,473424
DA:218,473424
DA:219,473424
DA:220,473424
DA:221,473424
DA:223,236712
DA:224,855507
DA:225,618795
DA:227,236712
DA:228,236712
DA:230,236712
DA:233,473424
DA:234,993381
DA:235,519957
DA:236,519957
DA:237,519957
DA:238,519957
DA:240,473424
DA:241,473424
DA:264,1285842
DA:265,1285842
DA:266,1662
DA:268,1284180
DA:269,1284180
DA:270,1284180
DA:272,642090
DA:273,642090
DA:274,642090
DA:275,642090
DA:279,1284180
DA:282,1284180
DA:286,1350660
DA:287,1350660
DA:288,96786
DA:290,1253874
DA:291,1253874
DA:292,1253874
DA:293,15804
DA:295,1238070
DA:296,1238070
DA:297,41994
DA:299,1196076
DA:300,100476
DA:307,1095600
DA:310,2910597
DA:311,2910597
DA:312,193587
DA:314,2717010
DA:315,2717010
DA:316,2717010
DA:317,19710
DA:319,2697300
DA:320,2697300
DA:321,86508
DA:328,2610792
DA:331,1285842
DA:332,1285842
DA:333,1662
DA:335,1284180
DA:336,1284180
DA:337,1284180
DA:338,1284180
DA:339,1284180
DA:342,1284180
DA:345,1284180
DA:367,1055916
DA:368,1055916
DA:370,1683495
DA:371,1235145
DA:372,607566
DA:373,607566
DA:374,607566
DA:375,607566
DA:379,1055916
DA:382,1683495
DA:383,1683495
DA:384,1683495
DA:385,2918640
DA:386,1683495
DA:387,494883
DA:388,448350
DA:390,46533
DA:391,46533
DA:392,46533
DA:394,1235145
DA:396,1683495
LF:147
LH:147
end_of_record
TN:
SF:/home/user/code/c/workspace/src/pointer/v2/pointer_v2.c
FN:132,pointer_alloc_internal
FN:142,pointer_realloc_internal
FN:147,pointer_free_internal
FN:158,pointer_gc_internal
FN:167,list_alloc_internal
FN:174,list_free_internal
FN:180,file_close_internal
FN:189,pointer_ctx_init
FN:205,pointer_ctx_destroy
FN:226,pointer_init
FN:234,pointer_destroy
FN:247,pointer_gc
FN:252,pointer_push
FN:258,pointer_copy
FN:281,pointer_peek
FN:285,pointer_pop
FN:289,pointer_list_alloc
FN:298,pointer_list_free
FN:314,pointer_list_push
FN:338,pointer_list_peek
FN:354,pointer_list_pop
FN:370,pointer_alloc
FN:379,pointer_free_vm
FN:389,pointer_free
FN:405,pointer_unsafe
FN:420,pointer_size
FN:432,pointer_strcpy
FN:467,pointer_strcat
FN:496,pointer_match_last
FN:551,pointer_load
FN:565,pointer_getcwd
FN:577,pointer_file_alloc
FN:626,pointer_file_read
FN:651,pointer_file_free
FN:667,pointer_printf
FN:699,pointer_put_char
FNDA:7152,pointer_list_peek
FNDA:6228,pointer_copy
FNDA:675564,pointer_free_internal
FNDA:898224,pointer_file_free
FNDA:10452,pointer_alloc
FNDA:83280,pointer_strcpy
FNDA:32856,pointer_ctx_init
FNDA:16866,pointer_gc
FNDA:336,pointer_destroy
FNDA:381036,pointer_unsafe
FNDA:20748,pointer_file_read
FNDA:890190,pointer_list_free
FNDA:8052,list_alloc_internal
FNDA:32856,pointer_ctx_destroy
FNDA:26100,pointer_realloc_internal
FNDA:98136,pointer_put_char
FNDA:336,pointer_init
FNDA:8052,list_free_internal
FNDA:491508,pointer_load
FNDA:3156,file_close_internal
FNDA:390288,pointer_list_push
FNDA:6168,pointer_push
FNDA:144576,pointer_file_alloc
FNDA:166518,pointer_free
FNDA:24918,pointer_gc_internal
FNDA:5136,pointer_peek
FNDA:30300,pointer_strcat
FNDA:675564,pointer_alloc_internal
FNDA:249900,pointer_match_last
FNDA:10392,pointer_list_pop
FNDA:4152,pointer_pop
FNDA:8052,pointer_list_alloc
FNDA:4872,pointer_getcwd
FNDA:5796,pointer_size
FNDA:180222,pointer_printf
FNDA:880044,pointer_free_vm
FNF:36
FNH:36
DA:132,675564
DA:133,675564
DA:134,675564
DA:135,505692
DA:136,505692
DA:138,675564
DA:139,675564
DA:142,26100
DA:143,26100
DA:144,26100
DA:145,26100
DA:147,675564
DA:148,675564
DA:149,514680
DA:151,514680
DA:152,514680
DA:155,675564
DA:156,675564
DA:158,24918
DA:159,24918
DA:160,904962
DA:161,880044
DA:162,880044
DA:163,880044
DA:165,24918
DA:167,8052
DA:168,8052
DA:169,8052
DA:170,8052
DA:171,8052
DA:174,8052
DA:175,8052
DA:176,8052
DA:177,8052
DA:178,8052
DA:180,3156
DA:181,3156
DA:182,3156
DA:183,3156
DA:184,3156
DA:185,3156
DA:189,32856
DA:191,32856
DA:192,32856
DA:194,32856
DA:195,32856
DA:197,32856
DA:198,32856
DA:200,16428
DA:201,16428
DA:203,32856
DA:205,32856
DA:210,32856
DA:212,16428
DA:213,16428
DA:214,16428
DA:217,32856
DA:218,32856
DA:220,32856
DA:221,32856
DA:223,32856
DA:224,32856
DA:226,336
DA:227,336
DA:228,336
DA:230,168
DA:232,336
DA:234,336
DA:239,168
DA:240,168
DA:242,336
DA:243,336
DA:244,336
DA:247,16866
DA:248,16866
DA:249,16866
DA:252,6168
DA:253,6168
DA:254,4884
DA:256,6168
DA:258,6228
DA:259,6228
DA:260,1284
DA:262,4944
DA:263,4944
DA:264,180
DA:266,4764
DA:267,1644
DA:269,3120
DA:270,1284
DA:272,1836
DA:273,1836
DA:274,1836
DA:276,918
DA:278,1836
DA:281,5136
DA:282,5136
DA:285,4152
DA:286,4152
DA:289,8052
DA:290,8052
DA:291,8052
DA:293,4026
DA:295,8052
DA:298,890190
DA:299,890190
DA:300,1284
DA:302,888906
DA:303,888906
DA:304,368022
DA:306,520884
DA:307,512832
DA:309,8052
DA:310,8052
DA:311,8052
DA:314,390288
DA:315,390288
DA:316,5856
DA:318,384432
DA:319,3852
DA:321,380580
DA:322,5136
DA:324,375444
DA:325,375444
DA:326,4032
DA:328,371412
DA:329,8064
DA:331,363348
DA:332,363348
DA:334,181674
DA:338,7152
DA:339,7152
DA:340,1284
DA:342,5868
DA:343,5868
DA:344,360
DA:346,5508
DA:347,2928
DA:349,2580
DA:350,2580
DA:351,2580
DA:354,10392
DA:355,10392
DA:356,1644
DA:358,8748
DA:359,8748
DA:360,1620
DA:362,7128
DA:363,4368
DA:365,2760
DA:366,2760
DA:367,2760
DA:370,10452
DA:371,10452
DA:372,10452
DA:374,5226
DA:376,10452
DA:379,880044
DA:380,880044
DA:381,880044
DA:382,367572
DA:384,512472
DA:385,512472
DA:389,166518
DA:390,166518
DA:391,9012
DA:393,157506
DA:394,157506
DA:395,5604
DA:397,151902
DA:398,18
DA:400,151884
DA:401,151884
DA:405,381036
DA:406,381036
DA:407,3300
DA:409,377736
DA:410,377736
DA:411,2568
DA:413,375168
DA:414,2568
DA:416,372600
DA:417,372600
DA:420,5796
DA:421,5796
DA:422,1284
DA:424,4512
DA:425,4512
DA:426,1284
DA:428,3228
DA:429,3228
DA:432,83280
DA:433,83280
DA:434,15768
DA:436,67512
DA:437,67512
DA:438,20532
DA:440,46980
DA:441,3312
DA:443,43668
DA:444,43668
DA:445,18516
DA:447,25152
DA:448,4044
DA:450,21108
DA:451,1284
DA:453,19824
DA:454,3852
DA:455,3852
DA:457,15972
DA:458,15972
DA:459,12852
DA:462,19824
DA:463,19824
DA:464,19824
DA:467,30300
DA:468,30300
DA:469,3120
DA:471,27180
DA:472,27180
DA:473,732
DA:475,26448
DA:476,26448
DA:477,5496
DA:479,20952
DA:480,1284
DA:482,19668
DA:483,5136
DA:484,5136
DA:486,14532
DA:487,14532
DA:488,13248
DA:491,19668
DA:492,19668
DA:493,19668
DA:496,249900
DA:497,249900
DA:498,20520
DA:500,229380
DA:501,16800
DA:503,212580
DA:504,13944
DA:506,198636
DA:507,198636
DA:508,4956
DA:510,193680
DA:511,2760
DA:513,190920
DA:514,732
DA:516,190188
DA:517,190188
DA:518,5688
DA:520,184500
DA:521,2208
DA:523,182292
DA:524,732
DA:526,181560
DA:527,181560
DA:528,181560
DA:529,5136
DA:531,176424
DA:532,810768
DA:533,634344
DA:534,634344
DA:536,176424
DA:537,3420
DA:539,173004
DA:540,13584
DA:542,159420
DA:543,159420
DA:544,159420
DA:546,79710
DA:548,159420
DA:551,491508
DA:552,491508
DA:553,2016
DA:555,489492
DA:556,489492
DA:557,489492
DA:558,489492
DA:560,244746
DA:562,489492
DA:565,4872
DA:566,1624
DA:568,4872
DA:569,4872
DA:570,4872
DA:571,4872
DA:572,4872
DA:573,4872
DA:574,4872
DA:577,144576
DA:578,144576
DA:579,39756
DA:581,104820
DA:582,25476
DA:584,79344
DA:585,15048
DA:587,64296
DA:588,64296
DA:589,12672
DA:591,51624
DA:592,2760
DA:594,48864
DA:595,48864
DA:596,12300
DA:598,36564
DA:599,2208
DA:601,34356
DA:602,14904
DA:604,19452
DA:605,19452
DA:606,2196
DA:608,17256
DA:609,17256
DA:610,17256
DA:611,14100
DA:613,3156
DA:614,3156
DA:615,3156
DA:617,3156
DA:619,3156
DA:621,1578
DA:623,3156
DA:626,20748
DA:627,20748
DA:628,6780
DA:630,13968
DA:631,13968
DA:632,2748
DA:634,11220
DA:635,8064
DA:637,3156
DA:638,3156
DA:639,3156
DA:640,3156
DA:641,3156
DA:642,3156
DA:643,3156
DA:644,3156
DA:646,1578
DA:648,3156
DA:651,898224
DA:652,898224
DA:653,9156
DA:655,889068
DA:656,889068
DA:657,369588
DA:659,519480
DA:660,516324
DA:662,3156
DA:663,3156
DA:664,3156
DA:667,180222
DA:668,180222
DA:669,180222
DA:670,9828
DA:672,170394
DA:673,732
DA:675,169662
DA:676,732
DA:678,168930
DA:683,168930
DA:699,98136
DA:700,98136
DA:701,3480
DA:703,94656
DA:704,94656
DA:705,1836
DA:707,92820
DA:708,1284
DA:710,91536
DA:711,91536
LF:373
LH:373
end_of_record
TN:
SF:/home/user/code/c/workspace/src/stl/linked_list.c
FN:76,linked_list_new
FN:81,linked_list_delete
FN:100,linked_list_reverse
FN:133,linked_list_reverse_until
FN:176,linked_list_reverse_until_match
FN:222,linked_list_print
FN:238,linked_list_append_head
FN:259,linked_list_append_tail
FN:282,linked_list_head
FN:289,linked_list_tail
FN:296,linked_list_count
FN:303,linked_list_data
FN:310,linked_list_next
FN:317,linked_list_set_next
FN:324,linked_list_set
FNDA:2256,linked_list_set_next
FNDA:20832,linked_list_delete
FNDA:35670,linked_list_append_head
FNDA:11352,linked_list_print
FNDA:2580,linked_list_reverse
FNDA:5676,linked_list_append_tail
FNDA:1290,linked_list_reverse_until_match
FNDA:774,linked_list_count
FNDA:1482,linked_list_set
FNDA:28890,linked_list_head
FNDA:5418,linked_list_reverse_until
FNDA:11478,linked_list_tail
FNDA:36822,linked_list_data
FNDA:39600,linked_list_next
FNDA:20574,linked_list_new
FNF:15
FNH:15
DA:76,20574
DA:77,20574
DA:78,20574
DA:81,20832
DA:82,20832
DA:83,258
DA:85,20574
DA:86,20574
DA:87,20574
DA:88,60630
DA:89,40056
DA:90,40056
DA:91,40056
DA:93,20574
DA:94,20574
DA:95,20574
DA:96,20574
DA:97,20574
DA:100,2580
DA:101,2580
DA:102,516
DA:105,2064
DA:108,2064
DA:111,2064
DA:112,2064
DA:114,10578
DA:115,8514
DA:116,8514
DA:117,8514
DA:118,8514
DA:121,2064
DA:122,2064
DA:125,2064
DA:126,2064
DA:129,2064
DA:133,5418
DA:134,5418
DA:135,774
DA:137,4644
DA:139,4644
DA:140,1290
DA:144,3354
DA:148,3354
DA:149,3354
DA:151,6708
DA:152,6192
DA:153,6192
DA:154,6192
DA:155,6192
DA:156,6192
DA:157,2838
DA:158,1806
DA:159,1806
DA:161,2838
DA:165,3354
DA:166,3354
DA:168,3354
DA:169,3354
DA:172,3354
DA:176,1290
DA:177,1290
DA:178,774
DA:181,516
DA:183,516
DA:184,258
DA:188,258
DA:192,258
DA:193,258
DA:195,516
DA:196,516
DA:197,516
DA:198,516
DA:199,516
DA:200,516
DA:201,258
DA:202,258
DA:203,258
DA:205,258
DA:209,258
DA:210,258
DA:213,258
DA:214,258
DA:217,258
DA:222,11352
DA:223,11352
DA:224,11352
DA:225,11352
DA:226,11352
DA:227,59856
DA:228,48504
DA:229,48504
DA:230,48504
DA:231,37152
DA:234,11352
DA:235,11352
DA:238,35670
DA:239,35670
DA:240,774
DA:243,34896
DA:244,34896
DA:246,34896
DA:247,34896
DA:248,34896
DA:250,34896
DA:251,9870
DA:254,34896
DA:256,34896
DA:259,5676
DA:260,5676
DA:261,516
DA:264,5160
DA:265,5160
DA:267,5160
DA:268,5160
DA:269,3612
DA:271,5160
DA:273,5160
DA:274,1548
DA:277,5160
DA:279,5160
DA:282,28890
DA:283,28890
DA:284,258
DA:286,28632
DA:289,11478
DA:290,11478
DA:291,258
DA:293,11220
DA:296,774
DA:297,774
DA:298,258
DA:300,516
DA:303,36822
DA:304,36822
DA:305,258
DA:307,36564
DA:310,39600
DA:311,39600
DA:312,1548
DA:314,38052
DA:317,2256
DA:318,2256
DA:319,516
DA:321,1740
DA:324,1482
DA:325,1482
DA:326,774
DA:328,708
DA:329,708
LF:149
LH:149
end_of_record
TN:
SF:/home/user/code/c/workspace/src/stl/linked_list_enumerator.c
FN:66,linked_list_enumerator_create
FN:76,linked_list_enumerator_destroy
FN:85,linked_list_enumerator_reverse
FN:122,linked_list_enumerator_next
FN:131,linked_list_enumerator_find
FN:146,linked_list_enumerator_find_prev
FN:164,linked_list_print
FNDA:198,linked_list_enumerator_reverse
FNDA:3366,linked_list_enumerator_create
FNDA:594,linked_list_enumerator_find_prev
FNDA:132,linked_list_print
FNDA:3366,linked_list_enumerator_destroy
FNDA:4950,linked_list_enumerator_next
FNDA:1980,linked_list_enumerator_find
FNF:7
FNH:7
DA:66,3366
DA:67,3366
DA:68,66
DA:70,3300
DA:71,3300
DA:72,3300
DA:73,3300
DA:76,3366
DA:77,3366
DA:78,66
DA:80,3300
DA:81,3300
DA:82,3300
DA:85,198
DA:86,198
DA:87,66
DA:90,132
DA:91,132
DA:92,66
DA:95,66
DA:98,66
DA:101,66
DA:102,66
DA:104,330
DA:105,264
DA:106,264
DA:107,264
DA:108,264
DA:111,66
DA:112,66
DA:115,66
DA:118,66
DA:122,4950
DA:123,4950
DA:124,858
DA:126,4092
DA:127,4092
DA:128,4092
DA:131,1980
DA:132,1980
DA:133,264
DA:135,1716
DA:136,3432
DA:137,3432
DA:138,1716
DA:140,1716
DA:142,1716
DA:143,1716
DA:146,594
DA:147,594
DA:148,132
DA:150,462
DA:151,462
DA:152,990
DA:153,660
DA:154,132
DA:156,528
DA:157,528
DA:159,462
DA:160,462
DA:164,132
DA:165,132
DA:166,132
DA:167,132
DA:168,132
DA:169,132
DA:170,792
DA:171,660
DA:172,660
DA:173,660
DA:174,528
DA:177,132
DA:179,132
LF:73
LH:73
end_of_record
TN:
SF:/home/user/code/c/workspace/src/stl/linked_list_static_enumerator.c
FN:69,linked_list_enumerator_init
FN:77,linked_list_enumerator_destroy
FN:82,linked_list_enumerator_reverse
FN:119,linked_list_enumerator_next
FN:128,linked_list_enumerator_find
FN:143,linked_list_enumerator_find_prev
FN:161,linked_list_print
FNDA:768,linked_list_print
FNDA:1728,linked_list_enumerator_find_prev
FNDA:9600,linked_list_enumerator_destroy
FNDA:14592,linked_list_enumerator_next
FNDA:5568,linked_list_enumerator_find
FNDA:9600,linked_list_enumerator_init
FNDA:768,linked_list_enumerator_reverse
FNF:7
FNH:7
DA:69,9600
DA:70,9600
DA:71,192
DA:73,9408
DA:74,9408
DA:77,9600
DA:78,9600
DA:79,9600
DA:80,9600
DA:82,768
DA:83,768
DA:84,192
DA:87,576
DA:88,576
DA:89,192
DA:92,384
DA:95,384
DA:98,384
DA:99,384
DA:101,1152
DA:102,768
DA:103,768
DA:104,768
DA:105,768
DA:108,384
DA:109,384
DA:112,384
DA:115,384
DA:119,14592
DA:120,14592
DA:121,2688
DA:123,11904
DA:124,11904
DA:125,11904
DA:128,5568
DA:129,5568
DA:130,768
DA:132,4800
DA:133,9792
DA:134,9792
DA:135,4800
DA:137,4992
DA:139,4800
DA:140,4800
DA:143,1728
DA:144,1728
DA:145,384
DA:147,1344
DA:148,1344
DA:149,2880
DA:150,1920
DA:151,384
DA:153,1536
DA:154,1536
DA:156,1344
DA:157,1344
DA:161,768
DA:162,768
DA:163,768
DA:164,768
DA:165,768
DA:166,3072
DA:167,2304
DA:168,2304
DA:169,2304
DA:170,1536
DA:173,768
DA:174,768
LF:68
LH:68
end_of_record
TN:
SF:/home/user/code/c/workspace/src/structs/lib/v1/object.c
FN:49,object_create
FN:57,object_destroy
FNDA:306,object_create
FNDA:306,object_destroy
FNF:2
FNH:2
DA:49,306
DA:50,306
DA:52,306
DA:54,306
DA:57,306
DA:59,306
DA:61,306
DA:62,306
LF:8
LH:8
end_of_record
TN:
SF:/home/user/code/c/workspace/src/structs/lib/v2/object.c
FN:49,object_create
FN:60,object_destroy
FNDA:180,object_create
FNDA:180,object_destroy
FNF:2
FNH:2
DA:49,180
DA:50,180
DA:51,180
DA:52,180
DA:53,180
DA:55,180
DA:57,180
DA:60,180
DA:61,180
DA:62,180
DA:63,180
DA:65,180
DA:67,180
DA:68,180
LF:14
LH:14
end_of_record
TN:
SF:/home/user/code/c/workspace/src/structs/lib/v2/private.c
FN:64,b_methods_set_counter_b
FN:68,b_methods_get_counter_b
FN:72,b_methods_type
FNDA:180,b_methods_type
FNDA:180,b_methods_get_counter_b
FNDA:180,b_methods_set_counter_b
FNF:3
FNH:3
DA:64,180
DA:65,180
DA:66,180
DA:68,180
DA:69,180
DA:72,180
DA:73,180
LF:7
LH:7
end_of_record
TN:
SF:/home/user/code/c/workspace/src/structs/lib/v3/object.c
FN:48,object_create
FN:62,object_destroy
FNDA:48,object_destroy
FNDA:48,object_create
FNF:2
FNH:2
DA:48,48
DA:49,48
DA:50,48
DA:51,48
DA:52,48
DA:53,48
DA:54,48
DA:55,48
DA:57,48
DA:59,48
DA:62,48
DA:63,48
DA:64,48
DA:65,48
DA:66,48
DA:67,48
DA:68,48
DA:70,48
DA:72,48
DA:73,48
LF:20
LH:20
end_of_record
TN:
SF:/home/user/code/c/workspace/src/structs/lib/v3/private.c
FN:74,B_create
FN:80,B_destroy
FN:86,b_set_counter_b
FN:90,b_get_counter_b
FN:94,b_type
FN:98,b_method
FNDA:96,b_method
FNDA:48,b_set_counter_b
FNDA:48,b_get_counter_b
FNDA:48,B_create
FNDA:48,B_destroy
FNDA:96,b_type
FNF:6
FNH:6
DA:74,48
DA:75,48
DA:76,48
DA:77,48
DA:78,48
DA:80,48
DA:81,48
DA:82,48
DA:83,48
DA:84,48
DA:86,48
DA:87,48
DA:88,48
DA:90,48
DA:91,48
DA:94,96
DA:95,96
DA:98,96
DA:99,96
LF:19
LH:19
end_of_record
TN:
SF:/home/user/code/c/workspace/src/structs/lib/v4/object.c
FN:48,object_create
FN:62,object_destroy
FNDA:60,object_create
FNDA:60,object_destroy
FNF:2
FNH:2
DA:48,60
DA:49,60
DA:50,60
DA:51,60
DA:52,60
DA:53,60
DA:54,60
DA:55,60
DA:57,60
DA:59,60
DA:62,60
DA:63,60
DA:64,60
DA:65,60
DA:66,60
DA:67,60
DA:68,60
DA:70,60
DA:72,60
DA:73,60
LF:20
LH:20
end_of_record
TN:
SF:/home/user/code/c/workspace/src/structs/lib/v4/private.c
FN:80,B_enter
FN:85,B_leave
FN:89,B_create_object
FN:94,B_destroy_object
FN:99,b_get_counter_b
FN:103,b_set_counter_b
FN:107,b_type
FN:111,b_method
FNDA:60,b_set_counter_b
FNDA:120,b_method
FNDA:60,B_destroy_object
FNDA:60,b_get_counter_b
FNDA:60,B_create_object
FNDA:120,B_leave
FNDA:120,B_enter
FNDA:120,b_type
FNF:8
FNH:8
DA:80,120
DA:81,120
DA:82,120
DA:85,120
DA:86,120
DA:87,120
DA:89,60
DA:90,60
DA:91,60
DA:92,60
DA:94,60
DA:95,60
DA:96,60
DA:97,60
DA:99,60
DA:100,60
DA:103,60
DA:104,60
DA:105,60
DA:107,120
DA:108,120
DA:111,120
DA:112,120
LF:23
LH:23
end_of_record
TN:
SF:/home/user/code/c/workspace/src/structs/private/main-private-structs_v1.c
FN:45,main
FNDA:156,main
FNF:1
FNH:1
DA:45,156
DA:96,156
DA:103,156
DA:104,156
DA:106,156
DA:107,156
DA:108,156
DA:110,156
DA:111,156
DA:113,156
DA:119,156
LF:11
LH:11
end_of_record
TN:
SF:/home/user/code/c/workspace/src/structs/private/main-private-structs_v2.c
FN:46,main
FNDA:90,main
FNF:1
FNH:1
DA:46,90
DA:91,90
DA:92,90
DA:97,90
DA:98,90
DA:99,90
DA:101,90
DA:102,90
DA:103,90
DA:105,90
DA:106,90
DA:108,90
DA:109,90
DA:111,90
DA:112,90
DA:119,90
LF:16
LH:16
end_of_record
TN:
SF:/home/user/code/c/workspace/src/structs/private/main-private-structs_v3.c
FN:46,main
FNDA:48,main
FNF:1
FNH:1
DA:46,48
DA:82,48
DA:84,48
DA:85,48
DA:86,48
DA:88,48
DA:89,48
DA:91,48
DA:98,48
LF:9
LH:9
end_of_record
TN:
SF:/home/user/code/c/workspace/src/structs/private/main-private-structs_v4.c
FN:46,main
FNDA:30,main
FNF:1
FNH:1
DA:46,30
DA:82,30
DA:83,30
DA:85,30
DA:86,30
DA:88,30
DA:89,30
DA:90,30
DA:92,30
DA:93,30
DA:95,30
DA:96,30
DA:97,30
DA:99,30
DA:101,30
DA:102,30
DA:103,30
DA:104,30
DA:106,30
DA:108,30
DA:109,30
DA:110,30
DA:111,30
DA:113,30
DA:114,30
DA:121,30
LF:26
LH:26
end_of_record
TN:
SF:/home/user/code/c/workspace/src/structs/v1/main-structs_v1.c
FN:45,main
FNDA:150,main
FNF:1
FNH:1
DA:45,150
DA:61,150
DA:68,150
DA:70,150
DA:71,150
DA:73,150
DA:74,150
DA:76,150
DA:82,150
LF:9
LH:9
end_of_record
TN:
SF:/home/user/code/c/workspace/src/structs/v2/main-structs_v2.c
FN:46,main
FNDA:96,main
FNF:1
FNH:1
DA:46,96
DA:63,96
DA:70,96
DA:72,96
DA:74,96
DA:75,96
DA:77,96
DA:78,96
DA:80,96
DA:86,96
LF:10
LH:10
end_of_record
TN:
SF:/home/user/code/c/workspace/src/structs/v3/A.c
FN:53,set_counter
FNDA:336,set_counter
FNF:1
FNH:1
DA:53,336
DA:54,336
DA:55,336
DA:56,336
LF:4
LH:4
end_of_record
TN:
SF:/home/user/code/c/workspace/src/structs/v3/B.c
FN:66,initialize
FN:74,print
FN:80,finalize
FNDA:168,print
FNDA:168,initialize
FNDA:168,finalize
FNF:3
FNH:3
DA:66,168
DA:67,168
DA:68,168
DA:69,168
DA:70,168
DA:71,168
DA:74,168
DA:75,168
DA:76,168
DA:77,168
DA:78,168
DA:80,168
DA:81,168
DA:82,168
DA:83,168
DA:84,168
DA:85,168
LF:17
LH:17
end_of_record
TN:
SF:/home/user/code/c/workspace/src/structs/v3/main-structs_v3.c
FN:47,main
FNDA:168,main
FNF:1
FNH:1
DA:47,168
DA:53,168
DA:54,168
DA:55,168
DA:61,168
LF:5
LH:5
end_of_record
TN:
SF:/home/user/code/c/workspace/src/vm/v2/vm_v2.c
FN:115,vm_init_internal
FN:124,vm_read_internal
FN:141,vm_alloc_internal
FN:166,to_virtual_address_internal
FN:170,to_real_address_internal
FN:188,vm_init
FN:192,vm_destroy
FN:237,vm_free
FN:254,vm_read
FN:270,vm_write
FNDA:33192,vm_init
FNDA:33192,vm_destroy
FNDA:5186298,vm_read_internal
FNDA:675564,vm_free
FNDA:675564,vm_write
FNDA:538920,vm_init_internal
FNDA:1351128,to_virtual_address_internal
FNDA:5799780,to_real_address_internal
FNDA:675564,vm_alloc_internal
FNDA:4548414,vm_read
FNF:10
FNH:10
DA:115,538920
DA:116,538920
DA:117,538920
DA:118,538920
DA:119,538920
DA:120,538920
DA:121,538920
DA:124,5186298
DA:125,5186298
DA:126,5186298
DA:127,5186298
DA:128,1366713750
DA:129,1361527452
DA:131,5186298
DA:132,5186298
DA:133,62082
DA:135,5124216
DA:138,5124216
DA:141,675564
DA:142,675564
DA:143,675564
DA:145,675564
DA:146,675564
DA:147,1181292
DA:148,505728
DA:149,505728
DA:150,505728
DA:152,505728
DA:154,675564
DA:155,675564
DA:156,675564
DA:159,675564
DA:162,675564
DA:163,675564
DA:166,1351128
DA:167,1351128
DA:170,5799780
DA:171,5799780
DA:188,33192
DA:189,33192
DA:190,33192
DA:192,33192
DA:193,33192
DA:194,538920
DA:195,505728
DA:197,572112
DA:198,538920
DA:199,538920
DA:200,538920
DA:201,538920
DA:203,33192
DA:237,675564
DA:238,675564
DA:239,675564
DA:240,675564
DA:241,675564
DA:242,675564
DA:245,675564
DA:248,675564
DA:251,675564
DA:254,4548414
DA:255,4548414
DA:256,4548414
DA:257,4510734
DA:258,4510734
DA:259,4448652
DA:267,4548414
DA:270,675564
DA:271,675564
DA:272,675564
DA:273,675564
DA:274,675564
DA:275,675564
DA:276,675564
DA:284,675564
LF:75
LH:75
end_of_record
TN:
SF:/home/user/code/c/workspace/tests/main-alloc.c
FN:44,main
FNDA:12,main
FNF:1
FNH:1
DA:44,12
DA:50,12
DA:56,12
LF:3
LH:3
end_of_record
TN:
SF:/home/user/code/c/workspace/tests/main-default.c
FN:47,main
FNDA:102,main
FNF:1
FNH:1
DA:47,102
DA:53,102
DA:54,102
DA:60,102
LF:4
LH:4
end_of_record
TN:
SF:/home/user/code/c/workspace/tests/main-experimental.c
FN:47,main
FNDA:186,main
FNF:1
FNH:1
DA:47,186
DA:53,186
DA:54,186
DA:60,186
LF:4
LH:4
end_of_record
TN:
SF:/home/user/code/c/workspace/tests/main-light.c
FN:56,new_list
FN:67,delete_list
FN:77,using_list1
FN:87,using_list2
FN:97,list_using
FN:193,test_set_up
FN:205,test_tear_down
FN:217,rxp_fixture_update_fn_test_fixture
FN:220,tests_test_empty_list_count_equals_0
FN:220,rxp_test_case_config_blueprint_update_fn_tests_test_empty_list_count_equals_0
FN:228,rxp_test_case_config_blueprint_update_fn_tests_test_standard_list_peek_does_not_changes_stack
FN:228,tests_test_standard_list_peek_does_not_changes_stack
FN:248,tests_test_empty_list_pop_equals_0
FN:248,rxp_test_case_config_blueprint_update_fn_tests_test_empty_list_pop_equals_0
FN:259,rxp_test_case_config_blueprint_update_fn_tests_test_empty_list_peek_equals_0
FN:259,tests_test_empty_list_peek_equals_0
FN:270,rxp_test_case_config_blueprint_update_fn_tests_test_alloc_count_eq_1
FN:270,tests_test_alloc_count_eq_1
FN:283,tests_test_alloc_payload
FN:283,rxp_test_case_config_blueprint_update_fn_tests_test_alloc_payload
FN:298,rxp_test_case_config_blueprint_update_fn_tests_test_alloc_pop_count_0
FN:298,tests_test_alloc_pop_count_0
FN:313,rxp_test_case_config_blueprint_update_fn_tests_test_alloc_pop_payload
FN:313,tests_test_alloc_pop_payload
FN:329,rxp_test_case_config_blueprint_update_fn_tests_test_list_peek_is_zero
FN:329,tests_test_list_peek_is_zero
FN:341,tests_test_list_pop_is_zero
FN:341,rxp_test_case_config_blueprint_update_fn_tests_test_list_pop_is_zero
FN:352,main
FNDA:216,tests_test_empty_list_count_equals_0
FNDA:216,tests_test_list_pop_is_zero
FNDA:216,rxp_test_case_config_blueprint_update_fn_tests_test_standard_list_peek_does_not_changes_stack
FNDA:216,tests_test_alloc_payload
FNDA:216,tests_test_empty_list_pop_equals_0
FNDA:216,rxp_test_case_config_blueprint_update_fn_tests_test_list_peek_is_zero
FNDA:216,tests_test_empty_list_peek_equals_0
FNDA:216,rxp_test_case_config_blueprint_update_fn_tests_test_empty_list_peek_equals_0
FNDA:216,rxp_test_case_config_blueprint_update_fn_tests_test_alloc_pop_count_0
FNDA:216,rxp_test_case_config_blueprint_update_fn_tests_test_alloc_count_eq_1
FNDA:216,tests_test_standard_list_peek_does_not_changes_stack
FNDA:2160,rxp_fixture_update_fn_test_fixture
FNDA:72,main
FNDA:216,rxp_test_case_config_blueprint_update_fn_tests_test_alloc_pop_payload
FNDA:72,using_list2
FNDA:2160,test_set_up
FNDA:72,using_list1
FNDA:216,rxp_test_case_config_blueprint_update_fn_tests_test_alloc_payload
FNDA:144,new_list
FNDA:216,tests_test_list_peek_is_zero
FNDA:144,delete_list
FNDA:216,rxp_test_case_config_blueprint_update_fn_tests_test_empty_list_pop_equals_0
FNDA:216,rxp_test_case_config_blueprint_update_fn_tests_test_list_pop_is_zero
FNDA:216,tests_test_alloc_count_eq_1
FNDA:144,list_using
FNDA:216,rxp_test_case_config_blueprint_update_fn_tests_test_empty_list_count_equals_0
FNDA:216,tests_test_alloc_pop_payload
FNDA:216,tests_test_alloc_pop_count_0
FNDA:2160,test_tear_down
FNF:29
FNH:29
DA:56,144
DA:58,144
DA:59,144
DA:61,144
DA:63,144
DA:67,144
DA:69,144
DA:71,144
DA:73,144
DA:74,144
DA:77,72
DA:79,72
DA:81,72
DA:83,72
DA:84,72
DA:87,72
DA:89,72
DA:91,72
DA:93,72
DA:94,72
DA:97,144
DA:99,144
DA:100,144
DA:101,288
DA:102,144
DA:103,144
DA:105,144
DA:106,144
DA:107,144
DA:109,144
DA:111,144
DA:113,144
DA:115,144
DA:117,144
DA:119,144
DA:121,144
DA:123,144
DA:125,144
DA:128,144
DA:130,144
DA:131,144
DA:132,144
DA:134,144
DA:136,144
DA:137,144
DA:139,144
DA:141,144
DA:142,144
DA:144,144
DA:146,144
DA:147,144
DA:148,144
DA:149,144
DA:150,144
DA:151,144
DA:152,144
DA:153,144
DA:154,144
DA:155,144
DA:157,144
DA:159,144
DA:160,144
DA:162,144
DA:164,144
DA:165,144
DA:166,144
DA:168,144
DA:170,144
DA:171,144
DA:173,144
DA:175,144
DA:176,144
DA:178,144
DA:180,144
DA:181,144
DA:183,144
DA:185,144
DA:193,2160
DA:194,2160
DA:195,2160
DA:197,2160
DA:199,2160
DA:201,2160
DA:202,2160
DA:205,2160
DA:206,2160
DA:207,2160
DA:209,2160
DA:211,2160
DA:213,2160
DA:214,2160
DA:217,2160
DA:220,432
DA:221,216
DA:222,216
DA:224,216
DA:225,216
DA:228,432
DA:229,216
DA:230,216
DA:232,216
DA:234,216
DA:236,216
DA:238,216
DA:240,216
DA:242,216
DA:244,216
DA:245,216
DA:248,432
DA:249,216
DA:251,216
DA:253,216
DA:255,216
DA:256,216
DA:259,432
DA:260,216
DA:262,216
DA:264,216
DA:266,216
DA:267,216
DA:270,432
DA:271,216
DA:272,216
DA:274,216
DA:276,216
DA:278,216
DA:280,216
DA:281,216
DA:283,432
DA:284,216
DA:285,216
DA:287,216
DA:289,216
DA:291,216
DA:293,216
DA:295,216
DA:296,216
DA:298,432
DA:299,216
DA:300,216
DA:302,216
DA:304,216
DA:306,216
DA:308,216
DA:310,216
DA:311,216
DA:313,432
DA:314,216
DA:315,216
DA:317,216
DA:319,216
DA:321,216
DA:323,216
DA:325,216
DA:326,216
DA:329,432
DA:330,216
DA:331,216
DA:333,216
DA:335,216
DA:337,216
DA:338,216
DA:341,432
DA:342,216
DA:343,216
DA:345,216
DA:347,216
DA:349,216
DA:350,216
DA:352,72
DA:359,72
DA:361,72
DA:362,72
DA:364,72
DA:365,72
DA:367,72
DA:370,72
DA:376,72
LF:178
LH:178
end_of_record
TN:
SF:/home/user/code/c/workspace/tests/main-linked-list-static-enumerator.c
FN:64,test_set_up
FN:72,test_tear_down
FN:82,rxp_fixture_update_fn_test_fixture
FN:85,tests_test_list_enumerator_new_0
FN:85,rxp_test_case_config_blueprint_update_fn_tests_test_list_enumerator_new_0
FN:91,rxp_test_case_config_blueprint_update_fn_tests_test_list_new_0
FN:91,tests_test_list_new_0
FN:100,tests_test_list_append_head_0_count
FN:100,rxp_test_case_config_blueprint_update_fn_tests_test_list_append_head_0_count
FN:113,tests_test_list_data
FN:113,rxp_test_case_config_blueprint_update_fn_tests_test_list_data
FN:126,tests_test_list_count
FN:126,rxp_test_case_config_blueprint_update_fn_tests_test_list_count
FN:136,rxp_test_case_config_blueprint_update_fn_tests_test_list_head
FN:136,tests_test_list_head
FN:146,rxp_test_case_config_blueprint_update_fn_tests_test_list_tail
FN:146,tests_test_list_tail
FN:156,rxp_test_case_config_blueprint_update_fn_tests_test_list_0
FN:156,tests_test_list_0
FN:171,rxp_test_case_config_blueprint_update_fn_tests_test_list_0_reverse
FN:171,tests_test_list_0_reverse
FN:188,rxp_test_case_config_blueprint_update_fn_tests_test_list_reverse_until_0
FN:188,tests_test_list_reverse_until_0
FN:195,tests_test_list_reverse_until
FN:195,rxp_test_case_config_blueprint_update_fn_tests_test_list_reverse_until
FN:205,tests_test_list_1
FN:205,rxp_test_case_config_blueprint_update_fn_tests_test_list_1
FN:227,rxp_test_case_config_blueprint_update_fn_tests_test_list_1_reverse
FN:227,tests_test_list_1_reverse
FN:251,rxp_test_case_config_blueprint_update_fn_tests_test_list_12_reverse
FN:251,tests_test_list_12_reverse
FN:273,rxp_test_case_config_blueprint_update_fn_tests_test_list_123_reverse
FN:273,tests_test_list_123_reverse
FN:299,rxp_test_case_config_blueprint_update_fn_tests_test_list_21_reverse
FN:299,tests_test_list_21_reverse
FN:323,rxp_test_case_config_blueprint_update_fn_tests_test_list_321_reverse
FN:323,tests_test_list_321_reverse
FN:347,tests_test_list_10
FN:347,rxp_test_case_config_blueprint_update_fn_tests_test_list_10
FN:369,rxp_test_case_config_blueprint_update_fn_tests_test_list_append_tail_10
FN:369,tests_test_list_append_tail_10
FN:402,rxp_test_case_config_blueprint_update_fn_tests_test_list_append_head_10
FN:402,tests_test_list_append_head_10
FN:435,tests_test_list_10_reverse
FN:435,rxp_test_case_config_blueprint_update_fn_tests_test_list_10_reverse
FN:465,rxp_test_case_config_blueprint_update_fn_tests_test_list_10_reverse_reverse
FN:465,tests_test_list_10_reverse_reverse
FN:496,tests_test_list_enumerator_delete
FN:496,rxp_test_case_config_blueprint_update_fn_tests_test_list_enumerator_delete
FN:503,rxp_test_case_config_blueprint_update_fn_tests_test_list_enumerator_next
FN:503,tests_test_list_enumerator_next
FN:510,tests_test_list_reverse_list_0
FN:510,rxp_test_case_config_blueprint_update_fn_tests_test_list_reverse_list_0
FN:517,tests_test_list_append_head_0
FN:517,rxp_test_case_config_blueprint_update_fn_tests_test_list_append_head_0
FN:524,rxp_test_case_config_blueprint_update_fn_tests_test_list_append_head_ctx_0
FN:524,tests_test_list_append_head_ctx_0
FN:538,rxp_test_case_config_blueprint_update_fn_tests_test_list_append_tail_0
FN:538,tests_test_list_append_tail_0
FN:545,rxp_test_case_config_blueprint_update_fn_tests_test_list_head_ctx_0
FN:545,tests_test_list_head_ctx_0
FN:552,rxp_test_case_config_blueprint_update_fn_tests_test_list_head_ctx
FN:552,tests_test_list_head_ctx
FN:568,rxp_test_case_config_blueprint_update_fn_tests_test_list_tail_ctx_0
FN:568,tests_test_list_tail_ctx_0
FN:575,tests_test_list_next_ctx_0
FN:575,rxp_test_case_config_blueprint_update_fn_tests_test_list_next_ctx_0
FN:582,tests_test_list_count_0
FN:582,rxp_test_case_config_blueprint_update_fn_tests_test_list_count_0
FN:589,tests_test_list_delete_0
FN:589,rxp_test_case_config_blueprint_update_fn_tests_test_list_delete_0
FN:596,tests_test_list_data_0
FN:596,rxp_test_case_config_blueprint_update_fn_tests_test_list_data_0
FN:603,rxp_test_case_config_blueprint_update_fn_tests_test_list_tail_ctx
FN:603,tests_test_list_tail_ctx
FN:619,rxp_test_case_config_blueprint_update_fn_tests_test_list_append_tail_ctx_0
FN:619,tests_test_list_append_tail_ctx_0
FN:633,tests_test_list_1_reverse_until_1
FN:633,rxp_test_case_config_blueprint_update_fn_tests_test_list_1_reverse_until_1
FN:653,rxp_test_case_config_blueprint_update_fn_tests_test_list_12_reverse_until_1
FN:653,tests_test_list_12_reverse_until_1
FN:674,rxp_test_case_config_blueprint_update_fn_tests_test_list_12_reverse_until_2
FN:674,tests_test_list_12_reverse_until_2
FN:695,tests_test_list_1_reverse_until_2
FN:695,rxp_test_case_config_blueprint_update_fn_tests_test_list_1_reverse_until_2
FN:723,rxp_test_case_config_blueprint_update_fn_tests_test_list_123_reverse_until_1
FN:723,tests_test_list_123_reverse_until_1
FN:741,rxp_test_case_config_blueprint_update_fn_tests_test_list_123_reverse_until_2
FN:741,tests_test_list_123_reverse_until_2
FN:765,tests_test_list_123_reverse_until_3
FN:765,rxp_test_case_config_blueprint_update_fn_tests_test_list_123_reverse_until_3
FN:783,rxp_test_case_config_blueprint_update_fn_tests_test_list_1234_reverse_until_4
FN:783,tests_test_list_1234_reverse_until_4
FN:802,tests_test_list_1234_reverse_until_3
FN:802,rxp_test_case_config_blueprint_update_fn_tests_test_list_1234_reverse_until_3
FN:827,rxp_test_case_config_blueprint_update_fn_tests_test_list_set_next_2
FN:827,tests_test_list_set_next_2
FN:844,rxp_test_case_config_blueprint_update_fn_tests_test_list_set_next_0
FN:844,tests_test_list_set_next_0
FN:861,rxp_test_case_config_blueprint_update_fn_tests_test_list_set_next_node
FN:861,tests_test_list_set_next_node
FN:878,rxp_test_case_config_blueprint_update_fn_tests_test_list_set
FN:878,tests_test_list_set
FN:896,tests_test_list_set_0
FN:896,rxp_test_case_config_blueprint_update_fn_tests_test_list_set_0
FN:917,match_function
FN:922,rxp_test_case_config_blueprint_update_fn_tests_test_list_1234_reverse_until_match_3
FN:922,tests_test_list_1234_reverse_until_match_3
FN:949,rxp_test_case_config_blueprint_update_fn_tests_test_list_reverse_until_match_0
FN:949,tests_test_list_reverse_until_match_0
FN:954,tests_test_list_reverse_until_match_function_0
FN:954,rxp_test_case_config_blueprint_update_fn_tests_test_list_reverse_until_match_function_0
FN:962,tests_test_list_reverse_until_match
FN:962,rxp_test_case_config_blueprint_update_fn_tests_test_list_reverse_until_match
FN:982,rxp_test_case_config_blueprint_update_fn_tests_test_list_1234_reverse_until_match_function_1
FN:982,tests_test_list_1234_reverse_until_match_function_1
FN:1004,rxp_test_case_config_blueprint_update_fn_tests_test_list_1234_reverse_until_2
FN:1004,tests_test_list_1234_reverse_until_2
FN:1023,tests_test_list_1234_reverse_until_1
FN:1023,rxp_test_case_config_blueprint_update_fn_tests_test_list_1234_reverse_until_1
FN:1042,tests_test_list_12345_reverse_until_5
FN:1042,rxp_test_case_config_blueprint_update_fn_tests_test_list_12345_reverse_until_5
FN:1062,rxp_test_case_config_blueprint_update_fn_tests_test_list_12345_enumerator_reverse
FN:1062,tests_test_list_12345_enumerator_reverse
FN:1081,tests_test_list_12345_reverse_until_4
FN:1081,rxp_test_case_config_blueprint_update_fn_tests_test_list_12345_reverse_until_4
FN:1101,tests_test_list_12345_reverse_until_3
FN:1101,rxp_test_case_config_blueprint_update_fn_tests_test_list_12345_reverse_until_3
FN:1121,rxp_test_case_config_blueprint_update_fn_tests_test_list_12345_reverse_until_prev_3
FN:1121,tests_test_list_12345_reverse_until_prev_3
FN:1141,rxp_test_case_config_blueprint_update_fn_tests_test_list_enumerator_reverse
FN:1141,tests_test_list_enumerator_reverse
FN:1153,rxp_test_case_config_blueprint_update_fn_tests_test_list_enumerator_reverse_null
FN:1153,tests_test_list_enumerator_reverse_null
FN:1163,rxp_test_case_config_blueprint_update_fn_tests_test_list_enumerator_reverse_0
FN:1163,tests_test_list_enumerator_reverse_0
FN:1177,tests_test_list_0_find_prev_0
FN:1177,rxp_test_case_config_blueprint_update_fn_tests_test_list_0_find_prev_0
FN:1189,tests_test_list_0_find_prev_1
FN:1189,rxp_test_case_config_blueprint_update_fn_tests_test_list_0_find_prev_1
FN:1201,rxp_test_case_config_blueprint_update_fn_tests_test_list_1_find_prev_1
FN:1201,tests_test_list_1_find_prev_1
FN:1215,tests_test_list_12345_reverse_until_2
FN:1215,rxp_test_case_config_blueprint_update_fn_tests_test_list_12345_reverse_until_2
FN:1235,tests_test_list_12345_reverse_until_1
FN:1235,rxp_test_case_config_blueprint_update_fn_tests_test_list_12345_reverse_until_1
FN:1255,tests_test_list_reverse_until_4
FN:1255,rxp_test_case_config_blueprint_update_fn_tests_test_list_reverse_until_4
FN:1275,rxp_test_case_config_blueprint_update_fn_tests_test_list_123_reverse_until_out_4
FN:1275,tests_test_list_123_reverse_until_out_4
FN:1299,tests_test_list_enumerator_find
FN:1299,rxp_test_case_config_blueprint_update_fn_tests_test_list_enumerator_find
FN:1315,tests_test_list_enumerator_find_list
FN:1315,rxp_test_case_config_blueprint_update_fn_tests_test_list_enumerator_find_list
FN:1327,rxp_test_case_config_blueprint_update_fn_tests_test_list_enumerator_find_0
FN:1327,tests_test_list_enumerator_find_0
FN:1340,main
FNDA:192,tests_test_list_tail_ctx_0
FNDA:192,tests_test_list_tail_ctx
FNDA:192,rxp_test_case_config_blueprint_update_fn_tests_test_list_enumerator_next
FNDA:192,tests_test_list_set
FNDA:192,tests_test_list_10_reverse
[...]
FN:131,rxp_test_case_config_blueprint_update_fn_tests_test_hashtable_alloc_5
FN:131,tests_test_hashtable_alloc_5
FN:146,tests_test_hashtable_alloc_4
FN:146,rxp_test_case_config_blueprint_update_fn_tests_test_hashtable_alloc_4
FN:161,tests_test_hashtable_alloc_3
FN:161,rxp_test_case_config_blueprint_update_fn_tests_test_hashtable_alloc_3
FN:176,rxp_test_case_config_blueprint_update_fn_tests_test_hashtable_alloc_2
FN:176,tests_test_hashtable_alloc_2
FN:190,tests_test_hashtable_alloc_alloc
FN:190,rxp_test_case_config_blueprint_update_fn_tests_test_hashtable_alloc_alloc
FN:205,rxp_test_case_config_blueprint_update_fn_tests_test_hashtable_alloc_alloc_alloc
FN:205,tests_test_hashtable_alloc_alloc_alloc
FN:221,tests_test_hashtable_alloc_free_alloc
FN:221,rxp_test_case_config_blueprint_update_fn_tests_test_hashtable_alloc_free_alloc
FN:237,tests_test_hashtable_alloc_alloc_free
FN:237,rxp_test_case_config_blueprint_update_fn_tests_test_hashtable_alloc_alloc_free
FN:253,tests_test_hashtable_alloc_free_alloc_free
FN:253,rxp_test_case_config_blueprint_update_fn_tests_test_hashtable_alloc_free_alloc_free
FN:270,tests_test_hashtable_alloc_alloc_temp_alloc_free_temp_alloc_alloc
FN:270,rxp_test_case_config_blueprint_update_fn_tests_test_hashtable_alloc_alloc_temp_alloc_free_temp_alloc_alloc
FN:289,tests_test_hashtable_alloc_alloc_alloc_temp_alloc_alloc_free_temp
FN:289,rxp_test_case_config_blueprint_update_fn_tests_test_hashtable_alloc_alloc_alloc_temp_alloc_alloc_free_temp
FN:353,rxp_test_case_config_blueprint_update_fn_tests_test_hashtable_alloc_set_get
FN:353,tests_test_hashtable_alloc_set_get
FN:409,rxp_test_case_config_blueprint_update_fn_tests_test_hashtable_alloc_set_get_count
FN:409,tests_test_hashtable_alloc_set_get_count
FN:452,tests_test_hashtable_alloc_set_get_default_count
FN:452,rxp_test_case_config_blueprint_update_fn_tests_test_hashtable_alloc_set_get_default_count
FN:496,tests_test_load_open_file_unsafe_hashtable
FN:496,rxp_test_case_config_blueprint_update_fn_tests_test_load_open_file_unsafe_hashtable
FN:566,rxp_test_case_config_blueprint_update_fn_tests_test_list_push
FN:566,tests_test_list_push
FN:577,tests_test_free
FN:577,rxp_test_case_config_blueprint_update_fn_tests_test_free
FN:584,tests_test_improper_use_of_different_calls
FN:584,rxp_test_case_config_blueprint_update_fn_tests_test_improper_use_of_different_calls
FN:684,tests_test_alloc_free
FN:684,rxp_test_case_config_blueprint_update_fn_tests_test_alloc_free
FN:702,tests_test_load_open_file_unsafe_hashtable_default_hash
FN:702,rxp_test_case_config_blueprint_update_fn_tests_test_load_open_file_unsafe_hashtable_default_hash
FN:762,rxp_test_case_config_blueprint_update_fn_tests_test_load_open_file_unsafe_hashtable_murmurhash3_hash
FN:762,tests_test_load_open_file_unsafe_hashtable_murmurhash3_hash
FN:821,main
FNDA:180,tests_test_hashtable_init_setup_destroy
FNDA:180,rxp_test_case_config_blueprint_update_fn_tests_test_hashtable_alloc_alloc_alloc_temp_alloc_alloc_free_temp
FNDA:180,rxp_test_case_config_blueprint_update_fn_tests_test_free
FNDA:180,rxp_test_case_config_blueprint_update_fn_tests_test_hashtable_alloc_set_get_default_count
FNDA:180,rxp_test_case_config_blueprint_update_fn_tests_test_hashtable_alloc_free
FNDA:180,tests_test_alloc_free
FNDA:180,rxp_test_case_config_blueprint_update_fn_tests_test_hashtable_init_setup_destroy
FNDA:180,rxp_test_case_config_blueprint_update_fn_tests_test_list_push
FNDA:180,tests_test_improper_use_of_different_calls
FNDA:180,rxp_test_case_config_blueprint_update_fn_tests_test_hashtable_alloc_alloc_alloc
FNDA:180,rxp_test_case_config_blueprint_update_fn_tests_test_load_open_file_unsafe_hashtable_murmurhash3_hash
FNDA:4500,rxp_fixture_update_fn_test_fixture
FNDA:180,rxp_test_case_config_blueprint_update_fn_tests_test_load_open_file_unsafe_hashtable_default_hash
FNDA:180,main
FNDA:180,tests_test_hashtable_alloc_alloc_free
FNDA:180,tests_test_hashtable_alloc_free_alloc_free
FNDA:180,rxp_test_case_config_blueprint_update_fn_tests_test_hashtable_alloc_alloc
FNDA:180,tests_test_load_open_file_unsafe_hashtable_murmurhash3_hash
FNDA:180,rxp_test_case_config_blueprint_update_fn_tests_test_improper_use_of_different_calls
FNDA:180,rxp_test_case_config_blueprint_update_fn_tests_test_hashtable_alloc_5
FNDA:180,tests_test_hashtable_alloc_alloc_alloc
FNDA:180,rxp_test_case_config_blueprint_update_fn_tests_test_alloc_free
FNDA:180,tests_test_list_push
FNDA:180,rxp_test_case_config_blueprint_update_fn_tests_test_hashtable_alloc_alloc_free
FNDA:180,rxp_test_case_config_blueprint_update_fn_tests_test_load_open_file_unsafe_hashtable
FNDA:180,rxp_test_case_config_blueprint_update_fn_tests_test_hashtable_alloc_free_alloc
FNDA:180,tests_test_hashtable_alloc_2
FNDA:180,rxp_test_case_config_blueprint_update_fn_tests_test_hashtable_alloc_0_free
FNDA:180,rxp_test_case_config_blueprint_update_fn_tests_test_hashtable_alloc_4
FNDA:180,tests_test_hashtable_alloc_5
FNDA:180,rxp_test_case_config_blueprint_update_fn_tests_test_hashtable_alloc_free_alloc_free
FNDA:180,rxp_test_case_config_blueprint_update_fn_tests_test_hashtable_alloc_alloc_temp_alloc_free_temp_alloc_alloc
FNDA:4500,test_tear_down
FNDA:180,rxp_test_case_config_blueprint_update_fn_tests_test_hashtable_alloc_set_get_count
FNDA:180,tests_test_hashtable_alloc_alloc
FNDA:180,tests_test_hashtable_alloc_0_free
FNDA:180,tests_test_hashtable_alloc_set_get_count
FNDA:180,tests_test_hashtable_alloc_3
FNDA:180,tests_test_hashtable_alloc_alloc_alloc_temp_alloc_alloc_free_temp
FNDA:180,rxp_test_case_config_blueprint_update_fn_tests_test_hashtable_init_destroy
FNDA:180,tests_test_hashtable_alloc_alloc_temp_alloc_free_temp_alloc_alloc
FNDA:180,rxp_test_case_config_blueprint_update_fn_tests_test_hashtable_alloc_2
FNDA:180,tests_test_load_open_file_unsafe_hashtable_default_hash
FNDA:180,tests_test_hashtable_alloc_4
FNDA:180,rxp_test_case_config_blueprint_update_fn_tests_test_hashtable_alloc_set_get
FNDA:180,tests_test_free
FNDA:4500,test_set_up
FNDA:180,tests_test_hashtable_alloc_free
FNDA:180,tests_test_hashtable_alloc_set_get
FNDA:180,tests_test_load_open_file_unsafe_hashtable
FNDA:180,tests_test_hashtable_alloc_set_get_default_count
FNDA:180,rxp_test_case_config_blueprint_update_fn_tests_test_hashtable_alloc_3
FNDA:180,tests_test_hashtable_alloc_free_alloc
FNDA:180,tests_test_hashtable_init_destroy
FNF:54
FNH:54
DA:74,4500
DA:75,4500
DA:76,4500
DA:77,4500
DA:78,4500
DA:81,4500
DA:82,4500
DA:83,4500
DA:84,4500
DA:85,4500
DA:88,4500
DA:91,360
DA:92,180
DA:93,180
DA:94,180
DA:97,360
DA:98,180
DA:99,180
DA:100,180
DA:101,180
DA:104,360
DA:105,180
DA:106,180
DA:107,180
DA:108,180
DA:109,180
DA:110,180
DA:111,180
DA:112,180
DA:113,180
DA:114,180
DA:115,180
DA:116,180
DA:119,360
DA:120,180
DA:121,180
DA:122,180
DA:123,180
DA:124,180
DA:125,180
DA:126,180
DA:127,180
DA:128,180
DA:131,360
DA:132,180
DA:133,180
DA:134,180
DA:135,180
DA:136,180
DA:137,180
DA:138,180
DA:139,180
DA:140,180
DA:141,180
DA:142,180
DA:143,180
DA:146,360
DA:147,180
DA:148,180
DA:149,180
DA:150,180
DA:151,180
DA:152,180
DA:153,180
DA:154,180
DA:155,180
DA:156,180
DA:157,180
DA:158,180
DA:161,360
DA:162,180
DA:163,180
DA:164,180
DA:165,180
DA:166,180
DA:167,180
DA:168,180
DA:169,180
DA:170,180
DA:171,180
DA:172,180
DA:173,180
DA:176,360
DA:177,180
DA:178,180
DA:179,180
DA:180,180
DA:181,180
DA:182,180
DA:183,180
DA:184,180
DA:185,180
DA:186,180
DA:187,180
DA:190,360
DA:191,180
DA:192,180
DA:193,180
DA:194,180
DA:195,180
DA:196,180
DA:197,180
DA:198,180
DA:199,180
DA:200,180
DA:201,180
DA:202,180
DA:205,360
DA:206,180
DA:207,180
DA:208,180
DA:209,180
DA:210,180
DA:211,180
DA:212,180
DA:213,180
DA:214,180
DA:215,180
DA:216,180
DA:217,180
DA:218,180
DA:221,360
DA:222,180
DA:223,180
DA:224,180
DA:225,180
DA:226,180
DA:227,180
DA:228,180
DA:229,180
DA:230,180
DA:231,180
DA:232,180
DA:233,180
DA:234,180
DA:237,360
DA:238,180
DA:239,180
DA:240,180
DA:241,180
DA:242,180
DA:243,180
DA:244,180
DA:245,180
DA:246,180
DA:247,180
DA:248,180
DA:249,180
DA:250,180
DA:253,360
DA:254,180
DA:255,180
DA:256,180
DA:257,180
DA:258,180
DA:259,180
DA:260,180
DA:261,180
DA:262,180
DA:263,180
DA:264,180
DA:265,180
DA:266,180
DA:267,180
DA:270,360
DA:271,180
DA:272,180
DA:273,180
DA:274,180
DA:275,180
DA:276,180
DA:277,180
DA:278,180
DA:279,180
DA:280,180
DA:281,180
DA:282,180
DA:283,180
DA:284,180
DA:285,180
DA:286,180
DA:289,360
DA:290,180
DA:291,180
DA:292,180
DA:293,180
DA:294,180
DA:295,180
DA:296,180
DA:297,180
DA:298,180
DA:299,180
DA:300,180
DA:301,180
DA:302,180
DA:303,180
DA:304,180
DA:305,180
DA:306,360
DA:307,180
DA:308,180
DA:310,180
DA:311,180
DA:312,360
DA:313,180
DA:314,180
DA:316,180
DA:317,180
DA:318,180
DA:319,180
DA:320,180
DA:321,180
DA:322,180
DA:323,180
DA:324,180
DA:325,180
DA:326,180
DA:327,180
DA:328,180
DA:329,180
DA:330,180
DA:331,180
DA:332,180
DA:333,180
DA:334,180
DA:335,180
DA:336,180
DA:337,180
DA:338,180
DA:339,180
DA:340,180
DA:341,180
DA:342,180
DA:343,180
DA:344,180
DA:345,180
DA:346,180
DA:347,180
DA:348,180
DA:349,180
DA:350,180
DA:353,360
DA:354,180
DA:355,180
DA:356,180
DA:357,180
DA:358,180
DA:359,180
DA:360,180
DA:361,180
DA:362,180
DA:363,180
DA:364,180
DA:365,180
DA:366,180
DA:367,180
DA:368,180
DA:369,180
DA:370,180
DA:371,360
DA:372,180
DA:373,180
DA:375,180
DA:376,180
DA:377,180
DA:378,180
DA:379,180
DA:380,180
DA:381,180
DA:382,180
DA:383,180
DA:384,180
DA:385,180
DA:386,180
DA:387,180
DA:388,180
DA:389,180
DA:390,180
DA:391,180
DA:392,180
DA:393,180
DA:394,180
DA:395,180
DA:396,180
DA:397,180
DA:398,180
DA:399,180
DA:400,180
DA:401,180
DA:402,180
DA:403,180
DA:404,180
DA:405,180
DA:406,180
DA:409,360
DA:410,180
DA:411,180
DA:412,180
DA:413,180
DA:414,180
DA:415,180
DA:416,180
DA:417,180
DA:418,180
DA:419,180
DA:420,180
DA:421,180
DA:422,180
DA:423,540
DA:424,180
DA:425,180
DA:426,180
DA:428,180
DA:429,180
DA:430,180
DA:431,180
DA:432,180
DA:433,180
DA:434,180
DA:435,180
DA:436,180
DA:437,180
DA:438,180
DA:439,180
DA:440,180
DA:441,180
DA:442,180
DA:443,180
DA:444,180
DA:445,180
DA:446,180
DA:447,180
DA:448,180
DA:449,180
DA:452,360
DA:453,180
DA:454,180
DA:455,180
DA:456,180
DA:457,180
DA:458,180
DA:459,180
DA:460,180
DA:461,180
DA:462,180
DA:463,180
DA:464,180
DA:465,180
DA:466,180
DA:467,540
DA:468,180
DA:469,180
DA:470,180
DA:472,180
DA:473,180
DA:474,180
DA:475,180
DA:476,180
DA:477,180
DA:478,180
DA:479,180
DA:480,180
DA:481,180
DA:482,180
DA:483,180
DA:484,180
DA:485,180
DA:486,180
DA:487,180
DA:488,180
DA:489,180
DA:490,180
DA:491,180
DA:492,180
DA:493,180
DA:496,360
DA:497,180
DA:498,180
DA:499,180
DA:500,180
DA:502,90
DA:504,180
DA:505,180
DA:506,180
DA:507,180
DA:508,180
DA:509,180
DA:510,180
DA:513,180
DA:514,180
DA:515,83160
DA:516,82980
DA:517,738000
DA:518,655020
DA:520,82980
DA:521,82980
DA:522,82980
DA:523,82980
DA:524,82980
DA:525,82980
DA:526,82980
DA:527,82980
DA:528,82980
DA:529,82980
DA:530,82980
DA:532,41490
DA:533,41490
DA:534,41490
DA:536,82980
DA:538,180
DA:539,180
DA:540,83160
DA:541,82980
DA:542,738000
DA:543,655020
DA:545,82980
DA:546,82980
DA:547,82980
DA:548,82980
DA:549,82980
DA:550,82980
DA:552,180
DA:554,90
DA:558,90
DA:559,90
DA:560,90
DA:562,180
DA:563,180
DA:566,360
DA:567,180
DA:568,180
DA:570,90
DA:572,90
DA:574,180
DA:577,360
DA:578,180
DA:579,180
DA:580,180
DA:581,180
DA:584,360
DA:585,180
DA:586,180
DA:587,180
DA:588,180
DA:589,180
DA:590,180
DA:591,180
DA:592,180
DA:593,180
DA:594,180
DA:595,180
DA:596,180
DA:597,180
DA:598,180
DA:599,180
DA:600,180
DA:601,180
DA:602,180
DA:603,180
DA:604,180
DA:605,180
DA:606,180
DA:607,180
DA:608,180
DA:609,180
DA:610,180
DA:611,180
DA:612,180
DA:613,180
DA:614,180
DA:615,180
DA:616,180
DA:617,180
DA:618,180
DA:619,180
DA:620,180
DA:621,180
DA:622,180
DA:623,180
DA:624,180
DA:625,180
DA:626,180
DA:627,180
DA:628,180
DA:629,180
DA:630,180
DA:631,180
DA:632,180
DA:633,180
DA:634,180
DA:635,180
DA:636,180
DA:637,180
DA:638,180
DA:639,180
DA:640,180
DA:641,180
DA:642,180
DA:643,180
DA:644,180
DA:645,180
DA:646,180
DA:647,180
DA:648,180
DA:649,180
DA:650,180
DA:651,180
DA:652,180
DA:653,180
DA:655,90
DA:656,90
DA:657,90
DA:660,180
DA:661,180
DA:662,180
DA:663,180
DA:664,180
DA:666,90
DA:667,90
DA:668,90
DA:669,90
DA:671,90
DA:673,180
DA:674,180
DA:675,180
DA:676,180
DA:677,180
DA:678,180
DA:679,180
DA:680,180
DA:681,180
DA:684,360
DA:685,180
DA:686,180
DA:687,180
DA:688,180
DA:689,180
DA:690,180
DA:691,180
DA:693,90
DA:694,90
DA:696,90
DA:698,180
DA:699,180
DA:702,360
DA:703,180
DA:704,180
DA:705,180
DA:706,180
DA:707,180
DA:709,90
DA:711,180
DA:712,180
DA:713,180
DA:714,180
DA:715,180
DA:716,180
DA:717,180
DA:720,180
DA:721,180
DA:722,83160
DA:723,82980
DA:724,738000
DA:725,655020
DA:727,82980
DA:728,82980
DA:729,82980
DA:730,82980
DA:731,82980
DA:732,82980
DA:734,180
DA:735,180
DA:736,83160
DA:737,82980
DA:738,738000
DA:739,655020
DA:741,82980
DA:742,82980
DA:743,82980
DA:744,82980
DA:745,82980
DA:746,82980
DA:748,180
DA:750,90
DA:754,90
DA:755,90
DA:756,90
DA:758,180
DA:759,180
DA:762,360
DA:763,180
DA:764,180
DA:765,180
DA:766,180
DA:767,180
DA:769,90
DA:771,180
DA:772,180
DA:773,180
DA:774,180
DA:775,180
DA:776,180
DA:777,180
DA:780,180
DA:781,180
DA:782,83160
DA:783,82980
DA:784,738000
DA:785,655020
DA:787,82980
DA:788,82980
DA:789,82980
DA:790,82980
DA:791,82980
DA:792,82980
DA:794,180
DA:795,180
DA:796,83160
DA:797,82980
DA:798,738000
DA:799,655020
DA:801,82980
DA:802,82980
DA:803,82980
DA:804,82980
DA:805,82980
DA:806,82980
DA:808,180
DA:810,90
DA:814,90
DA:815,90
DA:816,90
DA:818,180
DA:819,180
DA:821,180
DA:827,180
DA:828,180
DA:830,180
DA:832,180
DA:833,180
DA:835,180
DA:838,180
DA:844,180
LF:643
LH:643
end_of_record
TN:
SF:/home/user/code/c/workspace/tests/v2/main-memory_v2.c
FN:44,use
FN:87,main
FNDA:126,main
FNDA:126,use
FNF:2
FNH:2
DA:44,126
DA:46,126
DA:48,126
DA:50,126
DA:51,378
DA:52,252
DA:55,126
DA:57,126
DA:58,504
DA:59,378
DA:62,126
DA:64,126
DA:65,2142
DA:66,2016
DA:69,126
DA:71,126
DA:73,126
DA:74,2142
DA:75,2016
DA:78,126
DA:80,126
DA:82,126
DA:84,126
DA:85,126
DA:87,126
DA:93,126
DA:99,126
LF:27
LH:27
end_of_record
TN:
SF:/home/user/code/c/workspace/tests/v2/main-playground_v2.c
FN:74,test_set_up
FN:80,test_tear_down
FN:85,rxp_fixture_update_fn_test_fixture
FN:88,tests_test_list_push_v1
FN:88,rxp_test_case_config_blueprint_update_fn_tests_test_list_push_v1
FN:108,rxp_test_case_config_blueprint_update_fn_tests_test_context_enter_leave_v2
FN:108,tests_test_context_enter_leave_v2
FN:117,tests_test_class_get_set_data_v2
FN:117,rxp_test_case_config_blueprint_update_fn_tests_test_class_get_set_data_v2
FN:129,tests_test_class_push_pop_get_set_data_v2
FN:129,rxp_test_case_config_blueprint_update_fn_tests_test_class_push_pop_get_set_data_v2
FN:153,main
FNDA:132,rxp_test_case_config_blueprint_update_fn_tests_test_list_push_v1
FNDA:132,rxp_test_case_config_blueprint_update_fn_tests_test_class_push_pop_get_set_data_v2
FNDA:132,tests_test_list_push_v1
FNDA:132,rxp_test_case_config_blueprint_update_fn_tests_test_context_enter_leave_v2
FNDA:132,rxp_test_case_config_blueprint_update_fn_tests_test_class_get_set_data_v2
FNDA:132,main
FNDA:528,test_set_up
FNDA:528,rxp_fixture_update_fn_test_fixture
FNDA:132,tests_test_class_get_set_data_v2
FNDA:132,tests_test_context_enter_leave_v2
FNDA:528,test_tear_down
FNDA:132,tests_test_class_push_pop_get_set_data_v2
FNF:12
FNH:12
DA:74,528
DA:75,528
DA:77,528
DA:80,528
DA:81,528
DA:82,528
DA:85,528
DA:88,264
DA:90,132
DA:92,132
DA:93,132
DA:94,132
DA:95,132
DA:96,132
DA:98,132
DA:99,132
DA:100,132
DA:102,132
DA:103,132
DA:105,132
DA:106,132
DA:108,264
DA:109,132
DA:110,132
DA:111,132
DA:112,132
DA:113,132
DA:114,132
DA:117,264
DA:118,132
DA:119,132
DA:120,132
DA:121,132
DA:122,132
DA:123,132
DA:124,132
DA:125,132
DA:126,132
DA:129,264
DA:130,132
DA:131,132
DA:132,132
DA:134,132
DA:135,132
DA:137,132
DA:138,132
DA:140,132
DA:141,132
DA:143,132
DA:144,132
DA:146,132
DA:147,132
DA:149,132
DA:150,132
DA:151,132
DA:153,132
DA:164,132
DA:170,132
LF:58
LH:58
end_of_record
TN:
SF:/home/user/code/c/workspace/tests/v2/main-pointer_v2.c
FN:73,test_set_up
FN:80,test_tear_down
FN:87,rxp_fixture_update_fn_test_fixture
FN:90,tests_test_list_push_list_peek_list_pop
FN:90,rxp_test_case_config_blueprint_update_fn_tests_test_list_push_list_peek_list_pop
FN:125,rxp_test_case_config_blueprint_update_fn_tests_test_list_push_list_peek_list_pop_free
FN:125,tests_test_list_push_list_peek_list_pop_free
FN:163,tests_test_list_peek_0
FN:163,rxp_test_case_config_blueprint_update_fn_tests_test_list_peek_0
FN:190,main
FNDA:108,rxp_fixture_update_fn_test_fixture
FNDA:36,main
FNDA:108,test_set_up
FNDA:36,tests_test_list_push_list_peek_list_pop
FNDA:36,tests_test_list_peek_0
FNDA:36,rxp_test_case_config_blueprint_update_fn_tests_test_list_peek_0
FNDA:36,tests_test_list_push_list_peek_list_pop_free
FNDA:108,test_tear_down
FNDA:36,rxp_test_case_config_blueprint_update_fn_tests_test_list_push_list_peek_list_pop_free
FNDA:36,rxp_test_case_config_blueprint_update_fn_tests_test_list_push_list_peek_list_pop
FNF:10
FNH:10
DA:73,108
DA:74,108
DA:75,108
DA:76,108
DA:77,108
DA:80,108
DA:81,108
DA:82,108
DA:83,108
DA:84,108
DA:87,108
DA:90,72
DA:91,36
DA:92,36
DA:93,36
DA:94,36
DA:95,36
DA:96,504
DA:97,468
DA:98,468
DA:99,468
DA:100,468
DA:101,468
DA:102,468
DA:103,468
DA:105,36
DA:106,504
DA:107,468
DA:108,468
DA:109,468
DA:110,468
DA:112,234
DA:115,234
DA:118,36
DA:119,36
DA:120,36
DA:121,36
DA:122,36
DA:125,72
DA:126,36
DA:127,36
DA:128,36
DA:129,36
DA:130,36
DA:131,504
DA:132,468
DA:133,468
DA:134,468
DA:135,468
DA:136,468
DA:137,468
DA:138,468
DA:140,36
DA:141,504
DA:142,468
DA:143,468
DA:144,468
DA:145,468
DA:147,234
DA:150,234
DA:154,18
DA:156,36
DA:157,36
DA:158,36
DA:159,36
DA:160,36
DA:163,72
DA:164,36
DA:165,36
DA:166,36
DA:167,36
DA:168,2016
DA:169,1980
DA:170,1980
DA:171,1980
DA:172,1980
DA:173,1980
DA:174,1980
DA:175,1980
DA:177,36
DA:178,2016
DA:179,1980
DA:180,1980
DA:182,990
DA:185,36
DA:186,36
DA:187,36
DA:188,36
DA:190,36
DA:196,36
DA:198,36
DA:200,36
DA:201,36
DA:202,36
DA:204,18
DA:206,36
DA:208,36
DA:211,36
DA:217,36
LF:99
LH:99
end_of_record
TN:
SF:/home/user/code/c/workspace/tests/v2/main-tests_v2.c
FN:58,main
FNDA:60,main
FNF:1
FNH:1
DA:58,60
DA:64,60
DA:70,60
LF:3
LH:3
end_of_record
TN:
SF:/home/user/code/c/workspace/tests/v2/main-vm2.c
FN:63,source1
FN:93,source2
FN:135,main
FNDA:162,source1
FNDA:162,main
FNDA:162,source2
FNF:3
FNH:3
DA:63,162
DA:64,162
DA:65,162
DA:66,162
DA:67,162
DA:69,81
DA:71,162
DA:73,81
DA:75,162
DA:77,81
DA:79,162
DA:80,162
DA:82,81
DA:83,81
DA:85,162
DA:86,162
DA:87,162
DA:89,81
DA:91,162
DA:93,162
DA:94,162
DA:95,162
DA:96,162
DA:98,81
DA:100,162
DA:101,162
DA:102,162
DA:103,162
DA:104,162
DA:105,162
DA:106,162
DA:108,162
DA:109,162
DA:110,162
DA:111,16362
DA:112,16200
DA:113,128142
DA:114,111942
DA:116,16200
DA:117,16200
DA:118,16200
DA:119,16200
DA:120,16200
DA:121,16200
DA:123,162
DA:125,81
DA:129,81
DA:130,81
DA:131,81
DA:133,162
DA:135,162
DA:141,162
DA:142,162
DA:143,162
DA:144,162
DA:145,162
DA:146,162
DA:148,81
DA:150,162
DA:156,162
LF:60
LH:60
end_of_record
TN:
SF:/home/user/code/c/workspace/tests/v3/main-memory_v3.c
FN:44,use
FN:87,main
FNDA:120,use
FNDA:120,main
FNF:2
FNH:2
DA:44,120
DA:46,120
DA:48,120
DA:50,120
DA:51,360
DA:52,240
DA:55,120
DA:57,120
DA:58,480
DA:59,360
DA:62,120
DA:64,120
DA:65,2040
DA:66,1920
DA:69,120
DA:71,120
DA:73,120
DA:75,120
DA:76,2040
DA:77,1920
DA:80,120
DA:82,120
DA:84,120
DA:85,120
DA:87,120
DA:93,120
DA:99,120
LF:27
LH:27
end_of_record
TN:
SF:/home/user/code/c/workspace/tests/v4/main-memory_v4.c
FN:45,use
FN:117,main
FNDA:54,main
FNDA:54,use
FNF:2
FNH:2
DA:45,54
DA:46,54
DA:48,54
DA:50,54
DA:52,54
DA:53,162
DA:55,108
DA:58,54
DA:60,54
DA:62,54
DA:63,216
DA:64,162
DA:67,54
DA:69,54
DA:71,54
DA:72,918
DA:73,864
DA:76,54
DA:78,54
DA:80,54
DA:81,1188
DA:82,1134
DA:85,54
DA:87,54
DA:89,54
DA:90,1242
DA:91,1188
DA:94,54
DA:96,54
DA:98,54
DA:99,1188
DA:100,1134
DA:103,54
DA:105,54
DA:107,54
DA:108,1134
DA:109,1080
DA:112,54
DA:114,54
DA:115,54
DA:117,54
DA:123,54
DA:129,54
LF:43
LH:43
end_of_record
