TN:
SF:/home/user/code/c/src/common/memory_v1.c
FN:51,memory_alloc
FN:66,memory_free
FN:81,memory_realloc
FN:98,memory_set
FN:122,global_statistics
FNDA:71556,memory_free
FNDA:71556,memory_set
FNDA:71598,memory_alloc
FNDA:234,memory_realloc
FNDA:6,global_statistics
FNF:5
FNH:5
DA:51,71598
DA:52,71598
DA:53,71598
DA:54,71598
DA:56,71598
DA:57,71598
DA:63,71598
DA:66,71556
DA:67,71556
DA:69,71556
DA:71,71556
DA:73,71556
DA:79,71556
DA:81,234
DA:82,234
DA:83,234
DA:84,234
DA:89,234
DA:95,234
DA:98,71556
DA:99,71556
DA:100,71556
DA:101,71556
DA:103,71556
DA:104,71556
DA:105,71556
DA:106,71556
DA:107,71556
DA:108,71556
DA:109,71556
DA:110,71556
DA:112,71556
DA:113,5142456
DA:114,5070900
DA:116,71556
DA:117,99510
DA:118,27954
DA:119,71556
DA:122,6
DA:123,6
DA:124,6
LF:41
LH:41
end_of_record
TN:
SF:/home/user/code/c/src/list/list_v1.c
FN:52,_new
FN:58,_delete
FN:64,list_next
FN:70,list_data
FN:76,list_delete
FN:82,list_push
FN:97,list_pop
FN:121,list_peek
FN:139,list_init
FN:153,list_destroy
FN:177,list_print_head
FN:185,list_print
FNDA:4746,list_destroy
FNDA:9921,list_push
FNDA:354,list_peek
FNDA:14595,_delete
FNDA:4728,list_init
FNDA:10359,list_data
FNDA:14595,_new
FNDA:60,list_print_head
FNDA:20592,list_pop
FNDA:120,list_print
FNDA:14595,list_delete
FNDA:25860,list_next
FNF:12
FNH:12
DA:52,14595
DA:54,14595
DA:58,14595
DA:60,14595
DA:61,14595
DA:64,25860
DA:66,25860
DA:70,10359
DA:72,10359
DA:76,14595
DA:78,14595
DA:79,14595
DA:82,9921
DA:83,9921
DA:84,36
DA:87,9885
DA:89,9885
DA:91,9885
DA:93,9885
DA:97,20592
DA:98,20592
DA:99,54
DA:102,20538
DA:104,20538
DA:106,20538
DA:108,10707
DA:111,9831
DA:113,9831
DA:115,9831
DA:117,9831
DA:121,354
DA:122,354
DA:123,108
DA:126,246
DA:128,246
DA:130,246
DA:132,90
DA:135,156
DA:139,4728
DA:140,4728
DA:141,18
DA:143,4710
DA:145,4710
DA:146,4710
DA:148,4710
DA:153,4746
DA:154,4746
DA:155,36
DA:158,4710
DA:162,4764
DA:164,4764
DA:166,4764
DA:168,4764
DA:169,4764
DA:171,4710
DA:177,60
DA:179,60
DA:181,60
DA:182,60
DA:185,120
DA:187,120
DA:189,120
DA:190,120
DA:194,312
DA:196,312
DA:197,312
DA:200,120
LF:67
LH:67
end_of_record
TN:
SF:/home/user/code/c/src/vm/v1/os/os_v1.c
FN:44,os_getenv
FN:57,os_getcwd
FN:65,os_putc
FNDA:2412,os_putc
FNDA:54,os_getcwd
FNDA:54,os_getenv
FNF:3
FNH:3
DA:44,54
DA:45,54
DA:46,18
DA:48,36
DA:49,36
DA:50,18
DA:52,18
DA:53,18
DA:54,18
DA:57,54
DA:58,54
DA:59,54
DA:60,54
DA:61,54
DA:62,54
DA:65,2412
DA:66,2412
DA:67,2412
DA:68,216
DA:70,2196
LF:20
LH:20
end_of_record
TN:
SF:/home/user/code/c/src/vm/v1/pointer/pointer_v1.c
FN:124,vm_types_init
FN:133,vm_init
FN:139,vm_destroy
FN:150,pointer_free_internal
FN:157,pointer_alloc
FN:167,pointer_realloc
FN:174,pointer_register_type
FN:178,pointer_free
FN:189,pointer_release
FN:202,pointer_address
FN:210,pointer_vm
FN:218,pointer_size
FN:226,pointer_read
FN:234,pointer_write
FN:241,pointer_read_type
FN:250,pointer_init
FN:273,pointer_destroy
FN:278,pointer_gc
FNDA:9999,pointer_free_internal
FNDA:20727,pointer_address
FNDA:19467,pointer_vm
FNDA:6,vm_init
FNDA:42,vm_types_init
FNDA:13212,pointer_release
FNDA:234,pointer_realloc
FNDA:12978,pointer_write
FNDA:10854,pointer_size
FNDA:2385,pointer_free
FNDA:48465,pointer_read_type
FNDA:6,vm_destroy
FNDA:5094,pointer_gc
FNDA:34083,pointer_read
FNDA:42,pointer_register_type
FNDA:5094,pointer_init
FNDA:12978,pointer_alloc
FNDA:5094,pointer_destroy
FNF:18
FNH:18
DA:124,42
DA:125,42
DA:126,42
DA:127,42
DA:128,42
DA:129,42
DA:130,42
DA:133,6
DA:135,6
DA:137,6
DA:139,6
DA:140,48
DA:141,42
DA:142,42
DA:143,42
DA:146,6
DA:148,6
DA:150,9999
DA:151,9999
DA:152,9999
DA:153,9999
DA:155,9999
DA:157,12978
DA:158,12978
DA:159,12978
DA:160,12816
DA:161,12816
DA:163,12978
DA:164,12978
DA:167,234
DA:168,234
DA:169,234
DA:170,234
DA:172,234
DA:174,42
DA:175,42
DA:178,2385
DA:179,2385
DA:180,9
DA:182,2376
DA:183,2376
DA:184,126
DA:186,2250
DA:189,13212
DA:190,13212
DA:191,234
DA:193,12978
DA:194,12978
DA:195,12978
DA:196,12816
DA:198,12978
DA:199,12978
DA:202,20727
DA:203,20727
DA:204,20727
DA:205,20727
DA:207,20727
DA:210,19467
DA:211,19467
DA:212,19467
DA:213,19467
DA:215,19467
DA:218,10854
DA:219,10854
DA:220,10854
DA:221,10854
DA:223,10854
DA:226,34083
DA:227,34083
DA:228,34083
DA:229,34083
DA:231,34083
DA:234,12978
DA:235,12978
DA:236,12978
DA:237,12978
DA:239,12978
DA:241,48465
DA:242,48465
DA:243,48465
DA:244,31869
DA:246,48465
DA:250,5094
DA:251,5094
DA:252,5094
DA:262,5094
DA:263,40752
DA:264,35658
DA:265,35658
DA:266,35658
DA:267,35658
DA:269,35658
DA:271,5094
DA:273,5094
DA:274,5094
DA:275,5094
DA:276,5094
DA:278,5094
DA:283,5094
DA:284,5094
DA:285,12843
DA:286,7749
DA:287,7749
DA:289,5094
DA:290,5094
LF:105
LH:105
end_of_record
TN:
SF:/home/user/code/c/src/vm/v1/types/data/data_v1.c
FN:49,data_alloc
FN:55,data_free
FN:63,data_vm_free
FN:67,data_unsafe
FN:76,data_size
FN:89,init
FNDA:162,data_free
FNDA:36,data_size
FNDA:72,data_alloc
FNDA:6,init
FNDA:72,data_vm_free
FNDA:126,data_unsafe
FNF:6
FNH:6
DA:49,72
DA:50,72
DA:51,72
DA:52,72
DA:55,162
DA:56,162
DA:57,162
DA:58,108
DA:60,54
DA:63,72
DA:64,72
DA:65,72
DA:67,126
DA:68,126
DA:69,126
DA:70,90
DA:72,36
DA:73,36
DA:76,36
DA:77,36
DA:78,36
DA:79,18
DA:81,18
DA:82,18
DA:89,6
DA:90,6
DA:91,6
LF:27
LH:27
end_of_record
TN:
SF:/home/user/code/c/src/vm/v1/types/file/file_v1.c
FN:56,file_alloc
FN:87,file_free
FN:95,file_vm_free
FN:104,file_data
FN:125,init
FNDA:72,file_data
FNDA:6,init
FNDA:18,file_vm_free
FNDA:468,file_alloc
FNDA:54,file_free
FNF:5
FNH:5
DA:56,468
DA:57,468
DA:58,90
DA:60,378
DA:61,198
DA:63,180
DA:64,180
DA:65,54
DA:67,126
DA:68,126
DA:69,54
DA:71,72
DA:72,72
DA:73,72
DA:74,72
DA:75,54
DA:77,18
DA:78,18
DA:79,18
DA:81,18
DA:83,18
DA:84,18
DA:87,54
DA:88,54
DA:89,54
DA:90,36
DA:92,18
DA:95,18
DA:96,18
DA:97,18
DA:98,18
DA:99,18
DA:101,18
DA:102,18
DA:104,72
DA:105,72
DA:106,72
DA:107,54
DA:109,18
DA:110,18
DA:111,18
DA:112,18
DA:113,18
DA:114,18
DA:115,18
DA:116,18
DA:117,18
DA:118,18
DA:125,6
DA:126,6
DA:127,6
LF:51
LH:51
end_of_record
TN:
SF:/home/user/code/c/src/vm/v1/types/list/list_v1.c
FN:65,list_alloc_internal
FN:73,list_release_internal
FN:80,list_alloc
FN:86,list_release
FN:96,list_free
FN:104,list_vm_free
FN:112,list_push
FN:131,list_peek
FN:141,list_peekn
FN:168,list_pop
FN:182,list_popn
FN:207,list_size
FN:221,init
FNDA:1746,list_release_internal
FNDA:3402,list_push
FNDA:108,list_peek
FNDA:72,list_peekn
FNDA:126,list_release
FNDA:1602,list_alloc
FNDA:144,list_size
FNDA:684,list_free
FNDA:6,init
FNDA:72,list_popn
FNDA:1638,list_vm_free
FNDA:1638,list_alloc_internal
FNDA:1098,list_pop
FNF:13
FNH:13
DA:65,1638
DA:66,1638
DA:67,1638
DA:68,1638
DA:69,1638
DA:70,1638
DA:73,1746
DA:74,1746
DA:75,4122
DA:76,2376
DA:78,1746
DA:80,1602
DA:81,1602
DA:82,1602
DA:83,1602
DA:86,126
DA:87,126
DA:88,126
DA:89,18
DA:91,108
DA:92,108
DA:93,108
DA:96,684
DA:97,684
DA:98,684
DA:99,72
DA:101,612
DA:104,1638
DA:105,1638
DA:106,1638
DA:107,1638
DA:108,1638
DA:109,1638
DA:110,1638
DA:112,3402
DA:113,3402
DA:114,18
DA:116,3384
DA:117,18
DA:119,3366
DA:120,162
DA:122,3204
DA:123,3204
DA:124,18
DA:126,3186
DA:127,3186
DA:128,3186
DA:131,108
DA:132,108
DA:133,108
DA:134,36
DA:136,72
DA:137,72
DA:138,72
DA:141,72
DA:142,72
DA:143,72
DA:144,18
DA:146,54
DA:147,54
DA:148,54
DA:149,18
DA:151,36
DA:152,18
DA:154,18
DA:155,18
DA:156,18
DA:157,36
DA:158,18
DA:159,18
DA:160,18
DA:161,18
DA:162,18
DA:164,18
DA:165,18
DA:168,1098
DA:169,1098
DA:170,1098
DA:171,36
DA:173,1062
DA:174,1062
DA:175,234
DA:177,828
DA:178,828
DA:179,828
DA:182,72
DA:183,72
DA:184,72
DA:185,18
DA:187,54
DA:188,54
DA:189,54
DA:190,18
DA:192,36
DA:193,18
DA:195,18
DA:196,18
DA:197,18
DA:198,36
DA:199,18
DA:200,18
DA:201,18
DA:203,18
DA:204,18
DA:207,144
DA:208,144
DA:209,144
DA:210,18
DA:212,126
DA:213,126
DA:214,126
DA:221,6
DA:222,6
DA:223,6
LF:114
LH:114
end_of_record
TN:
SF:/home/user/code/c/src/vm/v1/types/object/object_v1.c
FN:50,object_alloc
FN:59,object_free
FN:67,object_vm_free
FN:71,object_unsafe
FN:80,object_load
FN:93,object_size
FN:106,init
FNDA:90,object_alloc
FNDA:126,object_free
FNDA:180,object_size
FNDA:90,object_vm_free
FNDA:108,object_load
FNDA:6,init
FNDA:72,object_unsafe
FNF:7
FNH:7
DA:50,90
DA:51,90
DA:52,72
DA:54,18
DA:55,18
DA:56,18
DA:59,126
DA:60,126
DA:61,126
DA:62,72
DA:64,54
DA:67,90
DA:68,90
DA:69,90
DA:71,72
DA:72,72
DA:73,72
DA:74,54
DA:76,18
DA:77,18
DA:80,108
DA:81,108
DA:82,18
DA:84,90
DA:85,18
DA:87,72
DA:88,72
DA:89,72
DA:90,72
DA:93,180
DA:94,180
DA:95,180
DA:96,108
DA:98,72
DA:99,72
DA:106,6
DA:107,6
DA:108,6
LF:38
LH:38
end_of_record
TN:
SF:/home/user/code/c/src/vm/v1/types/string/string_v1.c
FN:79,string_pointer_internal
FN:109,string_strrchr_internal
FN:128,string_strchr_internal
FN:148,string_free
FN:166,string_vm_free
FN:170,string_copy
FN:188,string_strcpy
FN:215,string_strcat
FN:244,string_strrchr
FN:275,string_strchr
FN:306,string_match
FN:362,string_offset
FN:433,string_load
FN:447,string_put_char
FN:462,string_unsafe
FN:477,string_size
FN:491,string_lessthan
FN:524,string_greaterthan
FN:557,string_equals
FN:590,string_compare
FN:620,string_left
FN:642,string_strncpy
FN:663,string_left_strncpy
FN:684,string_right
FN:706,string_move_left
FN:728,string_move_right
FN:750,string_strcmp
FN:784,init
FNDA:306,string_put_char
FNDA:3780,string_unsafe
FNDA:9630,string_load
FNDA:360,string_lessthan
FNDA:864,string_size
FNDA:9756,string_vm_free
FNDA:234,string_strcmp
FNDA:342,string_left
FNDA:270,string_strchr_internal
FNDA:432,string_match
FNDA:630,string_strcat
FNDA:2160,string_offset
FNDA:234,string_copy
FNDA:234,string_greaterthan
FNDA:414,string_strcpy
FNDA:378,string_strncpy
FNDA:288,string_left_strncpy
FNDA:54,string_strrchr_internal
FNDA:414,string_strchr
FNDA:288,string_move_right
FNDA:234,string_compare
FNDA:234,string_equals
FNDA:288,string_move_left
FNDA:10062,string_pointer_internal
FNDA:6,init
FNDA:288,string_right
FNDA:2520,string_free
FNDA:126,string_strrchr
FNF:28
FNH:28
DA:79,10062
DA:80,10062
DA:81,10062
DA:82,10062
DA:83,954
DA:85,9108
DA:86,6966
DA:88,9108
DA:89,2142
DA:90,3348
DA:91,3168
DA:92,1962
DA:94,1206
DA:95,1206
DA:97,2142
DA:98,2142
DA:99,180
DA:101,1962
DA:103,8928
DA:104,8928
DA:105,8928
DA:106,8928
DA:109,54
DA:110,54
DA:111,54
DA:112,54
DA:113,54
DA:114,684
DA:115,630
DA:116,108
DA:118,630
DA:119,630
DA:121,54
DA:122,18
DA:124,36
DA:125,36
DA:128,270
DA:129,270
DA:130,270
DA:131,270
DA:132,270
DA:133,1026
DA:134,756
DA:135,198
DA:137,756
DA:138,756
DA:140,270
DA:141,72
DA:143,198
DA:144,198
DA:148,2520
DA:149,2520
DA:150,2520
DA:151,495
DA:153,2025
DA:154,1710
DA:155,1710
DA:157,315
DA:158,243
DA:159,243
DA:160,243
DA:161,243
DA:162,243
DA:166,9756
DA:167,9756
DA:168,9756
DA:170,234
DA:171,234
DA:172,234
DA:173,54
DA:175,180
DA:176,180
DA:177,180
DA:178,180
DA:179,18
DA:181,162
DA:182,162
DA:183,162
DA:184,162
DA:185,162
DA:188,414
DA:189,414
DA:190,270
DA:192,360
DA:193,360
DA:194,198
DA:196,162
DA:197,162
DA:198,72
DA:200,90
DA:201,90
DA:202,90
DA:203,90
DA:204,54
DA:206,36
DA:207,36
DA:208,36
DA:209,18
DA:211,36
DA:212,36
DA:215,630
DA:216,630
DA:217,294
DA:219,576
DA:220,576
DA:221,252
DA:223,324
DA:224,324
DA:225,72
DA:227,252
DA:228,252
DA:229,252
DA:230,252
DA:231,36
DA:233,216
DA:234,216
DA:235,216
DA:236,216
DA:237,216
DA:238,216
DA:240,216
DA:241,216
DA:244,126
DA:245,126
DA:246,126
DA:247,36
DA:249,90
DA:250,90
DA:251,90
DA:252,90
DA:253,18
DA:255,72
DA:256,72
DA:257,18
DA:259,54
DA:260,54
DA:261,54
DA:262,54
DA:263,18
DA:265,36
DA:266,36
DA:267,36
DA:268,36
DA:269,36
DA:270,36
DA:271,36
DA:272,36
DA:275,414
DA:276,414
DA:277,414
DA:278,54
DA:280,360
DA:281,360
DA:282,360
DA:283,360
DA:284,72
DA:286,288
DA:287,288
DA:288,18
DA:290,270
DA:291,270
DA:292,270
DA:293,270
DA:294,72
DA:296,198
DA:297,198
DA:298,198
DA:299,198
DA:300,198
DA:301,198
DA:302,198
DA:303,198
DA:306,432
DA:307,432
DA:308,432
DA:309,36
DA:311,396
DA:312,396
DA:313,396
DA:314,396
DA:315,18
DA:317,378
DA:318,378
DA:319,18
DA:321,360
DA:322,360
DA:323,360
DA:324,360
DA:325,360
DA:326,360
DA:327,432
DA:328,990
DA:329,558
DA:330,558
DA:332,432
DA:333,54
DA:335,378
DA:336,90
DA:338,288
DA:339,1026
DA:340,810
DA:341,72
DA:342,72
DA:343,72
DA:345,738
DA:346,738
DA:348,288
DA:351,72
DA:353,216
DA:354,216
DA:355,216
DA:356,216
DA:357,216
DA:358,216
DA:359,216
DA:362,2160
DA:363,2160
DA:364,2160
DA:365,342
DA:367,1818
DA:368,1818
DA:369,1818
DA:370,1818
DA:371,378
DA:373,1440
DA:374,1440
DA:375,216
DA:377,1224
DA:378,1224
DA:379,1224
DA:380,1224
DA:381,1224
DA:382,1224
DA:383,1224
DA:384,10638
DA:385,9414
DA:386,2142
DA:388,9414
DA:390,1224
DA:391,1224
DA:392,1224
DA:393,36
DA:395,1188
DA:396,1188
DA:397,1188
DA:398,1206
DA:399,1296
DA:400,90
DA:401,90
DA:403,1206
DA:404,18
DA:406,1188
DA:407,54
DA:409,1134
DA:410,3546
DA:411,2430
DA:412,18
DA:413,18
DA:414,18
DA:416,2412
DA:417,2412
DA:419,1134
DA:422,18
DA:424,1116
DA:425,1116
DA:426,1116
DA:427,1116
DA:428,1116
DA:429,1116
DA:430,1116
DA:433,9630
DA:434,9630
DA:435,36
DA:437,9594
DA:438,684
DA:440,8910
DA:441,8910
DA:442,8910
DA:443,8910
DA:444,8910
DA:447,306
DA:448,306
DA:449,306
DA:450,210
DA:452,144
DA:453,144
DA:454,144
DA:455,144
DA:456,72
DA:458,72
DA:459,72
DA:462,3780
DA:463,3780
DA:464,3780
DA:465,234
DA:467,3546
DA:468,3546
DA:469,3546
DA:470,3546
DA:471,90
DA:473,3456
DA:474,3456
DA:477,864
DA:478,864
DA:479,864
DA:480,144
DA:482,720
DA:483,720
DA:484,720
DA:485,720
DA:486,18
DA:488,702
DA:491,360
DA:492,360
DA:493,36
DA:495,324
DA:496,324
DA:497,54
DA:499,270
DA:500,270
DA:501,18
DA:503,252
DA:504,252
DA:505,252
DA:506,252
DA:507,18
DA:509,234
DA:510,234
DA:511,234
DA:512,234
DA:513,18
DA:515,216
DA:516,54
DA:518,162
DA:519,18
DA:521,144
DA:524,234
DA:525,234
DA:526,36
DA:528,198
DA:529,198
DA:530,54
DA:532,144
DA:533,144
DA:534,36
DA:536,108
DA:537,108
DA:538,108
DA:539,108
DA:540,18
DA:542,90
DA:543,90
DA:544,90
DA:545,90
DA:546,18
DA:548,72
DA:549,36
DA:551,36
DA:552,18
DA:554,18
DA:557,234
DA:558,234
DA:559,36
DA:561,198
DA:562,198
DA:563,54
DA:565,144
DA:566,144
DA:567,36
DA:569,108
DA:570,108
DA:571,108
DA:572,108
DA:573,18
DA:575,90
DA:576,90
DA:577,90
DA:578,90
DA:579,18
DA:581,72
DA:582,36
DA:584,36
DA:585,18
DA:587,18
DA:590,234
DA:591,234
DA:592,36
DA:594,198
DA:595,198
DA:596,54
DA:598,144
DA:599,144
DA:600,36
DA:602,108
DA:603,108
DA:604,108
DA:605,108
DA:606,18
DA:608,90
DA:609,90
DA:610,90
DA:611,90
DA:612,18
DA:614,72
DA:615,36
DA:617,36
DA:620,342
DA:621,342
DA:622,342
DA:623,72
DA:625,270
DA:626,270
DA:627,270
DA:628,270
DA:629,36
DA:631,234
DA:632,126
DA:634,108
DA:635,108
DA:636,108
DA:637,108
DA:638,108
DA:639,108
DA:642,378
DA:643,378
DA:644,378
DA:645,72
DA:647,306
DA:648,306
DA:649,306
DA:650,306
DA:651,36
DA:653,270
DA:654,126
DA:656,144
DA:657,144
DA:658,144
DA:659,144
DA:660,144
DA:663,288
DA:664,288
DA:665,288
DA:666,72
DA:668,216
DA:669,216
DA:670,216
DA:671,216
DA:672,36
DA:674,180
DA:675,126
DA:677,54
DA:678,54
DA:679,54
DA:680,54
DA:681,54
DA:684,288
DA:685,288
DA:686,288
DA:687,90
DA:689,198
DA:690,198
DA:691,198
DA:692,198
DA:693,36
DA:695,162
DA:696,108
DA:698,54
DA:699,54
DA:700,54
DA:701,54
DA:702,54
DA:703,54
DA:706,288
DA:707,288
DA:708,288
DA:709,72
DA:711,216
DA:712,126
DA:714,90
DA:715,90
DA:716,90
DA:717,90
DA:718,18
DA:720,72
DA:721,18
DA:723,54
DA:724,54
DA:725,54
DA:728,288
DA:729,288
DA:730,288
DA:731,72
DA:733,216
DA:734,216
DA:735,216
DA:736,144
DA:738,72
DA:739,72
DA:740,18
DA:742,54
DA:743,36
DA:745,18
DA:746,18
DA:747,18
DA:750,234
DA:751,234
DA:752,36
DA:754,198
DA:755,198
DA:756,54
DA:758,144
DA:759,144
DA:760,144
DA:761,144
DA:762,18
DA:764,126
DA:765,126
DA:766,36
DA:768,90
DA:769,90
DA:770,90
DA:771,90
DA:772,18
DA:774,72
DA:775,36
DA:777,36
DA:784,6
DA:785,6
DA:786,6
LF:529
LH:529
end_of_record
TN:
SF:/home/user/code/c/src/vm/v1/types/string_pointer/string_pointer_v1.c
FN:48,string_virtual_free
FN:56,init
FN:61,string_free
FN:72,string_vm_free
FNDA:126,string_vm_free
FNDA:6,init
FNDA:1332,string_virtual_free
FNDA:198,string_free
FNF:4
FNH:4
DA:48,1332
DA:49,1332
DA:50,1332
DA:56,6
DA:57,6
DA:58,6
DA:61,198
DA:62,198
DA:63,198
DA:64,18
DA:66,180
DA:67,126
DA:68,126
DA:72,126
DA:73,126
DA:74,126
LF:16
LH:16
end_of_record
TN:
SF:/home/user/code/c/src/vm/v1/types/user/user_v1.c
FN:46,user_alloc
FN:52,user_free
FN:60,user_vm_free
FN:68,init
FNDA:6,init
FNDA:54,user_alloc
FNDA:63,user_free
FNDA:54,user_vm_free
FNF:4
FNH:4
DA:46,54
DA:47,54
DA:48,54
DA:49,54
DA:52,63
DA:53,63
DA:54,63
DA:55,36
DA:57,27
DA:60,54
DA:61,54
DA:62,54
DA:68,6
DA:69,6
DA:70,6
LF:15
LH:15
end_of_record
TN:
SF:/home/user/code/c/src/vm/v1/virtual/virtual_v1.c
FN:111,vm_init_internal
FN:120,vm_read_internal
FN:133,vm_alloc_internal
FN:162,virtual_enumerator_init
FN:166,virtual_enumerator_destroy
FN:170,virtual_enumerator_init_internal
FN:185,vm_init
FN:199,vm_destroy
FN:250,vm_free
FN:272,vm_read_type
FN:296,vm_read
FN:317,vm_alloc
FN:353,virtual_enumerator_next
FN:368,virtual_enumerator_next_internal
FNDA:12978,vm_alloc_internal
FNDA:5400,vm_destroy
FNDA:12312,vm_read_type
FNDA:17712,virtual_enumerator_next_internal
FNDA:5094,virtual_enumerator_init
FNDA:12843,virtual_enumerator_next
FNDA:5094,virtual_enumerator_destroy
FNDA:28899,vm_read
FNDA:5742,vm_init_internal
FNDA:12996,vm_alloc
FNDA:12996,vm_free
FNDA:5364,vm_init
FNDA:10188,virtual_enumerator_init_internal
FNDA:38700,vm_read_internal
FNF:14
FNH:14
DA:111,5742
DA:112,5742
DA:113,5742
DA:114,5742
DA:115,5742
DA:116,5742
DA:117,5742
DA:120,38700
DA:121,38700
DA:122,38700
DA:124,81657
DA:125,38412
DA:126,38412
DA:128,43245
DA:129,43245
DA:130,38700
DA:133,12978
DA:134,12978
DA:135,12978
DA:137,6489
DA:138,6489
DA:139,252
DA:140,252
DA:141,252
DA:143,6489
DA:145,12726
DA:146,378
DA:147,378
DA:148,378
DA:149,378
DA:150,378
DA:152,12726
DA:153,12726
DA:157,12978
DA:158,12978
DA:159,12978
DA:162,5094
DA:163,5094
DA:164,5094
DA:166,5094
DA:167,5094
DA:168,5094
DA:170,10188
DA:171,10188
DA:172,10188
DA:173,10188
DA:174,10188
DA:185,5364
DA:187,2682
DA:188,2682
DA:190,5364
DA:191,5364
DA:192,5364
DA:193,5364
DA:194,5364
DA:195,5364
DA:196,5364
DA:197,5364
DA:199,5400
DA:200,5400
DA:201,36
DA:203,5364
DA:204,5364
DA:205,5364
DA:206,5364
DA:207,5364
DA:209,2682
DA:210,8919
DA:211,6237
DA:213,2682
DA:214,2682
DA:216,2682
DA:219,5364
DA:220,11106
DA:221,5742
DA:222,5742
DA:223,5742
DA:224,5742
DA:226,5364
DA:227,5364
DA:250,12996
DA:251,12996
DA:252,18
DA:254,12978
DA:255,12978
DA:256,12978
DA:258,6489
DA:259,6489
DA:260,6489
DA:261,6489
DA:268,12978
DA:272,12312
DA:273,12312
DA:274,792
DA:276,11520
DA:277,11520
DA:278,11520
DA:279,126
DA:281,11394
DA:282,11394
DA:283,423
DA:285,10971
DA:286,765
DA:293,10206
DA:296,28899
DA:297,28899
DA:298,1719
DA:300,27180
DA:301,27180
DA:302,27180
DA:303,162
DA:305,27018
DA:306,27018
DA:307,1062
DA:314,25956
DA:317,12996
DA:318,12996
DA:319,18
DA:321,12978
DA:322,12978
DA:323,12978
DA:324,12978
DA:325,12978
DA:331,12978
DA:353,12843
DA:354,12843
DA:356,17712
DA:357,12618
DA:358,7749
DA:359,7749
DA:360,7749
DA:361,7749
DA:365,12843
DA:368,17712
DA:369,17712
DA:370,17712
DA:371,30330
DA:372,17712
DA:373,5472
DA:374,5094
DA:376,378
DA:377,378
DA:378,378
DA:380,12618
DA:382,17712
LF:145
LH:145
end_of_record
TN:
SF:/home/user/code/c/tests/vm/v1/main-tests_v1.c
FN:49,main
FNDA:6,main
FNF:1
FNH:1
DA:49,6
DA:51,6
DA:58,6
DA:59,6
DA:60,6
DA:66,6
LF:6
LH:6
end_of_record
TN:
SF:/home/user/code/c/tests/vm/v1/test_list.c
FN:31,new_list
FN:40,delete_list
FN:48,run_list1
FN:58,run_list2
FN:68,tests
FN:162,test_set_up
FN:172,test_tear_down
FN:182,rxp_fixture_update_fn_test_fixture
FN:185,rxp_test_case_config_blueprint_update_fn_list_micro_tests_test_empty_list_count_equals_0
FN:185,list_micro_tests_test_empty_list_count_equals_0
FN:193,rxp_test_case_config_blueprint_update_fn_list_micro_tests_test_pop_0
FN:193,list_micro_tests_test_pop_0
FN:205,list_micro_tests_test_pop_null_ptr
FN:205,rxp_test_case_config_blueprint_update_fn_list_micro_tests_test_pop_null_ptr
FN:219,list_micro_tests_test_peek_0
FN:219,rxp_test_case_config_blueprint_update_fn_list_micro_tests_test_peek_0
FN:231,list_micro_tests_test_peek_null_ptr
FN:231,rxp_test_case_config_blueprint_update_fn_list_micro_tests_test_peek_null_ptr
FN:245,rxp_test_case_config_blueprint_update_fn_list_micro_tests_test_push_0
FN:245,list_micro_tests_test_push_0
FN:259,rxp_test_case_config_blueprint_update_fn_list_micro_tests_test_push_null_ptr
FN:259,list_micro_tests_test_push_null_ptr
FN:276,rxp_test_case_config_blueprint_update_fn_list_micro_tests_test_init_0
FN:276,list_micro_tests_test_init_0
FN:286,list_micro_tests_test_init_null_ptr
FN:286,rxp_test_case_config_blueprint_update_fn_list_micro_tests_test_init_null_ptr
FN:302,list_micro_tests_test_destroy_0
FN:302,rxp_test_case_config_blueprint_update_fn_list_micro_tests_test_destroy_0
FN:312,list_micro_tests_test_destroy_null_ptr
FN:312,rxp_test_case_config_blueprint_update_fn_list_micro_tests_test_destroy_null_ptr
FN:327,rxp_test_case_config_blueprint_update_fn_list_micro_tests_test_standard_list_peek_does_not_changes_stack
FN:327,list_micro_tests_test_standard_list_peek_does_not_changes_stack
FN:345,list_micro_tests_test_empty_list_pop_equals_0
FN:345,rxp_test_case_config_blueprint_update_fn_list_micro_tests_test_empty_list_pop_equals_0
FN:354,rxp_test_case_config_blueprint_update_fn_list_micro_tests_test_empty_list_peek_equals_0
FN:354,list_micro_tests_test_empty_list_peek_equals_0
FN:363,rxp_test_case_config_blueprint_update_fn_list_micro_tests_test_alloc_count_eq_1
FN:363,list_micro_tests_test_alloc_count_eq_1
FN:374,list_micro_tests_test_alloc_payload
FN:374,rxp_test_case_config_blueprint_update_fn_list_micro_tests_test_alloc_payload
FN:387,rxp_test_case_config_blueprint_update_fn_list_micro_tests_test_alloc_pop_count_0
FN:387,list_micro_tests_test_alloc_pop_count_0
FN:400,list_micro_tests_test_alloc_pop_payload
FN:400,rxp_test_case_config_blueprint_update_fn_list_micro_tests_test_alloc_pop_payload
FN:414,list_micro_tests_test_list_peek_is_zero
FN:414,rxp_test_case_config_blueprint_update_fn_list_micro_tests_test_list_peek_is_zero
FN:424,list_micro_tests_test_list_pop_is_zero
FN:424,rxp_test_case_config_blueprint_update_fn_list_micro_tests_test_list_pop_is_zero
FN:433,run
FNDA:18,list_micro_tests_test_empty_list_count_equals_0
FNDA:18,rxp_test_case_config_blueprint_update_fn_list_micro_tests_test_pop_null_ptr
FNDA:18,list_micro_tests_test_pop_0
FNDA:18,rxp_test_case_config_blueprint_update_fn_list_micro_tests_test_standard_list_peek_does_not_changes_stack
FNDA:18,list_micro_tests_test_alloc_payload
FNDA:6,run_list1
FNDA:18,list_micro_tests_test_push_null_ptr
FNDA:18,list_micro_tests_test_init_0
FNDA:18,rxp_test_case_config_blueprint_update_fn_list_micro_tests_test_peek_null_ptr
FNDA:12,new_list
FNDA:360,rxp_fixture_update_fn_test_fixture
FNDA:18,rxp_test_case_config_blueprint_update_fn_list_micro_tests_test_alloc_count_eq_1
FNDA:18,rxp_test_case_config_blueprint_update_fn_list_micro_tests_test_push_null_ptr
FNDA:360,test_set_up
FNDA:12,delete_list
FNDA:18,list_micro_tests_test_alloc_pop_payload
FNDA:18,rxp_test_case_config_blueprint_update_fn_list_micro_tests_test_init_0
FNDA:18,rxp_test_case_config_blueprint_update_fn_list_micro_tests_test_destroy_0
FNDA:18,rxp_test_case_config_blueprint_update_fn_list_micro_tests_test_empty_list_count_equals_0
FNDA:18,list_micro_tests_test_init_null_ptr
FNDA:18,list_micro_tests_test_peek_null_ptr
FNDA:18,rxp_test_case_config_blueprint_update_fn_list_micro_tests_test_push_0
FNDA:18,rxp_test_case_config_blueprint_update_fn_list_micro_tests_test_pop_0
FNDA:18,rxp_test_case_config_blueprint_update_fn_list_micro_tests_test_alloc_pop_count_0
FNDA:18,list_micro_tests_test_pop_null_ptr
FNDA:18,list_micro_tests_test_destroy_0
FNDA:18,list_micro_tests_test_empty_list_pop_equals_0
FNDA:12,tests
FNDA:18,rxp_test_case_config_blueprint_update_fn_list_micro_tests_test_list_peek_is_zero
FNDA:6,run_list2
FNDA:18,list_micro_tests_test_standard_list_peek_does_not_changes_stack
FNDA:18,rxp_test_case_config_blueprint_update_fn_list_micro_tests_test_init_null_ptr
FNDA:18,rxp_test_case_config_blueprint_update_fn_list_micro_tests_test_list_pop_is_zero
FNDA:18,rxp_test_case_config_blueprint_update_fn_list_micro_tests_test_empty_list_pop_equals_0
FNDA:6,run
FNDA:18,list_micro_tests_test_list_pop_is_zero
FNDA:18,list_micro_tests_test_alloc_count_eq_1
FNDA:18,list_micro_tests_test_alloc_pop_count_0
FNDA:18,rxp_test_case_config_blueprint_update_fn_list_micro_tests_test_destroy_null_ptr
FNDA:18,rxp_test_case_config_blueprint_update_fn_list_micro_tests_test_alloc_payload
FNDA:18,list_micro_tests_test_list_peek_is_zero
FNDA:360,test_tear_down
FNDA:18,list_micro_tests_test_peek_0
FNDA:18,rxp_test_case_config_blueprint_update_fn_list_micro_tests_test_peek_0
FNDA:18,rxp_test_case_config_blueprint_update_fn_list_micro_tests_test_alloc_pop_payload
FNDA:18,list_micro_tests_test_push_0
FNDA:18,list_micro_tests_test_empty_list_peek_equals_0
FNDA:18,rxp_test_case_config_blueprint_update_fn_list_micro_tests_test_empty_list_peek_equals_0
FNDA:18,list_micro_tests_test_destroy_null_ptr
FNF:49
FNH:49
DA:31,12
DA:32,12
DA:34,12
DA:36,12
DA:40,12
DA:42,12
DA:44,12
DA:45,12
DA:48,6
DA:50,6
DA:52,6
DA:54,6
DA:55,6
DA:58,6
DA:60,6
DA:62,6
DA:64,6
DA:65,6
DA:68,12
DA:69,12
DA:70,24
DA:71,12
DA:72,12
DA:74,12
DA:75,12
DA:76,12
DA:78,12
DA:80,12
DA:82,12
DA:84,12
DA:86,12
DA:88,12
DA:90,12
DA:92,12
DA:94,12
DA:97,12
DA:99,12
DA:100,12
DA:101,12
DA:103,12
DA:105,12
DA:106,12
DA:108,12
DA:110,12
DA:111,12
DA:113,12
DA:115,12
DA:116,12
DA:117,12
DA:118,12
DA:119,12
DA:120,12
DA:121,12
DA:122,12
DA:123,12
DA:124,12
DA:126,12
DA:128,12
DA:129,12
DA:131,12
DA:133,12
DA:134,12
DA:135,12
DA:137,12
DA:139,12
DA:140,12
DA:142,12
DA:144,12
DA:145,12
DA:147,12
DA:149,12
DA:150,12
DA:152,12
DA:154,12
DA:162,360
DA:163,360
DA:164,360
DA:166,360
DA:168,360
DA:169,360
DA:172,360
DA:173,360
DA:174,360
DA:176,360
DA:178,360
DA:179,360
DA:182,360
DA:185,36
DA:186,18
DA:187,18
DA:189,18
DA:190,18
DA:193,36
DA:194,18
DA:195,18
DA:197,18
DA:199,18
DA:201,18
DA:202,18
DA:205,36
DA:206,18
DA:207,18
DA:209,18
DA:210,18
DA:211,18
DA:213,18
DA:215,18
DA:216,18
DA:219,36
DA:220,18
DA:221,18
DA:223,18
DA:225,18
DA:227,18
DA:228,18
DA:231,36
DA:232,18
DA:233,18
DA:235,18
DA:236,18
DA:237,18
DA:239,18
DA:241,18
DA:242,18
DA:245,36
DA:246,18
DA:247,18
DA:249,18
DA:250,18
DA:252,18
DA:253,18
DA:255,18
DA:256,18
DA:259,36
DA:260,18
DA:261,18
DA:263,18
DA:264,18
DA:265,18
DA:266,18
DA:268,18
DA:270,18
DA:272,18
DA:273,18
DA:276,36
DA:277,18
DA:278,18
DA:280,18
DA:282,18
DA:283,18
DA:286,36
DA:287,18
DA:288,18
DA:290,18
DA:291,18
DA:292,18
DA:293,18
DA:294,18
DA:296,18
DA:298,18
DA:299,18
DA:302,36
DA:303,18
DA:304,18
DA:306,18
DA:308,18
DA:309,18
DA:312,36
DA:313,18
DA:314,18
DA:316,18
DA:317,18
DA:318,18
DA:319,18
DA:321,18
DA:323,18
DA:324,18
DA:327,36
DA:328,18
DA:329,18
DA:331,18
DA:333,18
DA:335,18
DA:337,18
DA:339,18
DA:341,18
DA:342,18
DA:345,36
DA:346,18
DA:348,18
DA:350,18
DA:351,18
DA:354,36
DA:355,18
DA:357,18
DA:359,18
DA:360,18
DA:363,36
DA:364,18
DA:365,18
DA:367,18
DA:369,18
DA:371,18
DA:372,18
DA:374,36
DA:375,18
DA:376,18
DA:378,18
DA:380,18
DA:382,18
DA:384,18
DA:385,18
DA:387,36
DA:388,18
DA:389,18
DA:391,18
DA:393,18
DA:395,18
DA:397,18
DA:398,18
DA:400,36
DA:401,18
DA:402,18
DA:404,18
DA:406,18
DA:408,18
DA:410,18
DA:411,18
DA:414,36
DA:415,18
DA:416,18
DA:418,18
DA:420,18
DA:421,18
DA:424,36
DA:425,18
DA:426,18
DA:428,18
DA:430,18
DA:431,18
DA:433,6
DA:435,6
DA:437,6
DA:438,6
DA:440,6
DA:443,6
DA:444,6
LF:247
LH:247
end_of_record
TN:
SF:/home/user/code/c/tests/vm/v1/test_pointer.c
FN:42,test_set_up
FN:46,test_tear_down
FN:51,rxp_fixture_update_fn_test_fixture
FN:54,rxp_test_case_config_blueprint_update_fn_tests_v1_test_print_0
FN:54,tests_v1_test_print_0
FN:59,tests_v1_test_load_0
FN:59,rxp_test_case_config_blueprint_update_fn_tests_v1_test_load_0
FN:65,tests_v1_test_load_null_ptr
FN:65,rxp_test_case_config_blueprint_update_fn_tests_v1_test_load_null_ptr
FN:73,tests_v1_test_load_null
FN:73,rxp_test_case_config_blueprint_update_fn_tests_v1_test_load_null
FN:79,rxp_test_case_config_blueprint_update_fn_tests_v1_test_load_empty
FN:79,tests_v1_test_load_empty
FN:91,rxp_test_case_config_blueprint_update_fn_tests_v1_test_print_load_empty
FN:91,tests_v1_test_print_load_empty
FN:104,rxp_test_case_config_blueprint_update_fn_tests_v1_test_load_copy
FN:104,tests_v1_test_load_copy
FN:122,rxp_test_case_config_blueprint_update_fn_tests_v1_test_load_push_peek_pop
FN:122,tests_v1_test_load_push_peek_pop
FN:133,rxp_test_case_config_blueprint_update_fn_tests_v1_test_load_free_free
FN:133,tests_v1_test_load_free_free
FN:146,rxp_test_case_config_blueprint_update_fn_tests_v1_test_strcat_load_alloc
FN:146,tests_v1_test_strcat_load_alloc
FN:162,rxp_test_case_config_blueprint_update_fn_tests_v1_test_string_size
FN:162,tests_v1_test_string_size
FN:179,rxp_test_case_config_blueprint_update_fn_tests_v1_test_data_size
FN:179,tests_v1_test_data_size
FN:192,tests_v1_test_pointer_size_0
FN:192,rxp_test_case_config_blueprint_update_fn_tests_v1_test_pointer_size_0
FN:209,rxp_test_case_config_blueprint_update_fn_tests_v1_test_pointer_size_empty
FN:209,tests_v1_test_pointer_size_empty
FN:226,tests_v1_test_pointer_size_object
FN:226,rxp_test_case_config_blueprint_update_fn_tests_v1_test_pointer_size_object
FN:244,tests_v1_test_object_0
FN:244,rxp_test_case_config_blueprint_update_fn_tests_v1_test_object_0
FN:262,tests_v1_test_object_alloc_0
FN:262,rxp_test_case_config_blueprint_update_fn_tests_v1_test_object_alloc_0
FN:280,tests_v1_test_object_load_free
FN:280,rxp_test_case_config_blueprint_update_fn_tests_v1_test_object_load_free
FN:294,tests_v1_test_object_free_0
FN:294,rxp_test_case_config_blueprint_update_fn_tests_v1_test_object_free_0
FN:306,rxp_test_case_config_blueprint_update_fn_tests_v1_test_object_load_0
FN:306,tests_v1_test_object_load_0
FN:324,rxp_test_case_config_blueprint_update_fn_tests_v1_test_object_load_string_0
FN:324,tests_v1_test_object_load_string_0
FN:344,tests_v1_test_object_load_string
FN:344,rxp_test_case_config_blueprint_update_fn_tests_v1_test_object_load_string
FN:364,rxp_test_case_config_blueprint_update_fn_tests_v1_test_object_load_string_unsafe_alloc_0
FN:364,tests_v1_test_object_load_string_unsafe_alloc_0
FN:384,tests_v1_test_object_load_string_unsafe_string
FN:384,rxp_test_case_config_blueprint_update_fn_tests_v1_test_object_load_string_unsafe_string
FN:404,rxp_test_case_config_blueprint_update_fn_tests_v1_test_object_load_string_unsafe_0
FN:404,tests_v1_test_object_load_string_unsafe_0
FN:426,rxp_test_case_config_blueprint_update_fn_tests_v1_test_object_load_string_unsafe
FN:426,tests_v1_test_object_load_string_unsafe
FN:448,rxp_test_case_config_blueprint_update_fn_tests_v1_test_strcat_alloc_alloc
FN:448,tests_v1_test_strcat_alloc_alloc
FN:464,tests_v1_test_string_offset_ptr_diff
FN:464,rxp_test_case_config_blueprint_update_fn_tests_v1_test_string_offset_ptr_diff
FN:480,rxp_test_case_config_blueprint_update_fn_tests_v1_test_string_offset_ptr_less
FN:480,tests_v1_test_string_offset_ptr_less
FN:496,tests_v1_test_string_offset_ptr_offset
FN:496,rxp_test_case_config_blueprint_update_fn_tests_v1_test_string_offset_ptr_offset
FN:512,tests_v1_test_string_offset_ptr_offset_found
FN:512,rxp_test_case_config_blueprint_update_fn_tests_v1_test_string_offset_ptr_offset_found
FN:528,tests_v1_test_string_pointer_free_list
FN:528,rxp_test_case_config_blueprint_update_fn_tests_v1_test_string_pointer_free_list
FN:551,tests_v1_test_string_pointer_free
FN:551,rxp_test_case_config_blueprint_update_fn_tests_v1_test_string_pointer_free
FN:568,rxp_test_case_config_blueprint_update_fn_tests_v1_test_string_offset_list
FN:568,tests_v1_test_string_offset_list
FN:583,tests_v1_test_string_pointer_match
FN:583,rxp_test_case_config_blueprint_update_fn_tests_v1_test_string_pointer_match
FN:604,tests_v1_test_string_pointer_match_miss
FN:604,rxp_test_case_config_blueprint_update_fn_tests_v1_test_string_pointer_match_miss
FN:622,rxp_test_case_config_blueprint_update_fn_tests_v1_test_string_pointer_match_pattern
FN:622,tests_v1_test_string_pointer_match_pattern
FN:640,rxp_test_case_config_blueprint_update_fn_tests_v1_test_string_pointer_match_pattern_0
FN:640,tests_v1_test_string_pointer_match_pattern_0
FN:658,rxp_test_case_config_blueprint_update_fn_tests_v1_test_string_pointer_match_pattern_none
FN:658,tests_v1_test_string_pointer_match_pattern_none
FN:676,rxp_test_case_config_blueprint_update_fn_tests_v1_test_list_release_string
FN:676,tests_v1_test_list_release_string
FN:685,rxp_test_case_config_blueprint_update_fn_tests_v1_test_string_pointer_match_pattern_load_0
FN:685,tests_v1_test_string_pointer_match_pattern_load_0
FN:696,rxp_test_case_config_blueprint_update_fn_tests_v1_test_string_pointer_offset_pattern_load_0
FN:696,tests_v1_test_string_pointer_offset_pattern_load_0
FN:707,tests_v1_test_string_pointer_match_0
FN:707,rxp_test_case_config_blueprint_update_fn_tests_v1_test_string_pointer_match_0
FN:720,rxp_test_case_config_blueprint_update_fn_tests_v1_test_string_pointer_match_0_0
FN:720,tests_v1_test_string_pointer_match_0_0
FN:737,tests_v1_test_string_pointer_match_0_string
FN:737,rxp_test_case_config_blueprint_update_fn_tests_v1_test_string_pointer_match_0_string
FN:750,rxp_test_case_config_blueprint_update_fn_tests_v1_test_string_match_list
FN:750,tests_v1_test_string_match_list
FN:765,rxp_test_case_config_blueprint_update_fn_tests_v1_test_string_pointer_strchr
FN:765,tests_v1_test_string_pointer_strchr
FN:786,rxp_test_case_config_blueprint_update_fn_tests_v1_test_string_pointer_strchr_miss
FN:786,tests_v1_test_string_pointer_strchr_miss
FN:804,rxp_test_case_config_blueprint_update_fn_tests_v1_test_string_pointer_strchr_0
FN:804,tests_v1_test_string_pointer_strchr_0
FN:817,tests_v1_test_string_pointer_strchr_0_0
FN:817,rxp_test_case_config_blueprint_update_fn_tests_v1_test_string_pointer_strchr_0_0
FN:834,rxp_test_case_config_blueprint_update_fn_tests_v1_test_string_pointer_strchr_0_string
FN:834,tests_v1_test_string_pointer_strchr_0_string
FN:847,rxp_test_case_config_blueprint_update_fn_tests_v1_test_string_strchr_list
FN:847,tests_v1_test_string_strchr_list
FN:862,rxp_test_case_config_blueprint_update_fn_tests_v1_test_string_pointer_strrchr
FN:862,tests_v1_test_string_pointer_strrchr
FN:881,tests_v1_test_string_pointer_strrchr_match_offset
FN:881,rxp_test_case_config_blueprint_update_fn_tests_v1_test_string_pointer_strrchr_match_offset
FN:903,rxp_test_case_config_blueprint_update_fn_tests_v1_test_list_peekn_0_0
FN:903,tests_v1_test_list_peekn_0_0
FN:913,rxp_test_case_config_blueprint_update_fn_tests_v1_test_list_peekn_0
FN:913,tests_v1_test_list_peekn_0
FN:923,tests_v1_test_list_peekn_1
FN:923,rxp_test_case_config_blueprint_update_fn_tests_v1_test_list_peekn_1
FN:939,tests_v1_test_list_peekn_2
FN:939,rxp_test_case_config_blueprint_update_fn_tests_v1_test_list_peekn_2
FN:951,tests_v1_test_list_popn_0_0
FN:951,rxp_test_case_config_blueprint_update_fn_tests_v1_test_list_popn_0_0
FN:961,rxp_test_case_config_blueprint_update_fn_tests_v1_test_list_popn_0
FN:961,tests_v1_test_list_popn_0
FN:971,tests_v1_test_list_popn_1
FN:971,rxp_test_case_config_blueprint_update_fn_tests_v1_test_list_popn_1
FN:987,rxp_test_case_config_blueprint_update_fn_tests_v1_test_list_popn_2
FN:987,tests_v1_test_list_popn_2
FN:999,rxp_test_case_config_blueprint_update_fn_tests_v1_test_string_pointer_strchr_match_offset
FN:999,tests_v1_test_string_pointer_strchr_match_offset
FN:1052,tests_v1_test_string_pointer_strrchr_miss
FN:1052,rxp_test_case_config_blueprint_update_fn_tests_v1_test_string_pointer_strrchr_miss
FN:1070,tests_v1_test_string_pointer_strrchr_0
FN:1070,rxp_test_case_config_blueprint_update_fn_tests_v1_test_string_pointer_strrchr_0
FN:1083,tests_v1_test_string_pointer_strrchr_0_0
FN:1083,rxp_test_case_config_blueprint_update_fn_tests_v1_test_string_pointer_strrchr_0_0
FN:1100,tests_v1_test_string_pointer_strrchr_0_string
FN:1100,rxp_test_case_config_blueprint_update_fn_tests_v1_test_string_pointer_strrchr_0_string
FN:1113,tests_v1_test_string_strrchr_list
FN:1113,rxp_test_case_config_blueprint_update_fn_tests_v1_test_string_strrchr_list
FN:1128,rxp_test_case_config_blueprint_update_fn_tests_v1_test_list_push_0_1
FN:1128,tests_v1_test_list_push_0_1
FN:1136,tests_v1_test_list_push_1_0
FN:1136,rxp_test_case_config_blueprint_update_fn_tests_v1_test_list_push_1_0
FN:1144,tests_v1_test_list_push_0
FN:1144,rxp_test_case_config_blueprint_update_fn_tests_v1_test_list_push_0
FN:1156,tests_v1_test_list_push_list
FN:1156,rxp_test_case_config_blueprint_update_fn_tests_v1_test_list_push_list
FN:1168,rxp_test_case_config_blueprint_update_fn_tests_v1_test_list_push_string
FN:1168,tests_v1_test_list_push_string
FN:1182,rxp_test_case_config_blueprint_update_fn_tests_v1_test_list_size_string
FN:1182,tests_v1_test_list_size_string
FN:1202,tests_v1_test_list_push_size
FN:1202,rxp_test_case_config_blueprint_update_fn_tests_v1_test_list_push_size
FN:1218,rxp_test_case_config_blueprint_update_fn_tests_v1_test_list_pop_0_1
FN:1218,tests_v1_test_list_pop_0_1
FN:1227,rxp_test_case_config_blueprint_update_fn_tests_v1_test_list_pop_1_0
FN:1227,tests_v1_test_list_pop_1_0
FN:1236,tests_v1_test_list_pop_list
FN:1236,rxp_test_case_config_blueprint_update_fn_tests_v1_test_list_pop_list
FN:1249,rxp_test_case_config_blueprint_update_fn_tests_v1_test_list_pop_string
FN:1249,tests_v1_test_list_pop_string
FN:1265,rxp_test_case_config_blueprint_update_fn_tests_v1_test_list_peek_0_1
FN:1265,tests_v1_test_list_peek_0_1
FN:1274,tests_v1_test_list_peek_1_0
FN:1274,rxp_test_case_config_blueprint_update_fn_tests_v1_test_list_peek_1_0
FN:1283,rxp_test_case_config_blueprint_update_fn_tests_v1_test_list_peek_list
FN:1283,tests_v1_test_list_peek_list
FN:1296,rxp_test_case_config_blueprint_update_fn_tests_v1_test_list_peek_string
FN:1296,tests_v1_test_list_peek_string
FN:1312,tests_v1_test_strcpy
FN:1312,rxp_test_case_config_blueprint_update_fn_tests_v1_test_strcpy
FN:1342,tests_v1_test_strcat_load_alloc_copy
FN:1342,rxp_test_case_config_blueprint_update_fn_tests_v1_test_strcat_load_alloc_copy
FN:1576,rxp_test_case_config_blueprint_update_fn_tests_v1_test_strcat_alloc_load
FN:1576,tests_v1_test_strcat_alloc_load
FN:1592,rxp_test_case_config_blueprint_update_fn_tests_v1_test_strcat_load_alloc_alloc
FN:1592,tests_v1_test_strcat_load_alloc_alloc
FN:1612,rxp_test_case_config_blueprint_update_fn_tests_v1_test_strcat_load_load
FN:1612,tests_v1_test_strcat_load_load
FN:1628,tests_v1_test_strcpy_load_alloc
FN:1628,rxp_test_case_config_blueprint_update_fn_tests_v1_test_strcpy_load_alloc
FN:1644,tests_v1_test_strcpy_load_load
FN:1644,rxp_test_case_config_blueprint_update_fn_tests_v1_test_strcpy_load_load
FN:1660,rxp_test_case_config_blueprint_update_fn_tests_v1_test_os_getenv
FN:1660,tests_v1_test_os_getenv
FN:1669,tests_v1_test_os_getenv_0
FN:1669,rxp_test_case_config_blueprint_update_fn_tests_v1_test_os_getenv_0
FN:1677,rxp_test_case_config_blueprint_update_fn_tests_v1_test_os_getenv_list
FN:1677,tests_v1_test_os_getenv_list
FN:1686,rxp_test_case_config_blueprint_update_fn_tests_v1_test_load_open_file_close_file
FN:1686,tests_v1_test_load_open_file_close_file
FN:1709,tests_v1_test_offset_strcpy
FN:1709,rxp_test_case_config_blueprint_update_fn_tests_v1_test_offset_strcpy
FN:1742,rxp_test_case_config_blueprint_update_fn_tests_v1_test_offset_strcpy_free
FN:1742,tests_v1_test_offset_strcpy_free
FN:1775,tests_v1_test_print_free
FN:1775,rxp_test_case_config_blueprint_update_fn_tests_v1_test_print_free
FN:1785,rxp_test_case_config_blueprint_update_fn_tests_v1_test_print
FN:1785,tests_v1_test_print
FN:1797,tests_v1_test_print_string_pointer
FN:1797,rxp_test_case_config_blueprint_update_fn_tests_v1_test_print_string_pointer
FN:1813,tests_v1_test_print_string_pointer_copy
FN:1813,rxp_test_case_config_blueprint_update_fn_tests_v1_test_print_string_pointer_copy
FN:1835,rxp_test_case_config_blueprint_update_fn_tests_v1_test_list_size
FN:1835,tests_v1_test_list_size
FN:1849,tests_v1_test_list_unsafe
FN:1849,rxp_test_case_config_blueprint_update_fn_tests_v1_test_list_unsafe
FN:1863,rxp_test_case_config_blueprint_update_fn_tests_v1_test_list_offset
FN:1863,tests_v1_test_list_offset
FN:1879,tests_v1_teststring_pointer_unsafe
FN:1879,rxp_test_case_config_blueprint_update_fn_tests_v1_teststring_pointer_unsafe
FN:1900,rxp_test_case_config_blueprint_update_fn_tests_v1_test_string_pointer_size
FN:1900,tests_v1_test_string_pointer_size
FN:1922,tests_v1_test_string_offset_subsearch
FN:1922,rxp_test_case_config_blueprint_update_fn_tests_v1_test_string_offset_subsearch
FN:1948,rxp_test_case_config_blueprint_update_fn_tests_v1_test_print_string_pointer_free
FN:1948,tests_v1_test_print_string_pointer_free
FN:1964,rxp_test_case_config_blueprint_update_fn_tests_v1_test_offset_strcat
FN:1964,tests_v1_test_offset_strcat
FN:1998,tests_v1_test_file_read_invalid_type
FN:1998,rxp_test_case_config_blueprint_update_fn_tests_v1_test_file_read_invalid_type
FN:2015,rxp_test_case_config_blueprint_update_fn_tests_v1_test_load_open_match_last_unsafe_free
FN:2015,tests_v1_test_load_open_match_last_unsafe_free
FN:2042,rxp_test_case_config_blueprint_update_fn_tests_v1_test_load_open_match_last_unsafe_free_unsuppported_calls
FN:2042,tests_v1_test_load_open_match_last_unsafe_free_unsuppported_calls
FN:2061,tests_v1_test_user
FN:2061,rxp_test_case_config_blueprint_update_fn_tests_v1_test_user
FN:2074,rxp_test_case_config_blueprint_update_fn_tests_v1_test_load_open_file_unsafe_hashtable
FN:2074,tests_v1_test_load_open_file_unsafe_hashtable
FN:2110,tests_v1_test_load_load_match_last
FN:2110,rxp_test_case_config_blueprint_update_fn_tests_v1_test_load_load_match_last
FN:2129,rxp_test_case_config_blueprint_update_fn_pointer_tests_test_pointer_init
FN:2129,pointer_tests_test_pointer_init
FN:2136,rxp_test_case_config_blueprint_update_fn_pointer_tests_test_pointer_string_load
FN:2136,pointer_tests_test_pointer_string_load
FN:2144,rxp_test_case_config_blueprint_update_fn_pointer_tests_test_pointer_init_string_load_9
FN:2144,pointer_tests_test_pointer_init_string_load_9
FN:2161,rxp_test_case_config_blueprint_update_fn_pointer_tests_test_pointer_strings
FN:2161,pointer_tests_test_pointer_strings
FN:2193,rxp_test_case_config_blueprint_update_fn_pointer_tests_test_pointer_string_pointer_free
FN:2193,pointer_tests_test_pointer_string_pointer_free
FN:2201,rxp_test_case_config_blueprint_update_fn_pointer_tests_test_pointer_string_pointer_lessthan_free
FN:2201,pointer_tests_test_pointer_string_pointer_lessthan_free
FN:2214,rxp_test_case_config_blueprint_update_fn_pointer_tests_test_pointer_string_lessthan_0_0
FN:2214,pointer_tests_test_pointer_string_lessthan_0_0
FN:2223,pointer_tests_test_pointer_string_lessthan_0_1
FN:2223,rxp_test_case_config_blueprint_update_fn_pointer_tests_test_pointer_string_lessthan_0_1
FN:2232,rxp_test_case_config_blueprint_update_fn_pointer_tests_test_pointer_string_lessthan_1_0
FN:2232,pointer_tests_test_pointer_string_lessthan_1_0
FN:2242,rxp_test_case_config_blueprint_update_fn_pointer_tests_test_pointer_string_lessthan_1_1
FN:2242,pointer_tests_test_pointer_string_lessthan_1_1
FN:2253,rxp_test_case_config_blueprint_update_fn_pointer_tests_test_pointer_string_lessthan_a_b
FN:2253,pointer_tests_test_pointer_string_lessthan_a_b
FN:2265,pointer_tests_test_pointer_string_lessthan_b_a
FN:2265,rxp_test_case_config_blueprint_update_fn_pointer_tests_test_pointer_string_lessthan_b_a
FN:2277,pointer_tests_test_pointer_string_lessthan_1_2
FN:2277,rxp_test_case_config_blueprint_update_fn_pointer_tests_test_pointer_string_lessthan_1_2
FN:2288,rxp_test_case_config_blueprint_update_fn_pointer_tests_test_pointer_string_lessthan_1_3
FN:2288,pointer_tests_test_pointer_string_lessthan_1_3
FN:2299,rxp_test_case_config_blueprint_update_fn_pointer_tests_test_pointer_string_lessthan_2_1
FN:2299,pointer_tests_test_pointer_string_lessthan_2_1
FN:2310,rxp_test_case_config_blueprint_update_fn_pointer_tests_test_pointer_string_lessthan_a_string_free
FN:2310,pointer_tests_test_pointer_string_lessthan_a_string_free
FN:2322,rxp_test_case_config_blueprint_update_fn_pointer_tests_test_pointer_string_lessthan_string_free_b
FN:2322,pointer_tests_test_pointer_string_lessthan_string_free_b
FN:2334,rxp_test_case_config_blueprint_update_fn_pointer_tests_test_pointer_string_lessthan_string_list
FN:2334,pointer_tests_test_pointer_string_lessthan_string_list
FN:2345,pointer_tests_test_pointer_string_lessthan_list_string
FN:2345,rxp_test_case_config_blueprint_update_fn_pointer_tests_test_pointer_string_lessthan_list_string
FN:2356,pointer_tests_test_pointer_string_greaterthan_0_0
FN:2356,rxp_test_case_config_blueprint_update_fn_pointer_tests_test_pointer_string_greaterthan_0_0
FN:2365,rxp_test_case_config_blueprint_update_fn_pointer_tests_test_pointer_string_greaterthan_0_1
FN:2365,pointer_tests_test_pointer_string_greaterthan_0_1
FN:2374,pointer_tests_test_pointer_string_greaterthan_1_0
FN:2374,rxp_test_case_config_blueprint_update_fn_pointer_tests_test_pointer_string_greaterthan_1_0
FN:2384,pointer_tests_test_pointer_string_greaterthan_1_1
FN:2384,rxp_test_case_config_blueprint_update_fn_pointer_tests_test_pointer_string_greaterthan_1_1
FN:2395,rxp_test_case_config_blueprint_update_fn_pointer_tests_test_pointer_string_greaterthan_a_b
FN:2395,pointer_tests_test_pointer_string_greaterthan_a_b
FN:2407,pointer_tests_test_pointer_string_greaterthan_b_a
FN:2407,rxp_test_case_config_blueprint_update_fn_pointer_tests_test_pointer_string_greaterthan_b_a
FN:2419,pointer_tests_test_pointer_string_greaterthan_1_2
FN:2419,rxp_test_case_config_blueprint_update_fn_pointer_tests_test_pointer_string_greaterthan_1_2
FN:2430,rxp_test_case_config_blueprint_update_fn_pointer_tests_test_pointer_string_greaterthan_1_3
FN:2430,pointer_tests_test_pointer_string_greaterthan_1_3
FN:2441,pointer_tests_test_pointer_string_greaterthan_2_1
FN:2441,rxp_test_case_config_blueprint_update_fn_pointer_tests_test_pointer_string_greaterthan_2_1
FN:2452,rxp_test_case_config_blueprint_update_fn_pointer_tests_test_pointer_string_greaterthan_a_string_free
FN:2452,pointer_tests_test_pointer_string_greaterthan_a_string_free
FN:2464,rxp_test_case_config_blueprint_update_fn_pointer_tests_test_pointer_string_greaterthan_string_free_b
FN:2464,pointer_tests_test_pointer_string_greaterthan_string_free_b
FN:2476,rxp_test_case_config_blueprint_update_fn_pointer_tests_test_pointer_string_greaterthan_string_list
FN:2476,pointer_tests_test_pointer_string_greaterthan_string_list
FN:2487,pointer_tests_test_pointer_string_greaterthan_list_string
FN:2487,rxp_test_case_config_blueprint_update_fn_pointer_tests_test_pointer_string_greaterthan_list_string
FN:2498,rxp_test_case_config_blueprint_update_fn_pointer_tests_test_pointer_string_equals_0_0
FN:2498,pointer_tests_test_pointer_string_equals_0_0
FN:2507,pointer_tests_test_pointer_string_equals_0_1
FN:2507,rxp_test_case_config_blueprint_update_fn_pointer_tests_test_pointer_string_equals_0_1
FN:2516,rxp_test_case_config_blueprint_update_fn_pointer_tests_test_pointer_string_equals_1_0
FN:2516,pointer_tests_test_pointer_string_equals_1_0
FN:2526,pointer_tests_test_pointer_string_equals_1_1
FN:2526,rxp_test_case_config_blueprint_update_fn_pointer_tests_test_pointer_string_equals_1_1
FN:2537,rxp_test_case_config_blueprint_update_fn_pointer_tests_test_pointer_string_equals_a_b
FN:2537,pointer_tests_test_pointer_string_equals_a_b
FN:2549,rxp_test_case_config_blueprint_update_fn_pointer_tests_test_pointer_string_equals_b_a
FN:2549,pointer_tests_test_pointer_string_equals_b_a
FN:2562,pointer_tests_test_pointer_string_equals_1_2
FN:2562,rxp_test_case_config_blueprint_update_fn_pointer_tests_test_pointer_string_equals_1_2
FN:2573,rxp_test_case_config_blueprint_update_fn_pointer_tests_test_pointer_string_equals_1_3
FN:2573,pointer_tests_test_pointer_string_equals_1_3
FN:2584,pointer_tests_test_pointer_string_equals_2_1
FN:2584,rxp_test_case_config_blueprint_update_fn_pointer_tests_test_pointer_string_equals_2_1
FN:2595,pointer_tests_test_pointer_string_equals_a_string_free
FN:2595,rxp_test_case_config_blueprint_update_fn_pointer_tests_test_pointer_string_equals_a_string_free
FN:2607,pointer_tests_test_pointer_string_equals_string_free_b
FN:2607,rxp_test_case_config_blueprint_update_fn_pointer_tests_test_pointer_string_equals_string_free_b
FN:2619,rxp_test_case_config_blueprint_update_fn_pointer_tests_test_pointer_string_equals_string_list
FN:2619,pointer_tests_test_pointer_string_equals_string_list
FN:2630,pointer_tests_test_pointer_string_equals_list_string
FN:2630,rxp_test_case_config_blueprint_update_fn_pointer_tests_test_pointer_string_equals_list_string
FN:2641,pointer_tests_test_pointer_string_compare_0_0
FN:2641,rxp_test_case_config_blueprint_update_fn_pointer_tests_test_pointer_string_compare_0_0
FN:2650,pointer_tests_test_pointer_string_compare_0_1
FN:2650,rxp_test_case_config_blueprint_update_fn_pointer_tests_test_pointer_string_compare_0_1
FN:2659,rxp_test_case_config_blueprint_update_fn_pointer_tests_test_pointer_string_compare_1_0
FN:2659,pointer_tests_test_pointer_string_compare_1_0
FN:2669,pointer_tests_test_pointer_string_compare_1_1
FN:2669,rxp_test_case_config_blueprint_update_fn_pointer_tests_test_pointer_string_compare_1_1
FN:2680,pointer_tests_test_pointer_string_compare_a_b
FN:2680,rxp_test_case_config_blueprint_update_fn_pointer_tests_test_pointer_string_compare_a_b
FN:2692,rxp_test_case_config_blueprint_update_fn_pointer_tests_test_pointer_string_compare_b_a
FN:2692,pointer_tests_test_pointer_string_compare_b_a
FN:2705,pointer_tests_test_pointer_string_compare_1_2
FN:2705,rxp_test_case_config_blueprint_update_fn_pointer_tests_test_pointer_string_compare_1_2
FN:2716,pointer_tests_test_pointer_string_compare_1_3
FN:2716,rxp_test_case_config_blueprint_update_fn_pointer_tests_test_pointer_string_compare_1_3
FN:2727,pointer_tests_test_pointer_string_compare_2_1
FN:2727,rxp_test_case_config_blueprint_update_fn_pointer_tests_test_pointer_string_compare_2_1
FN:2738,pointer_tests_test_pointer_string_compare_a_string_free
FN:2738,rxp_test_case_config_blueprint_update_fn_pointer_tests_test_pointer_string_compare_a_string_free
FN:2750,rxp_test_case_config_blueprint_update_fn_pointer_tests_test_pointer_string_compare_string_free_b
FN:2750,pointer_tests_test_pointer_string_compare_string_free_b
FN:2762,pointer_tests_test_pointer_string_compare_string_list
FN:2762,rxp_test_case_config_blueprint_update_fn_pointer_tests_test_pointer_string_compare_string_list
FN:2773,pointer_tests_test_pointer_string_compare_list_string
FN:2773,rxp_test_case_config_blueprint_update_fn_pointer_tests_test_pointer_string_compare_list_string
FN:2784,rxp_test_case_config_blueprint_update_fn_pointer_tests_test_pointer_string_strcmp_0_0
FN:2784,pointer_tests_test_pointer_string_strcmp_0_0
FN:2793,pointer_tests_test_pointer_string_strcmp_0_1
FN:2793,rxp_test_case_config_blueprint_update_fn_pointer_tests_test_pointer_string_strcmp_0_1
FN:2802,pointer_tests_test_pointer_string_strcmp_1_0
FN:2802,rxp_test_case_config_blueprint_update_fn_pointer_tests_test_pointer_string_strcmp_1_0
FN:2812,rxp_test_case_config_blueprint_update_fn_pointer_tests_test_pointer_string_strcmp_1_1
FN:2812,pointer_tests_test_pointer_string_strcmp_1_1
FN:2823,pointer_tests_test_pointer_string_strcmp_a_b
FN:2823,rxp_test_case_config_blueprint_update_fn_pointer_tests_test_pointer_string_strcmp_a_b
FN:2835,pointer_tests_test_pointer_string_strcmp_b_a
FN:2835,rxp_test_case_config_blueprint_update_fn_pointer_tests_test_pointer_string_strcmp_b_a
FN:2848,rxp_test_case_config_blueprint_update_fn_pointer_tests_test_pointer_string_strcmp_1_2
FN:2848,pointer_tests_test_pointer_string_strcmp_1_2
FN:2858,rxp_test_case_config_blueprint_update_fn_pointer_tests_test_pointer_string_strcmp_1_3
FN:2858,pointer_tests_test_pointer_string_strcmp_1_3
FN:2869,rxp_test_case_config_blueprint_update_fn_pointer_tests_test_pointer_string_strcmp_2_1
FN:2869,pointer_tests_test_pointer_string_strcmp_2_1
FN:2880,pointer_tests_test_pointer_string_strcmp_a_string_free
FN:2880,rxp_test_case_config_blueprint_update_fn_pointer_tests_test_pointer_string_strcmp_a_string_free
FN:2892,rxp_test_case_config_blueprint_update_fn_pointer_tests_test_pointer_string_strcmp_string_free_b
FN:2892,pointer_tests_test_pointer_string_strcmp_string_free_b
FN:2904,pointer_tests_test_pointer_string_strcmp_string_list
FN:2904,rxp_test_case_config_blueprint_update_fn_pointer_tests_test_pointer_string_strcmp_string_list
FN:2915,pointer_tests_test_pointer_string_strcmp_list_string
FN:2915,rxp_test_case_config_blueprint_update_fn_pointer_tests_test_pointer_string_strcmp_list_string
FN:2926,rxp_test_case_config_blueprint_update_fn_pointer_tests_test_pointer_string_move_right_0_0
FN:2926,pointer_tests_test_pointer_string_move_right_0_0
FN:2935,rxp_test_case_config_blueprint_update_fn_pointer_tests_test_pointer_string_move_right_0_1
FN:2935,pointer_tests_test_pointer_string_move_right_0_1
FN:2944,pointer_tests_test_pointer_string_move_right_1_0
FN:2944,rxp_test_case_config_blueprint_update_fn_pointer_tests_test_pointer_string_move_right_1_0
FN:2954,pointer_tests_test_pointer_string_move_right_1_1
FN:2954,rxp_test_case_config_blueprint_update_fn_pointer_tests_test_pointer_string_move_right_1_1
FN:2965,pointer_tests_test_pointer_string_move_right_a_b
FN:2965,rxp_test_case_config_blueprint_update_fn_pointer_tests_test_pointer_string_move_right_a_b
FN:2975,rxp_test_case_config_blueprint_update_fn_pointer_tests_test_pointer_string_move_right_b_a
FN:2975,pointer_tests_test_pointer_string_move_right_b_a
FN:2987,rxp_test_case_config_blueprint_update_fn_pointer_tests_test_pointer_string_move_right_a_b_2
FN:2987,pointer_tests_test_pointer_string_move_right_a_b_2
FN:2999,pointer_tests_test_pointer_string_move_right_a_b_0
FN:2999,rxp_test_case_config_blueprint_update_fn_pointer_tests_test_pointer_string_move_right_a_b_0
FN:3012,rxp_test_case_config_blueprint_update_fn_pointer_tests_test_pointer_string_move_right_a_b_free
FN:3012,pointer_tests_test_pointer_string_move_right_a_b_free
FN:3025,pointer_tests_test_pointer_string_move_right_1_2
FN:3025,rxp_test_case_config_blueprint_update_fn_pointer_tests_test_pointer_string_move_right_1_2
FN:3036,pointer_tests_test_pointer_string_move_right_1_3
FN:3036,rxp_test_case_config_blueprint_update_fn_pointer_tests_test_pointer_string_move_right_1_3
FN:3047,pointer_tests_test_pointer_string_move_right_2_1
FN:3047,rxp_test_case_config_blueprint_update_fn_pointer_tests_test_pointer_string_move_right_2_1
FN:3058,pointer_tests_test_pointer_string_move_right_a_string_free
FN:3058,rxp_test_case_config_blueprint_update_fn_pointer_tests_test_pointer_string_move_right_a_string_free
FN:3070,rxp_test_case_config_blueprint_update_fn_pointer_tests_test_pointer_string_move_right_string_free_b
FN:3070,pointer_tests_test_pointer_string_move_right_string_free_b
FN:3082,pointer_tests_test_pointer_string_move_right_string_list
FN:3082,rxp_test_case_config_blueprint_update_fn_pointer_tests_test_pointer_string_move_right_string_list
FN:3093,pointer_tests_test_pointer_string_move_right_list_string
FN:3093,rxp_test_case_config_blueprint_update_fn_pointer_tests_test_pointer_string_move_right_list_string
FN:3104,rxp_test_case_config_blueprint_update_fn_pointer_tests_test_pointer_string_right_0_0
FN:3104,pointer_tests_test_pointer_string_right_0_0
FN:3113,pointer_tests_test_pointer_string_right_0_1
FN:3113,rxp_test_case_config_blueprint_update_fn_pointer_tests_test_pointer_string_right_0_1
FN:3122,rxp_test_case_config_blueprint_update_fn_pointer_tests_test_pointer_string_right_1_0
FN:3122,pointer_tests_test_pointer_string_right_1_0
FN:3132,pointer_tests_test_pointer_string_right_1_1
FN:3132,rxp_test_case_config_blueprint_update_fn_pointer_tests_test_pointer_string_right_1_1
FN:3144,pointer_tests_test_pointer_string_right_a_b
FN:3144,rxp_test_case_config_blueprint_update_fn_pointer_tests_test_pointer_string_right_a_b
FN:3154,pointer_tests_test_pointer_string_right_b_a
FN:3154,rxp_test_case_config_blueprint_update_fn_pointer_tests_test_pointer_string_right_b_a
FN:3166,pointer_tests_test_pointer_string_right_a_b_2
FN:3166,rxp_test_case_config_blueprint_update_fn_pointer_tests_test_pointer_string_right_a_b_2
FN:3178,pointer_tests_test_pointer_string_right_a_b_0
FN:3178,rxp_test_case_config_blueprint_update_fn_pointer_tests_test_pointer_string_right_a_b_0
FN:3191,pointer_tests_test_pointer_string_right_a_b_free
FN:3191,rxp_test_case_config_blueprint_update_fn_pointer_tests_test_pointer_string_right_a_b_free
FN:3204,rxp_test_case_config_blueprint_update_fn_pointer_tests_test_pointer_string_right_1_2
FN:3204,pointer_tests_test_pointer_string_right_1_2
FN:3215,rxp_test_case_config_blueprint_update_fn_pointer_tests_test_pointer_string_right_1_3
FN:3215,pointer_tests_test_pointer_string_right_1_3
FN:3226,rxp_test_case_config_blueprint_update_fn_pointer_tests_test_pointer_string_right_2_1
FN:3226,pointer_tests_test_pointer_string_right_2_1
FN:3237,pointer_tests_test_pointer_string_right_a_string_free
FN:3237,rxp_test_case_config_blueprint_update_fn_pointer_tests_test_pointer_string_right_a_string_free
FN:3249,pointer_tests_test_pointer_string_right_string_free_b
FN:3249,rxp_test_case_config_blueprint_update_fn_pointer_tests_test_pointer_string_right_string_free_b
FN:3261,pointer_tests_test_pointer_string_right_string_list
FN:3261,rxp_test_case_config_blueprint_update_fn_pointer_tests_test_pointer_string_right_string_list
FN:3272,pointer_tests_test_pointer_string_right_list_string
FN:3272,rxp_test_case_config_blueprint_update_fn_pointer_tests_test_pointer_string_right_list_string
FN:3283,rxp_test_case_config_blueprint_update_fn_pointer_tests_test_pointer_string_move_left_0_0
FN:3283,pointer_tests_test_pointer_string_move_left_0_0
FN:3292,pointer_tests_test_pointer_string_move_left_0_1
FN:3292,rxp_test_case_config_blueprint_update_fn_pointer_tests_test_pointer_string_move_left_0_1
FN:3301,rxp_test_case_config_blueprint_update_fn_pointer_tests_test_pointer_string_move_left_1_0
FN:3301,pointer_tests_test_pointer_string_move_left_1_0
FN:3311,rxp_test_case_config_blueprint_update_fn_pointer_tests_test_pointer_string_move_left_1_1
FN:3311,pointer_tests_test_pointer_string_move_left_1_1
FN:3322,pointer_tests_test_pointer_string_move_left_a_b
FN:3322,rxp_test_case_config_blueprint_update_fn_pointer_tests_test_pointer_string_move_left_a_b
FN:3334,rxp_test_case_config_blueprint_update_fn_pointer_tests_test_pointer_string_move_left_b_a
FN:3334,pointer_tests_test_pointer_string_move_left_b_a
FN:3346,rxp_test_case_config_blueprint_update_fn_pointer_tests_test_pointer_string_move_left_a_b_2
FN:3346,pointer_tests_test_pointer_string_move_left_a_b_2
FN:3358,pointer_tests_test_pointer_string_move_left_a_b_0
FN:3358,rxp_test_case_config_blueprint_update_fn_pointer_tests_test_pointer_string_move_left_a_b_0
FN:3371,rxp_test_case_config_blueprint_update_fn_pointer_tests_test_pointer_string_move_left_a_b_free
FN:3371,pointer_tests_test_pointer_string_move_left_a_b_free
FN:3384,rxp_test_case_config_blueprint_update_fn_pointer_tests_test_pointer_string_move_left_1_2
FN:3384,pointer_tests_test_pointer_string_move_left_1_2
FN:3394,rxp_test_case_config_blueprint_update_fn_pointer_tests_test_pointer_string_move_left_1_3
FN:3394,pointer_tests_test_pointer_string_move_left_1_3
FN:3405,pointer_tests_test_pointer_string_move_left_2_1
FN:3405,rxp_test_case_config_blueprint_update_fn_pointer_tests_test_pointer_string_move_left_2_1
FN:3416,rxp_test_case_config_blueprint_update_fn_pointer_tests_test_pointer_string_move_left_a_string_free
FN:3416,pointer_tests_test_pointer_string_move_left_a_string_free
FN:3428,rxp_test_case_config_blueprint_update_fn_pointer_tests_test_pointer_string_move_left_string_free_b
FN:3428,pointer_tests_test_pointer_string_move_left_string_free_b
FN:3440,rxp_test_case_config_blueprint_update_fn_pointer_tests_test_pointer_string_move_left_string_list
FN:3440,pointer_tests_test_pointer_string_move_left_string_list
FN:3451,rxp_test_case_config_blueprint_update_fn_pointer_tests_test_pointer_string_move_left_list_string
FN:3451,pointer_tests_test_pointer_string_move_left_list_string
FN:3462,rxp_test_case_config_blueprint_update_fn_pointer_tests_test_pointer_string_left_strncpy_0_0
FN:3462,pointer_tests_test_pointer_string_left_strncpy_0_0
FN:3471,rxp_test_case_config_blueprint_update_fn_pointer_tests_test_pointer_string_left_strncpy_0_1
FN:3471,pointer_tests_test_pointer_string_left_strncpy_0_1
FN:3480,pointer_tests_test_pointer_string_left_strncpy_1_0
FN:3480,rxp_test_case_config_blueprint_update_fn_pointer_tests_test_pointer_string_left_strncpy_1_0
FN:3490,pointer_tests_test_pointer_string_left_strncpy_1_1
FN:3490,rxp_test_case_config_blueprint_update_fn_pointer_tests_test_pointer_string_left_strncpy_1_1
FN:3501,rxp_test_case_config_blueprint_update_fn_pointer_tests_test_pointer_string_left_strncpy_a_b
FN:3501,pointer_tests_test_pointer_string_left_strncpy_a_b
FN:3513,rxp_test_case_config_blueprint_update_fn_pointer_tests_test_pointer_string_left_strncpy_b_a
FN:3513,pointer_tests_test_pointer_string_left_strncpy_b_a
FN:3528,pointer_tests_test_pointer_string_left_strncpy_a_b_2
FN:3528,rxp_test_case_config_blueprint_update_fn_pointer_tests_test_pointer_string_left_strncpy_a_b_2
FN:3540,pointer_tests_test_pointer_string_left_strncpy_a_b_0
FN:3540,rxp_test_case_config_blueprint_update_fn_pointer_tests_test_pointer_string_left_strncpy_a_b_0
FN:3555,rxp_test_case_config_blueprint_update_fn_pointer_tests_test_pointer_string_left_strncpy_a_b_free
FN:3555,pointer_tests_test_pointer_string_left_strncpy_a_b_free
FN:3568,pointer_tests_test_pointer_string_left_strncpy_1_2
FN:3568,rxp_test_case_config_blueprint_update_fn_pointer_tests_test_pointer_string_left_strncpy_1_2
FN:3578,pointer_tests_test_pointer_string_left_strncpy_1_3
FN:3578,rxp_test_case_config_blueprint_update_fn_pointer_tests_test_pointer_string_left_strncpy_1_3
FN:3589,pointer_tests_test_pointer_string_left_strncpy_2_1
FN:3589,rxp_test_case_config_blueprint_update_fn_pointer_tests_test_pointer_string_left_strncpy_2_1
FN:3600,pointer_tests_test_pointer_string_left_strncpy_a_string_free
FN:3600,rxp_test_case_config_blueprint_update_fn_pointer_tests_test_pointer_string_left_strncpy_a_string_free
FN:3612,rxp_test_case_config_blueprint_update_fn_pointer_tests_test_pointer_string_left_strncpy_string_free_b
FN:3612,pointer_tests_test_pointer_string_left_strncpy_string_free_b
FN:3624,pointer_tests_test_pointer_string_left_strncpy_string_list
FN:3624,rxp_test_case_config_blueprint_update_fn_pointer_tests_test_pointer_string_left_strncpy_string_list
FN:3635,rxp_test_case_config_blueprint_update_fn_pointer_tests_test_pointer_string_left_strncpy_list_string
FN:3635,pointer_tests_test_pointer_string_left_strncpy_list_string
FN:3646,rxp_test_case_config_blueprint_update_fn_pointer_tests_test_pointer_string_left_0_0
FN:3646,pointer_tests_test_pointer_string_left_0_0
FN:3655,pointer_tests_test_pointer_string_left_0_1
FN:3655,rxp_test_case_config_blueprint_update_fn_pointer_tests_test_pointer_string_left_0_1
FN:3664,rxp_test_case_config_blueprint_update_fn_pointer_tests_test_pointer_string_left_1_0
FN:3664,pointer_tests_test_pointer_string_left_1_0
FN:3674,pointer_tests_test_pointer_string_left_1_1
FN:3674,rxp_test_case_config_blueprint_update_fn_pointer_tests_test_pointer_string_left_1_1
FN:3685,pointer_tests_test_pointer_string_left_a_b
FN:3685,rxp_test_case_config_blueprint_update_fn_pointer_tests_test_pointer_string_left_a_b
FN:3697,pointer_tests_test_pointer_string_left_b_a
FN:3697,rxp_test_case_config_blueprint_update_fn_pointer_tests_test_pointer_string_left_b_a
FN:3712,pointer_tests_test_pointer_string_left_a_b_2
FN:3712,rxp_test_case_config_blueprint_update_fn_pointer_tests_test_pointer_string_left_a_b_2
FN:3724,pointer_tests_test_pointer_string_left_a_b_0
FN:3724,rxp_test_case_config_blueprint_update_fn_pointer_tests_test_pointer_string_left_a_b_0
FN:3739,rxp_test_case_config_blueprint_update_fn_pointer_tests_test_pointer_string_left_a_b_free
FN:3739,pointer_tests_test_pointer_string_left_a_b_free
FN:3752,pointer_tests_test_pointer_string_left_1_2
FN:3752,rxp_test_case_config_blueprint_update_fn_pointer_tests_test_pointer_string_left_1_2
FN:3762,rxp_test_case_config_blueprint_update_fn_pointer_tests_test_pointer_string_left_1_3
FN:3762,pointer_tests_test_pointer_string_left_1_3
FN:3773,rxp_test_case_config_blueprint_update_fn_pointer_tests_test_pointer_string_left_2_1
FN:3773,pointer_tests_test_pointer_string_left_2_1
FN:3784,pointer_tests_test_pointer_string_left_a_string_free
FN:3784,rxp_test_case_config_blueprint_update_fn_pointer_tests_test_pointer_string_left_a_string_free
FN:3796,rxp_test_case_config_blueprint_update_fn_pointer_tests_test_pointer_string_left_string_free_b
FN:3796,pointer_tests_test_pointer_string_left_string_free_b
FN:3808,rxp_test_case_config_blueprint_update_fn_pointer_tests_test_pointer_string_left_string_list
FN:3808,pointer_tests_test_pointer_string_left_string_list
FN:3819,pointer_tests_test_pointer_string_left_list_string
FN:3819,rxp_test_case_config_blueprint_update_fn_pointer_tests_test_pointer_string_left_list_string
FN:3830,rxp_test_case_config_blueprint_update_fn_pointer_tests_test_pointer_string_strncpy_0_0
FN:3830,pointer_tests_test_pointer_string_strncpy_0_0
FN:3839,rxp_test_case_config_blueprint_update_fn_pointer_tests_test_pointer_string_strncpy_0_1
FN:3839,pointer_tests_test_pointer_string_strncpy_0_1
FN:3848,pointer_tests_test_pointer_string_strncpy_1_0
FN:3848,rxp_test_case_config_blueprint_update_fn_pointer_tests_test_pointer_string_strncpy_1_0
FN:3858,pointer_tests_test_pointer_string_strncpy_1_1
FN:3858,rxp_test_case_config_blueprint_update_fn_pointer_tests_test_pointer_string_strncpy_1_1
FN:3869,pointer_tests_test_pointer_string_strncpy_a_b
FN:3869,rxp_test_case_config_blueprint_update_fn_pointer_tests_test_pointer_string_strncpy_a_b
FN:3886,pointer_tests_test_pointer_string_strncpy_b_a
FN:3886,rxp_test_case_config_blueprint_update_fn_pointer_tests_test_pointer_string_strncpy_b_a
FN:3898,pointer_tests_test_pointer_string_strncpy_a_b_2
FN:3898,rxp_test_case_config_blueprint_update_fn_pointer_tests_test_pointer_string_strncpy_a_b_2
FN:3910,rxp_test_case_config_blueprint_update_fn_pointer_tests_test_pointer_string_strncpy_a_b_0
FN:3910,pointer_tests_test_pointer_string_strncpy_a_b_0
FN:3924,pointer_tests_test_pointer_string_strncpy_a_b_free
FN:3924,rxp_test_case_config_blueprint_update_fn_pointer_tests_test_pointer_string_strncpy_a_b_free
FN:3937,rxp_test_case_config_blueprint_update_fn_pointer_tests_test_pointer_string_strncpy_a_b_2_overflow
FN:3937,pointer_tests_test_pointer_string_strncpy_a_b_2_overflow
FN:3949,rxp_test_case_config_blueprint_update_fn_pointer_tests_test_pointer_string_strncpy_1_2
FN:3949,pointer_tests_test_pointer_string_strncpy_1_2
FN:3960,rxp_test_case_config_blueprint_update_fn_pointer_tests_test_pointer_string_strncpy_1_3
FN:3960,pointer_tests_test_pointer_string_strncpy_1_3
FN:3971,rxp_test_case_config_blueprint_update_fn_pointer_tests_test_pointer_string_strncpy_2_1
FN:3971,pointer_tests_test_pointer_string_strncpy_2_1
FN:3982,pointer_tests_test_pointer_string_strncpy_a_string_free
FN:3982,rxp_test_case_config_blueprint_update_fn_pointer_tests_test_pointer_string_strncpy_a_string_free
FN:3994,pointer_tests_test_pointer_string_strncpy_string_free_b
FN:3994,rxp_test_case_config_blueprint_update_fn_pointer_tests_test_pointer_string_strncpy_string_free_b
FN:4006,pointer_tests_test_pointer_string_strncpy_string_list
FN:4006,rxp_test_case_config_blueprint_update_fn_pointer_tests_test_pointer_string_strncpy_string_list
FN:4017,pointer_tests_test_pointer_string_strncpy_list_string
FN:4017,rxp_test_case_config_blueprint_update_fn_pointer_tests_test_pointer_string_strncpy_list_string
FN:4027,parse_text
FN:4102,run
FNDA:18,pointer_tests_test_pointer_string_right_string_list
FNDA:18,rxp_test_case_config_blueprint_update_fn_tests_v1_test_string_pointer_strrchr_0
FNDA:18,pointer_tests_test_pointer_string_greaterthan_string_list
FNDA:18,rxp_test_case_config_blueprint_update_fn_tests_v1_test_os_getenv_0
FNDA:18,rxp_test_case_config_blueprint_update_fn_tests_v1_test_list_push_1_0
FNDA:18,rxp_test_case_config_blueprint_update_fn_tests_v1_test_string_pointer_offset_pattern_load_0
FNDA:18,rxp_test_case_config_blueprint_update_fn_pointer_tests_test_pointer_string_move_left_b_a
FNDA:18,pointer_tests_test_pointer_string_compare_list_string
FNDA:18,pointer_tests_test_pointer_string_strncpy_a_b_2
FNDA:18,rxp_test_case_config_blueprint_update_fn_pointer_tests_test_pointer_string_move_left_1_0
FNDA:18,pointer_tests_test_pointer_string_strcmp_b_a
FNDA:18,pointer_tests_test_pointer_string_move_right_1_1
FNDA:18,pointer_tests_test_pointer_string_compare_1_0
FNDA:18,rxp_test_case_config_blueprint_update_fn_tests_v1_test_print_free
FNDA:18,tests_v1_test_user
FNDA:18,rxp_test_case_config_blueprint_update_fn_pointer_tests_test_pointer_string_left_a_b_free
FNDA:18,rxp_test_case_config_blueprint_update_fn_pointer_tests_test_pointer_string_move_right_string_list
FNDA:18,pointer_tests_test_pointer_string_equals_list_string
FNDA:18,rxp_test_case_config_blueprint_update_fn_pointer_tests_test_pointer_string_greaterthan_2_1
FNDA:18,pointer_tests_test_pointer_string_equals_a_string_free
FNDA:18,rxp_test_case_config_blueprint_update_fn_tests_v1_test_load_open_file_unsafe_hashtable
FNDA:18,tests_v1_test_list_push_0
FNDA:18,rxp_test_case_config_blueprint_update_fn_tests_v1_test_string_offset_ptr_diff
FNDA:18,rxp_test_case_config_blueprint_update_fn_pointer_tests_test_pointer_string_compare_0_0
FNDA:18,rxp_test_case_config_blueprint_update_fn_pointer_tests_test_pointer_string_move_left_list_string
FNDA:18,pointer_tests_test_pointer_string_strcmp_list_string
FNDA:18,rxp_test_case_config_blueprint_update_fn_pointer_tests_test_pointer_string_pointer_free
FNDA:18,rxp_test_case_config_blueprint_update_fn_pointer_tests_test_pointer_string_move_right_string_free_b
FNDA:18,rxp_test_case_config_blueprint_update_fn_pointer_tests_test_pointer_string_right_1_3
FNDA:18,rxp_test_case_config_blueprint_update_fn_tests_v1_test_object_load_string_unsafe
FNDA:18,pointer_tests_test_pointer_string_right_1_1
FNDA:18,rxp_test_case_config_blueprint_update_fn_tests_v1_test_strcpy
FNDA:18,rxp_test_case_config_blueprint_update_fn_pointer_tests_test_pointer_string_lessthan_string_list
FNDA:18,pointer_tests_test_pointer_string_move_left_list_string
FNDA:18,tests_v1_test_list_popn_0
FNDA:18,rxp_test_case_config_blueprint_update_fn_pointer_tests_test_pointer_string_strncpy_1_3
FNDA:18,rxp_test_case_config_blueprint_update_fn_pointer_tests_test_pointer_string_left_0_0
FNDA:18,pointer_tests_test_pointer_init_string_load_9
FNDA:18,tests_v1_test_string_offset_ptr_less
FNDA:18,rxp_test_case_config_blueprint_update_fn_pointer_tests_test_pointer_string_left_a_string_free
FNDA:18,tests_v1_test_list_popn_2
FNDA:18,pointer_tests_test_pointer_init
FNDA:18,pointer_tests_test_pointer_string_strncpy_b_a
FNDA:18,tests_v1_test_strcat_alloc_load
FNDA:18,rxp_test_case_config_blueprint_update_fn_tests_v1_test_os_getenv
FNDA:18,pointer_tests_test_pointer_string_move_right_b_a
FNDA:18,rxp_test_case_config_blueprint_update_fn_pointer_tests_test_pointer_string_left_strncpy_1_0
FNDA:18,rxp_test_case_config_blueprint_update_fn_tests_v1_test_string_pointer_strchr_match_offset
FNDA:18,rxp_test_case_config_blueprint_update_fn_tests_v1_test_user
FNDA:18,rxp_test_case_config_blueprint_update_fn_pointer_tests_test_pointer_string_strncpy_1_2
FNDA:18,tests_v1_test_string_pointer_offset_pattern_load_0
FNDA:18,pointer_tests_test_pointer_string_left_strncpy_2_1
FNDA:18,rxp_test_case_config_blueprint_update_fn_tests_v1_test_strcpy_load_load
FNDA:18,tests_v1_test_string_pointer_match_pattern_load_0
FNDA:18,rxp_test_case_config_blueprint_update_fn_tests_v1_test_string_strchr_list
FNDA:18,rxp_test_case_config_blueprint_update_fn_tests_v1_test_list_push_list
FNDA:18,pointer_tests_test_pointer_string_lessthan_1_1
FNDA:18,pointer_tests_test_pointer_string_greaterthan_1_1
FNDA:18,tests_v1_test_list_unsafe
FNDA:18,tests_v1_test_string_offset_ptr_offset_found
FNDA:18,tests_v1_test_list_release_string
FNDA:18,rxp_test_case_config_blueprint_update_fn_pointer_tests_test_pointer_string_strcmp_1_1
FNDA:18,rxp_test_case_config_blueprint_update_fn_tests_v1_test_list_offset
FNDA:18,rxp_test_case_config_blueprint_update_fn_pointer_tests_test_pointer_init_string_load_9
FNDA:18,pointer_tests_test_pointer_string_move_left_1_2
FNDA:18,rxp_test_case_config_blueprint_update_fn_pointer_tests_test_pointer_string_move_right_b_a
FNDA:18,pointer_tests_test_pointer_string_lessthan_2_1
FNDA:18,rxp_test_case_config_blueprint_update_fn_tests_v1_test_load_copy
FNDA:18,rxp_test_case_config_blueprint_update_fn_pointer_tests_test_pointer_string_left_1_3
FNDA:18,rxp_test_case_config_blueprint_update_fn_pointer_tests_test_pointer_string_equals_a_b
FNDA:18,pointer_tests_test_pointer_string_strncpy_a_b
FNDA:18,tests_v1_test_list_peekn_2
FNDA:18,rxp_test_case_config_blueprint_update_fn_pointer_tests_test_pointer_string_lessthan_2_1
FNDA:18,tests_v1_test_object_load_free
FNDA:18,tests_v1_test_string_match_list
FNDA:18,pointer_tests_test_pointer_string_right_a_b_0
FNDA:18,pointer_tests_test_pointer_string_strcmp_1_3
FNDA:18,pointer_tests_test_pointer_string_left_0_1
FNDA:18,pointer_tests_test_pointer_string_lessthan_list_string
FNDA:18,rxp_test_case_config_blueprint_update_fn_tests_v1_test_pointer_size_empty
FNDA:18,pointer_tests_test_pointer_string_right_1_0
FNDA:18,tests_v1_test_string_pointer_match_pattern_0
FNDA:18,rxp_test_case_config_blueprint_update_fn_pointer_tests_test_pointer_string_move_left_a_b_0
FNDA:18,rxp_test_case_config_blueprint_update_fn_tests_v1_test_object_load_string_unsafe_0
FNDA:18,pointer_tests_test_pointer_string_left_1_3
FNDA:18,pointer_tests_test_pointer_string_equals_1_0
FNDA:18,rxp_test_case_config_blueprint_update_fn_pointer_tests_test_pointer_string_equals_0_0
FNDA:18,pointer_tests_test_pointer_string_move_left_string_free_b
FNDA:18,pointer_tests_test_pointer_string_move_right_a_string_free
FNDA:18,tests_v1_test_list_push_list
FNDA:18,rxp_test_case_config_blueprint_update_fn_pointer_tests_test_pointer_string_move_right_0_1
FNDA:18,rxp_test_case_config_blueprint_update_fn_tests_v1_test_list_popn_2
FNDA:18,pointer_tests_test_pointer_string_move_left_1_1
FNDA:18,pointer_tests_test_pointer_string_strcmp_1_1
FNDA:18,rxp_test_case_config_blueprint_update_fn_pointer_tests_test_pointer_string_equals_string_list
FNDA:18,rxp_test_case_config_blueprint_update_fn_tests_v1_test_string_pointer_free_list
FNDA:18,rxp_test_case_config_blueprint_update_fn_pointer_tests_test_pointer_string_move_right_0_0
FNDA:18,rxp_test_case_config_blueprint_update_fn_tests_v1_test_list_pop_0_1
FNDA:18,rxp_test_case_config_blueprint_update_fn_tests_v1_test_print_string_pointer
FNDA:18,tests_v1_test_strcat_load_alloc_copy
FNDA:18,rxp_test_case_config_blueprint_update_fn_pointer_tests_test_pointer_string_left_strncpy_list_string
FNDA:18,tests_v1_test_object_load_string_unsafe_string
FNDA:18,pointer_tests_test_pointer_string_strncpy_list_string
FNDA:18,rxp_test_case_config_blueprint_update_fn_pointer_tests_test_pointer_string_left_strncpy_1_3
FNDA:18,rxp_test_case_config_blueprint_update_fn_tests_v1_test_object_alloc_0
FNDA:18,pointer_tests_test_pointer_string_strncpy_1_1
FNDA:18,pointer_tests_test_pointer_string_compare_a_string_free
FNDA:18,pointer_tests_test_pointer_string_left_strncpy_a_b_free
FNDA:18,rxp_test_case_config_blueprint_update_fn_tests_v1_test_list_pop_string
FNDA:18,rxp_test_case_config_blueprint_update_fn_pointer_tests_test_pointer_strings
FNDA:18,pointer_tests_test_pointer_string_left_strncpy_1_3
FNDA:18,pointer_tests_test_pointer_string_right_a_b
FNDA:18,pointer_tests_test_pointer_string_move_right_1_3
FNDA:18,pointer_tests_test_pointer_string_lessthan_b_a
FNDA:18,pointer_tests_test_pointer_string_compare_string_free_b
FNDA:18,rxp_test_case_config_blueprint_update_fn_pointer_tests_test_pointer_string_strcmp_0_0
FNDA:18,rxp_test_case_config_blueprint_update_fn_tests_v1_test_list_size
FNDA:18,rxp_test_case_config_blueprint_update_fn_tests_v1_test_string_strrchr_list
FNDA:18,rxp_test_case_config_blueprint_update_fn_tests_v1_test_string_offset_ptr_less
FNDA:18,rxp_test_case_config_blueprint_update_fn_tests_v1_test_offset_strcat
FNDA:18,tests_v1_test_pointer_size_object
FNDA:18,rxp_test_case_config_blueprint_update_fn_tests_v1_test_object_load_string_unsafe_alloc_0
FNDA:18,rxp_test_case_config_blueprint_update_fn_pointer_tests_test_pointer_string_left_strncpy_a_b_0
FNDA:18,rxp_test_case_config_blueprint_update_fn_tests_v1_test_print_load_empty
FNDA:18,pointer_tests_test_pointer_string_strncpy_a_b_2_overflow
FNDA:18,pointer_tests_test_pointer_string_left_a_b_0
FNDA:18,tests_v1_test_list_popn_0_0
FNDA:18,pointer_tests_test_pointer_string_strncpy_2_1
FNDA:18,tests_v1_test_strcat_alloc_alloc
FNDA:18,tests_v1_test_strcpy_load_alloc
FNDA:18,rxp_test_case_config_blueprint_update_fn_pointer_tests_test_pointer_string_right_a_b
FNDA:18,pointer_tests_test_pointer_string_strncpy_a_string_free
FNDA:18,tests_v1_test_list_pop_string
FNDA:18,rxp_test_case_config_blueprint_update_fn_pointer_tests_test_pointer_string_equals_1_3
FNDA:18,pointer_tests_test_pointer_string_left_strncpy_a_b_0
FNDA:18,rxp_test_case_config_blueprint_update_fn_tests_v1_test_string_offset_list
FNDA:18,rxp_test_case_config_blueprint_update_fn_pointer_tests_test_pointer_string_greaterthan_0_0
FNDA:18,rxp_test_case_config_blueprint_update_fn_tests_v1_test_load_empty
FNDA:18,rxp_test_case_config_blueprint_update_fn_pointer_tests_test_pointer_string_compare_b_a
FNDA:18,rxp_test_case_config_blueprint_update_fn_tests_v1_test_object_load_0
FNDA:18,rxp_test_case_config_blueprint_update_fn_tests_v1_test_list_push_string
FNDA:18,rxp_test_case_config_blueprint_update_fn_pointer_tests_test_pointer_string_greaterthan_b_a
FNDA:18,rxp_test_case_config_blueprint_update_fn_pointer_tests_test_pointer_string_strcmp_0_1
FNDA:18,rxp_test_case_config_blueprint_update_fn_tests_v1_test_strcat_load_load
FNDA:18,rxp_test_case_config_blueprint_update_fn_tests_v1_test_load_open_match_last_unsafe_free
FNDA:18,rxp_test_case_config_blueprint_update_fn_pointer_tests_test_pointer_string_lessthan_a_string_free
FNDA:18,pointer_tests_test_pointer_string_move_right_a_b
FNDA:5076,test_tear_down
FNDA:18,rxp_test_case_config_blueprint_update_fn_tests_v1_test_list_size_string
FNDA:18,pointer_tests_test_pointer_string_move_left_a_b_2
FNDA:18,rxp_test_case_config_blueprint_update_fn_tests_v1_test_string_match_list
FNDA:18,tests_v1_test_data_size
FNDA:18,rxp_test_case_config_blueprint_update_fn_pointer_tests_test_pointer_string_compare_1_0
FNDA:18,tests_v1_test_load_null_ptr
FNDA:18,rxp_test_case_config_blueprint_update_fn_pointer_tests_test_pointer_string_move_left_string_free_b
FNDA:18,rxp_test_case_config_blueprint_update_fn_pointer_tests_test_pointer_string_strncpy_2_1
FNDA:18,tests_v1_test_string_pointer_strrchr_0_0
FNDA:18,rxp_test_case_config_blueprint_update_fn_tests_v1_test_list_popn_0
FNDA:18,tests_v1_test_string_pointer_match_pattern
FNDA:18,rxp_test_case_config_blueprint_update_fn_tests_v1_test_string_pointer_size
FNDA:18,rxp_test_case_config_blueprint_update_fn_tests_v1_test_load_open_file_close_file
FNDA:18,rxp_test_case_config_blueprint_update_fn_pointer_tests_test_pointer_string_move_left_a_string_free
FNDA:18,rxp_test_case_config_blueprint_update_fn_pointer_tests_test_pointer_string_lessthan_string_free_b
FNDA:18,pointer_tests_test_pointer_string_strcmp_2_1
FNDA:18,tests_v1_test_string_pointer_strrchr_match_offset
FNDA:18,pointer_tests_test_pointer_string_left_a_string_free
FNDA:18,pointer_tests_test_pointer_string_lessthan_1_2
FNDA:18,pointer_tests_test_pointer_string_equals_1_2
FNDA:18,pointer_tests_test_pointer_string_equals_0_1
FNDA:18,rxp_test_case_config_blueprint_update_fn_pointer_tests_test_pointer_string_strncpy_0_0
FNDA:18,tests_v1_test_string_pointer_strrchr_0_string
FNDA:18,pointer_tests_test_pointer_string_left_2_1
FNDA:18,tests_v1_test_list_popn_1
[...]
DA:2592,18
DA:2595,36
DA:2596,18
DA:2597,18
DA:2598,18
DA:2599,18
DA:2600,18
DA:2601,18
DA:2602,18
DA:2603,18
DA:2604,18
DA:2607,36
DA:2608,18
DA:2609,18
DA:2610,18
DA:2611,18
DA:2612,18
DA:2613,18
DA:2614,18
DA:2615,18
DA:2616,18
DA:2619,36
DA:2620,18
DA:2621,18
DA:2622,18
DA:2623,18
DA:2624,18
DA:2625,18
DA:2626,18
DA:2627,18
DA:2630,36
DA:2631,18
DA:2632,18
DA:2633,18
DA:2634,18
DA:2635,18
DA:2636,18
DA:2637,18
DA:2638,18
DA:2641,36
DA:2642,18
DA:2643,18
DA:2644,18
DA:2645,18
DA:2646,18
DA:2647,18
DA:2650,36
DA:2651,18
DA:2652,18
DA:2653,18
DA:2654,18
DA:2655,18
DA:2656,18
DA:2659,36
DA:2660,18
DA:2661,18
DA:2662,18
DA:2663,18
DA:2664,18
DA:2665,18
DA:2666,18
DA:2669,36
DA:2670,18
DA:2671,18
DA:2672,18
DA:2673,18
DA:2674,18
DA:2675,18
DA:2676,18
DA:2677,18
DA:2680,36
DA:2681,18
DA:2682,18
DA:2683,18
DA:2684,18
DA:2685,18
DA:2686,18
DA:2687,18
DA:2688,18
DA:2689,18
DA:2692,36
DA:2693,18
DA:2694,18
DA:2695,18
DA:2696,18
DA:2697,18
DA:2698,18
DA:2699,18
DA:2700,18
DA:2701,18
DA:2702,18
DA:2705,36
DA:2706,18
DA:2707,18
DA:2708,18
DA:2709,18
DA:2710,18
DA:2711,18
DA:2712,18
DA:2713,18
DA:2716,36
DA:2717,18
DA:2718,18
DA:2719,18
DA:2720,18
DA:2721,18
DA:2722,18
DA:2723,18
DA:2724,18
DA:2727,36
DA:2728,18
DA:2729,18
DA:2730,18
DA:2731,18
DA:2732,18
DA:2733,18
DA:2734,18
DA:2735,18
DA:2738,36
DA:2739,18
DA:2740,18
DA:2741,18
DA:2742,18
DA:2743,18
DA:2744,18
DA:2745,18
DA:2746,18
DA:2747,18
DA:2750,36
DA:2751,18
DA:2752,18
DA:2753,18
DA:2754,18
DA:2755,18
DA:2756,18
DA:2757,18
DA:2758,18
DA:2759,18
DA:2762,36
DA:2763,18
DA:2764,18
DA:2765,18
DA:2766,18
DA:2767,18
DA:2768,18
DA:2769,18
DA:2770,18
DA:2773,36
DA:2774,18
DA:2775,18
DA:2776,18
DA:2777,18
DA:2778,18
DA:2779,18
DA:2780,18
DA:2781,18
DA:2784,36
DA:2785,18
DA:2786,18
DA:2787,18
DA:2788,18
DA:2789,18
DA:2790,18
DA:2793,36
DA:2794,18
DA:2795,18
DA:2796,18
DA:2797,18
DA:2798,18
DA:2799,18
DA:2802,36
DA:2803,18
DA:2804,18
DA:2805,18
DA:2806,18
DA:2807,18
DA:2808,18
DA:2809,18
DA:2812,36
DA:2813,18
DA:2814,18
DA:2815,18
DA:2816,18
DA:2817,18
DA:2818,18
DA:2819,18
DA:2820,18
DA:2823,36
DA:2824,18
DA:2825,18
DA:2826,18
DA:2827,18
DA:2828,18
DA:2829,18
DA:2830,18
DA:2831,18
DA:2832,18
DA:2835,36
DA:2836,18
DA:2837,18
DA:2838,18
DA:2839,18
DA:2840,18
DA:2841,18
DA:2842,18
DA:2843,18
DA:2844,18
DA:2845,18
DA:2848,36
DA:2849,18
DA:2850,18
DA:2851,18
DA:2852,18
DA:2853,18
DA:2854,18
DA:2855,18
DA:2856,18
DA:2858,36
DA:2859,18
DA:2860,18
DA:2861,18
DA:2862,18
DA:2863,18
DA:2864,18
DA:2865,18
DA:2866,18
DA:2869,36
DA:2870,18
DA:2871,18
DA:2872,18
DA:2873,18
DA:2874,18
DA:2875,18
DA:2876,18
DA:2877,18
DA:2880,36
DA:2881,18
DA:2882,18
DA:2883,18
DA:2884,18
DA:2885,18
DA:2886,18
DA:2887,18
DA:2888,18
DA:2889,18
DA:2892,36
DA:2893,18
DA:2894,18
DA:2895,18
DA:2896,18
DA:2897,18
DA:2898,18
DA:2899,18
DA:2900,18
DA:2901,18
DA:2904,36
DA:2905,18
DA:2906,18
DA:2907,18
DA:2908,18
DA:2909,18
DA:2910,18
DA:2911,18
DA:2912,18
DA:2915,36
DA:2916,18
DA:2917,18
DA:2918,18
DA:2919,18
DA:2920,18
DA:2921,18
DA:2922,18
DA:2923,18
DA:2926,36
DA:2927,18
DA:2928,18
DA:2929,18
DA:2930,18
DA:2931,18
DA:2932,18
DA:2935,36
DA:2936,18
DA:2937,18
DA:2938,18
DA:2939,18
DA:2940,18
DA:2941,18
DA:2944,36
DA:2945,18
DA:2946,18
DA:2947,18
DA:2948,18
DA:2949,18
DA:2950,18
DA:2951,18
DA:2954,36
DA:2955,18
DA:2956,18
DA:2957,18
DA:2958,18
DA:2959,18
DA:2960,18
DA:2961,18
DA:2962,18
DA:2965,36
DA:2966,18
DA:2967,18
DA:2968,18
DA:2969,18
DA:2970,18
DA:2971,18
DA:2972,18
DA:2975,36
DA:2976,18
DA:2977,18
DA:2978,18
DA:2979,18
DA:2980,18
DA:2981,18
DA:2982,18
DA:2983,18
DA:2984,18
DA:2987,36
DA:2988,18
DA:2989,18
DA:2990,18
DA:2991,18
DA:2992,18
DA:2993,18
DA:2994,18
DA:2995,18
DA:2996,18
DA:2999,36
DA:3000,18
DA:3001,18
DA:3002,18
DA:3003,18
DA:3004,18
DA:3005,18
DA:3006,18
DA:3007,18
DA:3008,18
DA:3009,18
DA:3012,36
DA:3013,18
DA:3014,18
DA:3015,18
DA:3016,18
DA:3017,18
DA:3018,18
DA:3019,18
DA:3020,18
DA:3021,18
DA:3022,18
DA:3025,36
DA:3026,18
DA:3027,18
DA:3028,18
DA:3029,18
DA:3030,18
DA:3031,18
DA:3032,18
DA:3033,18
DA:3036,36
DA:3037,18
DA:3038,18
DA:3039,18
DA:3040,18
DA:3041,18
DA:3042,18
DA:3043,18
DA:3044,18
DA:3047,36
DA:3048,18
DA:3049,18
DA:3050,18
DA:3051,18
DA:3052,18
DA:3053,18
DA:3054,18
DA:3055,18
DA:3058,36
DA:3059,18
DA:3060,18
DA:3061,18
DA:3062,18
DA:3063,18
DA:3064,18
DA:3065,18
DA:3066,18
DA:3067,18
DA:3070,36
DA:3071,18
DA:3072,18
DA:3073,18
DA:3074,18
DA:3075,18
DA:3076,18
DA:3077,18
DA:3078,18
DA:3079,18
DA:3082,36
DA:3083,18
DA:3084,18
DA:3085,18
DA:3086,18
DA:3087,18
DA:3088,18
DA:3089,18
DA:3090,18
DA:3093,36
DA:3094,18
DA:3095,18
DA:3096,18
DA:3097,18
DA:3098,18
DA:3099,18
DA:3100,18
DA:3101,18
DA:3104,36
DA:3105,18
DA:3106,18
DA:3107,18
DA:3108,18
DA:3109,18
DA:3110,18
DA:3113,36
DA:3114,18
DA:3115,18
DA:3116,18
DA:3117,18
DA:3118,18
DA:3119,18
DA:3122,36
DA:3123,18
DA:3124,18
DA:3125,18
DA:3126,18
DA:3127,18
DA:3128,18
DA:3129,18
DA:3132,36
DA:3133,18
DA:3134,18
DA:3135,18
DA:3136,18
DA:3137,18
DA:3138,18
DA:3139,18
DA:3140,18
DA:3141,18
DA:3144,36
DA:3145,18
DA:3146,18
DA:3147,18
DA:3148,18
DA:3149,18
DA:3150,18
DA:3151,18
DA:3154,36
DA:3155,18
DA:3156,18
DA:3157,18
DA:3158,18
DA:3159,18
DA:3160,18
DA:3161,18
DA:3162,18
DA:3163,18
DA:3166,36
DA:3167,18
DA:3168,18
DA:3169,18
DA:3170,18
DA:3171,18
DA:3172,18
DA:3173,18
DA:3174,18
DA:3175,18
DA:3178,36
DA:3179,18
DA:3180,18
DA:3181,18
DA:3182,18
DA:3183,18
DA:3184,18
DA:3185,18
DA:3186,18
DA:3187,18
DA:3188,18
DA:3191,36
DA:3192,18
DA:3193,18
DA:3194,18
DA:3195,18
DA:3196,18
DA:3197,18
DA:3198,18
DA:3199,18
DA:3200,18
DA:3201,18
DA:3204,36
DA:3205,18
DA:3206,18
DA:3207,18
DA:3208,18
DA:3209,18
DA:3210,18
DA:3211,18
DA:3212,18
DA:3215,36
DA:3216,18
DA:3217,18
DA:3218,18
DA:3219,18
DA:3220,18
DA:3221,18
DA:3222,18
DA:3223,18
DA:3226,36
DA:3227,18
DA:3228,18
DA:3229,18
DA:3230,18
DA:3231,18
DA:3232,18
DA:3233,18
DA:3234,18
DA:3237,36
DA:3238,18
DA:3239,18
DA:3240,18
DA:3241,18
DA:3242,18
DA:3243,18
DA:3244,18
DA:3245,18
DA:3246,18
DA:3249,36
DA:3250,18
DA:3251,18
DA:3252,18
DA:3253,18
DA:3254,18
DA:3255,18
DA:3256,18
DA:3257,18
DA:3258,18
DA:3261,36
DA:3262,18
DA:3263,18
DA:3264,18
DA:3265,18
DA:3266,18
DA:3267,18
DA:3268,18
DA:3269,18
DA:3272,36
DA:3273,18
DA:3274,18
DA:3275,18
DA:3276,18
DA:3277,18
DA:3278,18
DA:3279,18
DA:3280,18
DA:3283,36
DA:3284,18
DA:3285,18
DA:3286,18
DA:3287,18
DA:3288,18
DA:3289,18
DA:3292,36
DA:3293,18
DA:3294,18
DA:3295,18
DA:3296,18
DA:3297,18
DA:3298,18
DA:3301,36
DA:3302,18
DA:3303,18
DA:3304,18
DA:3305,18
DA:3306,18
DA:3307,18
DA:3308,18
DA:3311,36
DA:3312,18
DA:3313,18
DA:3314,18
DA:3315,18
DA:3316,18
DA:3317,18
DA:3318,18
DA:3319,18
DA:3322,36
DA:3323,18
DA:3324,18
DA:3325,18
DA:3326,18
DA:3327,18
DA:3328,18
DA:3329,18
DA:3330,18
DA:3331,18
DA:3334,36
DA:3335,18
DA:3336,18
DA:3337,18
DA:3338,18
DA:3339,18
DA:3340,18
DA:3341,18
DA:3342,18
DA:3343,18
DA:3346,36
DA:3347,18
DA:3348,18
DA:3349,18
DA:3350,18
DA:3351,18
DA:3352,18
DA:3353,18
DA:3354,18
DA:3355,18
DA:3358,36
DA:3359,18
DA:3360,18
DA:3361,18
DA:3362,18
DA:3363,18
DA:3364,18
DA:3365,18
DA:3366,18
DA:3367,18
DA:3368,18
DA:3371,36
DA:3372,18
DA:3373,18
DA:3374,18
DA:3375,18
DA:3376,18
DA:3377,18
DA:3378,18
DA:3379,18
DA:3380,18
DA:3381,18
DA:3384,36
DA:3385,18
DA:3386,18
DA:3387,18
DA:3388,18
DA:3389,18
DA:3390,18
DA:3391,18
DA:3392,18
DA:3394,36
DA:3395,18
DA:3396,18
DA:3397,18
DA:3398,18
DA:3399,18
DA:3400,18
DA:3401,18
DA:3402,18
DA:3405,36
DA:3406,18
DA:3407,18
DA:3408,18
DA:3409,18
DA:3410,18
DA:3411,18
DA:3412,18
DA:3413,18
DA:3416,36
DA:3417,18
DA:3418,18
DA:3419,18
DA:3420,18
DA:3421,18
DA:3422,18
DA:3423,18
DA:3424,18
DA:3425,18
DA:3428,36
DA:3429,18
DA:3430,18
DA:3431,18
DA:3432,18
DA:3433,18
DA:3434,18
DA:3435,18
DA:3436,18
DA:3437,18
DA:3440,36
DA:3441,18
DA:3442,18
DA:3443,18
DA:3444,18
DA:3445,18
DA:3446,18
DA:3447,18
DA:3448,18
DA:3451,36
DA:3452,18
DA:3453,18
DA:3454,18
DA:3455,18
DA:3456,18
DA:3457,18
DA:3458,18
DA:3459,18
DA:3462,36
DA:3463,18
DA:3464,18
DA:3465,18
DA:3466,18
DA:3467,18
DA:3468,18
DA:3471,36
DA:3472,18
DA:3473,18
DA:3474,18
DA:3475,18
DA:3476,18
DA:3477,18
DA:3480,36
DA:3481,18
DA:3482,18
DA:3483,18
DA:3484,18
DA:3485,18
DA:3486,18
DA:3487,18
DA:3490,36
DA:3491,18
DA:3492,18
DA:3493,18
DA:3494,18
DA:3495,18
DA:3496,18
DA:3497,18
DA:3498,18
DA:3501,36
DA:3502,18
DA:3503,18
DA:3504,18
DA:3505,18
DA:3506,18
DA:3507,18
DA:3508,18
DA:3509,18
DA:3510,18
DA:3513,36
DA:3514,18
DA:3515,18
DA:3516,18
DA:3517,18
DA:3518,18
DA:3519,18
DA:3520,18
DA:3521,18
DA:3522,18
DA:3523,18
DA:3524,18
DA:3525,18
DA:3528,36
DA:3529,18
DA:3530,18
DA:3531,18
DA:3532,18
DA:3533,18
DA:3534,18
DA:3535,18
DA:3536,18
DA:3537,18
DA:3540,36
DA:3541,18
DA:3542,18
DA:3543,18
DA:3544,18
DA:3545,18
DA:3546,18
DA:3547,18
DA:3548,18
DA:3549,18
DA:3550,18
DA:3551,18
DA:3552,18
DA:3555,36
DA:3556,18
DA:3557,18
DA:3558,18
DA:3559,18
DA:3560,18
DA:3561,18
DA:3562,18
DA:3563,18
DA:3564,18
DA:3565,18
DA:3568,36
DA:3569,18
DA:3570,18
DA:3571,18
DA:3572,18
DA:3573,18
DA:3574,18
DA:3575,18
DA:3576,18
DA:3578,36
DA:3579,18
DA:3580,18
DA:3581,18
DA:3582,18
DA:3583,18
DA:3584,18
DA:3585,18
DA:3586,18
DA:3589,36
DA:3590,18
DA:3591,18
DA:3592,18
DA:3593,18
DA:3594,18
DA:3595,18
DA:3596,18
DA:3597,18
DA:3600,36
DA:3601,18
DA:3602,18
DA:3603,18
DA:3604,18
DA:3605,18
DA:3606,18
DA:3607,18
DA:3608,18
DA:3609,18
DA:3612,36
DA:3613,18
DA:3614,18
DA:3615,18
DA:3616,18
DA:3617,18
DA:3618,18
DA:3619,18
DA:3620,18
DA:3621,18
DA:3624,36
DA:3625,18
DA:3626,18
DA:3627,18
DA:3628,18
DA:3629,18
DA:3630,18
DA:3631,18
DA:3632,18
DA:3635,36
DA:3636,18
DA:3637,18
DA:3638,18
DA:3639,18
DA:3640,18
DA:3641,18
DA:3642,18
DA:3643,18
DA:3646,36
DA:3647,18
DA:3648,18
DA:3649,18
DA:3650,18
DA:3651,18
DA:3652,18
DA:3655,36
DA:3656,18
DA:3657,18
DA:3658,18
DA:3659,18
DA:3660,18
DA:3661,18
DA:3664,36
DA:3665,18
DA:3666,18
DA:3667,18
DA:3668,18
DA:3669,18
DA:3670,18
DA:3671,18
DA:3674,36
DA:3675,18
DA:3676,18
DA:3677,18
DA:3678,18
DA:3679,18
DA:3680,18
DA:3681,18
DA:3682,18
DA:3685,36
DA:3686,18
DA:3687,18
DA:3688,18
DA:3689,18
DA:3690,18
DA:3691,18
DA:3692,18
DA:3693,18
DA:3694,18
DA:3697,36
DA:3698,18
DA:3699,18
DA:3700,18
DA:3701,18
DA:3702,18
DA:3703,18
DA:3704,18
DA:3705,18
DA:3706,18
DA:3707,18
DA:3708,18
DA:3709,18
DA:3712,36
DA:3713,18
DA:3714,18
DA:3715,18
DA:3716,18
DA:3717,18
DA:3718,18
DA:3719,18
DA:3720,18
DA:3721,18
DA:3724,36
DA:3725,18
DA:3726,18
DA:3727,18
DA:3728,18
DA:3729,18
DA:3730,18
DA:3731,18
DA:3732,18
DA:3733,18
DA:3734,18
DA:3735,18
DA:3736,18
DA:3739,36
DA:3740,18
DA:3741,18
DA:3742,18
DA:3743,18
DA:3744,18
DA:3745,18
DA:3746,18
DA:3747,18
DA:3748,18
DA:3749,18
DA:3752,36
DA:3753,18
DA:3754,18
DA:3755,18
DA:3756,18
DA:3757,18
DA:3758,18
DA:3759,18
DA:3760,18
DA:3762,36
DA:3763,18
DA:3764,18
DA:3765,18
DA:3766,18
DA:3767,18
DA:3768,18
DA:3769,18
DA:3770,18
DA:3773,36
DA:3774,18
DA:3775,18
DA:3776,18
DA:3777,18
DA:3778,18
DA:3779,18
DA:3780,18
DA:3781,18
DA:3784,36
DA:3785,18
DA:3786,18
DA:3787,18
DA:3788,18
DA:3789,18
DA:3790,18
DA:3791,18
DA:3792,18
DA:3793,18
DA:3796,36
DA:3797,18
DA:3798,18
DA:3799,18
DA:3800,18
DA:3801,18
DA:3802,18
DA:3803,18
DA:3804,18
DA:3805,18
DA:3808,36
DA:3809,18
DA:3810,18
DA:3811,18
DA:3812,18
DA:3813,18
DA:3814,18
DA:3815,18
DA:3816,18
DA:3819,36
DA:3820,18
DA:3821,18
DA:3822,18
DA:3823,18
DA:3824,18
DA:3825,18
DA:3826,18
DA:3827,18
DA:3830,36
DA:3831,18
DA:3832,18
DA:3833,18
DA:3834,18
DA:3835,18
DA:3836,18
DA:3839,36
DA:3840,18
DA:3841,18
DA:3842,18
DA:3843,18
DA:3844,18
DA:3845,18
DA:3848,36
DA:3849,18
DA:3850,18
DA:3851,18
DA:3852,18
DA:3853,18
DA:3854,18
DA:3855,18
DA:3858,36
DA:3859,18
DA:3860,18
DA:3861,18
DA:3862,18
DA:3863,18
DA:3864,18
DA:3865,18
DA:3866,18
DA:3869,36
DA:3870,18
DA:3871,18
DA:3872,18
DA:3873,18
DA:3874,18
DA:3875,18
DA:3876,18
DA:3877,18
DA:3878,18
DA:3879,18
DA:3880,18
DA:3881,18
DA:3882,18
DA:3883,18
DA:3886,36
DA:3887,18
DA:3888,18
DA:3889,18
DA:3890,18
DA:3891,18
DA:3892,18
DA:3893,18
DA:3894,18
DA:3895,18
DA:3898,36
DA:3899,18
DA:3900,18
DA:3901,18
DA:3902,18
DA:3903,18
DA:3904,18
DA:3905,18
DA:3906,18
DA:3907,18
DA:3910,36
DA:3911,18
DA:3912,18
DA:3913,18
DA:3914,18
DA:3915,18
DA:3916,18
DA:3917,18
DA:3918,18
DA:3919,18
DA:3920,18
DA:3921,18
DA:3924,36
DA:3925,18
DA:3926,18
DA:3927,18
DA:3928,18
DA:3929,18
DA:3930,18
DA:3931,18
DA:3932,18
DA:3933,18
DA:3934,18
DA:3937,36
DA:3938,18
DA:3939,18
DA:3940,18
DA:3941,18
DA:3942,18
DA:3943,18
DA:3944,18
DA:3945,18
DA:3946,18
DA:3949,36
DA:3950,18
DA:3951,18
DA:3952,18
DA:3953,18
DA:3954,18
DA:3955,18
DA:3956,18
DA:3957,18
DA:3960,36
DA:3961,18
DA:3962,18
DA:3963,18
DA:3964,18
DA:3965,18
DA:3966,18
DA:3967,18
DA:3968,18
DA:3971,36
DA:3972,18
DA:3973,18
DA:3974,18
DA:3975,18
DA:3976,18
DA:3977,18
DA:3978,18
DA:3979,18
DA:3982,36
DA:3983,18
DA:3984,18
DA:3985,18
DA:3986,18
DA:3987,18
DA:3988,18
DA:3989,18
DA:3990,18
DA:3991,18
DA:3994,36
DA:3995,18
DA:3996,18
DA:3997,18
DA:3998,18
DA:3999,18
DA:4000,18
DA:4001,18
DA:4002,18
DA:4003,18
DA:4006,36
DA:4007,18
DA:4008,18
DA:4009,18
DA:4010,18
DA:4011,18
DA:4012,18
DA:4013,18
DA:4014,18
DA:4017,36
DA:4018,18
DA:4019,18
DA:4020,18
DA:4021,18
DA:4022,18
DA:4023,18
DA:4024,18
DA:4025,18
DA:4027,162
DA:4028,162
DA:4029,162
DA:4030,162
DA:4031,18
DA:4033,144
DA:4034,144
DA:4035,144
DA:4036,522
DA:4037,1836
DA:4038,1422
DA:4039,1422
DA:4041,414
DA:4042,36
DA:4043,36
DA:4045,378
DA:4046,378
DA:4047,378
DA:4048,378
DA:4049,378
DA:4051,108
DA:4052,108
DA:4053,450
DA:4054,342
DA:4056,108
DA:4057,108
DA:4058,108
DA:4059,378
DA:4060,270
DA:4061,270
DA:4062,90
DA:4063,90
DA:4065,180
DA:4066,180
DA:4067,180
DA:4068,18
DA:4069,18
DA:4071,162
DA:4072,162
DA:4073,162
DA:4074,162
DA:4075,216
DA:4076,108
DA:4077,108
DA:4078,54
DA:4080,54
DA:4081,54
DA:4082,54
DA:4083,54
DA:4084,54
DA:4085,54
DA:4086,126
DA:4087,72
DA:4090,54
DA:4091,54
DA:4092,54
DA:4094,54
DA:4095,54
DA:4098,108
DA:4099,108
DA:4102,6
DA:4104,6
DA:4107,6
DA:4108,6
LF:3252
LH:3252
end_of_record
TN:
SF:/home/user/code/c/tests/vm/v1/test_vm_v1.c
FN:42,test_set_up
FN:49,test_tear_down
FN:56,rxp_fixture_update_fn_test_fixture
FN:59,tests_test_vm_read_type_0
FN:59,rxp_test_case_config_blueprint_update_fn_tests_test_vm_read_type_0
FN:65,tests_test_vm_destroy_0
FN:65,rxp_test_case_config_blueprint_update_fn_tests_test_vm_destroy_0
FN:72,tests_test_vm_destroy_null
FN:72,rxp_test_case_config_blueprint_update_fn_tests_test_vm_destroy_null
FN:80,tests_test_vm_alloc_user
FN:80,rxp_test_case_config_blueprint_update_fn_tests_test_vm_alloc_user
FN:91,tests_test_vm_read_data
FN:91,rxp_test_case_config_blueprint_update_fn_tests_test_vm_read_data
FN:102,rxp_test_case_config_blueprint_update_fn_tests_test_vm_read_1
FN:102,tests_test_vm_read_1
FN:113,tests_test_vm_read_9
FN:113,rxp_test_case_config_blueprint_update_fn_tests_test_vm_read_9
FN:124,rxp_test_case_config_blueprint_update_fn_tests_test_virtual_free_0
FN:124,tests_test_virtual_free_0
FN:129,tests_test_vm_free_0
FN:129,rxp_test_case_config_blueprint_update_fn_tests_test_vm_free_0
FN:135,rxp_test_case_config_blueprint_update_fn_tests_test_vm_read_0
FN:135,tests_test_vm_read_0
FN:141,rxp_test_case_config_blueprint_update_fn_tests_test_vm_init_0
FN:141,tests_test_vm_init_0
FN:146,tests_test_vm_read_type_1
FN:146,rxp_test_case_config_blueprint_update_fn_tests_test_vm_read_type_1
FN:152,rxp_test_case_config_blueprint_update_fn_tests_test_vm_write_0
FN:152,tests_test_vm_write_0
FN:158,tests_test_vm_read_type_write_1_read_1
FN:158,rxp_test_case_config_blueprint_update_fn_tests_test_vm_read_type_write_1_read_1
FN:169,rxp_test_case_config_blueprint_update_fn_tests_test_vm_read_type_write_1_read_2
FN:169,tests_test_vm_read_type_write_1_read_2
FN:191,test_pointer_set_up
FN:195,test_pointer_tear_down
FN:200,rxp_fixture_update_fn_test_pointer_fixture
FN:203,tests_test_list
FN:203,rxp_test_case_config_blueprint_update_fn_tests_test_list
FN:212,tests_test_list_user
FN:212,rxp_test_case_config_blueprint_update_fn_tests_test_list_user
FN:224,tests_test_list_data
FN:224,rxp_test_case_config_blueprint_update_fn_tests_test_list_data
FN:236,rxp_test_case_config_blueprint_update_fn_tests_test_list_free_user_free
FN:236,tests_test_list_free_user_free
FN:248,tests_test_user_free_0
FN:248,rxp_test_case_config_blueprint_update_fn_tests_test_user_free_0
FN:255,run
FNDA:18,tests_test_vm_read_data
FNDA:18,tests_test_vm_read_type_write_1_read_2
FNDA:90,test_pointer_tear_down
FNDA:18,rxp_test_case_config_blueprint_update_fn_tests_test_list_free_user_free
FNDA:18,tests_test_list_free_user_free
FNDA:18,rxp_test_case_config_blueprint_update_fn_tests_test_vm_destroy_null
FNDA:18,rxp_test_case_config_blueprint_update_fn_tests_test_vm_read_type_write_1_read_1
FNDA:90,rxp_fixture_update_fn_test_pointer_fixture
FNDA:18,tests_test_vm_init_0
FNDA:18,rxp_test_case_config_blueprint_update_fn_tests_test_vm_read_data
FNDA:18,rxp_test_case_config_blueprint_update_fn_tests_test_vm_init_0
FNDA:18,rxp_test_case_config_blueprint_update_fn_tests_test_list
FNDA:18,rxp_test_case_config_blueprint_update_fn_tests_test_vm_read_type_1
FNDA:18,rxp_test_case_config_blueprint_update_fn_tests_test_vm_read_type_0
FNDA:90,test_pointer_set_up
FNDA:18,rxp_test_case_config_blueprint_update_fn_tests_test_vm_read_9
FNDA:18,tests_test_vm_write_0
FNDA:270,test_set_up
FNDA:18,rxp_test_case_config_blueprint_update_fn_tests_test_vm_destroy_0
FNDA:18,tests_test_virtual_free_0
FNDA:18,tests_test_vm_read_1
FNDA:270,rxp_fixture_update_fn_test_fixture
FNDA:18,rxp_test_case_config_blueprint_update_fn_tests_test_user_free_0
FNDA:6,run
FNDA:18,rxp_test_case_config_blueprint_update_fn_tests_test_vm_read_0
FNDA:18,tests_test_list_user
FNDA:18,tests_test_list
FNDA:18,tests_test_list_data
FNDA:18,tests_test_vm_destroy_null
FNDA:18,rxp_test_case_config_blueprint_update_fn_tests_test_vm_write_0
FNDA:18,rxp_test_case_config_blueprint_update_fn_tests_test_virtual_free_0
FNDA:18,rxp_test_case_config_blueprint_update_fn_tests_test_vm_read_type_write_1_read_2
FNDA:18,tests_test_vm_read_9
FNDA:18,rxp_test_case_config_blueprint_update_fn_tests_test_list_data
FNDA:18,rxp_test_case_config_blueprint_update_fn_tests_test_vm_free_0
FNDA:18,tests_test_vm_destroy_0
FNDA:18,tests_test_vm_alloc_user
FNDA:18,tests_test_vm_read_0
FNDA:18,tests_test_vm_read_type_write_1_read_1
FNDA:18,tests_test_vm_free_0
FNDA:18,tests_test_user_free_0
FNDA:18,tests_test_vm_read_type_1
FNDA:18,rxp_test_case_config_blueprint_update_fn_tests_test_vm_read_1
FNDA:18,rxp_test_case_config_blueprint_update_fn_tests_test_vm_alloc_user
FNDA:270,test_tear_down
FNDA:18,rxp_test_case_config_blueprint_update_fn_tests_test_list_user
FNDA:18,tests_test_vm_read_type_0
FNF:47
FNH:47
DA:42,270
DA:43,270
DA:44,270
DA:45,270
DA:46,270
DA:49,270
DA:50,270
DA:51,270
DA:52,270
DA:53,270
DA:56,270
DA:59,36
DA:60,18
DA:61,18
DA:62,18
DA:65,36
DA:66,18
DA:67,18
DA:68,18
DA:69,18
DA:72,36
DA:73,18
DA:74,18
DA:75,18
DA:76,18
DA:77,18
DA:80,36
DA:81,18
DA:82,18
DA:83,18
DA:84,18
DA:85,18
DA:86,18
DA:87,18
DA:88,18
DA:91,36
DA:92,18
DA:93,18
DA:94,18
DA:95,18
DA:96,18
DA:97,18
DA:98,18
DA:99,18
DA:102,36
DA:103,18
DA:104,18
DA:105,18
DA:106,18
DA:107,18
DA:108,18
DA:109,18
DA:110,18
DA:113,36
DA:114,18
DA:115,18
DA:116,18
DA:117,18
DA:118,18
DA:119,18
DA:120,18
DA:121,18
DA:124,36
DA:125,18
DA:126,18
DA:129,36
DA:130,18
DA:132,18
DA:135,36
DA:136,18
DA:137,18
DA:138,18
DA:141,36
DA:143,18
DA:146,36
DA:147,18
DA:148,18
DA:149,18
DA:152,36
DA:153,18
DA:154,18
DA:155,18
DA:158,36
DA:159,18
DA:160,18
DA:161,18
DA:162,18
DA:163,18
DA:164,18
DA:165,18
DA:166,18
DA:169,36
DA:170,18
DA:171,18
DA:172,18
DA:173,18
DA:174,18
DA:175,18
DA:176,18
DA:177,18
DA:191,90
DA:192,90
DA:195,90
DA:197,90
DA:200,90
DA:203,36
DA:204,18
DA:205,18
DA:206,18
DA:207,18
DA:208,18
DA:209,18
DA:212,36
DA:213,18
DA:214,18
DA:215,18
DA:216,18
DA:217,18
DA:218,18
DA:219,18
DA:220,18
DA:221,18
DA:224,36
DA:225,18
DA:226,18
DA:227,18
DA:228,18
DA:229,18
DA:230,18
DA:231,18
DA:232,18
DA:233,18
DA:236,36
DA:237,18
DA:238,18
DA:239,18
DA:240,18
DA:241,18
DA:242,18
DA:243,18
DA:244,18
DA:245,18
DA:248,36
DA:249,18
DA:250,18
DA:251,18
DA:252,18
DA:253,18
DA:255,6
DA:257,6
DA:261,6
DA:264,6
DA:265,6
LF:153
LH:153
end_of_record
