TN:
SF:/home/user/code/c/src/common/memory_v1.c
FN:63,memory_alloc
FN:78,memory_free
FN:93,memory_realloc
FN:110,memory_set
FN:134,global_statistics
FNDA:71556,memory_set
FNDA:6,global_statistics
FNDA:71598,memory_alloc
FNDA:71556,memory_free
FNDA:234,memory_realloc
FNF:5
FNH:5
DA:63,71598
DA:64,71598
DA:65,71598
DA:66,71598
DA:68,71598
DA:69,71598
DA:75,71598
DA:78,71556
DA:79,71556
DA:81,71556
DA:83,71556
DA:85,71556
DA:91,71556
DA:93,234
DA:94,234
DA:95,234
DA:96,234
DA:101,234
DA:107,234
DA:110,71556
DA:111,71556
DA:112,71556
DA:113,71556
DA:115,71556
DA:116,71556
DA:117,71556
DA:118,71556
DA:119,71556
DA:120,71556
DA:121,71556
DA:122,71556
DA:124,71556
DA:125,5142456
DA:126,5070900
DA:128,71556
DA:129,99510
DA:130,27954
DA:131,71556
DA:134,6
DA:135,6
DA:136,6
LF:41
LH:41
end_of_record
TN:
SF:/home/user/code/c/src/list/list_v1.c
FN:64,_new
FN:70,_delete
FN:76,list_next
FN:82,list_data
FN:88,list_delete
FN:94,list_push
FN:109,list_pop
FN:133,list_peek
FN:151,list_init
FN:165,list_destroy
FN:189,list_print_head
FN:197,list_print
FNDA:14595,list_delete
FNDA:4746,list_destroy
FNDA:25860,list_next
FNDA:60,list_print_head
FNDA:9921,list_push
FNDA:10359,list_data
FNDA:4728,list_init
FNDA:120,list_print
FNDA:14595,_new
FNDA:354,list_peek
FNDA:14595,_delete
FNDA:20592,list_pop
FNF:12
FNH:12
DA:64,14595
DA:66,14595
DA:70,14595
DA:72,14595
DA:73,14595
DA:76,25860
DA:78,25860
DA:82,10359
DA:84,10359
DA:88,14595
DA:90,14595
DA:91,14595
DA:94,9921
DA:95,9921
DA:96,36
DA:99,9885
DA:101,9885
DA:103,9885
DA:105,9885
DA:109,20592
DA:110,20592
DA:111,54
DA:114,20538
DA:116,20538
DA:118,20538
DA:120,10707
DA:123,9831
DA:125,9831
DA:127,9831
DA:129,9831
DA:133,354
DA:134,354
DA:135,108
DA:138,246
DA:140,246
DA:142,246
DA:144,90
DA:147,156
DA:151,4728
DA:152,4728
DA:153,18
DA:155,4710
DA:157,4710
DA:158,4710
DA:160,4710
DA:165,4746
DA:166,4746
DA:167,36
DA:170,4710
DA:174,4764
DA:176,4764
DA:178,4764
DA:180,4764
DA:181,4764
DA:183,4710
DA:189,60
DA:191,60
DA:193,60
DA:194,60
DA:197,120
DA:199,120
DA:201,120
DA:202,120
DA:206,312
DA:208,312
DA:209,312
DA:212,120
LF:67
LH:67
end_of_record
TN:
SF:/home/user/code/c/src/vm/v1/os/os_v1.c
FN:57,os_getenv
FN:70,os_getcwd
FN:78,os_putc
FNDA:54,os_getcwd
FNDA:54,os_getenv
FNDA:2412,os_putc
FNF:3
FNH:3
DA:57,54
DA:58,54
DA:59,18
DA:61,36
DA:62,36
DA:63,18
DA:65,18
DA:66,18
DA:67,18
DA:70,54
DA:71,54
DA:72,54
DA:73,54
DA:74,54
DA:75,54
DA:78,2412
DA:79,2412
DA:80,2412
DA:81,216
DA:83,2196
LF:20
LH:20
end_of_record
TN:
SF:/home/user/code/c/src/vm/v1/pointer/pointer_v1.c
FN:136,vm_types_init
FN:145,vm_init
FN:151,vm_destroy
FN:162,pointer_free_internal
FN:169,pointer_alloc
FN:179,pointer_realloc
FN:186,pointer_register_type
FN:190,pointer_free
FN:201,pointer_release
FN:214,pointer_address
FN:222,pointer_vm
FN:230,pointer_size
FN:238,pointer_read
FN:246,pointer_write
FN:253,pointer_read_type
FN:262,pointer_init
FN:285,pointer_destroy
FN:290,pointer_gc
FNDA:5094,pointer_init
FNDA:10854,pointer_size
FNDA:234,pointer_realloc
FNDA:20727,pointer_address
FNDA:42,vm_types_init
FNDA:13212,pointer_release
FNDA:6,vm_init
FNDA:9999,pointer_free_internal
FNDA:48465,pointer_read_type
FNDA:6,vm_destroy
FNDA:12978,pointer_alloc
FNDA:5094,pointer_gc
FNDA:5094,pointer_destroy
FNDA:19467,pointer_vm
FNDA:34083,pointer_read
FNDA:42,pointer_register_type
FNDA:2385,pointer_free
FNDA:12978,pointer_write
FNF:18
FNH:18
DA:136,42
DA:137,42
DA:138,42
DA:139,42
DA:140,42
DA:141,42
DA:142,42
DA:145,6
DA:147,6
DA:149,6
DA:151,6
DA:152,48
DA:153,42
DA:154,42
DA:155,42
DA:158,6
DA:160,6
DA:162,9999
DA:163,9999
DA:164,9999
DA:165,9999
DA:167,9999
DA:169,12978
DA:170,12978
DA:171,12978
DA:172,12816
DA:173,12816
DA:175,12978
DA:176,12978
DA:179,234
DA:180,234
DA:181,234
DA:182,234
DA:184,234
DA:186,42
DA:187,42
DA:190,2385
DA:191,2385
DA:192,9
DA:194,2376
DA:195,2376
DA:196,126
DA:198,2250
DA:201,13212
DA:202,13212
DA:203,234
DA:205,12978
DA:206,12978
DA:207,12978
DA:208,12816
DA:210,12978
DA:211,12978
DA:214,20727
DA:215,20727
DA:216,20727
DA:217,20727
DA:219,20727
DA:222,19467
DA:223,19467
DA:224,19467
DA:225,19467
DA:227,19467
DA:230,10854
DA:231,10854
DA:232,10854
DA:233,10854
DA:235,10854
DA:238,34083
DA:239,34083
DA:240,34083
DA:241,34083
DA:243,34083
DA:246,12978
DA:247,12978
DA:248,12978
DA:249,12978
DA:251,12978
DA:253,48465
DA:254,48465
DA:255,48465
DA:256,31869
DA:258,48465
DA:262,5094
DA:263,5094
DA:264,5094
DA:274,5094
DA:275,40752
DA:276,35658
DA:277,35658
DA:278,35658
DA:279,35658
DA:281,35658
DA:283,5094
DA:285,5094
DA:286,5094
DA:287,5094
DA:288,5094
DA:290,5094
DA:295,5094
DA:296,5094
DA:297,12843
DA:298,7749
DA:299,7749
DA:301,5094
DA:302,5094
LF:105
LH:105
end_of_record
TN:
SF:/home/user/code/c/src/vm/v1/types/data/data_v1.c
FN:62,data_alloc
FN:68,data_free
FN:76,data_vm_free
FN:80,data_unsafe
FN:89,data_size
FN:102,init
FNDA:126,data_unsafe
FNDA:72,data_alloc
FNDA:6,init
FNDA:162,data_free
FNDA:36,data_size
FNDA:72,data_vm_free
FNF:6
FNH:6
DA:62,72
DA:63,72
DA:64,72
DA:65,72
DA:68,162
DA:69,162
DA:70,162
DA:71,108
DA:73,54
DA:76,72
DA:77,72
DA:78,72
DA:80,126
DA:81,126
DA:82,126
DA:83,90
DA:85,36
DA:86,36
DA:89,36
DA:90,36
DA:91,36
DA:92,18
DA:94,18
DA:95,18
DA:102,6
DA:103,6
DA:104,6
LF:27
LH:27
end_of_record
TN:
SF:/home/user/code/c/src/vm/v1/types/file/file_v1.c
FN:68,file_alloc
FN:99,file_free
FN:107,file_vm_free
FN:116,file_data
FN:137,init
FNDA:54,file_free
FNDA:468,file_alloc
FNDA:6,init
FNDA:18,file_vm_free
FNDA:72,file_data
FNF:5
FNH:5
DA:68,468
DA:69,468
DA:70,90
DA:72,378
DA:73,198
DA:75,180
DA:76,180
DA:77,54
DA:79,126
DA:80,126
DA:81,54
DA:83,72
DA:84,72
DA:85,72
DA:86,72
DA:87,54
DA:89,18
DA:90,18
DA:91,18
DA:93,18
DA:95,18
DA:96,18
DA:99,54
DA:100,54
DA:101,54
DA:102,36
DA:104,18
DA:107,18
DA:108,18
DA:109,18
DA:110,18
DA:111,18
DA:113,18
DA:114,18
DA:116,72
DA:117,72
DA:118,72
DA:119,54
DA:121,18
DA:122,18
DA:123,18
DA:124,18
DA:125,18
DA:126,18
DA:127,18
DA:128,18
DA:129,18
DA:130,18
DA:137,6
DA:138,6
DA:139,6
LF:51
LH:51
end_of_record
TN:
SF:/home/user/code/c/src/vm/v1/types/list/list_v1.c
FN:77,list_alloc_internal
FN:85,list_release_internal
FN:92,list_alloc
FN:98,list_release
FN:108,list_free
FN:116,list_vm_free
FN:124,list_push
FN:143,list_peek
FN:153,list_peekn
FN:180,list_pop
FN:194,list_popn
FN:219,list_size
FN:233,init
FNDA:72,list_peekn
FNDA:1602,list_alloc
FNDA:684,list_free
FNDA:6,init
FNDA:144,list_size
FNDA:108,list_peek
FNDA:1098,list_pop
FNDA:1746,list_release_internal
FNDA:72,list_popn
FNDA:3402,list_push
FNDA:1638,list_vm_free
FNDA:126,list_release
FNDA:1638,list_alloc_internal
FNF:13
FNH:13
DA:77,1638
DA:78,1638
DA:79,1638
DA:80,1638
DA:81,1638
DA:82,1638
DA:85,1746
DA:86,1746
DA:87,4122
DA:88,2376
DA:90,1746
DA:92,1602
DA:93,1602
DA:94,1602
DA:95,1602
DA:98,126
DA:99,126
DA:100,126
DA:101,18
DA:103,108
DA:104,108
DA:105,108
DA:108,684
DA:109,684
DA:110,684
DA:111,72
DA:113,612
DA:116,1638
DA:117,1638
DA:118,1638
DA:119,1638
DA:120,1638
DA:121,1638
DA:122,1638
DA:124,3402
DA:125,3402
DA:126,18
DA:128,3384
DA:129,18
DA:131,3366
DA:132,162
DA:134,3204
DA:135,3204
DA:136,18
DA:138,3186
DA:139,3186
DA:140,3186
DA:143,108
DA:144,108
DA:145,108
DA:146,36
DA:148,72
DA:149,72
DA:150,72
DA:153,72
DA:154,72
DA:155,72
DA:156,18
DA:158,54
DA:159,54
DA:160,54
DA:161,18
DA:163,36
DA:164,18
DA:166,18
DA:167,18
DA:168,18
DA:169,36
DA:170,18
DA:171,18
DA:172,18
DA:173,18
DA:174,18
DA:176,18
DA:177,18
DA:180,1098
DA:181,1098
DA:182,1098
DA:183,36
DA:185,1062
DA:186,1062
DA:187,234
DA:189,828
DA:190,828
DA:191,828
DA:194,72
DA:195,72
DA:196,72
DA:197,18
DA:199,54
DA:200,54
DA:201,54
DA:202,18
DA:204,36
DA:205,18
DA:207,18
DA:208,18
DA:209,18
DA:210,36
DA:211,18
DA:212,18
DA:213,18
DA:215,18
DA:216,18
DA:219,144
DA:220,144
DA:221,144
DA:222,18
DA:224,126
DA:225,126
DA:226,126
DA:233,6
DA:234,6
DA:235,6
LF:114
LH:114
end_of_record
TN:
SF:/home/user/code/c/src/vm/v1/types/object/object_v1.c
FN:62,object_alloc
FN:71,object_free
FN:79,object_vm_free
FN:83,object_unsafe
FN:92,object_load
FN:105,object_size
FN:118,init
FNDA:90,object_alloc
FNDA:108,object_load
FNDA:72,object_unsafe
FNDA:6,init
FNDA:126,object_free
FNDA:90,object_vm_free
FNDA:180,object_size
FNF:7
FNH:7
DA:62,90
DA:63,90
DA:64,72
DA:66,18
DA:67,18
DA:68,18
DA:71,126
DA:72,126
DA:73,126
DA:74,72
DA:76,54
DA:79,90
DA:80,90
DA:81,90
DA:83,72
DA:84,72
DA:85,72
DA:86,54
DA:88,18
DA:89,18
DA:92,108
DA:93,108
DA:94,18
DA:96,90
DA:97,18
DA:99,72
DA:100,72
DA:101,72
DA:102,72
DA:105,180
DA:106,180
DA:107,180
DA:108,108
DA:110,72
DA:111,72
DA:118,6
DA:119,6
DA:120,6
LF:38
LH:38
end_of_record
TN:
SF:/home/user/code/c/src/vm/v1/types/string/string_v1.c
FN:91,string_pointer_internal
FN:121,string_strrchr_internal
FN:140,string_strchr_internal
FN:160,string_free
FN:178,string_vm_free
FN:182,string_copy
FN:200,string_strcpy
FN:227,string_strcat
FN:256,string_strrchr
FN:287,string_strchr
FN:318,string_match
FN:374,string_offset
FN:445,string_load
FN:459,string_put_char
FN:474,string_unsafe
FN:489,string_size
FN:503,string_lessthan
FN:536,string_greaterthan
FN:569,string_equals
FN:602,string_compare
FN:632,string_left
FN:654,string_strncpy
FN:675,string_left_strncpy
FN:696,string_right
FN:718,string_move_left
FN:740,string_move_right
FN:762,string_strcmp
FN:796,init
FNDA:414,string_strcpy
FNDA:126,string_strrchr
FNDA:9630,string_load
FNDA:288,string_move_right
FNDA:2160,string_offset
FNDA:432,string_match
FNDA:288,string_left_strncpy
FNDA:234,string_copy
FNDA:234,string_greaterthan
FNDA:288,string_right
FNDA:234,string_equals
FNDA:10062,string_pointer_internal
FNDA:2520,string_free
FNDA:3780,string_unsafe
FNDA:342,string_left
FNDA:414,string_strchr
FNDA:288,string_move_left
FNDA:378,string_strncpy
FNDA:270,string_strchr_internal
FNDA:54,string_strrchr_internal
FNDA:864,string_size
FNDA:9756,string_vm_free
FNDA:234,string_strcmp
FNDA:360,string_lessthan
FNDA:234,string_compare
FNDA:306,string_put_char
FNDA:6,init
FNDA:630,string_strcat
FNF:28
FNH:28
DA:91,10062
DA:92,10062
DA:93,10062
DA:94,10062
DA:95,954
DA:97,9108
DA:98,6966
DA:100,9108
DA:101,2142
DA:102,3348
DA:103,3168
DA:104,1962
DA:106,1206
DA:107,1206
DA:109,2142
DA:110,2142
DA:111,180
DA:113,1962
DA:115,8928
DA:116,8928
DA:117,8928
DA:118,8928
DA:121,54
DA:122,54
DA:123,54
DA:124,54
DA:125,54
DA:126,684
DA:127,630
DA:128,108
DA:130,630
DA:131,630
DA:133,54
DA:134,18
DA:136,36
DA:137,36
DA:140,270
DA:141,270
DA:142,270
DA:143,270
DA:144,270
DA:145,1026
DA:146,756
DA:147,198
DA:149,756
DA:150,756
DA:152,270
DA:153,72
DA:155,198
DA:156,198
DA:160,2520
DA:161,2520
DA:162,2520
DA:163,495
DA:165,2025
DA:166,1710
DA:167,1710
DA:169,315
DA:170,243
DA:171,243
DA:172,243
DA:173,243
DA:174,243
DA:178,9756
DA:179,9756
DA:180,9756
DA:182,234
DA:183,234
DA:184,234
DA:185,54
DA:187,180
DA:188,180
DA:189,180
DA:190,180
DA:191,18
DA:193,162
DA:194,162
DA:195,162
DA:196,162
DA:197,162
DA:200,414
DA:201,414
DA:202,270
DA:204,360
DA:205,360
DA:206,198
DA:208,162
DA:209,162
DA:210,72
DA:212,90
DA:213,90
DA:214,90
DA:215,90
DA:216,54
DA:218,36
DA:219,36
DA:220,36
DA:221,18
DA:223,36
DA:224,36
DA:227,630
DA:228,630
DA:229,294
DA:231,576
DA:232,576
DA:233,252
DA:235,324
DA:236,324
DA:237,72
DA:239,252
DA:240,252
DA:241,252
DA:242,252
DA:243,36
DA:245,216
DA:246,216
DA:247,216
DA:248,216
DA:249,216
DA:250,216
DA:252,216
DA:253,216
DA:256,126
DA:257,126
DA:258,126
DA:259,36
DA:261,90
DA:262,90
DA:263,90
DA:264,90
DA:265,18
DA:267,72
DA:268,72
DA:269,18
DA:271,54
DA:272,54
DA:273,54
DA:274,54
DA:275,18
DA:277,36
DA:278,36
DA:279,36
DA:280,36
DA:281,36
DA:282,36
DA:283,36
DA:284,36
DA:287,414
DA:288,414
DA:289,414
DA:290,54
DA:292,360
DA:293,360
DA:294,360
DA:295,360
DA:296,72
DA:298,288
DA:299,288
DA:300,18
DA:302,270
DA:303,270
DA:304,270
DA:305,270
DA:306,72
DA:308,198
DA:309,198
DA:310,198
DA:311,198
DA:312,198
DA:313,198
DA:314,198
DA:315,198
DA:318,432
DA:319,432
DA:320,432
DA:321,36
DA:323,396
DA:324,396
DA:325,396
DA:326,396
DA:327,18
DA:329,378
DA:330,378
DA:331,18
DA:333,360
DA:334,360
DA:335,360
DA:336,360
DA:337,360
DA:338,360
DA:339,432
DA:340,990
DA:341,558
DA:342,558
DA:344,432
DA:345,54
DA:347,378
DA:348,90
DA:350,288
DA:351,1026
DA:352,810
DA:353,72
DA:354,72
DA:355,72
DA:357,738
DA:358,738
DA:360,288
DA:363,72
DA:365,216
DA:366,216
DA:367,216
DA:368,216
DA:369,216
DA:370,216
DA:371,216
DA:374,2160
DA:375,2160
DA:376,2160
DA:377,342
DA:379,1818
DA:380,1818
DA:381,1818
DA:382,1818
DA:383,378
DA:385,1440
DA:386,1440
DA:387,216
DA:389,1224
DA:390,1224
DA:391,1224
DA:392,1224
DA:393,1224
DA:394,1224
DA:395,1224
DA:396,10638
DA:397,9414
DA:398,2142
DA:400,9414
DA:402,1224
DA:403,1224
DA:404,1224
DA:405,36
DA:407,1188
DA:408,1188
DA:409,1188
DA:410,1206
DA:411,1296
DA:412,90
DA:413,90
DA:415,1206
DA:416,18
DA:418,1188
DA:419,54
DA:421,1134
DA:422,3546
DA:423,2430
DA:424,18
DA:425,18
DA:426,18
DA:428,2412
DA:429,2412
DA:431,1134
DA:434,18
DA:436,1116
DA:437,1116
DA:438,1116
DA:439,1116
DA:440,1116
DA:441,1116
DA:442,1116
DA:445,9630
DA:446,9630
DA:447,36
DA:449,9594
DA:450,684
DA:452,8910
DA:453,8910
DA:454,8910
DA:455,8910
DA:456,8910
DA:459,306
DA:460,306
DA:461,306
DA:462,210
DA:464,144
DA:465,144
DA:466,144
DA:467,144
DA:468,72
DA:470,72
DA:471,72
DA:474,3780
DA:475,3780
DA:476,3780
DA:477,234
DA:479,3546
DA:480,3546
DA:481,3546
DA:482,3546
DA:483,90
DA:485,3456
DA:486,3456
DA:489,864
DA:490,864
DA:491,864
DA:492,144
DA:494,720
DA:495,720
DA:496,720
DA:497,720
DA:498,18
DA:500,702
DA:503,360
DA:504,360
DA:505,36
DA:507,324
DA:508,324
DA:509,54
DA:511,270
DA:512,270
DA:513,18
DA:515,252
DA:516,252
DA:517,252
DA:518,252
DA:519,18
DA:521,234
DA:522,234
DA:523,234
DA:524,234
DA:525,18
DA:527,216
DA:528,54
DA:530,162
DA:531,18
DA:533,144
DA:536,234
DA:537,234
DA:538,36
DA:540,198
DA:541,198
DA:542,54
DA:544,144
DA:545,144
DA:546,36
DA:548,108
DA:549,108
DA:550,108
DA:551,108
DA:552,18
DA:554,90
DA:555,90
DA:556,90
DA:557,90
DA:558,18
DA:560,72
DA:561,36
DA:563,36
DA:564,18
DA:566,18
DA:569,234
DA:570,234
DA:571,36
DA:573,198
DA:574,198
DA:575,54
DA:577,144
DA:578,144
DA:579,36
DA:581,108
DA:582,108
DA:583,108
DA:584,108
DA:585,18
DA:587,90
DA:588,90
DA:589,90
DA:590,90
DA:591,18
DA:593,72
DA:594,36
DA:596,36
DA:597,18
DA:599,18
DA:602,234
DA:603,234
DA:604,36
DA:606,198
DA:607,198
DA:608,54
DA:610,144
DA:611,144
DA:612,36
DA:614,108
DA:615,108
DA:616,108
DA:617,108
DA:618,18
DA:620,90
DA:621,90
DA:622,90
DA:623,90
DA:624,18
DA:626,72
DA:627,36
DA:629,36
DA:632,342
DA:633,342
DA:634,342
DA:635,72
DA:637,270
DA:638,270
DA:639,270
DA:640,270
DA:641,36
DA:643,234
DA:644,126
DA:646,108
DA:647,108
DA:648,108
DA:649,108
DA:650,108
DA:651,108
DA:654,378
DA:655,378
DA:656,378
DA:657,72
DA:659,306
DA:660,306
DA:661,306
DA:662,306
DA:663,36
DA:665,270
DA:666,126
DA:668,144
DA:669,144
DA:670,144
DA:671,144
DA:672,144
DA:675,288
DA:676,288
DA:677,288
DA:678,72
DA:680,216
DA:681,216
DA:682,216
DA:683,216
DA:684,36
DA:686,180
DA:687,126
DA:689,54
DA:690,54
DA:691,54
DA:692,54
DA:693,54
DA:696,288
DA:697,288
DA:698,288
DA:699,90
DA:701,198
DA:702,198
DA:703,198
DA:704,198
DA:705,36
DA:707,162
DA:708,108
DA:710,54
DA:711,54
DA:712,54
DA:713,54
DA:714,54
DA:715,54
DA:718,288
DA:719,288
DA:720,288
DA:721,72
DA:723,216
DA:724,126
DA:726,90
DA:727,90
DA:728,90
DA:729,90
DA:730,18
DA:732,72
DA:733,18
DA:735,54
DA:736,54
DA:737,54
DA:740,288
DA:741,288
DA:742,288
DA:743,72
DA:745,216
DA:746,216
DA:747,216
DA:748,144
DA:750,72
DA:751,72
DA:752,18
DA:754,54
DA:755,36
DA:757,18
DA:758,18
DA:759,18
DA:762,234
DA:763,234
DA:764,36
DA:766,198
DA:767,198
DA:768,54
DA:770,144
DA:771,144
DA:772,144
DA:773,144
DA:774,18
DA:776,126
DA:777,126
DA:778,36
DA:780,90
DA:781,90
DA:782,90
DA:783,90
DA:784,18
DA:786,72
DA:787,36
DA:789,36
DA:796,6
DA:797,6
DA:798,6
LF:529
LH:529
end_of_record
TN:
SF:/home/user/code/c/src/vm/v1/types/string_pointer/string_pointer_v1.c
FN:60,string_virtual_free
FN:68,init
FN:73,string_free
FN:84,string_vm_free
FNDA:6,init
FNDA:198,string_free
FNDA:1332,string_virtual_free
FNDA:126,string_vm_free
FNF:4
FNH:4
DA:60,1332
DA:61,1332
DA:62,1332
DA:68,6
DA:69,6
DA:70,6
DA:73,198
DA:74,198
DA:75,198
DA:76,18
DA:78,180
DA:79,126
DA:80,126
DA:84,126
DA:85,126
DA:86,126
LF:16
LH:16
end_of_record
TN:
SF:/home/user/code/c/src/vm/v1/types/user/user_v1.c
FN:58,user_alloc
FN:64,user_free
FN:72,user_vm_free
FN:80,init
FNDA:6,init
FNDA:54,user_alloc
FNDA:63,user_free
FNDA:54,user_vm_free
FNF:4
FNH:4
DA:58,54
DA:59,54
DA:60,54
DA:61,54
DA:64,63
DA:65,63
DA:66,63
DA:67,36
DA:69,27
DA:72,54
DA:73,54
DA:74,54
DA:80,6
DA:81,6
DA:82,6
LF:15
LH:15
end_of_record
TN:
SF:/home/user/code/c/src/vm/v1/virtual/virtual_v1.c
FN:123,vm_init_internal
FN:132,vm_read_internal
FN:145,vm_alloc_internal
FN:174,virtual_enumerator_init
FN:178,virtual_enumerator_destroy
FN:182,virtual_enumerator_init_internal
FN:197,vm_init
FN:211,vm_destroy
FN:262,vm_free
FN:284,vm_read_type
FN:308,vm_read
FN:329,vm_alloc
FN:365,virtual_enumerator_next
FN:380,virtual_enumerator_next_internal
FNDA:38700,vm_read_internal
FNDA:5400,vm_destroy
FNDA:12996,vm_alloc
FNDA:12996,vm_free
FNDA:5742,vm_init_internal
FNDA:12312,vm_read_type
FNDA:10188,virtual_enumerator_init_internal
FNDA:28899,vm_read
FNDA:5094,virtual_enumerator_destroy
FNDA:12978,vm_alloc_internal
FNDA:12843,virtual_enumerator_next
FNDA:17712,virtual_enumerator_next_internal
FNDA:5364,vm_init
FNDA:5094,virtual_enumerator_init
FNF:14
FNH:14
DA:123,5742
DA:124,5742
DA:125,5742
DA:126,5742
DA:127,5742
DA:128,5742
DA:129,5742
DA:132,38700
DA:133,38700
DA:134,38700
DA:136,81657
DA:137,38412
DA:138,38412
DA:140,43245
DA:141,43245
DA:142,38700
DA:145,12978
DA:146,12978
DA:147,12978
DA:149,6489
DA:150,6489
DA:151,252
DA:152,252
DA:153,252
DA:155,6489
DA:157,12726
DA:158,378
DA:159,378
DA:160,378
DA:161,378
DA:162,378
DA:164,12726
DA:165,12726
DA:169,12978
DA:170,12978
DA:171,12978
DA:174,5094
DA:175,5094
DA:176,5094
DA:178,5094
DA:179,5094
DA:180,5094
DA:182,10188
DA:183,10188
DA:184,10188
DA:185,10188
DA:186,10188
DA:197,5364
DA:199,2682
DA:200,2682
DA:202,5364
DA:203,5364
DA:204,5364
DA:205,5364
DA:206,5364
DA:207,5364
DA:208,5364
DA:209,5364
DA:211,5400
DA:212,5400
DA:213,36
DA:215,5364
DA:216,5364
DA:217,5364
DA:218,5364
DA:219,5364
DA:221,2682
DA:222,8919
DA:223,6237
DA:225,2682
DA:226,2682
DA:228,2682
DA:231,5364
DA:232,11106
DA:233,5742
DA:234,5742
DA:235,5742
DA:236,5742
DA:238,5364
DA:239,5364
DA:262,12996
DA:263,12996
DA:264,18
DA:266,12978
DA:267,12978
DA:268,12978
DA:270,6489
DA:271,6489
DA:272,6489
DA:273,6489
DA:280,12978
DA:284,12312
DA:285,12312
DA:286,792
DA:288,11520
DA:289,11520
DA:290,11520
DA:291,126
DA:293,11394
DA:294,11394
DA:295,423
DA:297,10971
DA:298,765
DA:305,10206
DA:308,28899
DA:309,28899
DA:310,1719
DA:312,27180
DA:313,27180
DA:314,27180
DA:315,162
DA:317,27018
DA:318,27018
DA:319,1062
DA:326,25956
DA:329,12996
DA:330,12996
DA:331,18
DA:333,12978
DA:334,12978
DA:335,12978
DA:336,12978
DA:337,12978
DA:343,12978
DA:365,12843
DA:366,12843
DA:368,17712
DA:369,12618
DA:370,7749
DA:371,7749
DA:372,7749
DA:373,7749
DA:377,12843
DA:380,17712
DA:381,17712
DA:382,17712
DA:383,30330
DA:384,17712
DA:385,5472
DA:386,5094
DA:388,378
DA:389,378
DA:390,378
DA:392,12618
DA:394,17712
LF:145
LH:145
end_of_record
TN:
SF:/home/user/code/c/tests/vm/v1/main-tests_v1.c
FN:62,main
FNDA:6,main
FNF:1
FNH:1
DA:62,6
DA:64,6
DA:71,6
DA:72,6
DA:73,6
DA:79,6
LF:6
LH:6
end_of_record
TN:
SF:/home/user/code/c/tests/vm/v1/test_list.c
FN:43,new_list
FN:52,delete_list
FN:60,run_list1
FN:70,run_list2
FN:80,tests
FN:174,test_set_up
FN:184,test_tear_down
FN:194,rxp_fixture_update_fn_test_fixture
FN:197,rxp_test_case_config_blueprint_update_fn_list_micro_tests_test_empty_list_count_equals_0
FN:197,list_micro_tests_test_empty_list_count_equals_0
FN:205,rxp_test_case_config_blueprint_update_fn_list_micro_tests_test_pop_0
FN:205,list_micro_tests_test_pop_0
FN:217,rxp_test_case_config_blueprint_update_fn_list_micro_tests_test_pop_null_ptr
FN:217,list_micro_tests_test_pop_null_ptr
FN:231,list_micro_tests_test_peek_0
FN:231,rxp_test_case_config_blueprint_update_fn_list_micro_tests_test_peek_0
FN:243,list_micro_tests_test_peek_null_ptr
FN:243,rxp_test_case_config_blueprint_update_fn_list_micro_tests_test_peek_null_ptr
FN:257,rxp_test_case_config_blueprint_update_fn_list_micro_tests_test_push_0
FN:257,list_micro_tests_test_push_0
FN:271,list_micro_tests_test_push_null_ptr
FN:271,rxp_test_case_config_blueprint_update_fn_list_micro_tests_test_push_null_ptr
FN:288,rxp_test_case_config_blueprint_update_fn_list_micro_tests_test_init_0
FN:288,list_micro_tests_test_init_0
FN:298,list_micro_tests_test_init_null_ptr
FN:298,rxp_test_case_config_blueprint_update_fn_list_micro_tests_test_init_null_ptr
FN:314,list_micro_tests_test_destroy_0
FN:314,rxp_test_case_config_blueprint_update_fn_list_micro_tests_test_destroy_0
FN:324,rxp_test_case_config_blueprint_update_fn_list_micro_tests_test_destroy_null_ptr
FN:324,list_micro_tests_test_destroy_null_ptr
FN:339,list_micro_tests_test_standard_list_peek_does_not_changes_stack
FN:339,rxp_test_case_config_blueprint_update_fn_list_micro_tests_test_standard_list_peek_does_not_changes_stack
FN:357,rxp_test_case_config_blueprint_update_fn_list_micro_tests_test_empty_list_pop_equals_0
FN:357,list_micro_tests_test_empty_list_pop_equals_0
FN:366,rxp_test_case_config_blueprint_update_fn_list_micro_tests_test_empty_list_peek_equals_0
FN:366,list_micro_tests_test_empty_list_peek_equals_0
FN:375,list_micro_tests_test_alloc_count_eq_1
FN:375,rxp_test_case_config_blueprint_update_fn_list_micro_tests_test_alloc_count_eq_1
FN:386,list_micro_tests_test_alloc_payload
FN:386,rxp_test_case_config_blueprint_update_fn_list_micro_tests_test_alloc_payload
FN:399,list_micro_tests_test_alloc_pop_count_0
FN:399,rxp_test_case_config_blueprint_update_fn_list_micro_tests_test_alloc_pop_count_0
FN:412,list_micro_tests_test_alloc_pop_payload
FN:412,rxp_test_case_config_blueprint_update_fn_list_micro_tests_test_alloc_pop_payload
FN:426,list_micro_tests_test_list_peek_is_zero
FN:426,rxp_test_case_config_blueprint_update_fn_list_micro_tests_test_list_peek_is_zero
FN:436,rxp_test_case_config_blueprint_update_fn_list_micro_tests_test_list_pop_is_zero
FN:436,list_micro_tests_test_list_pop_is_zero
FN:445,run
FNDA:18,list_micro_tests_test_pop_null_ptr
FNDA:18,rxp_test_case_config_blueprint_update_fn_list_micro_tests_test_peek_null_ptr
FNDA:12,tests
FNDA:6,run
FNDA:360,test_set_up
FNDA:12,delete_list
FNDA:18,rxp_test_case_config_blueprint_update_fn_list_micro_tests_test_list_peek_is_zero
FNDA:360,rxp_fixture_update_fn_test_fixture
FNDA:18,rxp_test_case_config_blueprint_update_fn_list_micro_tests_test_empty_list_peek_equals_0
FNDA:18,rxp_test_case_config_blueprint_update_fn_list_micro_tests_test_alloc_count_eq_1
FNDA:18,list_micro_tests_test_empty_list_pop_equals_0
FNDA:18,rxp_test_case_config_blueprint_update_fn_list_micro_tests_test_standard_list_peek_does_not_changes_stack
FNDA:6,run_list2
FNDA:360,test_tear_down
FNDA:18,rxp_test_case_config_blueprint_update_fn_list_micro_tests_test_alloc_pop_payload
FNDA:18,list_micro_tests_test_empty_list_count_equals_0
FNDA:18,list_micro_tests_test_destroy_null_ptr
FNDA:18,list_micro_tests_test_empty_list_peek_equals_0
FNDA:12,new_list
FNDA:18,rxp_test_case_config_blueprint_update_fn_list_micro_tests_test_list_pop_is_zero
FNDA:18,list_micro_tests_test_list_pop_is_zero
FNDA:18,list_micro_tests_test_push_null_ptr
FNDA:18,rxp_test_case_config_blueprint_update_fn_list_micro_tests_test_alloc_payload
FNDA:18,list_micro_tests_test_init_null_ptr
FNDA:18,list_micro_tests_test_peek_0
FNDA:18,list_micro_tests_test_alloc_payload
FNDA:18,rxp_test_case_config_blueprint_update_fn_list_micro_tests_test_push_0
FNDA:18,list_micro_tests_test_peek_null_ptr
FNDA:18,rxp_test_case_config_blueprint_update_fn_list_micro_tests_test_init_0
FNDA:18,rxp_test_case_config_blueprint_update_fn_list_micro_tests_test_alloc_pop_count_0
FNDA:18,list_micro_tests_test_pop_0
FNDA:18,list_micro_tests_test_init_0
FNDA:18,rxp_test_case_config_blueprint_update_fn_list_micro_tests_test_destroy_0
FNDA:18,list_micro_tests_test_alloc_pop_count_0
FNDA:18,rxp_test_case_config_blueprint_update_fn_list_micro_tests_test_destroy_null_ptr
FNDA:18,rxp_test_case_config_blueprint_update_fn_list_micro_tests_test_push_null_ptr
FNDA:18,rxp_test_case_config_blueprint_update_fn_list_micro_tests_test_empty_list_count_equals_0
FNDA:18,rxp_test_case_config_blueprint_update_fn_list_micro_tests_test_empty_list_pop_equals_0
FNDA:18,rxp_test_case_config_blueprint_update_fn_list_micro_tests_test_pop_0
FNDA:18,list_micro_tests_test_list_peek_is_zero
FNDA:18,rxp_test_case_config_blueprint_update_fn_list_micro_tests_test_pop_null_ptr
FNDA:18,list_micro_tests_test_push_0
FNDA:18,rxp_test_case_config_blueprint_update_fn_list_micro_tests_test_init_null_ptr
FNDA:18,rxp_test_case_config_blueprint_update_fn_list_micro_tests_test_peek_0
FNDA:18,list_micro_tests_test_standard_list_peek_does_not_changes_stack
FNDA:6,run_list1
FNDA:18,list_micro_tests_test_alloc_count_eq_1
FNDA:18,list_micro_tests_test_destroy_0
FNDA:18,list_micro_tests_test_alloc_pop_payload
FNF:49
FNH:49
DA:43,12
DA:44,12
DA:46,12
DA:48,12
DA:52,12
DA:54,12
DA:56,12
DA:57,12
DA:60,6
DA:62,6
DA:64,6
DA:66,6
DA:67,6
DA:70,6
DA:72,6
DA:74,6
DA:76,6
DA:77,6
DA:80,12
DA:81,12
DA:82,24
DA:83,12
DA:84,12
DA:86,12
DA:87,12
DA:88,12
DA:90,12
DA:92,12
DA:94,12
DA:96,12
DA:98,12
DA:100,12
DA:102,12
DA:104,12
DA:106,12
DA:109,12
DA:111,12
DA:112,12
DA:113,12
DA:115,12
DA:117,12
DA:118,12
DA:120,12
DA:122,12
DA:123,12
DA:125,12
DA:127,12
DA:128,12
DA:129,12
DA:130,12
DA:131,12
DA:132,12
DA:133,12
DA:134,12
DA:135,12
DA:136,12
DA:138,12
DA:140,12
DA:141,12
DA:143,12
DA:145,12
DA:146,12
DA:147,12
DA:149,12
DA:151,12
DA:152,12
DA:154,12
DA:156,12
DA:157,12
DA:159,12
DA:161,12
DA:162,12
DA:164,12
DA:166,12
DA:174,360
DA:175,360
DA:176,360
DA:178,360
DA:180,360
DA:181,360
DA:184,360
DA:185,360
DA:186,360
DA:188,360
DA:190,360
DA:191,360
DA:194,360
DA:197,36
DA:198,18
DA:199,18
DA:201,18
DA:202,18
DA:205,36
DA:206,18
DA:207,18
DA:209,18
DA:211,18
DA:213,18
DA:214,18
DA:217,36
DA:218,18
DA:219,18
DA:221,18
DA:222,18
DA:223,18
DA:225,18
DA:227,18
DA:228,18
DA:231,36
DA:232,18
DA:233,18
DA:235,18
DA:237,18
DA:239,18
DA:240,18
DA:243,36
DA:244,18
DA:245,18
DA:247,18
DA:248,18
DA:249,18
DA:251,18
DA:253,18
DA:254,18
DA:257,36
DA:258,18
DA:259,18
DA:261,18
DA:262,18
DA:264,18
DA:265,18
DA:267,18
DA:268,18
DA:271,36
DA:272,18
DA:273,18
DA:275,18
DA:276,18
DA:277,18
DA:278,18
DA:280,18
DA:282,18
DA:284,18
DA:285,18
DA:288,36
DA:289,18
DA:290,18
DA:292,18
DA:294,18
DA:295,18
DA:298,36
DA:299,18
DA:300,18
DA:302,18
DA:303,18
DA:304,18
DA:305,18
DA:306,18
DA:308,18
DA:310,18
DA:311,18
DA:314,36
DA:315,18
DA:316,18
DA:318,18
DA:320,18
DA:321,18
DA:324,36
DA:325,18
DA:326,18
DA:328,18
DA:329,18
DA:330,18
DA:331,18
DA:333,18
DA:335,18
DA:336,18
DA:339,36
DA:340,18
DA:341,18
DA:343,18
DA:345,18
DA:347,18
DA:349,18
DA:351,18
DA:353,18
DA:354,18
DA:357,36
DA:358,18
DA:360,18
DA:362,18
DA:363,18
DA:366,36
DA:367,18
DA:369,18
DA:371,18
DA:372,18
DA:375,36
DA:376,18
DA:377,18
DA:379,18
DA:381,18
DA:383,18
DA:384,18
DA:386,36
DA:387,18
DA:388,18
DA:390,18
DA:392,18
DA:394,18
DA:396,18
DA:397,18
DA:399,36
DA:400,18
DA:401,18
DA:403,18
DA:405,18
DA:407,18
DA:409,18
DA:410,18
DA:412,36
DA:413,18
DA:414,18
DA:416,18
DA:418,18
DA:420,18
DA:422,18
DA:423,18
DA:426,36
DA:427,18
DA:428,18
DA:430,18
DA:432,18
DA:433,18
DA:436,36
DA:437,18
DA:438,18
DA:440,18
DA:442,18
DA:443,18
DA:445,6
DA:447,6
DA:449,6
DA:450,6
DA:452,6
DA:455,6
DA:456,6
LF:247
LH:247
end_of_record
TN:
SF:/home/user/code/c/tests/vm/v1/test_pointer.c
FN:55,test_set_up
FN:59,test_tear_down
FN:64,rxp_fixture_update_fn_test_fixture
FN:67,rxp_test_case_config_blueprint_update_fn_tests_v1_test_print_0
FN:67,tests_v1_test_print_0
FN:72,rxp_test_case_config_blueprint_update_fn_tests_v1_test_load_0
FN:72,tests_v1_test_load_0
FN:78,tests_v1_test_load_null_ptr
FN:78,rxp_test_case_config_blueprint_update_fn_tests_v1_test_load_null_ptr
FN:86,rxp_test_case_config_blueprint_update_fn_tests_v1_test_load_null
FN:86,tests_v1_test_load_null
FN:92,tests_v1_test_load_empty
FN:92,rxp_test_case_config_blueprint_update_fn_tests_v1_test_load_empty
FN:104,tests_v1_test_print_load_empty
FN:104,rxp_test_case_config_blueprint_update_fn_tests_v1_test_print_load_empty
FN:117,tests_v1_test_load_copy
FN:117,rxp_test_case_config_blueprint_update_fn_tests_v1_test_load_copy
FN:135,tests_v1_test_load_push_peek_pop
FN:135,rxp_test_case_config_blueprint_update_fn_tests_v1_test_load_push_peek_pop
FN:146,tests_v1_test_load_free_free
FN:146,rxp_test_case_config_blueprint_update_fn_tests_v1_test_load_free_free
FN:159,tests_v1_test_strcat_load_alloc
FN:159,rxp_test_case_config_blueprint_update_fn_tests_v1_test_strcat_load_alloc
FN:175,tests_v1_test_string_size
FN:175,rxp_test_case_config_blueprint_update_fn_tests_v1_test_string_size
FN:192,tests_v1_test_data_size
FN:192,rxp_test_case_config_blueprint_update_fn_tests_v1_test_data_size
FN:205,rxp_test_case_config_blueprint_update_fn_tests_v1_test_pointer_size_0
FN:205,tests_v1_test_pointer_size_0
FN:222,rxp_test_case_config_blueprint_update_fn_tests_v1_test_pointer_size_empty
FN:222,tests_v1_test_pointer_size_empty
FN:239,rxp_test_case_config_blueprint_update_fn_tests_v1_test_pointer_size_object
FN:239,tests_v1_test_pointer_size_object
FN:257,tests_v1_test_object_0
FN:257,rxp_test_case_config_blueprint_update_fn_tests_v1_test_object_0
FN:275,tests_v1_test_object_alloc_0
FN:275,rxp_test_case_config_blueprint_update_fn_tests_v1_test_object_alloc_0
FN:293,tests_v1_test_object_load_free
FN:293,rxp_test_case_config_blueprint_update_fn_tests_v1_test_object_load_free
FN:307,tests_v1_test_object_free_0
FN:307,rxp_test_case_config_blueprint_update_fn_tests_v1_test_object_free_0
FN:319,rxp_test_case_config_blueprint_update_fn_tests_v1_test_object_load_0
FN:319,tests_v1_test_object_load_0
FN:337,rxp_test_case_config_blueprint_update_fn_tests_v1_test_object_load_string_0
FN:337,tests_v1_test_object_load_string_0
FN:357,tests_v1_test_object_load_string
FN:357,rxp_test_case_config_blueprint_update_fn_tests_v1_test_object_load_string
FN:377,tests_v1_test_object_load_string_unsafe_alloc_0
FN:377,rxp_test_case_config_blueprint_update_fn_tests_v1_test_object_load_string_unsafe_alloc_0
FN:397,tests_v1_test_object_load_string_unsafe_string
FN:397,rxp_test_case_config_blueprint_update_fn_tests_v1_test_object_load_string_unsafe_string
FN:417,tests_v1_test_object_load_string_unsafe_0
FN:417,rxp_test_case_config_blueprint_update_fn_tests_v1_test_object_load_string_unsafe_0
FN:439,tests_v1_test_object_load_string_unsafe
FN:439,rxp_test_case_config_blueprint_update_fn_tests_v1_test_object_load_string_unsafe
FN:461,tests_v1_test_strcat_alloc_alloc
FN:461,rxp_test_case_config_blueprint_update_fn_tests_v1_test_strcat_alloc_alloc
FN:477,rxp_test_case_config_blueprint_update_fn_tests_v1_test_string_offset_ptr_diff
FN:477,tests_v1_test_string_offset_ptr_diff
FN:493,rxp_test_case_config_blueprint_update_fn_tests_v1_test_string_offset_ptr_less
FN:493,tests_v1_test_string_offset_ptr_less
FN:509,rxp_test_case_config_blueprint_update_fn_tests_v1_test_string_offset_ptr_offset
FN:509,tests_v1_test_string_offset_ptr_offset
FN:525,rxp_test_case_config_blueprint_update_fn_tests_v1_test_string_offset_ptr_offset_found
FN:525,tests_v1_test_string_offset_ptr_offset_found
FN:541,rxp_test_case_config_blueprint_update_fn_tests_v1_test_string_pointer_free_list
FN:541,tests_v1_test_string_pointer_free_list
FN:564,tests_v1_test_string_pointer_free
FN:564,rxp_test_case_config_blueprint_update_fn_tests_v1_test_string_pointer_free
FN:581,tests_v1_test_string_offset_list
FN:581,rxp_test_case_config_blueprint_update_fn_tests_v1_test_string_offset_list
FN:596,rxp_test_case_config_blueprint_update_fn_tests_v1_test_string_pointer_match
FN:596,tests_v1_test_string_pointer_match
FN:617,rxp_test_case_config_blueprint_update_fn_tests_v1_test_string_pointer_match_miss
FN:617,tests_v1_test_string_pointer_match_miss
FN:635,tests_v1_test_string_pointer_match_pattern
FN:635,rxp_test_case_config_blueprint_update_fn_tests_v1_test_string_pointer_match_pattern
FN:653,rxp_test_case_config_blueprint_update_fn_tests_v1_test_string_pointer_match_pattern_0
FN:653,tests_v1_test_string_pointer_match_pattern_0
FN:671,rxp_test_case_config_blueprint_update_fn_tests_v1_test_string_pointer_match_pattern_none
FN:671,tests_v1_test_string_pointer_match_pattern_none
FN:689,rxp_test_case_config_blueprint_update_fn_tests_v1_test_list_release_string
FN:689,tests_v1_test_list_release_string
FN:698,rxp_test_case_config_blueprint_update_fn_tests_v1_test_string_pointer_match_pattern_load_0
FN:698,tests_v1_test_string_pointer_match_pattern_load_0
FN:709,tests_v1_test_string_pointer_offset_pattern_load_0
FN:709,rxp_test_case_config_blueprint_update_fn_tests_v1_test_string_pointer_offset_pattern_load_0
FN:720,tests_v1_test_string_pointer_match_0
FN:720,rxp_test_case_config_blueprint_update_fn_tests_v1_test_string_pointer_match_0
FN:733,rxp_test_case_config_blueprint_update_fn_tests_v1_test_string_pointer_match_0_0
FN:733,tests_v1_test_string_pointer_match_0_0
FN:750,rxp_test_case_config_blueprint_update_fn_tests_v1_test_string_pointer_match_0_string
FN:750,tests_v1_test_string_pointer_match_0_string
FN:763,rxp_test_case_config_blueprint_update_fn_tests_v1_test_string_match_list
FN:763,tests_v1_test_string_match_list
FN:778,tests_v1_test_string_pointer_strchr
FN:778,rxp_test_case_config_blueprint_update_fn_tests_v1_test_string_pointer_strchr
FN:799,tests_v1_test_string_pointer_strchr_miss
FN:799,rxp_test_case_config_blueprint_update_fn_tests_v1_test_string_pointer_strchr_miss
FN:817,rxp_test_case_config_blueprint_update_fn_tests_v1_test_string_pointer_strchr_0
FN:817,tests_v1_test_string_pointer_strchr_0
FN:830,tests_v1_test_string_pointer_strchr_0_0
FN:830,rxp_test_case_config_blueprint_update_fn_tests_v1_test_string_pointer_strchr_0_0
FN:847,tests_v1_test_string_pointer_strchr_0_string
FN:847,rxp_test_case_config_blueprint_update_fn_tests_v1_test_string_pointer_strchr_0_string
FN:860,rxp_test_case_config_blueprint_update_fn_tests_v1_test_string_strchr_list
FN:860,tests_v1_test_string_strchr_list
FN:875,tests_v1_test_string_pointer_strrchr
FN:875,rxp_test_case_config_blueprint_update_fn_tests_v1_test_string_pointer_strrchr
FN:894,tests_v1_test_string_pointer_strrchr_match_offset
FN:894,rxp_test_case_config_blueprint_update_fn_tests_v1_test_string_pointer_strrchr_match_offset
FN:916,tests_v1_test_list_peekn_0_0
FN:916,rxp_test_case_config_blueprint_update_fn_tests_v1_test_list_peekn_0_0
FN:926,rxp_test_case_config_blueprint_update_fn_tests_v1_test_list_peekn_0
FN:926,tests_v1_test_list_peekn_0
FN:936,rxp_test_case_config_blueprint_update_fn_tests_v1_test_list_peekn_1
FN:936,tests_v1_test_list_peekn_1
FN:952,rxp_test_case_config_blueprint_update_fn_tests_v1_test_list_peekn_2
FN:952,tests_v1_test_list_peekn_2
FN:964,tests_v1_test_list_popn_0_0
FN:964,rxp_test_case_config_blueprint_update_fn_tests_v1_test_list_popn_0_0
FN:974,rxp_test_case_config_blueprint_update_fn_tests_v1_test_list_popn_0
FN:974,tests_v1_test_list_popn_0
FN:984,rxp_test_case_config_blueprint_update_fn_tests_v1_test_list_popn_1
FN:984,tests_v1_test_list_popn_1
FN:1000,tests_v1_test_list_popn_2
FN:1000,rxp_test_case_config_blueprint_update_fn_tests_v1_test_list_popn_2
FN:1012,tests_v1_test_string_pointer_strchr_match_offset
FN:1012,rxp_test_case_config_blueprint_update_fn_tests_v1_test_string_pointer_strchr_match_offset
FN:1065,tests_v1_test_string_pointer_strrchr_miss
FN:1065,rxp_test_case_config_blueprint_update_fn_tests_v1_test_string_pointer_strrchr_miss
FN:1083,rxp_test_case_config_blueprint_update_fn_tests_v1_test_string_pointer_strrchr_0
FN:1083,tests_v1_test_string_pointer_strrchr_0
FN:1096,rxp_test_case_config_blueprint_update_fn_tests_v1_test_string_pointer_strrchr_0_0
FN:1096,tests_v1_test_string_pointer_strrchr_0_0
FN:1113,tests_v1_test_string_pointer_strrchr_0_string
FN:1113,rxp_test_case_config_blueprint_update_fn_tests_v1_test_string_pointer_strrchr_0_string
FN:1126,rxp_test_case_config_blueprint_update_fn_tests_v1_test_string_strrchr_list
FN:1126,tests_v1_test_string_strrchr_list
FN:1141,rxp_test_case_config_blueprint_update_fn_tests_v1_test_list_push_0_1
FN:1141,tests_v1_test_list_push_0_1
FN:1149,rxp_test_case_config_blueprint_update_fn_tests_v1_test_list_push_1_0
FN:1149,tests_v1_test_list_push_1_0
FN:1157,tests_v1_test_list_push_0
FN:1157,rxp_test_case_config_blueprint_update_fn_tests_v1_test_list_push_0
FN:1169,rxp_test_case_config_blueprint_update_fn_tests_v1_test_list_push_list
FN:1169,tests_v1_test_list_push_list
FN:1181,tests_v1_test_list_push_string
FN:1181,rxp_test_case_config_blueprint_update_fn_tests_v1_test_list_push_string
FN:1195,rxp_test_case_config_blueprint_update_fn_tests_v1_test_list_size_string
FN:1195,tests_v1_test_list_size_string
FN:1215,rxp_test_case_config_blueprint_update_fn_tests_v1_test_list_push_size
FN:1215,tests_v1_test_list_push_size
FN:1231,rxp_test_case_config_blueprint_update_fn_tests_v1_test_list_pop_0_1
FN:1231,tests_v1_test_list_pop_0_1
FN:1240,tests_v1_test_list_pop_1_0
FN:1240,rxp_test_case_config_blueprint_update_fn_tests_v1_test_list_pop_1_0
FN:1249,tests_v1_test_list_pop_list
FN:1249,rxp_test_case_config_blueprint_update_fn_tests_v1_test_list_pop_list
FN:1262,tests_v1_test_list_pop_string
FN:1262,rxp_test_case_config_blueprint_update_fn_tests_v1_test_list_pop_string
FN:1278,rxp_test_case_config_blueprint_update_fn_tests_v1_test_list_peek_0_1
FN:1278,tests_v1_test_list_peek_0_1
FN:1287,tests_v1_test_list_peek_1_0
FN:1287,rxp_test_case_config_blueprint_update_fn_tests_v1_test_list_peek_1_0
FN:1296,rxp_test_case_config_blueprint_update_fn_tests_v1_test_list_peek_list
FN:1296,tests_v1_test_list_peek_list
FN:1309,tests_v1_test_list_peek_string
FN:1309,rxp_test_case_config_blueprint_update_fn_tests_v1_test_list_peek_string
FN:1325,rxp_test_case_config_blueprint_update_fn_tests_v1_test_strcpy
FN:1325,tests_v1_test_strcpy
FN:1355,tests_v1_test_strcat_load_alloc_copy
FN:1355,rxp_test_case_config_blueprint_update_fn_tests_v1_test_strcat_load_alloc_copy
FN:1589,tests_v1_test_strcat_alloc_load
FN:1589,rxp_test_case_config_blueprint_update_fn_tests_v1_test_strcat_alloc_load
FN:1605,tests_v1_test_strcat_load_alloc_alloc
FN:1605,rxp_test_case_config_blueprint_update_fn_tests_v1_test_strcat_load_alloc_alloc
FN:1625,rxp_test_case_config_blueprint_update_fn_tests_v1_test_strcat_load_load
FN:1625,tests_v1_test_strcat_load_load
FN:1641,tests_v1_test_strcpy_load_alloc
FN:1641,rxp_test_case_config_blueprint_update_fn_tests_v1_test_strcpy_load_alloc
FN:1657,rxp_test_case_config_blueprint_update_fn_tests_v1_test_strcpy_load_load
FN:1657,tests_v1_test_strcpy_load_load
FN:1673,tests_v1_test_os_getenv
FN:1673,rxp_test_case_config_blueprint_update_fn_tests_v1_test_os_getenv
FN:1682,rxp_test_case_config_blueprint_update_fn_tests_v1_test_os_getenv_0
FN:1682,tests_v1_test_os_getenv_0
FN:1690,rxp_test_case_config_blueprint_update_fn_tests_v1_test_os_getenv_list
FN:1690,tests_v1_test_os_getenv_list
FN:1699,rxp_test_case_config_blueprint_update_fn_tests_v1_test_load_open_file_close_file
FN:1699,tests_v1_test_load_open_file_close_file
FN:1722,tests_v1_test_offset_strcpy
FN:1722,rxp_test_case_config_blueprint_update_fn_tests_v1_test_offset_strcpy
FN:1755,rxp_test_case_config_blueprint_update_fn_tests_v1_test_offset_strcpy_free
FN:1755,tests_v1_test_offset_strcpy_free
FN:1788,rxp_test_case_config_blueprint_update_fn_tests_v1_test_print_free
FN:1788,tests_v1_test_print_free
FN:1798,tests_v1_test_print
FN:1798,rxp_test_case_config_blueprint_update_fn_tests_v1_test_print
FN:1810,tests_v1_test_print_string_pointer
FN:1810,rxp_test_case_config_blueprint_update_fn_tests_v1_test_print_string_pointer
FN:1826,rxp_test_case_config_blueprint_update_fn_tests_v1_test_print_string_pointer_copy
FN:1826,tests_v1_test_print_string_pointer_copy
FN:1848,tests_v1_test_list_size
FN:1848,rxp_test_case_config_blueprint_update_fn_tests_v1_test_list_size
FN:1862,rxp_test_case_config_blueprint_update_fn_tests_v1_test_list_unsafe
FN:1862,tests_v1_test_list_unsafe
FN:1876,tests_v1_test_list_offset
FN:1876,rxp_test_case_config_blueprint_update_fn_tests_v1_test_list_offset
FN:1892,rxp_test_case_config_blueprint_update_fn_tests_v1_teststring_pointer_unsafe
FN:1892,tests_v1_teststring_pointer_unsafe
FN:1913,rxp_test_case_config_blueprint_update_fn_tests_v1_test_string_pointer_size
FN:1913,tests_v1_test_string_pointer_size
FN:1935,tests_v1_test_string_offset_subsearch
FN:1935,rxp_test_case_config_blueprint_update_fn_tests_v1_test_string_offset_subsearch
FN:1961,rxp_test_case_config_blueprint_update_fn_tests_v1_test_print_string_pointer_free
FN:1961,tests_v1_test_print_string_pointer_free
FN:1977,tests_v1_test_offset_strcat
FN:1977,rxp_test_case_config_blueprint_update_fn_tests_v1_test_offset_strcat
FN:2011,rxp_test_case_config_blueprint_update_fn_tests_v1_test_file_read_invalid_type
FN:2011,tests_v1_test_file_read_invalid_type
FN:2028,tests_v1_test_load_open_match_last_unsafe_free
FN:2028,rxp_test_case_config_blueprint_update_fn_tests_v1_test_load_open_match_last_unsafe_free
FN:2055,rxp_test_case_config_blueprint_update_fn_tests_v1_test_load_open_match_last_unsafe_free_unsuppported_calls
FN:2055,tests_v1_test_load_open_match_last_unsafe_free_unsuppported_calls
FN:2074,rxp_test_case_config_blueprint_update_fn_tests_v1_test_user
FN:2074,tests_v1_test_user
FN:2087,rxp_test_case_config_blueprint_update_fn_tests_v1_test_load_open_file_unsafe_hashtable
FN:2087,tests_v1_test_load_open_file_unsafe_hashtable
FN:2123,tests_v1_test_load_load_match_last
FN:2123,rxp_test_case_config_blueprint_update_fn_tests_v1_test_load_load_match_last
FN:2142,pointer_tests_test_pointer_init
FN:2142,rxp_test_case_config_blueprint_update_fn_pointer_tests_test_pointer_init
FN:2149,pointer_tests_test_pointer_string_load
FN:2149,rxp_test_case_config_blueprint_update_fn_pointer_tests_test_pointer_string_load
FN:2157,pointer_tests_test_pointer_init_string_load_9
FN:2157,rxp_test_case_config_blueprint_update_fn_pointer_tests_test_pointer_init_string_load_9
FN:2174,rxp_test_case_config_blueprint_update_fn_pointer_tests_test_pointer_strings
FN:2174,pointer_tests_test_pointer_strings
FN:2206,pointer_tests_test_pointer_string_pointer_free
FN:2206,rxp_test_case_config_blueprint_update_fn_pointer_tests_test_pointer_string_pointer_free
FN:2214,rxp_test_case_config_blueprint_update_fn_pointer_tests_test_pointer_string_pointer_lessthan_free
FN:2214,pointer_tests_test_pointer_string_pointer_lessthan_free
FN:2227,rxp_test_case_config_blueprint_update_fn_pointer_tests_test_pointer_string_lessthan_0_0
FN:2227,pointer_tests_test_pointer_string_lessthan_0_0
FN:2236,pointer_tests_test_pointer_string_lessthan_0_1
FN:2236,rxp_test_case_config_blueprint_update_fn_pointer_tests_test_pointer_string_lessthan_0_1
FN:2245,pointer_tests_test_pointer_string_lessthan_1_0
FN:2245,rxp_test_case_config_blueprint_update_fn_pointer_tests_test_pointer_string_lessthan_1_0
FN:2255,rxp_test_case_config_blueprint_update_fn_pointer_tests_test_pointer_string_lessthan_1_1
FN:2255,pointer_tests_test_pointer_string_lessthan_1_1
FN:2266,pointer_tests_test_pointer_string_lessthan_a_b
FN:2266,rxp_test_case_config_blueprint_update_fn_pointer_tests_test_pointer_string_lessthan_a_b
FN:2278,pointer_tests_test_pointer_string_lessthan_b_a
FN:2278,rxp_test_case_config_blueprint_update_fn_pointer_tests_test_pointer_string_lessthan_b_a
FN:2290,rxp_test_case_config_blueprint_update_fn_pointer_tests_test_pointer_string_lessthan_1_2
FN:2290,pointer_tests_test_pointer_string_lessthan_1_2
FN:2301,rxp_test_case_config_blueprint_update_fn_pointer_tests_test_pointer_string_lessthan_1_3
FN:2301,pointer_tests_test_pointer_string_lessthan_1_3
FN:2312,pointer_tests_test_pointer_string_lessthan_2_1
FN:2312,rxp_test_case_config_blueprint_update_fn_pointer_tests_test_pointer_string_lessthan_2_1
FN:2323,rxp_test_case_config_blueprint_update_fn_pointer_tests_test_pointer_string_lessthan_a_string_free
FN:2323,pointer_tests_test_pointer_string_lessthan_a_string_free
FN:2335,pointer_tests_test_pointer_string_lessthan_string_free_b
FN:2335,rxp_test_case_config_blueprint_update_fn_pointer_tests_test_pointer_string_lessthan_string_free_b
FN:2347,rxp_test_case_config_blueprint_update_fn_pointer_tests_test_pointer_string_lessthan_string_list
FN:2347,pointer_tests_test_pointer_string_lessthan_string_list
FN:2358,pointer_tests_test_pointer_string_lessthan_list_string
FN:2358,rxp_test_case_config_blueprint_update_fn_pointer_tests_test_pointer_string_lessthan_list_string
FN:2369,rxp_test_case_config_blueprint_update_fn_pointer_tests_test_pointer_string_greaterthan_0_0
FN:2369,pointer_tests_test_pointer_string_greaterthan_0_0
FN:2378,pointer_tests_test_pointer_string_greaterthan_0_1
FN:2378,rxp_test_case_config_blueprint_update_fn_pointer_tests_test_pointer_string_greaterthan_0_1
FN:2387,rxp_test_case_config_blueprint_update_fn_pointer_tests_test_pointer_string_greaterthan_1_0
FN:2387,pointer_tests_test_pointer_string_greaterthan_1_0
FN:2397,rxp_test_case_config_blueprint_update_fn_pointer_tests_test_pointer_string_greaterthan_1_1
FN:2397,pointer_tests_test_pointer_string_greaterthan_1_1
FN:2408,rxp_test_case_config_blueprint_update_fn_pointer_tests_test_pointer_string_greaterthan_a_b
FN:2408,pointer_tests_test_pointer_string_greaterthan_a_b
FN:2420,pointer_tests_test_pointer_string_greaterthan_b_a
FN:2420,rxp_test_case_config_blueprint_update_fn_pointer_tests_test_pointer_string_greaterthan_b_a
FN:2432,rxp_test_case_config_blueprint_update_fn_pointer_tests_test_pointer_string_greaterthan_1_2
FN:2432,pointer_tests_test_pointer_string_greaterthan_1_2
FN:2443,pointer_tests_test_pointer_string_greaterthan_1_3
FN:2443,rxp_test_case_config_blueprint_update_fn_pointer_tests_test_pointer_string_greaterthan_1_3
FN:2454,rxp_test_case_config_blueprint_update_fn_pointer_tests_test_pointer_string_greaterthan_2_1
FN:2454,pointer_tests_test_pointer_string_greaterthan_2_1
FN:2465,rxp_test_case_config_blueprint_update_fn_pointer_tests_test_pointer_string_greaterthan_a_string_free
FN:2465,pointer_tests_test_pointer_string_greaterthan_a_string_free
FN:2477,rxp_test_case_config_blueprint_update_fn_pointer_tests_test_pointer_string_greaterthan_string_free_b
FN:2477,pointer_tests_test_pointer_string_greaterthan_string_free_b
FN:2489,pointer_tests_test_pointer_string_greaterthan_string_list
FN:2489,rxp_test_case_config_blueprint_update_fn_pointer_tests_test_pointer_string_greaterthan_string_list
FN:2500,rxp_test_case_config_blueprint_update_fn_pointer_tests_test_pointer_string_greaterthan_list_string
FN:2500,pointer_tests_test_pointer_string_greaterthan_list_string
FN:2511,rxp_test_case_config_blueprint_update_fn_pointer_tests_test_pointer_string_equals_0_0
FN:2511,pointer_tests_test_pointer_string_equals_0_0
FN:2520,rxp_test_case_config_blueprint_update_fn_pointer_tests_test_pointer_string_equals_0_1
FN:2520,pointer_tests_test_pointer_string_equals_0_1
FN:2529,rxp_test_case_config_blueprint_update_fn_pointer_tests_test_pointer_string_equals_1_0
FN:2529,pointer_tests_test_pointer_string_equals_1_0
FN:2539,rxp_test_case_config_blueprint_update_fn_pointer_tests_test_pointer_string_equals_1_1
FN:2539,pointer_tests_test_pointer_string_equals_1_1
FN:2550,pointer_tests_test_pointer_string_equals_a_b
FN:2550,rxp_test_case_config_blueprint_update_fn_pointer_tests_test_pointer_string_equals_a_b
FN:2562,pointer_tests_test_pointer_string_equals_b_a
FN:2562,rxp_test_case_config_blueprint_update_fn_pointer_tests_test_pointer_string_equals_b_a
FN:2575,rxp_test_case_config_blueprint_update_fn_pointer_tests_test_pointer_string_equals_1_2
FN:2575,pointer_tests_test_pointer_string_equals_1_2
FN:2586,rxp_test_case_config_blueprint_update_fn_pointer_tests_test_pointer_string_equals_1_3
FN:2586,pointer_tests_test_pointer_string_equals_1_3
FN:2597,rxp_test_case_config_blueprint_update_fn_pointer_tests_test_pointer_string_equals_2_1
FN:2597,pointer_tests_test_pointer_string_equals_2_1
FN:2608,rxp_test_case_config_blueprint_update_fn_pointer_tests_test_pointer_string_equals_a_string_free
FN:2608,pointer_tests_test_pointer_string_equals_a_string_free
FN:2620,rxp_test_case_config_blueprint_update_fn_pointer_tests_test_pointer_string_equals_string_free_b
FN:2620,pointer_tests_test_pointer_string_equals_string_free_b
FN:2632,rxp_test_case_config_blueprint_update_fn_pointer_tests_test_pointer_string_equals_string_list
FN:2632,pointer_tests_test_pointer_string_equals_string_list
FN:2643,rxp_test_case_config_blueprint_update_fn_pointer_tests_test_pointer_string_equals_list_string
FN:2643,pointer_tests_test_pointer_string_equals_list_string
FN:2654,rxp_test_case_config_blueprint_update_fn_pointer_tests_test_pointer_string_compare_0_0
FN:2654,pointer_tests_test_pointer_string_compare_0_0
FN:2663,rxp_test_case_config_blueprint_update_fn_pointer_tests_test_pointer_string_compare_0_1
FN:2663,pointer_tests_test_pointer_string_compare_0_1
FN:2672,rxp_test_case_config_blueprint_update_fn_pointer_tests_test_pointer_string_compare_1_0
FN:2672,pointer_tests_test_pointer_string_compare_1_0
FN:2682,rxp_test_case_config_blueprint_update_fn_pointer_tests_test_pointer_string_compare_1_1
FN:2682,pointer_tests_test_pointer_string_compare_1_1
FN:2693,rxp_test_case_config_blueprint_update_fn_pointer_tests_test_pointer_string_compare_a_b
FN:2693,pointer_tests_test_pointer_string_compare_a_b
FN:2705,rxp_test_case_config_blueprint_update_fn_pointer_tests_test_pointer_string_compare_b_a
FN:2705,pointer_tests_test_pointer_string_compare_b_a
FN:2718,pointer_tests_test_pointer_string_compare_1_2
FN:2718,rxp_test_case_config_blueprint_update_fn_pointer_tests_test_pointer_string_compare_1_2
FN:2729,rxp_test_case_config_blueprint_update_fn_pointer_tests_test_pointer_string_compare_1_3
FN:2729,pointer_tests_test_pointer_string_compare_1_3
FN:2740,rxp_test_case_config_blueprint_update_fn_pointer_tests_test_pointer_string_compare_2_1
FN:2740,pointer_tests_test_pointer_string_compare_2_1
FN:2751,rxp_test_case_config_blueprint_update_fn_pointer_tests_test_pointer_string_compare_a_string_free
FN:2751,pointer_tests_test_pointer_string_compare_a_string_free
FN:2763,pointer_tests_test_pointer_string_compare_string_free_b
FN:2763,rxp_test_case_config_blueprint_update_fn_pointer_tests_test_pointer_string_compare_string_free_b
FN:2775,rxp_test_case_config_blueprint_update_fn_pointer_tests_test_pointer_string_compare_string_list
FN:2775,pointer_tests_test_pointer_string_compare_string_list
FN:2786,rxp_test_case_config_blueprint_update_fn_pointer_tests_test_pointer_string_compare_list_string
FN:2786,pointer_tests_test_pointer_string_compare_list_string
FN:2797,pointer_tests_test_pointer_string_strcmp_0_0
FN:2797,rxp_test_case_config_blueprint_update_fn_pointer_tests_test_pointer_string_strcmp_0_0
FN:2806,rxp_test_case_config_blueprint_update_fn_pointer_tests_test_pointer_string_strcmp_0_1
FN:2806,pointer_tests_test_pointer_string_strcmp_0_1
FN:2815,pointer_tests_test_pointer_string_strcmp_1_0
FN:2815,rxp_test_case_config_blueprint_update_fn_pointer_tests_test_pointer_string_strcmp_1_0
FN:2825,pointer_tests_test_pointer_string_strcmp_1_1
FN:2825,rxp_test_case_config_blueprint_update_fn_pointer_tests_test_pointer_string_strcmp_1_1
FN:2836,pointer_tests_test_pointer_string_strcmp_a_b
FN:2836,rxp_test_case_config_blueprint_update_fn_pointer_tests_test_pointer_string_strcmp_a_b
FN:2848,pointer_tests_test_pointer_string_strcmp_b_a
FN:2848,rxp_test_case_config_blueprint_update_fn_pointer_tests_test_pointer_string_strcmp_b_a
FN:2861,pointer_tests_test_pointer_string_strcmp_1_2
FN:2861,rxp_test_case_config_blueprint_update_fn_pointer_tests_test_pointer_string_strcmp_1_2
FN:2871,pointer_tests_test_pointer_string_strcmp_1_3
FN:2871,rxp_test_case_config_blueprint_update_fn_pointer_tests_test_pointer_string_strcmp_1_3
FN:2882,rxp_test_case_config_blueprint_update_fn_pointer_tests_test_pointer_string_strcmp_2_1
FN:2882,pointer_tests_test_pointer_string_strcmp_2_1
FN:2893,pointer_tests_test_pointer_string_strcmp_a_string_free
FN:2893,rxp_test_case_config_blueprint_update_fn_pointer_tests_test_pointer_string_strcmp_a_string_free
FN:2905,pointer_tests_test_pointer_string_strcmp_string_free_b
FN:2905,rxp_test_case_config_blueprint_update_fn_pointer_tests_test_pointer_string_strcmp_string_free_b
FN:2917,rxp_test_case_config_blueprint_update_fn_pointer_tests_test_pointer_string_strcmp_string_list
FN:2917,pointer_tests_test_pointer_string_strcmp_string_list
FN:2928,pointer_tests_test_pointer_string_strcmp_list_string
FN:2928,rxp_test_case_config_blueprint_update_fn_pointer_tests_test_pointer_string_strcmp_list_string
FN:2939,rxp_test_case_config_blueprint_update_fn_pointer_tests_test_pointer_string_move_right_0_0
FN:2939,pointer_tests_test_pointer_string_move_right_0_0
FN:2948,rxp_test_case_config_blueprint_update_fn_pointer_tests_test_pointer_string_move_right_0_1
FN:2948,pointer_tests_test_pointer_string_move_right_0_1
FN:2957,pointer_tests_test_pointer_string_move_right_1_0
FN:2957,rxp_test_case_config_blueprint_update_fn_pointer_tests_test_pointer_string_move_right_1_0
FN:2967,rxp_test_case_config_blueprint_update_fn_pointer_tests_test_pointer_string_move_right_1_1
FN:2967,pointer_tests_test_pointer_string_move_right_1_1
FN:2978,pointer_tests_test_pointer_string_move_right_a_b
FN:2978,rxp_test_case_config_blueprint_update_fn_pointer_tests_test_pointer_string_move_right_a_b
FN:2988,pointer_tests_test_pointer_string_move_right_b_a
FN:2988,rxp_test_case_config_blueprint_update_fn_pointer_tests_test_pointer_string_move_right_b_a
FN:3000,rxp_test_case_config_blueprint_update_fn_pointer_tests_test_pointer_string_move_right_a_b_2
FN:3000,pointer_tests_test_pointer_string_move_right_a_b_2
FN:3012,rxp_test_case_config_blueprint_update_fn_pointer_tests_test_pointer_string_move_right_a_b_0
FN:3012,pointer_tests_test_pointer_string_move_right_a_b_0
FN:3025,rxp_test_case_config_blueprint_update_fn_pointer_tests_test_pointer_string_move_right_a_b_free
FN:3025,pointer_tests_test_pointer_string_move_right_a_b_free
FN:3038,pointer_tests_test_pointer_string_move_right_1_2
FN:3038,rxp_test_case_config_blueprint_update_fn_pointer_tests_test_pointer_string_move_right_1_2
FN:3049,rxp_test_case_config_blueprint_update_fn_pointer_tests_test_pointer_string_move_right_1_3
FN:3049,pointer_tests_test_pointer_string_move_right_1_3
FN:3060,rxp_test_case_config_blueprint_update_fn_pointer_tests_test_pointer_string_move_right_2_1
FN:3060,pointer_tests_test_pointer_string_move_right_2_1
FN:3071,rxp_test_case_config_blueprint_update_fn_pointer_tests_test_pointer_string_move_right_a_string_free
FN:3071,pointer_tests_test_pointer_string_move_right_a_string_free
FN:3083,rxp_test_case_config_blueprint_update_fn_pointer_tests_test_pointer_string_move_right_string_free_b
FN:3083,pointer_tests_test_pointer_string_move_right_string_free_b
FN:3095,rxp_test_case_config_blueprint_update_fn_pointer_tests_test_pointer_string_move_right_string_list
FN:3095,pointer_tests_test_pointer_string_move_right_string_list
FN:3106,rxp_test_case_config_blueprint_update_fn_pointer_tests_test_pointer_string_move_right_list_string
FN:3106,pointer_tests_test_pointer_string_move_right_list_string
FN:3117,pointer_tests_test_pointer_string_right_0_0
FN:3117,rxp_test_case_config_blueprint_update_fn_pointer_tests_test_pointer_string_right_0_0
FN:3126,rxp_test_case_config_blueprint_update_fn_pointer_tests_test_pointer_string_right_0_1
FN:3126,pointer_tests_test_pointer_string_right_0_1
FN:3135,rxp_test_case_config_blueprint_update_fn_pointer_tests_test_pointer_string_right_1_0
FN:3135,pointer_tests_test_pointer_string_right_1_0
FN:3145,rxp_test_case_config_blueprint_update_fn_pointer_tests_test_pointer_string_right_1_1
FN:3145,pointer_tests_test_pointer_string_right_1_1
FN:3157,pointer_tests_test_pointer_string_right_a_b
FN:3157,rxp_test_case_config_blueprint_update_fn_pointer_tests_test_pointer_string_right_a_b
FN:3167,rxp_test_case_config_blueprint_update_fn_pointer_tests_test_pointer_string_right_b_a
FN:3167,pointer_tests_test_pointer_string_right_b_a
FN:3179,rxp_test_case_config_blueprint_update_fn_pointer_tests_test_pointer_string_right_a_b_2
FN:3179,pointer_tests_test_pointer_string_right_a_b_2
FN:3191,rxp_test_case_config_blueprint_update_fn_pointer_tests_test_pointer_string_right_a_b_0
FN:3191,pointer_tests_test_pointer_string_right_a_b_0
FN:3204,pointer_tests_test_pointer_string_right_a_b_free
FN:3204,rxp_test_case_config_blueprint_update_fn_pointer_tests_test_pointer_string_right_a_b_free
FN:3217,rxp_test_case_config_blueprint_update_fn_pointer_tests_test_pointer_string_right_1_2
FN:3217,pointer_tests_test_pointer_string_right_1_2
FN:3228,rxp_test_case_config_blueprint_update_fn_pointer_tests_test_pointer_string_right_1_3
FN:3228,pointer_tests_test_pointer_string_right_1_3
FN:3239,rxp_test_case_config_blueprint_update_fn_pointer_tests_test_pointer_string_right_2_1
FN:3239,pointer_tests_test_pointer_string_right_2_1
FN:3250,pointer_tests_test_pointer_string_right_a_string_free
FN:3250,rxp_test_case_config_blueprint_update_fn_pointer_tests_test_pointer_string_right_a_string_free
FN:3262,rxp_test_case_config_blueprint_update_fn_pointer_tests_test_pointer_string_right_string_free_b
FN:3262,pointer_tests_test_pointer_string_right_string_free_b
FN:3274,pointer_tests_test_pointer_string_right_string_list
FN:3274,rxp_test_case_config_blueprint_update_fn_pointer_tests_test_pointer_string_right_string_list
FN:3285,rxp_test_case_config_blueprint_update_fn_pointer_tests_test_pointer_string_right_list_string
FN:3285,pointer_tests_test_pointer_string_right_list_string
FN:3296,pointer_tests_test_pointer_string_move_left_0_0
FN:3296,rxp_test_case_config_blueprint_update_fn_pointer_tests_test_pointer_string_move_left_0_0
FN:3305,rxp_test_case_config_blueprint_update_fn_pointer_tests_test_pointer_string_move_left_0_1
FN:3305,pointer_tests_test_pointer_string_move_left_0_1
FN:3314,pointer_tests_test_pointer_string_move_left_1_0
FN:3314,rxp_test_case_config_blueprint_update_fn_pointer_tests_test_pointer_string_move_left_1_0
FN:3324,pointer_tests_test_pointer_string_move_left_1_1
FN:3324,rxp_test_case_config_blueprint_update_fn_pointer_tests_test_pointer_string_move_left_1_1
FN:3335,rxp_test_case_config_blueprint_update_fn_pointer_tests_test_pointer_string_move_left_a_b
FN:3335,pointer_tests_test_pointer_string_move_left_a_b
FN:3347,rxp_test_case_config_blueprint_update_fn_pointer_tests_test_pointer_string_move_left_b_a
FN:3347,pointer_tests_test_pointer_string_move_left_b_a
FN:3359,rxp_test_case_config_blueprint_update_fn_pointer_tests_test_pointer_string_move_left_a_b_2
FN:3359,pointer_tests_test_pointer_string_move_left_a_b_2
FN:3371,pointer_tests_test_pointer_string_move_left_a_b_0
FN:3371,rxp_test_case_config_blueprint_update_fn_pointer_tests_test_pointer_string_move_left_a_b_0
FN:3384,pointer_tests_test_pointer_string_move_left_a_b_free
FN:3384,rxp_test_case_config_blueprint_update_fn_pointer_tests_test_pointer_string_move_left_a_b_free
FN:3397,rxp_test_case_config_blueprint_update_fn_pointer_tests_test_pointer_string_move_left_1_2
FN:3397,pointer_tests_test_pointer_string_move_left_1_2
FN:3407,rxp_test_case_config_blueprint_update_fn_pointer_tests_test_pointer_string_move_left_1_3
FN:3407,pointer_tests_test_pointer_string_move_left_1_3
FN:3418,pointer_tests_test_pointer_string_move_left_2_1
FN:3418,rxp_test_case_config_blueprint_update_fn_pointer_tests_test_pointer_string_move_left_2_1
FN:3429,rxp_test_case_config_blueprint_update_fn_pointer_tests_test_pointer_string_move_left_a_string_free
FN:3429,pointer_tests_test_pointer_string_move_left_a_string_free
FN:3441,rxp_test_case_config_blueprint_update_fn_pointer_tests_test_pointer_string_move_left_string_free_b
FN:3441,pointer_tests_test_pointer_string_move_left_string_free_b
FN:3453,rxp_test_case_config_blueprint_update_fn_pointer_tests_test_pointer_string_move_left_string_list
FN:3453,pointer_tests_test_pointer_string_move_left_string_list
FN:3464,pointer_tests_test_pointer_string_move_left_list_string
FN:3464,rxp_test_case_config_blueprint_update_fn_pointer_tests_test_pointer_string_move_left_list_string
FN:3475,pointer_tests_test_pointer_string_left_strncpy_0_0
FN:3475,rxp_test_case_config_blueprint_update_fn_pointer_tests_test_pointer_string_left_strncpy_0_0
FN:3484,rxp_test_case_config_blueprint_update_fn_pointer_tests_test_pointer_string_left_strncpy_0_1
FN:3484,pointer_tests_test_pointer_string_left_strncpy_0_1
FN:3493,rxp_test_case_config_blueprint_update_fn_pointer_tests_test_pointer_string_left_strncpy_1_0
FN:3493,pointer_tests_test_pointer_string_left_strncpy_1_0
FN:3503,rxp_test_case_config_blueprint_update_fn_pointer_tests_test_pointer_string_left_strncpy_1_1
FN:3503,pointer_tests_test_pointer_string_left_strncpy_1_1
FN:3514,rxp_test_case_config_blueprint_update_fn_pointer_tests_test_pointer_string_left_strncpy_a_b
FN:3514,pointer_tests_test_pointer_string_left_strncpy_a_b
FN:3526,pointer_tests_test_pointer_string_left_strncpy_b_a
FN:3526,rxp_test_case_config_blueprint_update_fn_pointer_tests_test_pointer_string_left_strncpy_b_a
FN:3541,rxp_test_case_config_blueprint_update_fn_pointer_tests_test_pointer_string_left_strncpy_a_b_2
FN:3541,pointer_tests_test_pointer_string_left_strncpy_a_b_2
FN:3553,pointer_tests_test_pointer_string_left_strncpy_a_b_0
FN:3553,rxp_test_case_config_blueprint_update_fn_pointer_tests_test_pointer_string_left_strncpy_a_b_0
FN:3568,rxp_test_case_config_blueprint_update_fn_pointer_tests_test_pointer_string_left_strncpy_a_b_free
FN:3568,pointer_tests_test_pointer_string_left_strncpy_a_b_free
FN:3581,rxp_test_case_config_blueprint_update_fn_pointer_tests_test_pointer_string_left_strncpy_1_2
FN:3581,pointer_tests_test_pointer_string_left_strncpy_1_2
FN:3591,pointer_tests_test_pointer_string_left_strncpy_1_3
FN:3591,rxp_test_case_config_blueprint_update_fn_pointer_tests_test_pointer_string_left_strncpy_1_3
FN:3602,pointer_tests_test_pointer_string_left_strncpy_2_1
FN:3602,rxp_test_case_config_blueprint_update_fn_pointer_tests_test_pointer_string_left_strncpy_2_1
FN:3613,pointer_tests_test_pointer_string_left_strncpy_a_string_free
FN:3613,rxp_test_case_config_blueprint_update_fn_pointer_tests_test_pointer_string_left_strncpy_a_string_free
FN:3625,pointer_tests_test_pointer_string_left_strncpy_string_free_b
FN:3625,rxp_test_case_config_blueprint_update_fn_pointer_tests_test_pointer_string_left_strncpy_string_free_b
FN:3637,pointer_tests_test_pointer_string_left_strncpy_string_list
FN:3637,rxp_test_case_config_blueprint_update_fn_pointer_tests_test_pointer_string_left_strncpy_string_list
FN:3648,pointer_tests_test_pointer_string_left_strncpy_list_string
FN:3648,rxp_test_case_config_blueprint_update_fn_pointer_tests_test_pointer_string_left_strncpy_list_string
FN:3659,pointer_tests_test_pointer_string_left_0_0
FN:3659,rxp_test_case_config_blueprint_update_fn_pointer_tests_test_pointer_string_left_0_0
FN:3668,pointer_tests_test_pointer_string_left_0_1
FN:3668,rxp_test_case_config_blueprint_update_fn_pointer_tests_test_pointer_string_left_0_1
FN:3677,rxp_test_case_config_blueprint_update_fn_pointer_tests_test_pointer_string_left_1_0
FN:3677,pointer_tests_test_pointer_string_left_1_0
FN:3687,rxp_test_case_config_blueprint_update_fn_pointer_tests_test_pointer_string_left_1_1
FN:3687,pointer_tests_test_pointer_string_left_1_1
FN:3698,rxp_test_case_config_blueprint_update_fn_pointer_tests_test_pointer_string_left_a_b
FN:3698,pointer_tests_test_pointer_string_left_a_b
FN:3710,pointer_tests_test_pointer_string_left_b_a
FN:3710,rxp_test_case_config_blueprint_update_fn_pointer_tests_test_pointer_string_left_b_a
FN:3725,rxp_test_case_config_blueprint_update_fn_pointer_tests_test_pointer_string_left_a_b_2
FN:3725,pointer_tests_test_pointer_string_left_a_b_2
FN:3737,pointer_tests_test_pointer_string_left_a_b_0
FN:3737,rxp_test_case_config_blueprint_update_fn_pointer_tests_test_pointer_string_left_a_b_0
FN:3752,rxp_test_case_config_blueprint_update_fn_pointer_tests_test_pointer_string_left_a_b_free
FN:3752,pointer_tests_test_pointer_string_left_a_b_free
FN:3765,pointer_tests_test_pointer_string_left_1_2
FN:3765,rxp_test_case_config_blueprint_update_fn_pointer_tests_test_pointer_string_left_1_2
FN:3775,rxp_test_case_config_blueprint_update_fn_pointer_tests_test_pointer_string_left_1_3
FN:3775,pointer_tests_test_pointer_string_left_1_3
FN:3786,pointer_tests_test_pointer_string_left_2_1
FN:3786,rxp_test_case_config_blueprint_update_fn_pointer_tests_test_pointer_string_left_2_1
FN:3797,pointer_tests_test_pointer_string_left_a_string_free
FN:3797,rxp_test_case_config_blueprint_update_fn_pointer_tests_test_pointer_string_left_a_string_free
FN:3809,pointer_tests_test_pointer_string_left_string_free_b
FN:3809,rxp_test_case_config_blueprint_update_fn_pointer_tests_test_pointer_string_left_string_free_b
FN:3821,pointer_tests_test_pointer_string_left_string_list
FN:3821,rxp_test_case_config_blueprint_update_fn_pointer_tests_test_pointer_string_left_string_list
FN:3832,pointer_tests_test_pointer_string_left_list_string
FN:3832,rxp_test_case_config_blueprint_update_fn_pointer_tests_test_pointer_string_left_list_string
FN:3843,rxp_test_case_config_blueprint_update_fn_pointer_tests_test_pointer_string_strncpy_0_0
FN:3843,pointer_tests_test_pointer_string_strncpy_0_0
FN:3852,rxp_test_case_config_blueprint_update_fn_pointer_tests_test_pointer_string_strncpy_0_1
FN:3852,pointer_tests_test_pointer_string_strncpy_0_1
FN:3861,rxp_test_case_config_blueprint_update_fn_pointer_tests_test_pointer_string_strncpy_1_0
FN:3861,pointer_tests_test_pointer_string_strncpy_1_0
FN:3871,pointer_tests_test_pointer_string_strncpy_1_1
FN:3871,rxp_test_case_config_blueprint_update_fn_pointer_tests_test_pointer_string_strncpy_1_1
FN:3882,rxp_test_case_config_blueprint_update_fn_pointer_tests_test_pointer_string_strncpy_a_b
FN:3882,pointer_tests_test_pointer_string_strncpy_a_b
FN:3899,rxp_test_case_config_blueprint_update_fn_pointer_tests_test_pointer_string_strncpy_b_a
FN:3899,pointer_tests_test_pointer_string_strncpy_b_a
FN:3911,rxp_test_case_config_blueprint_update_fn_pointer_tests_test_pointer_string_strncpy_a_b_2
FN:3911,pointer_tests_test_pointer_string_strncpy_a_b_2
FN:3923,pointer_tests_test_pointer_string_strncpy_a_b_0
FN:3923,rxp_test_case_config_blueprint_update_fn_pointer_tests_test_pointer_string_strncpy_a_b_0
FN:3937,rxp_test_case_config_blueprint_update_fn_pointer_tests_test_pointer_string_strncpy_a_b_free
FN:3937,pointer_tests_test_pointer_string_strncpy_a_b_free
FN:3950,pointer_tests_test_pointer_string_strncpy_a_b_2_overflow
FN:3950,rxp_test_case_config_blueprint_update_fn_pointer_tests_test_pointer_string_strncpy_a_b_2_overflow
FN:3962,pointer_tests_test_pointer_string_strncpy_1_2
FN:3962,rxp_test_case_config_blueprint_update_fn_pointer_tests_test_pointer_string_strncpy_1_2
FN:3973,pointer_tests_test_pointer_string_strncpy_1_3
FN:3973,rxp_test_case_config_blueprint_update_fn_pointer_tests_test_pointer_string_strncpy_1_3
FN:3984,pointer_tests_test_pointer_string_strncpy_2_1
FN:3984,rxp_test_case_config_blueprint_update_fn_pointer_tests_test_pointer_string_strncpy_2_1
FN:3995,rxp_test_case_config_blueprint_update_fn_pointer_tests_test_pointer_string_strncpy_a_string_free
FN:3995,pointer_tests_test_pointer_string_strncpy_a_string_free
FN:4007,pointer_tests_test_pointer_string_strncpy_string_free_b
FN:4007,rxp_test_case_config_blueprint_update_fn_pointer_tests_test_pointer_string_strncpy_string_free_b
FN:4019,rxp_test_case_config_blueprint_update_fn_pointer_tests_test_pointer_string_strncpy_string_list
FN:4019,pointer_tests_test_pointer_string_strncpy_string_list
FN:4030,rxp_test_case_config_blueprint_update_fn_pointer_tests_test_pointer_string_strncpy_list_string
FN:4030,pointer_tests_test_pointer_string_strncpy_list_string
FN:4040,parse_text
FN:4115,run
FNDA:18,rxp_test_case_config_blueprint_update_fn_pointer_tests_test_pointer_string_right_string_list
FNDA:18,tests_v1_test_string_pointer_match_0_string
FNDA:18,rxp_test_case_config_blueprint_update_fn_tests_v1_test_list_push_0
FNDA:18,rxp_test_case_config_blueprint_update_fn_pointer_tests_test_pointer_string_strncpy_a_b_2
FNDA:18,tests_v1_test_object_load_string_unsafe_0
FNDA:18,rxp_test_case_config_blueprint_update_fn_tests_v1_test_list_pop_string
FNDA:18,rxp_test_case_config_blueprint_update_fn_tests_v1_test_list_push_1_0
FNDA:18,rxp_test_case_config_blueprint_update_fn_pointer_tests_test_pointer_string_strncpy_b_a
FNDA:18,pointer_tests_test_pointer_string_compare_a_b
FNDA:18,pointer_tests_test_pointer_string_compare_string_free_b
FNDA:18,rxp_test_case_config_blueprint_update_fn_tests_v1_test_os_getenv_0
FNDA:18,tests_v1_test_string_pointer_strchr_miss
FNDA:18,pointer_tests_test_pointer_string_right_string_free_b
FNDA:18,rxp_test_case_config_blueprint_update_fn_pointer_tests_test_pointer_string_greaterthan_2_1
FNDA:18,rxp_test_case_config_blueprint_update_fn_pointer_tests_test_pointer_string_compare_a_b
FNDA:18,tests_v1_test_offset_strcat
FNDA:18,pointer_tests_test_pointer_string_left_a_b_2
FNDA:18,rxp_test_case_config_blueprint_update_fn_tests_v1_test_strcat_alloc_load
FNDA:18,rxp_test_case_config_blueprint_update_fn_pointer_tests_test_pointer_string_move_right_a_b
FNDA:18,rxp_test_case_config_blueprint_update_fn_pointer_tests_test_pointer_string_lessthan_1_0
FNDA:18,rxp_test_case_config_blueprint_update_fn_tests_v1_test_object_load_string
FNDA:18,pointer_tests_test_pointer_string_equals_2_1
FNDA:18,rxp_test_case_config_blueprint_update_fn_pointer_tests_test_pointer_string_lessthan_2_1
FNDA:18,pointer_tests_test_pointer_string_left_strncpy_a_b_free
FNDA:18,rxp_test_case_config_blueprint_update_fn_tests_v1_test_string_pointer_strrchr_0_string
FNDA:18,pointer_tests_test_pointer_string_right_1_0
FNDA:18,rxp_test_case_config_blueprint_update_fn_tests_v1_test_object_free_0
FNDA:18,pointer_tests_test_pointer_string_move_right_a_b_free
FNDA:18,rxp_test_case_config_blueprint_update_fn_tests_v1_test_string_pointer_match_0_0
FNDA:18,pointer_tests_test_pointer_string_move_right_a_b
FNDA:18,tests_v1_test_object_load_string_0
FNDA:18,rxp_test_case_config_blueprint_update_fn_pointer_tests_test_pointer_string_greaterthan_a_string_free
FNDA:18,rxp_test_case_config_blueprint_update_fn_tests_v1_test_string_pointer_match_0
FNDA:18,rxp_test_case_config_blueprint_update_fn_pointer_tests_test_pointer_string_left_b_a
FNDA:18,pointer_tests_test_pointer_string_left_strncpy_list_string
FNDA:18,tests_v1_test_strcat_load_alloc_alloc
FNDA:18,tests_v1_test_string_offset_list
FNDA:18,pointer_tests_test_pointer_string_pointer_lessthan_free
FNDA:18,tests_v1_test_string_pointer_strchr_match_offset
FNDA:18,rxp_test_case_config_blueprint_update_fn_tests_v1_test_load_open_file_unsafe_hashtable
FNDA:18,pointer_tests_test_pointer_string_lessthan_2_1
FNDA:18,pointer_tests_test_pointer_string_greaterthan_string_free_b
FNDA:18,rxp_test_case_config_blueprint_update_fn_tests_v1_test_string_pointer_free
FNDA:18,rxp_test_case_config_blueprint_update_fn_pointer_tests_test_pointer_string_right_1_0
FNDA:18,tests_v1_test_string_pointer_offset_pattern_load_0
FNDA:18,pointer_tests_test_pointer_string_strncpy_a_b_free
FNDA:18,rxp_test_case_config_blueprint_update_fn_pointer_tests_test_pointer_string_greaterthan_1_3
FNDA:18,tests_v1_test_string_pointer_match
FNDA:18,tests_v1_test_string_pointer_match_pattern_0
FNDA:18,pointer_tests_test_pointer_string_equals_a_b
FNDA:18,pointer_tests_test_pointer_string_strncpy_a_b
FNDA:18,pointer_tests_test_pointer_string_equals_string_free_b
FNDA:18,rxp_test_case_config_blueprint_update_fn_tests_v1_test_print_string_pointer
FNDA:18,tests_v1_test_string_match_list
FNDA:18,rxp_test_case_config_blueprint_update_fn_pointer_tests_test_pointer_string_greaterthan_b_a
FNDA:18,rxp_test_case_config_blueprint_update_fn_tests_v1_test_string_pointer_match_pattern_load_0
FNDA:18,pointer_tests_test_pointer_string_load
FNDA:18,pointer_tests_test_pointer_string_strncpy_1_2
FNDA:18,pointer_tests_test_pointer_string_left_strncpy_2_1
FNDA:18,pointer_tests_test_pointer_string_strcmp_0_0
FNDA:18,tests_v1_test_load_0
FNDA:18,rxp_test_case_config_blueprint_update_fn_pointer_tests_test_pointer_string_compare_1_3
FNDA:18,rxp_test_case_config_blueprint_update_fn_tests_v1_test_string_offset_ptr_offset
FNDA:18,pointer_tests_test_pointer_string_strcmp_1_0
FNDA:18,tests_v1_test_object_load_string_unsafe_alloc_0
FNDA:18,tests_v1_test_string_pointer_strrchr_0_string
FNDA:18,pointer_tests_test_pointer_string_move_left_2_1
FNDA:18,tests_v1_test_load_copy
FNDA:18,rxp_test_case_config_blueprint_update_fn_pointer_tests_test_pointer_string_strncpy_1_3
FNDA:18,tests_v1_test_pointer_size_0
FNDA:18,rxp_test_case_config_blueprint_update_fn_pointer_tests_test_pointer_string_left_0_0
FNDA:18,rxp_test_case_config_blueprint_update_fn_tests_v1_test_string_pointer_free_list
FNDA:18,rxp_test_case_config_blueprint_update_fn_pointer_tests_test_pointer_string_move_left_a_b_2
FNDA:18,tests_v1_test_list_size
FNDA:18,pointer_tests_test_pointer_string_equals_a_string_free
FNDA:18,pointer_tests_test_pointer_string_move_right_0_1
FNDA:18,rxp_test_case_config_blueprint_update_fn_pointer_tests_test_pointer_string_left_strncpy_1_3
FNDA:18,pointer_tests_test_pointer_strings
FNDA:5076,test_tear_down
FNDA:18,pointer_tests_test_pointer_string_lessthan_0_0
FNDA:18,rxp_test_case_config_blueprint_update_fn_pointer_tests_test_pointer_string_equals_0_0
FNDA:18,rxp_test_case_config_blueprint_update_fn_pointer_tests_test_pointer_string_strncpy_list_string
FNDA:18,rxp_test_case_config_blueprint_update_fn_tests_v1_test_os_getenv
FNDA:18,rxp_test_case_config_blueprint_update_fn_tests_v1_test_object_load_string_unsafe_alloc_0
FNDA:18,rxp_test_case_config_blueprint_update_fn_pointer_tests_test_pointer_string_right_0_1
FNDA:18,pointer_tests_test_pointer_string_move_left_a_b_2
FNDA:18,rxp_test_case_config_blueprint_update_fn_tests_v1_test_os_getenv_list
FNDA:18,tests_v1_test_list_peek_list
FNDA:18,rxp_test_case_config_blueprint_update_fn_tests_v1_teststring_pointer_unsafe
FNDA:18,rxp_test_case_config_blueprint_update_fn_tests_v1_test_string_pointer_strchr_0_string
FNDA:18,rxp_test_case_config_blueprint_update_fn_pointer_tests_test_pointer_string_strcmp_1_0
FNDA:18,rxp_test_case_config_blueprint_update_fn_pointer_tests_test_pointer_string_strncpy_a_b_2_overflow
FNDA:18,pointer_tests_test_pointer_string_greaterthan_0_0
FNDA:18,rxp_test_case_config_blueprint_update_fn_tests_v1_test_string_pointer_size
FNDA:18,tests_v1_test_list_peek_0_1
FNDA:18,pointer_tests_test_pointer_string_move_left_1_2
FNDA:18,rxp_test_case_config_blueprint_update_fn_pointer_tests_test_pointer_string_strcmp_2_1
FNDA:18,tests_v1_test_list_size_string
FNDA:18,rxp_test_case_config_blueprint_update_fn_pointer_tests_test_pointer_string_move_left_a_b
FNDA:18,rxp_test_case_config_blueprint_update_fn_tests_v1_test_strcat_load_load
FNDA:18,pointer_tests_test_pointer_string_compare_2_1
FNDA:18,rxp_test_case_config_blueprint_update_fn_pointer_tests_test_pointer_init_string_load_9
FNDA:18,rxp_test_case_config_blueprint_update_fn_pointer_tests_test_pointer_string_strcmp_0_0
FNDA:18,rxp_test_case_config_blueprint_update_fn_pointer_tests_test_pointer_string_compare_string_free_b
FNDA:18,pointer_tests_test_pointer_string_left_a_b
FNDA:18,tests_v1_test_load_open_match_last_unsafe_free_unsuppported_calls
FNDA:18,tests_v1_test_string_pointer_free_list
FNDA:18,rxp_test_case_config_blueprint_update_fn_pointer_tests_test_pointer_string_strcmp_a_b
FNDA:18,pointer_tests_test_pointer_string_move_right_1_2
FNDA:18,rxp_test_case_config_blueprint_update_fn_tests_v1_test_load_push_peek_pop
FNDA:18,rxp_test_case_config_blueprint_update_fn_pointer_tests_test_pointer_string_left_strncpy_2_1
FNDA:18,tests_v1_test_os_getenv_0
FNDA:18,rxp_test_case_config_blueprint_update_fn_pointer_tests_test_pointer_string_move_right_1_1
FNDA:18,rxp_test_case_config_blueprint_update_fn_tests_v1_test_strcpy_load_alloc
FNDA:18,tests_v1_test_load_open_match_last_unsafe_free
FNDA:18,rxp_test_case_config_blueprint_update_fn_pointer_tests_test_pointer_string_strcmp_string_free_b
FNDA:18,pointer_tests_test_pointer_string_lessthan_string_free_b
FNDA:18,rxp_test_case_config_blueprint_update_fn_tests_v1_test_load_open_match_last_unsafe_free_unsuppported_calls
FNDA:18,rxp_test_case_config_blueprint_update_fn_tests_v1_test_object_alloc_0
FNDA:18,rxp_test_case_config_blueprint_update_fn_pointer_tests_test_pointer_string_move_right_list_string
FNDA:18,rxp_test_case_config_blueprint_update_fn_pointer_tests_test_pointer_string_greaterthan_0_1
FNDA:18,rxp_test_case_config_blueprint_update_fn_pointer_tests_test_pointer_string_left_1_3
FNDA:18,rxp_test_case_config_blueprint_update_fn_pointer_tests_test_pointer_string_move_right_a_b_2
FNDA:18,rxp_test_case_config_blueprint_update_fn_tests_v1_test_string_pointer_strchr_match_offset
FNDA:18,pointer_tests_test_pointer_string_lessthan_a_string_free
FNDA:18,pointer_tests_test_pointer_string_greaterthan_a_b
FNDA:18,rxp_test_case_config_blueprint_update_fn_pointer_tests_test_pointer_string_right_b_a
FNDA:18,rxp_test_case_config_blueprint_update_fn_pointer_tests_test_pointer_string_move_left_a_b_0
FNDA:18,rxp_test_case_config_blueprint_update_fn_pointer_tests_test_pointer_init
FNDA:18,rxp_test_case_config_blueprint_update_fn_pointer_tests_test_pointer_string_left_strncpy_a_b_0
FNDA:18,pointer_tests_test_pointer_string_left_a_b_free
FNDA:18,tests_v1_test_list_offset
FNDA:18,pointer_tests_test_pointer_string_right_1_2
FNDA:18,rxp_test_case_config_blueprint_update_fn_tests_v1_test_load_load_match_last
FNDA:18,pointer_tests_test_pointer_string_left_strncpy_1_3
FNDA:18,pointer_tests_test_pointer_string_move_right_a_string_free
FNDA:18,rxp_test_case_config_blueprint_update_fn_tests_v1_test_string_offset_ptr_offset_found
FNDA:18,pointer_tests_test_pointer_string_right_2_1
FNDA:18,tests_v1_test_pointer_size_object
FNDA:18,rxp_test_case_config_blueprint_update_fn_pointer_tests_test_pointer_string_compare_a_string_free
FNDA:18,tests_v1_test_load_null
FNDA:18,rxp_test_case_config_blueprint_update_fn_tests_v1_test_string_pointer_strchr_0_0
FNDA:18,rxp_test_case_config_blueprint_update_fn_pointer_tests_test_pointer_string_compare_string_list
FNDA:18,tests_v1_test_string_offset_ptr_diff
FNDA:18,tests_v1_test_os_getenv
FNDA:18,tests_v1_test_list_peekn_1
FNDA:18,rxp_test_case_config_blueprint_update_fn_tests_v1_test_strcpy
FNDA:18,rxp_test_case_config_blueprint_update_fn_tests_v1_test_string_pointer_match_pattern
FNDA:18,rxp_test_case_config_blueprint_update_fn_pointer_tests_test_pointer_string_greaterthan_0_0
FNDA:18,pointer_tests_test_pointer_string_left_strncpy_1_2
FNDA:18,rxp_test_case_config_blueprint_update_fn_tests_v1_test_load_free_free
FNDA:18,rxp_test_case_config_blueprint_update_fn_tests_v1_test_list_push_size
FNDA:18,pointer_tests_test_pointer_string_compare_0_0
FNDA:18,rxp_test_case_config_blueprint_update_fn_pointer_tests_test_pointer_string_left_0_1
FNDA:18,pointer_tests_test_pointer_string_move_right_string_free_b
FNDA:18,rxp_test_case_config_blueprint_update_fn_tests_v1_test_load_open_match_last_unsafe_free
FNDA:18,pointer_tests_test_pointer_string_strcmp_2_1
FNDA:18,pointer_tests_test_pointer_string_move_right_0_0
FNDA:18,rxp_test_case_config_blueprint_update_fn_pointer_tests_test_pointer_string_pointer_free
FNDA:18,rxp_test_case_config_blueprint_update_fn_tests_v1_test_load_null_ptr
FNDA:18,rxp_test_case_config_blueprint_update_fn_pointer_tests_test_pointer_string_lessthan_string_free_b
FNDA:18,tests_v1_test_list_peekn_2
FNDA:18,pointer_tests_test_pointer_string_move_right_list_string
FNDA:18,rxp_test_case_config_blueprint_update_fn_pointer_tests_test_pointer_string_strcmp_1_1
FNDA:18,pointer_tests_test_pointer_string_equals_0_0
FNDA:18,tests_v1_test_list_peekn_0
FNDA:18,pointer_tests_test_pointer_string_lessthan_1_3
FNDA:18,tests_v1_test_print_string_pointer_free
FNDA:18,rxp_test_case_config_blueprint_update_fn_pointer_tests_test_pointer_string_strcmp_b_a
FNDA:18,pointer_tests_test_pointer_string_greaterthan_1_0
[...]
DA:2609,18
DA:2610,18
DA:2611,18
DA:2612,18
DA:2613,18
DA:2614,18
DA:2615,18
DA:2616,18
DA:2617,18
DA:2620,36
DA:2621,18
DA:2622,18
DA:2623,18
DA:2624,18
DA:2625,18
DA:2626,18
DA:2627,18
DA:2628,18
DA:2629,18
DA:2632,36
DA:2633,18
DA:2634,18
DA:2635,18
DA:2636,18
DA:2637,18
DA:2638,18
DA:2639,18
DA:2640,18
DA:2643,36
DA:2644,18
DA:2645,18
DA:2646,18
DA:2647,18
DA:2648,18
DA:2649,18
DA:2650,18
DA:2651,18
DA:2654,36
DA:2655,18
DA:2656,18
DA:2657,18
DA:2658,18
DA:2659,18
DA:2660,18
DA:2663,36
DA:2664,18
DA:2665,18
DA:2666,18
DA:2667,18
DA:2668,18
DA:2669,18
DA:2672,36
DA:2673,18
DA:2674,18
DA:2675,18
DA:2676,18
DA:2677,18
DA:2678,18
DA:2679,18
DA:2682,36
DA:2683,18
DA:2684,18
DA:2685,18
DA:2686,18
DA:2687,18
DA:2688,18
DA:2689,18
DA:2690,18
DA:2693,36
DA:2694,18
DA:2695,18
DA:2696,18
DA:2697,18
DA:2698,18
DA:2699,18
DA:2700,18
DA:2701,18
DA:2702,18
DA:2705,36
DA:2706,18
DA:2707,18
DA:2708,18
DA:2709,18
DA:2710,18
DA:2711,18
DA:2712,18
DA:2713,18
DA:2714,18
DA:2715,18
DA:2718,36
DA:2719,18
DA:2720,18
DA:2721,18
DA:2722,18
DA:2723,18
DA:2724,18
DA:2725,18
DA:2726,18
DA:2729,36
DA:2730,18
DA:2731,18
DA:2732,18
DA:2733,18
DA:2734,18
DA:2735,18
DA:2736,18
DA:2737,18
DA:2740,36
DA:2741,18
DA:2742,18
DA:2743,18
DA:2744,18
DA:2745,18
DA:2746,18
DA:2747,18
DA:2748,18
DA:2751,36
DA:2752,18
DA:2753,18
DA:2754,18
DA:2755,18
DA:2756,18
DA:2757,18
DA:2758,18
DA:2759,18
DA:2760,18
DA:2763,36
DA:2764,18
DA:2765,18
DA:2766,18
DA:2767,18
DA:2768,18
DA:2769,18
DA:2770,18
DA:2771,18
DA:2772,18
DA:2775,36
DA:2776,18
DA:2777,18
DA:2778,18
DA:2779,18
DA:2780,18
DA:2781,18
DA:2782,18
DA:2783,18
DA:2786,36
DA:2787,18
DA:2788,18
DA:2789,18
DA:2790,18
DA:2791,18
DA:2792,18
DA:2793,18
DA:2794,18
DA:2797,36
DA:2798,18
DA:2799,18
DA:2800,18
DA:2801,18
DA:2802,18
DA:2803,18
DA:2806,36
DA:2807,18
DA:2808,18
DA:2809,18
DA:2810,18
DA:2811,18
DA:2812,18
DA:2815,36
DA:2816,18
DA:2817,18
DA:2818,18
DA:2819,18
DA:2820,18
DA:2821,18
DA:2822,18
DA:2825,36
DA:2826,18
DA:2827,18
DA:2828,18
DA:2829,18
DA:2830,18
DA:2831,18
DA:2832,18
DA:2833,18
DA:2836,36
DA:2837,18
DA:2838,18
DA:2839,18
DA:2840,18
DA:2841,18
DA:2842,18
DA:2843,18
DA:2844,18
DA:2845,18
DA:2848,36
DA:2849,18
DA:2850,18
DA:2851,18
DA:2852,18
DA:2853,18
DA:2854,18
DA:2855,18
DA:2856,18
DA:2857,18
DA:2858,18
DA:2861,36
DA:2862,18
DA:2863,18
DA:2864,18
DA:2865,18
DA:2866,18
DA:2867,18
DA:2868,18
DA:2869,18
DA:2871,36
DA:2872,18
DA:2873,18
DA:2874,18
DA:2875,18
DA:2876,18
DA:2877,18
DA:2878,18
DA:2879,18
DA:2882,36
DA:2883,18
DA:2884,18
DA:2885,18
DA:2886,18
DA:2887,18
DA:2888,18
DA:2889,18
DA:2890,18
DA:2893,36
DA:2894,18
DA:2895,18
DA:2896,18
DA:2897,18
DA:2898,18
DA:2899,18
DA:2900,18
DA:2901,18
DA:2902,18
DA:2905,36
DA:2906,18
DA:2907,18
DA:2908,18
DA:2909,18
DA:2910,18
DA:2911,18
DA:2912,18
DA:2913,18
DA:2914,18
DA:2917,36
DA:2918,18
DA:2919,18
DA:2920,18
DA:2921,18
DA:2922,18
DA:2923,18
DA:2924,18
DA:2925,18
DA:2928,36
DA:2929,18
DA:2930,18
DA:2931,18
DA:2932,18
DA:2933,18
DA:2934,18
DA:2935,18
DA:2936,18
DA:2939,36
DA:2940,18
DA:2941,18
DA:2942,18
DA:2943,18
DA:2944,18
DA:2945,18
DA:2948,36
DA:2949,18
DA:2950,18
DA:2951,18
DA:2952,18
DA:2953,18
DA:2954,18
DA:2957,36
DA:2958,18
DA:2959,18
DA:2960,18
DA:2961,18
DA:2962,18
DA:2963,18
DA:2964,18
DA:2967,36
DA:2968,18
DA:2969,18
DA:2970,18
DA:2971,18
DA:2972,18
DA:2973,18
DA:2974,18
DA:2975,18
DA:2978,36
DA:2979,18
DA:2980,18
DA:2981,18
DA:2982,18
DA:2983,18
DA:2984,18
DA:2985,18
DA:2988,36
DA:2989,18
DA:2990,18
DA:2991,18
DA:2992,18
DA:2993,18
DA:2994,18
DA:2995,18
DA:2996,18
DA:2997,18
DA:3000,36
DA:3001,18
DA:3002,18
DA:3003,18
DA:3004,18
DA:3005,18
DA:3006,18
DA:3007,18
DA:3008,18
DA:3009,18
DA:3012,36
DA:3013,18
DA:3014,18
DA:3015,18
DA:3016,18
DA:3017,18
DA:3018,18
DA:3019,18
DA:3020,18
DA:3021,18
DA:3022,18
DA:3025,36
DA:3026,18
DA:3027,18
DA:3028,18
DA:3029,18
DA:3030,18
DA:3031,18
DA:3032,18
DA:3033,18
DA:3034,18
DA:3035,18
DA:3038,36
DA:3039,18
DA:3040,18
DA:3041,18
DA:3042,18
DA:3043,18
DA:3044,18
DA:3045,18
DA:3046,18
DA:3049,36
DA:3050,18
DA:3051,18
DA:3052,18
DA:3053,18
DA:3054,18
DA:3055,18
DA:3056,18
DA:3057,18
DA:3060,36
DA:3061,18
DA:3062,18
DA:3063,18
DA:3064,18
DA:3065,18
DA:3066,18
DA:3067,18
DA:3068,18
DA:3071,36
DA:3072,18
DA:3073,18
DA:3074,18
DA:3075,18
DA:3076,18
DA:3077,18
DA:3078,18
DA:3079,18
DA:3080,18
DA:3083,36
DA:3084,18
DA:3085,18
DA:3086,18
DA:3087,18
DA:3088,18
DA:3089,18
DA:3090,18
DA:3091,18
DA:3092,18
DA:3095,36
DA:3096,18
DA:3097,18
DA:3098,18
DA:3099,18
DA:3100,18
DA:3101,18
DA:3102,18
DA:3103,18
DA:3106,36
DA:3107,18
DA:3108,18
DA:3109,18
DA:3110,18
DA:3111,18
DA:3112,18
DA:3113,18
DA:3114,18
DA:3117,36
DA:3118,18
DA:3119,18
DA:3120,18
DA:3121,18
DA:3122,18
DA:3123,18
DA:3126,36
DA:3127,18
DA:3128,18
DA:3129,18
DA:3130,18
DA:3131,18
DA:3132,18
DA:3135,36
DA:3136,18
DA:3137,18
DA:3138,18
DA:3139,18
DA:3140,18
DA:3141,18
DA:3142,18
DA:3145,36
DA:3146,18
DA:3147,18
DA:3148,18
DA:3149,18
DA:3150,18
DA:3151,18
DA:3152,18
DA:3153,18
DA:3154,18
DA:3157,36
DA:3158,18
DA:3159,18
DA:3160,18
DA:3161,18
DA:3162,18
DA:3163,18
DA:3164,18
DA:3167,36
DA:3168,18
DA:3169,18
DA:3170,18
DA:3171,18
DA:3172,18
DA:3173,18
DA:3174,18
DA:3175,18
DA:3176,18
DA:3179,36
DA:3180,18
DA:3181,18
DA:3182,18
DA:3183,18
DA:3184,18
DA:3185,18
DA:3186,18
DA:3187,18
DA:3188,18
DA:3191,36
DA:3192,18
DA:3193,18
DA:3194,18
DA:3195,18
DA:3196,18
DA:3197,18
DA:3198,18
DA:3199,18
DA:3200,18
DA:3201,18
DA:3204,36
DA:3205,18
DA:3206,18
DA:3207,18
DA:3208,18
DA:3209,18
DA:3210,18
DA:3211,18
DA:3212,18
DA:3213,18
DA:3214,18
DA:3217,36
DA:3218,18
DA:3219,18
DA:3220,18
DA:3221,18
DA:3222,18
DA:3223,18
DA:3224,18
DA:3225,18
DA:3228,36
DA:3229,18
DA:3230,18
DA:3231,18
DA:3232,18
DA:3233,18
DA:3234,18
DA:3235,18
DA:3236,18
DA:3239,36
DA:3240,18
DA:3241,18
DA:3242,18
DA:3243,18
DA:3244,18
DA:3245,18
DA:3246,18
DA:3247,18
DA:3250,36
DA:3251,18
DA:3252,18
DA:3253,18
DA:3254,18
DA:3255,18
DA:3256,18
DA:3257,18
DA:3258,18
DA:3259,18
DA:3262,36
DA:3263,18
DA:3264,18
DA:3265,18
DA:3266,18
DA:3267,18
DA:3268,18
DA:3269,18
DA:3270,18
DA:3271,18
DA:3274,36
DA:3275,18
DA:3276,18
DA:3277,18
DA:3278,18
DA:3279,18
DA:3280,18
DA:3281,18
DA:3282,18
DA:3285,36
DA:3286,18
DA:3287,18
DA:3288,18
DA:3289,18
DA:3290,18
DA:3291,18
DA:3292,18
DA:3293,18
DA:3296,36
DA:3297,18
DA:3298,18
DA:3299,18
DA:3300,18
DA:3301,18
DA:3302,18
DA:3305,36
DA:3306,18
DA:3307,18
DA:3308,18
DA:3309,18
DA:3310,18
DA:3311,18
DA:3314,36
DA:3315,18
DA:3316,18
DA:3317,18
DA:3318,18
DA:3319,18
DA:3320,18
DA:3321,18
DA:3324,36
DA:3325,18
DA:3326,18
DA:3327,18
DA:3328,18
DA:3329,18
DA:3330,18
DA:3331,18
DA:3332,18
DA:3335,36
DA:3336,18
DA:3337,18
DA:3338,18
DA:3339,18
DA:3340,18
DA:3341,18
DA:3342,18
DA:3343,18
DA:3344,18
DA:3347,36
DA:3348,18
DA:3349,18
DA:3350,18
DA:3351,18
DA:3352,18
DA:3353,18
DA:3354,18
DA:3355,18
DA:3356,18
DA:3359,36
DA:3360,18
DA:3361,18
DA:3362,18
DA:3363,18
DA:3364,18
DA:3365,18
DA:3366,18
DA:3367,18
DA:3368,18
DA:3371,36
DA:3372,18
DA:3373,18
DA:3374,18
DA:3375,18
DA:3376,18
DA:3377,18
DA:3378,18
DA:3379,18
DA:3380,18
DA:3381,18
DA:3384,36
DA:3385,18
DA:3386,18
DA:3387,18
DA:3388,18
DA:3389,18
DA:3390,18
DA:3391,18
DA:3392,18
DA:3393,18
DA:3394,18
DA:3397,36
DA:3398,18
DA:3399,18
DA:3400,18
DA:3401,18
DA:3402,18
DA:3403,18
DA:3404,18
DA:3405,18
DA:3407,36
DA:3408,18
DA:3409,18
DA:3410,18
DA:3411,18
DA:3412,18
DA:3413,18
DA:3414,18
DA:3415,18
DA:3418,36
DA:3419,18
DA:3420,18
DA:3421,18
DA:3422,18
DA:3423,18
DA:3424,18
DA:3425,18
DA:3426,18
DA:3429,36
DA:3430,18
DA:3431,18
DA:3432,18
DA:3433,18
DA:3434,18
DA:3435,18
DA:3436,18
DA:3437,18
DA:3438,18
DA:3441,36
DA:3442,18
DA:3443,18
DA:3444,18
DA:3445,18
DA:3446,18
DA:3447,18
DA:3448,18
DA:3449,18
DA:3450,18
DA:3453,36
DA:3454,18
DA:3455,18
DA:3456,18
DA:3457,18
DA:3458,18
DA:3459,18
DA:3460,18
DA:3461,18
DA:3464,36
DA:3465,18
DA:3466,18
DA:3467,18
DA:3468,18
DA:3469,18
DA:3470,18
DA:3471,18
DA:3472,18
DA:3475,36
DA:3476,18
DA:3477,18
DA:3478,18
DA:3479,18
DA:3480,18
DA:3481,18
DA:3484,36
DA:3485,18
DA:3486,18
DA:3487,18
DA:3488,18
DA:3489,18
DA:3490,18
DA:3493,36
DA:3494,18
DA:3495,18
DA:3496,18
DA:3497,18
DA:3498,18
DA:3499,18
DA:3500,18
DA:3503,36
DA:3504,18
DA:3505,18
DA:3506,18
DA:3507,18
DA:3508,18
DA:3509,18
DA:3510,18
DA:3511,18
DA:3514,36
DA:3515,18
DA:3516,18
DA:3517,18
DA:3518,18
DA:3519,18
DA:3520,18
DA:3521,18
DA:3522,18
DA:3523,18
DA:3526,36
DA:3527,18
DA:3528,18
DA:3529,18
DA:3530,18
DA:3531,18
DA:3532,18
DA:3533,18
DA:3534,18
DA:3535,18
DA:3536,18
DA:3537,18
DA:3538,18
DA:3541,36
DA:3542,18
DA:3543,18
DA:3544,18
DA:3545,18
DA:3546,18
DA:3547,18
DA:3548,18
DA:3549,18
DA:3550,18
DA:3553,36
DA:3554,18
DA:3555,18
DA:3556,18
DA:3557,18
DA:3558,18
DA:3559,18
DA:3560,18
DA:3561,18
DA:3562,18
DA:3563,18
DA:3564,18
DA:3565,18
DA:3568,36
DA:3569,18
DA:3570,18
DA:3571,18
DA:3572,18
DA:3573,18
DA:3574,18
DA:3575,18
DA:3576,18
DA:3577,18
DA:3578,18
DA:3581,36
DA:3582,18
DA:3583,18
DA:3584,18
DA:3585,18
DA:3586,18
DA:3587,18
DA:3588,18
DA:3589,18
DA:3591,36
DA:3592,18
DA:3593,18
DA:3594,18
DA:3595,18
DA:3596,18
DA:3597,18
DA:3598,18
DA:3599,18
DA:3602,36
DA:3603,18
DA:3604,18
DA:3605,18
DA:3606,18
DA:3607,18
DA:3608,18
DA:3609,18
DA:3610,18
DA:3613,36
DA:3614,18
DA:3615,18
DA:3616,18
DA:3617,18
DA:3618,18
DA:3619,18
DA:3620,18
DA:3621,18
DA:3622,18
DA:3625,36
DA:3626,18
DA:3627,18
DA:3628,18
DA:3629,18
DA:3630,18
DA:3631,18
DA:3632,18
DA:3633,18
DA:3634,18
DA:3637,36
DA:3638,18
DA:3639,18
DA:3640,18
DA:3641,18
DA:3642,18
DA:3643,18
DA:3644,18
DA:3645,18
DA:3648,36
DA:3649,18
DA:3650,18
DA:3651,18
DA:3652,18
DA:3653,18
DA:3654,18
DA:3655,18
DA:3656,18
DA:3659,36
DA:3660,18
DA:3661,18
DA:3662,18
DA:3663,18
DA:3664,18
DA:3665,18
DA:3668,36
DA:3669,18
DA:3670,18
DA:3671,18
DA:3672,18
DA:3673,18
DA:3674,18
DA:3677,36
DA:3678,18
DA:3679,18
DA:3680,18
DA:3681,18
DA:3682,18
DA:3683,18
DA:3684,18
DA:3687,36
DA:3688,18
DA:3689,18
DA:3690,18
DA:3691,18
DA:3692,18
DA:3693,18
DA:3694,18
DA:3695,18
DA:3698,36
DA:3699,18
DA:3700,18
DA:3701,18
DA:3702,18
DA:3703,18
DA:3704,18
DA:3705,18
DA:3706,18
DA:3707,18
DA:3710,36
DA:3711,18
DA:3712,18
DA:3713,18
DA:3714,18
DA:3715,18
DA:3716,18
DA:3717,18
DA:3718,18
DA:3719,18
DA:3720,18
DA:3721,18
DA:3722,18
DA:3725,36
DA:3726,18
DA:3727,18
DA:3728,18
DA:3729,18
DA:3730,18
DA:3731,18
DA:3732,18
DA:3733,18
DA:3734,18
DA:3737,36
DA:3738,18
DA:3739,18
DA:3740,18
DA:3741,18
DA:3742,18
DA:3743,18
DA:3744,18
DA:3745,18
DA:3746,18
DA:3747,18
DA:3748,18
DA:3749,18
DA:3752,36
DA:3753,18
DA:3754,18
DA:3755,18
DA:3756,18
DA:3757,18
DA:3758,18
DA:3759,18
DA:3760,18
DA:3761,18
DA:3762,18
DA:3765,36
DA:3766,18
DA:3767,18
DA:3768,18
DA:3769,18
DA:3770,18
DA:3771,18
DA:3772,18
DA:3773,18
DA:3775,36
DA:3776,18
DA:3777,18
DA:3778,18
DA:3779,18
DA:3780,18
DA:3781,18
DA:3782,18
DA:3783,18
DA:3786,36
DA:3787,18
DA:3788,18
DA:3789,18
DA:3790,18
DA:3791,18
DA:3792,18
DA:3793,18
DA:3794,18
DA:3797,36
DA:3798,18
DA:3799,18
DA:3800,18
DA:3801,18
DA:3802,18
DA:3803,18
DA:3804,18
DA:3805,18
DA:3806,18
DA:3809,36
DA:3810,18
DA:3811,18
DA:3812,18
DA:3813,18
DA:3814,18
DA:3815,18
DA:3816,18
DA:3817,18
DA:3818,18
DA:3821,36
DA:3822,18
DA:3823,18
DA:3824,18
DA:3825,18
DA:3826,18
DA:3827,18
DA:3828,18
DA:3829,18
DA:3832,36
DA:3833,18
DA:3834,18
DA:3835,18
DA:3836,18
DA:3837,18
DA:3838,18
DA:3839,18
DA:3840,18
DA:3843,36
DA:3844,18
DA:3845,18
DA:3846,18
DA:3847,18
DA:3848,18
DA:3849,18
DA:3852,36
DA:3853,18
DA:3854,18
DA:3855,18
DA:3856,18
DA:3857,18
DA:3858,18
DA:3861,36
DA:3862,18
DA:3863,18
DA:3864,18
DA:3865,18
DA:3866,18
DA:3867,18
DA:3868,18
DA:3871,36
DA:3872,18
DA:3873,18
DA:3874,18
DA:3875,18
DA:3876,18
DA:3877,18
DA:3878,18
DA:3879,18
DA:3882,36
DA:3883,18
DA:3884,18
DA:3885,18
DA:3886,18
DA:3887,18
DA:3888,18
DA:3889,18
DA:3890,18
DA:3891,18
DA:3892,18
DA:3893,18
DA:3894,18
DA:3895,18
DA:3896,18
DA:3899,36
DA:3900,18
DA:3901,18
DA:3902,18
DA:3903,18
DA:3904,18
DA:3905,18
DA:3906,18
DA:3907,18
DA:3908,18
DA:3911,36
DA:3912,18
DA:3913,18
DA:3914,18
DA:3915,18
DA:3916,18
DA:3917,18
DA:3918,18
DA:3919,18
DA:3920,18
DA:3923,36
DA:3924,18
DA:3925,18
DA:3926,18
DA:3927,18
DA:3928,18
DA:3929,18
DA:3930,18
DA:3931,18
DA:3932,18
DA:3933,18
DA:3934,18
DA:3937,36
DA:3938,18
DA:3939,18
DA:3940,18
DA:3941,18
DA:3942,18
DA:3943,18
DA:3944,18
DA:3945,18
DA:3946,18
DA:3947,18
DA:3950,36
DA:3951,18
DA:3952,18
DA:3953,18
DA:3954,18
DA:3955,18
DA:3956,18
DA:3957,18
DA:3958,18
DA:3959,18
DA:3962,36
DA:3963,18
DA:3964,18
DA:3965,18
DA:3966,18
DA:3967,18
DA:3968,18
DA:3969,18
DA:3970,18
DA:3973,36
DA:3974,18
DA:3975,18
DA:3976,18
DA:3977,18
DA:3978,18
DA:3979,18
DA:3980,18
DA:3981,18
DA:3984,36
DA:3985,18
DA:3986,18
DA:3987,18
DA:3988,18
DA:3989,18
DA:3990,18
DA:3991,18
DA:3992,18
DA:3995,36
DA:3996,18
DA:3997,18
DA:3998,18
DA:3999,18
DA:4000,18
DA:4001,18
DA:4002,18
DA:4003,18
DA:4004,18
DA:4007,36
DA:4008,18
DA:4009,18
DA:4010,18
DA:4011,18
DA:4012,18
DA:4013,18
DA:4014,18
DA:4015,18
DA:4016,18
DA:4019,36
DA:4020,18
DA:4021,18
DA:4022,18
DA:4023,18
DA:4024,18
DA:4025,18
DA:4026,18
DA:4027,18
DA:4030,36
DA:4031,18
DA:4032,18
DA:4033,18
DA:4034,18
DA:4035,18
DA:4036,18
DA:4037,18
DA:4038,18
DA:4040,162
DA:4041,162
DA:4042,162
DA:4043,162
DA:4044,18
DA:4046,144
DA:4047,144
DA:4048,144
DA:4049,522
DA:4050,1836
DA:4051,1422
DA:4052,1422
DA:4054,414
DA:4055,36
DA:4056,36
DA:4058,378
DA:4059,378
DA:4060,378
DA:4061,378
DA:4062,378
DA:4064,108
DA:4065,108
DA:4066,450
DA:4067,342
DA:4069,108
DA:4070,108
DA:4071,108
DA:4072,378
DA:4073,270
DA:4074,270
DA:4075,90
DA:4076,90
DA:4078,180
DA:4079,180
DA:4080,180
DA:4081,18
DA:4082,18
DA:4084,162
DA:4085,162
DA:4086,162
DA:4087,162
DA:4088,216
DA:4089,108
DA:4090,108
DA:4091,54
DA:4093,54
DA:4094,54
DA:4095,54
DA:4096,54
DA:4097,54
DA:4098,54
DA:4099,126
DA:4100,72
DA:4103,54
DA:4104,54
DA:4105,54
DA:4107,54
DA:4108,54
DA:4111,108
DA:4112,108
DA:4115,6
DA:4117,6
DA:4120,6
DA:4121,6
LF:3252
LH:3252
end_of_record
TN:
SF:/home/user/code/c/tests/vm/v1/test_vm_v1.c
FN:54,test_set_up
FN:61,test_tear_down
FN:68,rxp_fixture_update_fn_test_fixture
FN:71,rxp_test_case_config_blueprint_update_fn_tests_test_vm_read_type_0
FN:71,tests_test_vm_read_type_0
FN:77,rxp_test_case_config_blueprint_update_fn_tests_test_vm_destroy_0
FN:77,tests_test_vm_destroy_0
FN:84,tests_test_vm_destroy_null
FN:84,rxp_test_case_config_blueprint_update_fn_tests_test_vm_destroy_null
FN:92,tests_test_vm_alloc_user
FN:92,rxp_test_case_config_blueprint_update_fn_tests_test_vm_alloc_user
FN:103,rxp_test_case_config_blueprint_update_fn_tests_test_vm_read_data
FN:103,tests_test_vm_read_data
FN:114,rxp_test_case_config_blueprint_update_fn_tests_test_vm_read_1
FN:114,tests_test_vm_read_1
FN:125,rxp_test_case_config_blueprint_update_fn_tests_test_vm_read_9
FN:125,tests_test_vm_read_9
FN:136,tests_test_virtual_free_0
FN:136,rxp_test_case_config_blueprint_update_fn_tests_test_virtual_free_0
FN:141,rxp_test_case_config_blueprint_update_fn_tests_test_vm_free_0
FN:141,tests_test_vm_free_0
FN:147,tests_test_vm_read_0
FN:147,rxp_test_case_config_blueprint_update_fn_tests_test_vm_read_0
FN:153,rxp_test_case_config_blueprint_update_fn_tests_test_vm_init_0
FN:153,tests_test_vm_init_0
FN:158,tests_test_vm_read_type_1
FN:158,rxp_test_case_config_blueprint_update_fn_tests_test_vm_read_type_1
FN:164,rxp_test_case_config_blueprint_update_fn_tests_test_vm_write_0
FN:164,tests_test_vm_write_0
FN:170,tests_test_vm_read_type_write_1_read_1
FN:170,rxp_test_case_config_blueprint_update_fn_tests_test_vm_read_type_write_1_read_1
FN:181,rxp_test_case_config_blueprint_update_fn_tests_test_vm_read_type_write_1_read_2
FN:181,tests_test_vm_read_type_write_1_read_2
FN:203,test_pointer_set_up
FN:207,test_pointer_tear_down
FN:212,rxp_fixture_update_fn_test_pointer_fixture
FN:215,tests_test_list
FN:215,rxp_test_case_config_blueprint_update_fn_tests_test_list
FN:224,tests_test_list_user
FN:224,rxp_test_case_config_blueprint_update_fn_tests_test_list_user
FN:236,rxp_test_case_config_blueprint_update_fn_tests_test_list_data
FN:236,tests_test_list_data
FN:248,rxp_test_case_config_blueprint_update_fn_tests_test_list_free_user_free
FN:248,tests_test_list_free_user_free
FN:260,tests_test_user_free_0
FN:260,rxp_test_case_config_blueprint_update_fn_tests_test_user_free_0
FN:267,run
FNDA:18,rxp_test_case_config_blueprint_update_fn_tests_test_vm_read_type_write_1_read_2
FNDA:18,tests_test_vm_init_0
FNDA:18,tests_test_vm_alloc_user
FNDA:18,rxp_test_case_config_blueprint_update_fn_tests_test_vm_init_0
FNDA:18,tests_test_vm_read_type_write_1_read_1
FNDA:18,tests_test_vm_destroy_null
FNDA:18,tests_test_list
FNDA:18,rxp_test_case_config_blueprint_update_fn_tests_test_vm_destroy_0
FNDA:18,tests_test_virtual_free_0
FNDA:18,rxp_test_case_config_blueprint_update_fn_tests_test_list_free_user_free
FNDA:18,rxp_test_case_config_blueprint_update_fn_tests_test_list
FNDA:90,rxp_fixture_update_fn_test_pointer_fixture
FNDA:18,rxp_test_case_config_blueprint_update_fn_tests_test_vm_read_9
FNDA:18,rxp_test_case_config_blueprint_update_fn_tests_test_virtual_free_0
FNDA:18,tests_test_vm_read_0
FNDA:18,rxp_test_case_config_blueprint_update_fn_tests_test_vm_read_type_0
FNDA:18,rxp_test_case_config_blueprint_update_fn_tests_test_list_data
FNDA:18,rxp_test_case_config_blueprint_update_fn_tests_test_vm_destroy_null
FNDA:18,rxp_test_case_config_blueprint_update_fn_tests_test_vm_free_0
FNDA:18,rxp_test_case_config_blueprint_update_fn_tests_test_vm_read_data
FNDA:90,test_pointer_tear_down
FNDA:18,rxp_test_case_config_blueprint_update_fn_tests_test_vm_read_1
FNDA:18,tests_test_list_data
FNDA:18,tests_test_vm_read_type_1
FNDA:18,tests_test_list_user
FNDA:18,tests_test_user_free_0
FNDA:18,tests_test_vm_read_type_write_1_read_2
FNDA:270,test_tear_down
FNDA:18,tests_test_vm_read_data
FNDA:18,tests_test_vm_read_9
FNDA:18,rxp_test_case_config_blueprint_update_fn_tests_test_list_user
FNDA:18,tests_test_vm_destroy_0
FNDA:18,tests_test_vm_free_0
FNDA:18,tests_test_list_free_user_free
FNDA:18,rxp_test_case_config_blueprint_update_fn_tests_test_vm_write_0
FNDA:18,rxp_test_case_config_blueprint_update_fn_tests_test_vm_read_type_1
FNDA:270,test_set_up
FNDA:270,rxp_fixture_update_fn_test_fixture
FNDA:18,rxp_test_case_config_blueprint_update_fn_tests_test_vm_read_type_write_1_read_1
FNDA:18,tests_test_vm_write_0
FNDA:18,rxp_test_case_config_blueprint_update_fn_tests_test_vm_alloc_user
FNDA:18,tests_test_vm_read_1
FNDA:90,test_pointer_set_up
FNDA:18,rxp_test_case_config_blueprint_update_fn_tests_test_vm_read_0
FNDA:6,run
FNDA:18,tests_test_vm_read_type_0
FNDA:18,rxp_test_case_config_blueprint_update_fn_tests_test_user_free_0
FNF:47
FNH:47
DA:54,270
DA:55,270
DA:56,270
DA:57,270
DA:58,270
DA:61,270
DA:62,270
DA:63,270
DA:64,270
DA:65,270
DA:68,270
DA:71,36
DA:72,18
DA:73,18
DA:74,18
DA:77,36
DA:78,18
DA:79,18
DA:80,18
DA:81,18
DA:84,36
DA:85,18
DA:86,18
DA:87,18
DA:88,18
DA:89,18
DA:92,36
DA:93,18
DA:94,18
DA:95,18
DA:96,18
DA:97,18
DA:98,18
DA:99,18
DA:100,18
DA:103,36
DA:104,18
DA:105,18
DA:106,18
DA:107,18
DA:108,18
DA:109,18
DA:110,18
DA:111,18
DA:114,36
DA:115,18
DA:116,18
DA:117,18
DA:118,18
DA:119,18
DA:120,18
DA:121,18
DA:122,18
DA:125,36
DA:126,18
DA:127,18
DA:128,18
DA:129,18
DA:130,18
DA:131,18
DA:132,18
DA:133,18
DA:136,36
DA:137,18
DA:138,18
DA:141,36
DA:142,18
DA:144,18
DA:147,36
DA:148,18
DA:149,18
DA:150,18
DA:153,36
DA:155,18
DA:158,36
DA:159,18
DA:160,18
DA:161,18
DA:164,36
DA:165,18
DA:166,18
DA:167,18
DA:170,36
DA:171,18
DA:172,18
DA:173,18
DA:174,18
DA:175,18
DA:176,18
DA:177,18
DA:178,18
DA:181,36
DA:182,18
DA:183,18
DA:184,18
DA:185,18
DA:186,18
DA:187,18
DA:188,18
DA:189,18
DA:203,90
DA:204,90
DA:207,90
DA:209,90
DA:212,90
DA:215,36
DA:216,18
DA:217,18
DA:218,18
DA:219,18
DA:220,18
DA:221,18
DA:224,36
DA:225,18
DA:226,18
DA:227,18
DA:228,18
DA:229,18
DA:230,18
DA:231,18
DA:232,18
DA:233,18
DA:236,36
DA:237,18
DA:238,18
DA:239,18
DA:240,18
DA:241,18
DA:242,18
DA:243,18
DA:244,18
DA:245,18
DA:248,36
DA:249,18
DA:250,18
DA:251,18
DA:252,18
DA:253,18
DA:254,18
DA:255,18
DA:256,18
DA:257,18
DA:260,36
DA:261,18
DA:262,18
DA:263,18
DA:264,18
DA:265,18
DA:267,6
DA:269,6
DA:273,6
DA:276,6
DA:277,6
LF:153
LH:153
end_of_record
